{
  "messageIndex": 0,
  "eventType": "wrapper",
  "phetioID": "beersLawLab.simIFrameAPI",
  "componentType": "TSimIFrameAPI",
  "event": "invoked",
  "time": 1624864636808,
  "parameters": {
    "phetioID": "phetio",
    "method": "addExpressions",
    "args": [
      []
    ],
    "messageID": 2,
    "protocol": "phet-io-0.0.1"
  }
}
{
  "messageIndex": 1,
  "eventType": "wrapper",
  "phetioID": "beersLawLab.simIFrameAPI",
  "componentType": "TSimIFrameAPI",
  "event": "invoked",
  "time": 1624864636816,
  "parameters": {
    "phetioID": "phetio",
    "method": "launchSimulation",
    "args": [],
    "messageID": 3,
    "protocol": "phet-io-0.0.1"
  }
}
{
  "messageIndex": 2,
  "eventType": "model",
  "phetioID": "beersLawLab.sim",
  "componentType": "TSim",
  "event": "simStarted",
  "time": 1624864636835,
  "parameters": {
    "sessionID": null,
    "simName": "‪Beer's Law Lab‬",
    "simVersion": "1.6.15-phetio",
    "url": "https://phet-io.colorado.edu/sims/beers-law-lab/1.6.15-phetio/beers-law-lab_en-phetio.html?production&phetioEmitStates=false&phetioEmitInputEvents=false",
    "userAgent": "Mozilla/5.0 (Windows NT 10.0; Win64; x64; rv:78.0) Gecko/20100101 Firefox/78.0",
    "randomSeed": 0.6563725258746098,
    "provider": "PhET Interactive Simulations, University of Colorado Boulder"
  },
  "children": [
    {
      "messageIndex": 3,
      "eventType": "model",
      "phetioID": "beersLawLab.concentrationScreen.view.concentrationMeterNode.bodyNode.readoutTextNode",
      "componentType": "TTandemText",
      "event": "textChanged",
      "time": 1624864636949,
      "parameters": {
        "oldText": "‪1.000 ‪mol/L‬‬",
        "newText": "-"
      }
    },
    {
      "messageIndex": 4,
      "eventType": "model",
      "phetioID": "beersLawLab.beersLawScreen.view.detectorNode.bodyNode.valueNode",
      "componentType": "TTandemText",
      "event": "textChanged",
      "time": 1624864637014,
      "parameters": {
        "oldText": "‪100.00%‬",
        "newText": "-"
      }
    }
  ]
}
{
  "messageIndex": 5,
  "eventType": "user",
  "phetioID": "beersLawLab.homeScreen.view.beersLawScreenSmallButton",
  "componentType": "TScreenButton",
  "event": "fired",
  "time": 1624864638272,
  "children": [
    {
      "messageIndex": 6,
      "eventType": "model",
      "phetioID": "beersLawLab.sim.screenIndexProperty",
      "componentType": "TProperty",
      "event": "changed",
      "time": 1624864638272,
      "parameters": {
        "oldValue": 0,
        "newValue": 1
      }
    }
  ]
}
{
  "messageIndex": 7,
  "eventType": "user",
  "phetioID": "beersLawLab.homeScreen.view.beersLawScreenLargeButton",
  "componentType": "TScreenButton",
  "event": "fired",
  "time": 1624864638663,
  "children": [
    {
      "messageIndex": 8,
      "eventType": "model",
      "phetioID": "beersLawLab.sim.showHomeScreenProperty",
      "componentType": "TProperty",
      "event": "changed",
      "time": 1624864638663,
      "parameters": {
        "oldValue": true,
        "newValue": false
      }
    }
  ]
}
{
  "messageIndex": 9,
  "eventType": "user",
  "phetioID": "beersLawLab.beersLawScreen.view.lightNode.button",
  "componentType": "TToggleButton",
  "event": "toggled",
  "time": 1624864643985,
  "parameters": {
    "oldValue": false,
    "newValue": true
  },
  "children": [
    {
      "messageIndex": 10,
      "eventType": "model",
      "phetioID": "beersLawLab.beersLawScreen.model.light.onProperty",
      "componentType": "TProperty",
      "event": "changed",
      "time": 1624864643986,
      "parameters": {
        "oldValue": false,
        "newValue": true
      },
      "children": [
        {
          "messageIndex": 11,
          "eventType": "model",
          "phetioID": "beersLawLab.beersLawScreen.model.detector.valueProperty",
          "componentType": "TDerivedProperty",
          "event": "changed",
          "time": 1624864643986,
          "parameters": {
            "oldValue": null,
            "newValue": 31.188895840939367
          },
          "children": [
            {
              "messageIndex": 12,
              "eventType": "model",
              "phetioID": "beersLawLab.beersLawScreen.view.detectorNode.bodyNode.valueNode",
              "componentType": "TTandemText",
              "event": "textChanged",
              "time": 1624864643986,
              "parameters": {
                "oldText": "-",
                "newText": "‪31.19%‬"
              }
            }
          ]
        }
      ]
    }
  ]
}
{
  "messageIndex": 13,
  "eventType": "user",
  "phetioID": "beersLawLab.beersLawScreen.view.solutionControls.comboBox",
  "componentType": "TComboBox",
  "event": "popupShown",
  "time": 1624864646115
}
{
  "messageIndex": 14,
  "eventType": "user",
  "phetioID": "beersLawLab.beersLawScreen.view.solutionControls.comboBox",
  "componentType": "TComboBox",
  "event": "fired",
  "time": 1624864646794,
  "parameters": {
    "value": "beersLawLab.beersLawScreen.solutions.copperSulfate"
  },
  "children": [
    {
      "messageIndex": 15,
      "eventType": "model",
      "phetioID": "beersLawLab.beersLawScreen.model.solutionProperty",
      "componentType": "TProperty",
      "event": "changed",
      "time": 1624864646794,
      "parameters": {
        "oldValue": "beersLawLab.beersLawScreen.solutions.drinkMix",
        "newValue": "beersLawLab.beersLawScreen.solutions.copperSulfate"
      },
      "children": [
        {
          "messageIndex": 16,
          "eventType": "model",
          "phetioID": "beersLawLab.beersLawScreen.model.light.wavelengthProperty",
          "componentType": "TProperty",
          "event": "changed",
          "time": 1624864646794,
          "parameters": {
            "oldValue": 508,
            "newValue": 780
          },
          "children": [
            {
              "messageIndex": 17,
              "eventType": "model",
              "phetioID": "beersLawLab.beersLawScreen.model.detector.valueProperty",
              "componentType": "TDerivedProperty",
              "event": "changed",
              "time": 1624864646794,
              "parameters": {
                "oldValue": 31.188895840939367,
                "newValue": 95.06047936562815
              },
              "children": [
                {
                  "messageIndex": 18,
                  "eventType": "model",
                  "phetioID": "beersLawLab.beersLawScreen.view.detectorNode.bodyNode.valueNode",
                  "componentType": "TTandemText",
                  "event": "textChanged",
                  "time": 1624864646794,
                  "parameters": {
                    "oldText": "‪31.19%‬",
                    "newText": "‪95.06%‬"
                  }
                }
              ]
            },
            {
              "messageIndex": 19,
              "eventType": "model",
              "phetioID": "beersLawLab.beersLawScreen.view.wavelengthControls.valueDisplay",
              "componentType": "TTandemText",
              "event": "textChanged",
              "time": 1624864646795,
              "parameters": {
                "oldText": "‪508 ‪nm‬‬",
                "newText": "‪780 ‪nm‬‬"
              }
            }
          ]
        },
        {
          "messageIndex": 20,
          "eventType": "model",
          "phetioID": "beersLawLab.beersLawScreen.model.detector.valueProperty",
          "componentType": "TDerivedProperty",
          "event": "changed",
          "time": 1624864646795,
          "parameters": {
            "oldValue": 95.06047936562815,
            "newValue": 10.93956366272094
          },
          "children": [
            {
              "messageIndex": 21,
              "eventType": "model",
              "phetioID": "beersLawLab.beersLawScreen.view.detectorNode.bodyNode.valueNode",
              "componentType": "TTandemText",
              "event": "textChanged",
              "time": 1624864646795,
              "parameters": {
                "oldText": "‪95.06%‬",
                "newText": "‪10.94%‬"
              }
            }
          ]
        }
      ]
    }
  ]
}
{
  "messageIndex": 22,
  "eventType": "user",
  "phetioID": "beersLawLab.beersLawScreen.view.solutionControls.comboBox",
  "componentType": "TComboBox",
  "event": "popupShown",
  "time": 1624864648536
}
{
  "messageIndex": 23,
  "eventType": "user",
  "phetioID": "beersLawLab.beersLawScreen.view.solutionControls.comboBox",
  "componentType": "TComboBox",
  "event": "fired",
  "time": 1624864649358,
  "parameters": {
    "value": "beersLawLab.beersLawScreen.solutions.potassiumDichromate"
  },
  "children": [
    {
      "messageIndex": 24,
      "eventType": "model",
      "phetioID": "beersLawLab.beersLawScreen.model.solutionProperty",
      "componentType": "TProperty",
      "event": "changed",
      "time": 1624864649358,
      "parameters": {
        "oldValue": "beersLawLab.beersLawScreen.solutions.copperSulfate",
        "newValue": "beersLawLab.beersLawScreen.solutions.potassiumDichromate"
      },
      "children": [
        {
          "messageIndex": 25,
          "eventType": "model",
          "phetioID": "beersLawLab.beersLawScreen.model.light.wavelengthProperty",
          "componentType": "TProperty",
          "event": "changed",
          "time": 1624864649358,
          "parameters": {
            "oldValue": 780,
            "newValue": 392
          },
          "children": [
            {
              "messageIndex": 26,
              "eventType": "model",
              "phetioID": "beersLawLab.beersLawScreen.model.detector.valueProperty",
              "componentType": "TDerivedProperty",
              "event": "changed",
              "time": 1624864649358,
              "parameters": {
                "oldValue": 10.93956366272094,
                "newValue": 95.94006315159331
              },
              "children": [
                {
                  "messageIndex": 27,
                  "eventType": "model",
                  "phetioID": "beersLawLab.beersLawScreen.view.detectorNode.bodyNode.valueNode",
                  "componentType": "TTandemText",
                  "event": "textChanged",
                  "time": 1624864649358,
                  "parameters": {
                    "oldText": "‪10.94%‬",
                    "newText": "‪95.94%‬"
                  }
                }
              ]
            },
            {
              "messageIndex": 28,
              "eventType": "model",
              "phetioID": "beersLawLab.beersLawScreen.view.wavelengthControls.valueDisplay",
              "componentType": "TTandemText",
              "event": "textChanged",
              "time": 1624864649358,
              "parameters": {
                "oldText": "‪780 ‪nm‬‬",
                "newText": "‪392 ‪nm‬‬"
              }
            }
          ]
        },
        {
          "messageIndex": 29,
          "eventType": "model",
          "phetioID": "beersLawLab.beersLawScreen.model.detector.valueProperty",
          "componentType": "TDerivedProperty",
          "event": "changed",
          "time": 1624864649358,
          "parameters": {
            "oldValue": 95.94006315159331,
            "newValue": 0
          },
          "children": [
            {
              "messageIndex": 30,
              "eventType": "model",
              "phetioID": "beersLawLab.beersLawScreen.view.detectorNode.bodyNode.valueNode",
              "componentType": "TTandemText",
              "event": "textChanged",
              "time": 1624864649358,
              "parameters": {
                "oldText": "‪95.94%‬",
                "newText": "‪0.00%‬"
              }
            }
          ]
        },
        {
          "messageIndex": 31,
          "eventType": "model",
          "phetioID": "beersLawLab.beersLawScreen.model.detector.valueProperty",
          "componentType": "TDerivedProperty",
          "event": "changed",
          "time": 1624864649359,
          "parameters": {
            "oldValue": 0,
            "newValue": 42.692049076866326
          },
          "children": [
            {
              "messageIndex": 32,
              "eventType": "model",
              "phetioID": "beersLawLab.beersLawScreen.view.detectorNode.bodyNode.valueNode",
              "componentType": "TTandemText",
              "event": "textChanged",
              "time": 1624864649359,
              "parameters": {
                "oldText": "‪0.00%‬",
                "newText": "‪42.69%‬"
              }
            }
          ]
        }
      ]
    }
  ]
}
{
  "messageIndex": 33,
  "eventType": "user",
  "phetioID": "beersLawLab.beersLawScreen.view.solutionControls.comboBox",
  "componentType": "TComboBox",
  "event": "popupShown",
  "time": 1624864650370
}
{
  "messageIndex": 34,
  "eventType": "user",
  "phetioID": "beersLawLab.beersLawScreen.view.solutionControls.comboBox",
  "componentType": "TComboBox",
  "event": "fired",
  "time": 1624864651336,
  "parameters": {
    "value": "beersLawLab.beersLawScreen.solutions.cobaltIINitrate"
  },
  "children": [
    {
      "messageIndex": 35,
      "eventType": "model",
      "phetioID": "beersLawLab.beersLawScreen.model.solutionProperty",
      "componentType": "TProperty",
      "event": "changed",
      "time": 1624864651336,
      "parameters": {
        "oldValue": "beersLawLab.beersLawScreen.solutions.potassiumDichromate",
        "newValue": "beersLawLab.beersLawScreen.solutions.cobaltIINitrate"
      },
      "children": [
        {
          "messageIndex": 36,
          "eventType": "model",
          "phetioID": "beersLawLab.beersLawScreen.model.light.wavelengthProperty",
          "componentType": "TProperty",
          "event": "changed",
          "time": 1624864651336,
          "parameters": {
            "oldValue": 392,
            "newValue": 549
          },
          "children": [
            {
              "messageIndex": 37,
              "eventType": "model",
              "phetioID": "beersLawLab.beersLawScreen.model.detector.valueProperty",
              "componentType": "TDerivedProperty",
              "event": "changed",
              "time": 1624864651336,
              "parameters": {
                "oldValue": 42.692049076866326,
                "newValue": 95.93299428692762
              },
              "children": [
                {
                  "messageIndex": 38,
                  "eventType": "model",
                  "phetioID": "beersLawLab.beersLawScreen.view.detectorNode.bodyNode.valueNode",
                  "componentType": "TTandemText",
                  "event": "textChanged",
                  "time": 1624864651337,
                  "parameters": {
                    "oldText": "‪42.69%‬",
                    "newText": "‪95.93%‬"
                  }
                }
              ]
            },
            {
              "messageIndex": 39,
              "eventType": "model",
              "phetioID": "beersLawLab.beersLawScreen.view.wavelengthControls.valueDisplay",
              "componentType": "TTandemText",
              "event": "textChanged",
              "time": 1624864651337,
              "parameters": {
                "oldText": "‪392 ‪nm‬‬",
                "newText": "‪549 ‪nm‬‬"
              }
            }
          ]
        },
        {
          "messageIndex": 40,
          "eventType": "model",
          "phetioID": "beersLawLab.beersLawScreen.model.detector.valueProperty",
          "componentType": "TDerivedProperty",
          "event": "changed",
          "time": 1624864651337,
          "parameters": {
            "oldValue": 95.93299428692762,
            "newValue": 99.89137702112446
          },
          "children": [
            {
              "messageIndex": 41,
              "eventType": "model",
              "phetioID": "beersLawLab.beersLawScreen.view.detectorNode.bodyNode.valueNode",
              "componentType": "TTandemText",
              "event": "textChanged",
              "time": 1624864651337,
              "parameters": {
                "oldText": "‪95.93%‬",
                "newText": "‪99.89%‬"
              }
            }
          ]
        },
        {
          "messageIndex": 42,
          "eventType": "model",
          "phetioID": "beersLawLab.beersLawScreen.model.detector.valueProperty",
          "componentType": "TDerivedProperty",
          "event": "changed",
          "time": 1624864651338,
          "parameters": {
            "oldValue": 99.89137702112446,
            "newValue": 33.72873086588689
          },
          "children": [
            {
              "messageIndex": 43,
              "eventType": "model",
              "phetioID": "beersLawLab.beersLawScreen.view.detectorNode.bodyNode.valueNode",
              "componentType": "TTandemText",
              "event": "textChanged",
              "time": 1624864651338,
              "parameters": {
                "oldText": "‪99.89%‬",
                "newText": "‪33.73%‬"
              }
            }
          ]
        }
      ]
    }
  ]
}
{
  "messageIndex": 44,
  "eventType": "user",
  "phetioID": "beersLawLab.beersLawScreen.view.detectorNode.bodyNode.absorbanceRadioButton",
  "componentType": "TRadioButton",
  "event": "fired",
  "time": 1624864656497,
  "parameters": {
    "value": "absorbance"
  },
  "children": [
    {
      "messageIndex": 45,
      "eventType": "model",
      "phetioID": "beersLawLab.beersLawScreen.model.detector.modeProperty",
      "componentType": "TProperty",
      "event": "changed",
      "time": 1624864656497,
      "parameters": {
        "oldValue": "transmittance",
        "newValue": "absorbance"
      },
      "children": [
        {
          "messageIndex": 46,
          "eventType": "model",
          "phetioID": "beersLawLab.beersLawScreen.model.detector.valueProperty",
          "componentType": "TDerivedProperty",
          "event": "changed",
          "time": 1624864656497,
          "parameters": {
            "oldValue": 33.72873086588689,
            "newValue": 0.472
          },
          "children": [
            {
              "messageIndex": 47,
              "eventType": "model",
              "phetioID": "beersLawLab.beersLawScreen.view.detectorNode.bodyNode.valueNode",
              "componentType": "TTandemText",
              "event": "textChanged",
              "time": 1624864656497,
              "parameters": {
                "oldText": "‪33.73%‬",
                "newText": "0.47"
              }
            }
          ]
        }
      ]
    }
  ]
}
{
  "messageIndex": 48,
  "eventType": "user",
  "phetioID": "beersLawLab.beersLawScreen.view.detectorNode.bodyNode.transmittanceRadioButton",
  "componentType": "TRadioButton",
  "event": "fired",
  "time": 1624864658114,
  "parameters": {
    "value": "transmittance"
  },
  "children": [
    {
      "messageIndex": 49,
      "eventType": "model",
      "phetioID": "beersLawLab.beersLawScreen.model.detector.modeProperty",
      "componentType": "TProperty",
      "event": "changed",
      "time": 1624864658114,
      "parameters": {
        "oldValue": "absorbance",
        "newValue": "transmittance"
      },
      "children": [
        {
          "messageIndex": 50,
          "eventType": "model",
          "phetioID": "beersLawLab.beersLawScreen.model.detector.valueProperty",
          "componentType": "TDerivedProperty",
          "event": "changed",
          "time": 1624864658114,
          "parameters": {
            "oldValue": 0.472,
            "newValue": 33.72873086588689
          },
          "children": [
            {
              "messageIndex": 51,
              "eventType": "model",
              "phetioID": "beersLawLab.beersLawScreen.view.detectorNode.bodyNode.valueNode",
              "componentType": "TTandemText",
              "event": "textChanged",
              "time": 1624864658114,
              "parameters": {
                "oldText": "0.47",
                "newText": "‪33.73%‬"
              }
            }
          ]
        }
      ]
    }
  ]
}
{
  "messageIndex": 52,
  "eventType": "user",
  "phetioID": "beersLawLab.beersLawScreen.view.detectorNode.bodyNode.absorbanceRadioButton",
  "componentType": "TRadioButton",
  "event": "fired",
  "time": 1624864658834,
  "parameters": {
    "value": "absorbance"
  },
  "children": [
    {
      "messageIndex": 53,
      "eventType": "model",
      "phetioID": "beersLawLab.beersLawScreen.model.detector.modeProperty",
      "componentType": "TProperty",
      "event": "changed",
      "time": 1624864658834,
      "parameters": {
        "oldValue": "transmittance",
        "newValue": "absorbance"
      },
      "children": [
        {
          "messageIndex": 54,
          "eventType": "model",
          "phetioID": "beersLawLab.beersLawScreen.model.detector.valueProperty",
          "componentType": "TDerivedProperty",
          "event": "changed",
          "time": 1624864658834,
          "parameters": {
            "oldValue": 33.72873086588689,
            "newValue": 0.472
          },
          "children": [
            {
              "messageIndex": 55,
              "eventType": "model",
              "phetioID": "beersLawLab.beersLawScreen.view.detectorNode.bodyNode.valueNode",
              "componentType": "TTandemText",
              "event": "textChanged",
              "time": 1624864658834,
              "parameters": {
                "oldText": "‪33.73%‬",
                "newText": "0.47"
              }
            }
          ]
        }
      ]
    }
  ]
}
{
  "messageIndex": 56,
  "eventType": "user",
  "phetioID": "beersLawLab.beersLawScreen.view.detectorNode.bodyNode.transmittanceRadioButton",
  "componentType": "TRadioButton",
  "event": "fired",
  "time": 1624864659906,
  "parameters": {
    "value": "transmittance"
  },
  "children": [
    {
      "messageIndex": 57,
      "eventType": "model",
      "phetioID": "beersLawLab.beersLawScreen.model.detector.modeProperty",
      "componentType": "TProperty",
      "event": "changed",
      "time": 1624864659906,
      "parameters": {
        "oldValue": "absorbance",
        "newValue": "transmittance"
      },
      "children": [
        {
          "messageIndex": 58,
          "eventType": "model",
          "phetioID": "beersLawLab.beersLawScreen.model.detector.valueProperty",
          "componentType": "TDerivedProperty",
          "event": "changed",
          "time": 1624864659906,
          "parameters": {
            "oldValue": 0.472,
            "newValue": 33.72873086588689
          },
          "children": [
            {
              "messageIndex": 59,
              "eventType": "model",
              "phetioID": "beersLawLab.beersLawScreen.view.detectorNode.bodyNode.valueNode",
              "componentType": "TTandemText",
              "event": "textChanged",
              "time": 1624864659906,
              "parameters": {
                "oldText": "0.47",
                "newText": "‪33.73%‬"
              }
            }
          ]
        }
      ]
    }
  ]
}
{
  "messageIndex": 60,
  "eventType": "user",
  "phetioID": "beersLawLab.beersLawScreen.view.detectorNode.bodyNode.absorbanceRadioButton",
  "componentType": "TRadioButton",
  "event": "fired",
  "time": 1624864660723,
  "parameters": {
    "value": "absorbance"
  },
  "children": [
    {
      "messageIndex": 61,
      "eventType": "model",
      "phetioID": "beersLawLab.beersLawScreen.model.detector.modeProperty",
      "componentType": "TProperty",
      "event": "changed",
      "time": 1624864660723,
      "parameters": {
        "oldValue": "transmittance",
        "newValue": "absorbance"
      },
      "children": [
        {
          "messageIndex": 62,
          "eventType": "model",
          "phetioID": "beersLawLab.beersLawScreen.model.detector.valueProperty",
          "componentType": "TDerivedProperty",
          "event": "changed",
          "time": 1624864660723,
          "parameters": {
            "oldValue": 33.72873086588689,
            "newValue": 0.472
          },
          "children": [
            {
              "messageIndex": 63,
              "eventType": "model",
              "phetioID": "beersLawLab.beersLawScreen.view.detectorNode.bodyNode.valueNode",
              "componentType": "TTandemText",
              "event": "textChanged",
              "time": 1624864660723,
              "parameters": {
                "oldText": "‪33.73%‬",
                "newText": "0.47"
              }
            }
          ]
        }
      ]
    }
  ]
}
