{
  "messageIndex": 0,
  "eventType": "wrapper",
  "phetioID": "beersLawLab.simIFrameAPI",
  "componentType": "TSimIFrameAPI",
  "event": "invoked",
  "time": 1620370655794,
  "parameters": {
    "phetioID": "phetio",
    "method": "addExpressions",
    "args": [
      []
    ],
    "messageID": 2,
    "protocol": "phet-io-0.0.1"
  }
}
{
  "messageIndex": 1,
  "eventType": "wrapper",
  "phetioID": "beersLawLab.simIFrameAPI",
  "componentType": "TSimIFrameAPI",
  "event": "invoked",
  "time": 1620370655805,
  "parameters": {
    "phetioID": "phetio",
    "method": "launchSimulation",
    "args": [],
    "messageID": 3,
    "protocol": "phet-io-0.0.1"
  }
}
{
  "messageIndex": 2,
  "eventType": "model",
  "phetioID": "beersLawLab.sim",
  "componentType": "TSim",
  "event": "simStarted",
  "time": 1620370655833,
  "parameters": {
    "sessionID": null,
    "simName": "‪Beer's Law Lab‬",
    "simVersion": "1.6.15-phetio",
    "url": "https://phet-io.colorado.edu/sims/beers-law-lab/1.6.15-phetio/beers-law-lab_en-phetio.html?production&phetioEmitStates=false&phetioEmitInputEvents=false",
    "userAgent": "Mozilla/5.0 (Windows NT 10.0; Win64; x64) AppleWebKit/537.36 (KHTML, like Gecko) Chrome/90.0.4430.93 Safari/537.36",
    "randomSeed": 0.12835527815178938,
    "provider": "PhET Interactive Simulations, University of Colorado Boulder"
  },
  "children": [
    {
      "messageIndex": 3,
      "eventType": "model",
      "phetioID": "beersLawLab.concentrationScreen.view.concentrationMeterNode.bodyNode.readoutTextNode",
      "componentType": "TTandemText",
      "event": "textChanged",
      "time": 1620370656337,
      "parameters": {
        "oldText": "‪1.000 ‪mol/L‬‬",
        "newText": "-"
      }
    },
    {
      "messageIndex": 4,
      "eventType": "model",
      "phetioID": "beersLawLab.beersLawScreen.view.detectorNode.bodyNode.valueNode",
      "componentType": "TTandemText",
      "event": "textChanged",
      "time": 1620370656607,
      "parameters": {
        "oldText": "‪100.00%‬",
        "newText": "-"
      }
    }
  ]
}
{
  "messageIndex": 5,
  "eventType": "user",
  "phetioID": "beersLawLab.homeScreen.view.beersLawScreenSmallButton",
  "componentType": "TScreenButton",
  "event": "fired",
  "time": 1620370661128,
  "children": [
    {
      "messageIndex": 6,
      "eventType": "model",
      "phetioID": "beersLawLab.sim.screenIndexProperty",
      "componentType": "TProperty",
      "event": "changed",
      "time": 1620370661128,
      "parameters": {
        "oldValue": 0,
        "newValue": 1
      }
    }
  ]
}
{
  "messageIndex": 7,
  "eventType": "user",
  "phetioID": "beersLawLab.homeScreen.view.beersLawScreenLargeButton",
  "componentType": "TScreenButton",
  "event": "fired",
  "time": 1620370661857,
  "children": [
    {
      "messageIndex": 8,
      "eventType": "model",
      "phetioID": "beersLawLab.sim.showHomeScreenProperty",
      "componentType": "TProperty",
      "event": "changed",
      "time": 1620370661857,
      "parameters": {
        "oldValue": true,
        "newValue": false
      }
    }
  ]
}
{
  "messageIndex": null,
  "eventType": "user",
  "phetioID": "beersLawLab.wrapper",
  "componentType": "WrapperButton",
  "event": "showPDF",
  "time": 1620370664778,
  "parameters": null
}
{
  "messageIndex": null,
  "eventType": "user",
  "phetioID": "beersLawLab.wrapper",
  "componentType": "WrapperButton",
  "event": "hidePDF",
  "time": 1620370730198,
  "parameters": null
}
{
  "messageIndex": null,
  "eventType": "user",
  "phetioID": "beersLawLab.wrapper",
  "componentType": "WrapperButton",
  "event": "showPDF",
  "time": 1620370734189,
  "parameters": null
}
{
  "messageIndex": null,
  "eventType": "user",
  "phetioID": "beersLawLab.wrapper",
  "componentType": "WrapperButton",
  "event": "hidePDF",
  "time": 1620370777597,
  "parameters": null
}
{
  "messageIndex": 9,
  "eventType": "user",
  "phetioID": "beersLawLab.beersLawScreen.view.wavelengthControls.variableWavelengthRadioButton",
  "componentType": "TRadioButton",
  "event": "fired",
  "time": 1620370788215,
  "parameters": {
    "value": true
  },
  "children": [
    {
      "messageIndex": 10,
      "eventType": "model",
      "phetioID": "beersLawLab.beersLawScreen.view.wavelengthControls.variableWavelengthProperty",
      "componentType": "TProperty",
      "event": "changed",
      "time": 1620370788215,
      "parameters": {
        "oldValue": false,
        "newValue": true
      }
    }
  ]
}
{
  "messageIndex": 11,
  "eventType": "user",
  "phetioID": "beersLawLab.beersLawScreen.view.wavelengthControls.wavelengthSlider.trackInputListener",
  "componentType": "TTandemDragHandler",
  "event": "dragStarted",
  "time": 1620370789265,
  "parameters": {
    "x": 304,
    "y": 252
  },
  "children": [
    {
      "messageIndex": 12,
      "eventType": "model",
      "phetioID": "beersLawLab.beersLawScreen.model.light.wavelengthProperty",
      "componentType": "TProperty",
      "event": "changed",
      "time": 1620370789265,
      "parameters": {
        "oldValue": 508,
        "newValue": 496
      },
      "children": [
        {
          "messageIndex": 13,
          "eventType": "model",
          "phetioID": "beersLawLab.beersLawScreen.view.wavelengthControls.valueDisplay",
          "componentType": "TTandemText",
          "event": "textChanged",
          "time": 1620370789266,
          "parameters": {
            "oldText": "‪508 ‪nm‬‬",
            "newText": "‪496 ‪nm‬‬"
          }
        }
      ]
    }
  ]
}
{
  "messageIndex": 14,
  "eventType": "user",
  "phetioID": "beersLawLab.beersLawScreen.view.wavelengthControls.wavelengthSlider.trackInputListener",
  "componentType": "TTandemDragHandler",
  "event": "dragged",
  "time": 1620370789629,
  "parameters": {
    "x": 305,
    "y": 252
  },
  "children": [
    {
      "messageIndex": 15,
      "eventType": "model",
      "phetioID": "beersLawLab.beersLawScreen.model.light.wavelengthProperty",
      "componentType": "TProperty",
      "event": "changed",
      "time": 1620370789629,
      "parameters": {
        "oldValue": 496,
        "newValue": 501
      },
      "children": [
        {
          "messageIndex": 16,
          "eventType": "model",
          "phetioID": "beersLawLab.beersLawScreen.view.wavelengthControls.valueDisplay",
          "componentType": "TTandemText",
          "event": "textChanged",
          "time": 1620370789629,
          "parameters": {
            "oldText": "‪496 ‪nm‬‬",
            "newText": "‪501 ‪nm‬‬"
          }
        }
      ]
    }
  ]
}
{
  "messageIndex": 17,
  "eventType": "user",
  "phetioID": "beersLawLab.beersLawScreen.view.wavelengthControls.wavelengthSlider.trackInputListener",
  "componentType": "TTandemDragHandler",
  "event": "dragged",
  "time": 1620370789679,
  "parameters": {
    "x": 306,
    "y": 252
  },
  "children": [
    {
      "messageIndex": 18,
      "eventType": "model",
      "phetioID": "beersLawLab.beersLawScreen.model.light.wavelengthProperty",
      "componentType": "TProperty",
      "event": "changed",
      "time": 1620370789679,
      "parameters": {
        "oldValue": 501,
        "newValue": 505
      },
      "children": [
        {
          "messageIndex": 19,
          "eventType": "model",
          "phetioID": "beersLawLab.beersLawScreen.view.wavelengthControls.valueDisplay",
          "componentType": "TTandemText",
          "event": "textChanged",
          "time": 1620370789679,
          "parameters": {
            "oldText": "‪501 ‪nm‬‬",
            "newText": "‪505 ‪nm‬‬"
          }
        }
      ]
    }
  ]
}
{
  "messageIndex": 20,
  "eventType": "user",
  "phetioID": "beersLawLab.beersLawScreen.view.wavelengthControls.wavelengthSlider.trackInputListener",
  "componentType": "TTandemDragHandler",
  "event": "dragged",
  "time": 1620370790428,
  "parameters": {
    "x": 308,
    "y": 252
  },
  "children": [
    {
      "messageIndex": 21,
      "eventType": "model",
      "phetioID": "beersLawLab.beersLawScreen.model.light.wavelengthProperty",
      "componentType": "TProperty",
      "event": "changed",
      "time": 1620370790428,
      "parameters": {
        "oldValue": 505,
        "newValue": 514
      },
      "children": [
        {
          "messageIndex": 22,
          "eventType": "model",
          "phetioID": "beersLawLab.beersLawScreen.view.wavelengthControls.valueDisplay",
          "componentType": "TTandemText",
          "event": "textChanged",
          "time": 1620370790429,
          "parameters": {
            "oldText": "‪505 ‪nm‬‬",
            "newText": "‪514 ‪nm‬‬"
          }
        }
      ]
    }
  ]
}
{
  "messageIndex": 23,
  "eventType": "user",
  "phetioID": "beersLawLab.beersLawScreen.view.wavelengthControls.wavelengthSlider.trackInputListener",
  "componentType": "TTandemDragHandler",
  "event": "dragged",
  "time": 1620370790462,
  "parameters": {
    "x": 308,
    "y": 251
  }
}
{
  "messageIndex": 24,
  "eventType": "user",
  "phetioID": "beersLawLab.beersLawScreen.view.wavelengthControls.wavelengthSlider.trackInputListener",
  "componentType": "TTandemDragHandler",
  "event": "dragEnded",
  "time": 1620370791039
}
{
  "messageIndex": 25,
  "eventType": "user",
  "phetioID": "beersLawLab.beersLawScreen.view.wavelengthControls.wavelengthSlider.plusButton",
  "componentType": "TPushButton",
  "event": "fired",
  "time": 1620370792078,
  "children": [
    {
      "messageIndex": 26,
      "eventType": "model",
      "phetioID": "beersLawLab.beersLawScreen.model.light.wavelengthProperty",
      "componentType": "TProperty",
      "event": "changed",
      "time": 1620370792078,
      "parameters": {
        "oldValue": 514,
        "newValue": 515
      },
      "children": [
        {
          "messageIndex": 27,
          "eventType": "model",
          "phetioID": "beersLawLab.beersLawScreen.view.wavelengthControls.valueDisplay",
          "componentType": "TTandemText",
          "event": "textChanged",
          "time": 1620370792078,
          "parameters": {
            "oldText": "‪514 ‪nm‬‬",
            "newText": "‪515 ‪nm‬‬"
          }
        }
      ]
    }
  ]
}
{
  "messageIndex": 28,
  "eventType": "user",
  "phetioID": "beersLawLab.beersLawScreen.view.wavelengthControls.wavelengthSlider.plusButton",
  "componentType": "TPushButton",
  "event": "fired",
  "time": 1620370792529,
  "children": [
    {
      "messageIndex": 29,
      "eventType": "model",
      "phetioID": "beersLawLab.beersLawScreen.model.light.wavelengthProperty",
      "componentType": "TProperty",
      "event": "changed",
      "time": 1620370792529,
      "parameters": {
        "oldValue": 515,
        "newValue": 516
      },
      "children": [
        {
          "messageIndex": 30,
          "eventType": "model",
          "phetioID": "beersLawLab.beersLawScreen.view.wavelengthControls.valueDisplay",
          "componentType": "TTandemText",
          "event": "textChanged",
          "time": 1620370792529,
          "parameters": {
            "oldText": "‪515 ‪nm‬‬",
            "newText": "‪516 ‪nm‬‬"
          }
        }
      ]
    }
  ]
}
{
  "messageIndex": 31,
  "eventType": "user",
  "phetioID": "beersLawLab.beersLawScreen.view.wavelengthControls.wavelengthSlider.plusButton",
  "componentType": "TPushButton",
  "event": "fired",
  "time": 1620370792762,
  "children": [
    {
      "messageIndex": 32,
      "eventType": "model",
      "phetioID": "beersLawLab.beersLawScreen.model.light.wavelengthProperty",
      "componentType": "TProperty",
      "event": "changed",
      "time": 1620370792762,
      "parameters": {
        "oldValue": 516,
        "newValue": 517
      },
      "children": [
        {
          "messageIndex": 33,
          "eventType": "model",
          "phetioID": "beersLawLab.beersLawScreen.view.wavelengthControls.valueDisplay",
          "componentType": "TTandemText",
          "event": "textChanged",
          "time": 1620370792762,
          "parameters": {
            "oldText": "‪516 ‪nm‬‬",
            "newText": "‪517 ‪nm‬‬"
          }
        }
      ]
    }
  ]
}
{
  "messageIndex": 34,
  "eventType": "user",
  "phetioID": "beersLawLab.beersLawScreen.view.wavelengthControls.wavelengthSlider.plusButton",
  "componentType": "TPushButton",
  "event": "fired",
  "time": 1620370792924,
  "children": [
    {
      "messageIndex": 35,
      "eventType": "model",
      "phetioID": "beersLawLab.beersLawScreen.model.light.wavelengthProperty",
      "componentType": "TProperty",
      "event": "changed",
      "time": 1620370792924,
      "parameters": {
        "oldValue": 517,
        "newValue": 518
      },
      "children": [
        {
          "messageIndex": 36,
          "eventType": "model",
          "phetioID": "beersLawLab.beersLawScreen.view.wavelengthControls.valueDisplay",
          "componentType": "TTandemText",
          "event": "textChanged",
          "time": 1620370792924,
          "parameters": {
            "oldText": "‪517 ‪nm‬‬",
            "newText": "‪518 ‪nm‬‬"
          }
        }
      ]
    }
  ]
}
{
  "messageIndex": 37,
  "eventType": "user",
  "phetioID": "beersLawLab.beersLawScreen.view.wavelengthControls.wavelengthSlider.plusButton",
  "componentType": "TPushButton",
  "event": "fired",
  "time": 1620370794718,
  "children": [
    {
      "messageIndex": 38,
      "eventType": "model",
      "phetioID": "beersLawLab.beersLawScreen.model.light.wavelengthProperty",
      "componentType": "TProperty",
      "event": "changed",
      "time": 1620370794718,
      "parameters": {
        "oldValue": 518,
        "newValue": 519
      },
      "children": [
        {
          "messageIndex": 39,
          "eventType": "model",
          "phetioID": "beersLawLab.beersLawScreen.view.wavelengthControls.valueDisplay",
          "componentType": "TTandemText",
          "event": "textChanged",
          "time": 1620370794719,
          "parameters": {
            "oldText": "‪518 ‪nm‬‬",
            "newText": "‪519 ‪nm‬‬"
          }
        }
      ]
    }
  ]
}
{
  "messageIndex": 40,
  "eventType": "user",
  "phetioID": "beersLawLab.beersLawScreen.view.wavelengthControls.wavelengthSlider.plusButton",
  "componentType": "TPushButton",
  "event": "fired",
  "time": 1620370794965,
  "children": [
    {
      "messageIndex": 41,
      "eventType": "model",
      "phetioID": "beersLawLab.beersLawScreen.model.light.wavelengthProperty",
      "componentType": "TProperty",
      "event": "changed",
      "time": 1620370794965,
      "parameters": {
        "oldValue": 519,
        "newValue": 520
      },
      "children": [
        {
          "messageIndex": 42,
          "eventType": "model",
          "phetioID": "beersLawLab.beersLawScreen.view.wavelengthControls.valueDisplay",
          "componentType": "TTandemText",
          "event": "textChanged",
          "time": 1620370794965,
          "parameters": {
            "oldText": "‪519 ‪nm‬‬",
            "newText": "‪520 ‪nm‬‬"
          }
        }
      ]
    }
  ]
}
{
  "messageIndex": 43,
  "eventType": "user",
  "phetioID": "beersLawLab.beersLawScreen.view.lightNode.button",
  "componentType": "TToggleButton",
  "event": "toggled",
  "time": 1620370806215,
  "parameters": {
    "oldValue": false,
    "newValue": true
  },
  "children": [
    {
      "messageIndex": 44,
      "eventType": "model",
      "phetioID": "beersLawLab.beersLawScreen.model.light.onProperty",
      "componentType": "TProperty",
      "event": "changed",
      "time": 1620370806215,
      "parameters": {
        "oldValue": false,
        "newValue": true
      },
      "children": [
        {
          "messageIndex": 45,
          "eventType": "model",
          "phetioID": "beersLawLab.beersLawScreen.model.detector.valueProperty",
          "componentType": "TDerivedProperty",
          "event": "changed",
          "time": 1620370806216,
          "parameters": {
            "oldValue": null,
            "newValue": 32.136605386403176
          },
          "children": [
            {
              "messageIndex": 46,
              "eventType": "model",
              "phetioID": "beersLawLab.beersLawScreen.view.detectorNode.bodyNode.valueNode",
              "componentType": "TTandemText",
              "event": "textChanged",
              "time": 1620370806216,
              "parameters": {
                "oldText": "-",
                "newText": "‪32.14%‬"
              }
            }
          ]
        }
      ]
    }
  ]
}
{
  "messageIndex": 47,
  "eventType": "user",
  "phetioID": "beersLawLab.beersLawScreen.view.detectorNode.bodyNode.absorbanceRadioButton",
  "componentType": "TRadioButton",
  "event": "fired",
  "time": 1620370825577,
  "parameters": {
    "value": "absorbance"
  },
  "children": [
    {
      "messageIndex": 48,
      "eventType": "model",
      "phetioID": "beersLawLab.beersLawScreen.model.detector.modeProperty",
      "componentType": "TProperty",
      "event": "changed",
      "time": 1620370825577,
      "parameters": {
        "oldValue": "transmittance",
        "newValue": "absorbance"
      },
      "children": [
        {
          "messageIndex": 49,
          "eventType": "model",
          "phetioID": "beersLawLab.beersLawScreen.model.detector.valueProperty",
          "componentType": "TDerivedProperty",
          "event": "changed",
          "time": 1620370825578,
          "parameters": {
            "oldValue": 32.136605386403176,
            "newValue": 0.493
          },
          "children": [
            {
              "messageIndex": 50,
              "eventType": "model",
              "phetioID": "beersLawLab.beersLawScreen.view.detectorNode.bodyNode.valueNode",
              "componentType": "TTandemText",
              "event": "textChanged",
              "time": 1620370825578,
              "parameters": {
                "oldText": "‪32.14%‬",
                "newText": "0.49"
              }
            }
          ]
        }
      ]
    }
  ]
}
{
  "messageIndex": 51,
  "eventType": "user",
  "phetioID": "beersLawLab.beersLawScreen.view.solutionControls.comboBox",
  "componentType": "TComboBox",
  "event": "popupShown",
  "time": 1620370829006
}
{
  "messageIndex": 52,
  "eventType": "user",
  "phetioID": "beersLawLab.beersLawScreen.view.solutionControls.comboBox",
  "componentType": "TComboBox",
  "event": "fired",
  "time": 1620370830788,
  "parameters": {
    "value": "beersLawLab.beersLawScreen.solutions.cobaltChloride"
  },
  "children": [
    {
      "messageIndex": 53,
      "eventType": "model",
      "phetioID": "beersLawLab.beersLawScreen.model.solutionProperty",
      "componentType": "TProperty",
      "event": "changed",
      "time": 1620370830788,
      "parameters": {
        "oldValue": "beersLawLab.beersLawScreen.solutions.drinkMix",
        "newValue": "beersLawLab.beersLawScreen.solutions.cobaltChloride"
      },
      "children": [
        {
          "messageIndex": 54,
          "eventType": "model",
          "phetioID": "beersLawLab.beersLawScreen.model.light.wavelengthProperty",
          "componentType": "TProperty",
          "event": "changed",
          "time": 1620370830788,
          "parameters": {
            "oldValue": 520,
            "newValue": 549
          },
          "children": [
            {
              "messageIndex": 55,
              "eventType": "model",
              "phetioID": "beersLawLab.beersLawScreen.model.detector.valueProperty",
              "componentType": "TDerivedProperty",
              "event": "changed",
              "time": 1620370830788,
              "parameters": {
                "oldValue": 0.493,
                "newValue": 0.29300000000000004
              },
              "children": [
                {
                  "messageIndex": 56,
                  "eventType": "model",
                  "phetioID": "beersLawLab.beersLawScreen.view.detectorNode.bodyNode.valueNode",
                  "componentType": "TTandemText",
                  "event": "textChanged",
                  "time": 1620370830788,
                  "parameters": {
                    "oldText": "0.49",
                    "newText": "0.29"
                  }
                }
              ]
            },
            {
              "messageIndex": 57,
              "eventType": "model",
              "phetioID": "beersLawLab.beersLawScreen.view.wavelengthControls.valueDisplay",
              "componentType": "TTandemText",
              "event": "textChanged",
              "time": 1620370830789,
              "parameters": {
                "oldText": "‪520 ‪nm‬‬",
                "newText": "‪549 ‪nm‬‬"
              }
            }
          ]
        },
        {
          "messageIndex": 58,
          "eventType": "model",
          "phetioID": "beersLawLab.beersLawScreen.model.detector.valueProperty",
          "componentType": "TDerivedProperty",
          "event": "changed",
          "time": 1620370830790,
          "parameters": {
            "oldValue": 0.29300000000000004,
            "newValue": 0.7230000000000001
          },
          "children": [
            {
              "messageIndex": 59,
              "eventType": "model",
              "phetioID": "beersLawLab.beersLawScreen.view.detectorNode.bodyNode.valueNode",
              "componentType": "TTandemText",
              "event": "textChanged",
              "time": 1620370830790,
              "parameters": {
                "oldText": "0.29",
                "newText": "0.72"
              }
            }
          ]
        }
      ]
    }
  ]
}
{
  "messageIndex": 60,
  "eventType": "user",
  "phetioID": "beersLawLab.beersLawScreen.view.solutionControls.comboBox",
  "componentType": "TComboBox",
  "event": "popupShown",
  "time": 1620370831779
}
{
  "messageIndex": 61,
  "eventType": "user",
  "phetioID": "beersLawLab.beersLawScreen.view.solutionControls.comboBox",
  "componentType": "TComboBox",
  "event": "fired",
  "time": 1620370833083,
  "parameters": {
    "value": "beersLawLab.beersLawScreen.solutions.cobaltIINitrate"
  },
  "children": [
    {
      "messageIndex": 62,
      "eventType": "model",
      "phetioID": "beersLawLab.beersLawScreen.model.solutionProperty",
      "componentType": "TProperty",
      "event": "changed",
      "time": 1620370833083,
      "parameters": {
        "oldValue": "beersLawLab.beersLawScreen.solutions.cobaltChloride",
        "newValue": "beersLawLab.beersLawScreen.solutions.cobaltIINitrate"
      },
      "children": [
        {
          "messageIndex": 63,
          "eventType": "model",
          "phetioID": "beersLawLab.beersLawScreen.model.detector.valueProperty",
          "componentType": "TDerivedProperty",
          "event": "changed",
          "time": 1620370833083,
          "parameters": {
            "oldValue": 0.7230000000000001,
            "newValue": 0.472
          },
          "children": [
            {
              "messageIndex": 64,
              "eventType": "model",
              "phetioID": "beersLawLab.beersLawScreen.view.detectorNode.bodyNode.valueNode",
              "componentType": "TTandemText",
              "event": "textChanged",
              "time": 1620370833083,
              "parameters": {
                "oldText": "0.72",
                "newText": "0.47"
              }
            }
          ]
        }
      ]
    }
  ]
}
{
  "messageIndex": 65,
  "eventType": "user",
  "phetioID": "beersLawLab.beersLawScreen.view.solutionControls.comboBox",
  "componentType": "TComboBox",
  "event": "popupShown",
  "time": 1620370834458
}
{
  "messageIndex": 66,
  "eventType": "user",
  "phetioID": "beersLawLab.beersLawScreen.view.solutionControls.comboBox",
  "componentType": "TComboBox",
  "event": "fired",
  "time": 1620370835228,
  "parameters": {
    "value": "beersLawLab.beersLawScreen.solutions.copperSulfate"
  },
  "children": [
    {
      "messageIndex": 67,
      "eventType": "model",
      "phetioID": "beersLawLab.beersLawScreen.model.solutionProperty",
      "componentType": "TProperty",
      "event": "changed",
      "time": 1620370835229,
      "parameters": {
        "oldValue": "beersLawLab.beersLawScreen.solutions.cobaltIINitrate",
        "newValue": "beersLawLab.beersLawScreen.solutions.copperSulfate"
      },
      "children": [
        {
          "messageIndex": 68,
          "eventType": "model",
          "phetioID": "beersLawLab.beersLawScreen.model.light.wavelengthProperty",
          "componentType": "TProperty",
          "event": "changed",
          "time": 1620370835229,
          "parameters": {
            "oldValue": 549,
            "newValue": 780
          },
          "children": [
            {
              "messageIndex": 69,
              "eventType": "model",
              "phetioID": "beersLawLab.beersLawScreen.model.detector.valueProperty",
              "componentType": "TDerivedProperty",
              "event": "changed",
              "time": 1620370835229,
              "parameters": {
                "oldValue": 0.472,
                "newValue": 0.003
              },
              "children": [
                {
                  "messageIndex": 70,
                  "eventType": "model",
                  "phetioID": "beersLawLab.beersLawScreen.view.detectorNode.bodyNode.valueNode",
                  "componentType": "TTandemText",
                  "event": "textChanged",
                  "time": 1620370835229,
                  "parameters": {
                    "oldText": "0.47",
                    "newText": "0.00"
                  }
                }
              ]
            },
            {
              "messageIndex": 71,
              "eventType": "model",
              "phetioID": "beersLawLab.beersLawScreen.view.wavelengthControls.valueDisplay",
              "componentType": "TTandemText",
              "event": "textChanged",
              "time": 1620370835230,
              "parameters": {
                "oldText": "‪549 ‪nm‬‬",
                "newText": "‪780 ‪nm‬‬"
              }
            }
          ]
        },
        {
          "messageIndex": 72,
          "eventType": "model",
          "phetioID": "beersLawLab.beersLawScreen.model.detector.valueProperty",
          "componentType": "TDerivedProperty",
          "event": "changed",
          "time": 1620370835231,
          "parameters": {
            "oldValue": 0.003,
            "newValue": 0.961
          },
          "children": [
            {
              "messageIndex": 73,
              "eventType": "model",
              "phetioID": "beersLawLab.beersLawScreen.view.detectorNode.bodyNode.valueNode",
              "componentType": "TTandemText",
              "event": "textChanged",
              "time": 1620370835231,
              "parameters": {
                "oldText": "0.00",
                "newText": "0.96"
              }
            }
          ]
        }
      ]
    }
  ]
}
{
  "messageIndex": 74,
  "eventType": "user",
  "phetioID": "beersLawLab.beersLawScreen.view.solutionControls.comboBox",
  "componentType": "TComboBox",
  "event": "popupShown",
  "time": 1620370836119
}
{
  "messageIndex": 75,
  "eventType": "user",
  "phetioID": "beersLawLab.beersLawScreen.view.solutionControls.comboBox",
  "componentType": "TComboBox",
  "event": "fired",
  "time": 1620370837256,
  "parameters": {
    "value": "beersLawLab.beersLawScreen.solutions.drinkMix"
  },
  "children": [
    {
      "messageIndex": 76,
      "eventType": "model",
      "phetioID": "beersLawLab.beersLawScreen.model.solutionProperty",
      "componentType": "TProperty",
      "event": "changed",
      "time": 1620370837256,
      "parameters": {
        "oldValue": "beersLawLab.beersLawScreen.solutions.copperSulfate",
        "newValue": "beersLawLab.beersLawScreen.solutions.drinkMix"
      },
      "children": [
        {
          "messageIndex": 77,
          "eventType": "model",
          "phetioID": "beersLawLab.beersLawScreen.model.light.wavelengthProperty",
          "componentType": "TProperty",
          "event": "changed",
          "time": 1620370837256,
          "parameters": {
            "oldValue": 780,
            "newValue": 508
          },
          "children": [
            {
              "messageIndex": 78,
              "eventType": "model",
              "phetioID": "beersLawLab.beersLawScreen.model.detector.valueProperty",
              "componentType": "TDerivedProperty",
              "event": "changed",
              "time": 1620370837256,
              "parameters": {
                "oldValue": 0.961,
                "newValue": 0.005000000000000001
              },
              "children": [
                {
                  "messageIndex": 79,
                  "eventType": "model",
                  "phetioID": "beersLawLab.beersLawScreen.view.detectorNode.bodyNode.valueNode",
                  "componentType": "TTandemText",
                  "event": "textChanged",
                  "time": 1620370837257,
                  "parameters": {
                    "oldText": "0.96",
                    "newText": "0.01"
                  }
                }
              ]
            },
            {
              "messageIndex": 80,
              "eventType": "model",
              "phetioID": "beersLawLab.beersLawScreen.view.wavelengthControls.valueDisplay",
              "componentType": "TTandemText",
              "event": "textChanged",
              "time": 1620370837258,
              "parameters": {
                "oldText": "‪780 ‪nm‬‬",
                "newText": "‪508 ‪nm‬‬"
              }
            }
          ]
        },
        {
          "messageIndex": 81,
          "eventType": "model",
          "phetioID": "beersLawLab.beersLawScreen.model.detector.valueProperty",
          "componentType": "TDerivedProperty",
          "event": "changed",
          "time": 1620370837258,
          "parameters": {
            "oldValue": 0.005000000000000001,
            "newValue": 0.506
          },
          "children": [
            {
              "messageIndex": 82,
              "eventType": "model",
              "phetioID": "beersLawLab.beersLawScreen.view.detectorNode.bodyNode.valueNode",
              "componentType": "TTandemText",
              "event": "textChanged",
              "time": 1620370837258,
              "parameters": {
                "oldText": "0.01",
                "newText": "0.51"
              }
            }
          ]
        }
      ]
    }
  ]
}
{
  "messageIndex": 83,
  "eventType": "user",
  "phetioID": "beersLawLab.beersLawScreen.view.solutionControls.comboBox",
  "componentType": "TComboBox",
  "event": "popupShown",
  "time": 1620370838121
}
{
  "messageIndex": 84,
  "eventType": "user",
  "phetioID": "beersLawLab.beersLawScreen.view.solutionControls.comboBox",
  "componentType": "TComboBox",
  "event": "fired",
  "time": 1620370838977,
  "parameters": {
    "value": "beersLawLab.beersLawScreen.solutions.cobaltIINitrate"
  },
  "children": [
    {
      "messageIndex": 85,
      "eventType": "model",
      "phetioID": "beersLawLab.beersLawScreen.model.solutionProperty",
      "componentType": "TProperty",
      "event": "changed",
      "time": 1620370838977,
      "parameters": {
        "oldValue": "beersLawLab.beersLawScreen.solutions.drinkMix",
        "newValue": "beersLawLab.beersLawScreen.solutions.cobaltIINitrate"
      },
      "children": [
        {
          "messageIndex": 86,
          "eventType": "model",
          "phetioID": "beersLawLab.beersLawScreen.model.light.wavelengthProperty",
          "componentType": "TProperty",
          "event": "changed",
          "time": 1620370838977,
          "parameters": {
            "oldValue": 508,
            "newValue": 549
          },
          "children": [
            {
              "messageIndex": 87,
              "eventType": "model",
              "phetioID": "beersLawLab.beersLawScreen.model.detector.valueProperty",
              "componentType": "TDerivedProperty",
              "event": "changed",
              "time": 1620370838977,
              "parameters": {
                "oldValue": 0.506,
                "newValue": 0.29300000000000004
              },
              "children": [
                {
                  "messageIndex": 88,
                  "eventType": "model",
                  "phetioID": "beersLawLab.beersLawScreen.view.detectorNode.bodyNode.valueNode",
                  "componentType": "TTandemText",
                  "event": "textChanged",
                  "time": 1620370838977,
                  "parameters": {
                    "oldText": "0.51",
                    "newText": "0.29"
                  }
                }
              ]
            },
            {
              "messageIndex": 89,
              "eventType": "model",
              "phetioID": "beersLawLab.beersLawScreen.view.wavelengthControls.valueDisplay",
              "componentType": "TTandemText",
              "event": "textChanged",
              "time": 1620370838978,
              "parameters": {
                "oldText": "‪508 ‪nm‬‬",
                "newText": "‪549 ‪nm‬‬"
              }
            }
          ]
        },
        {
          "messageIndex": 90,
          "eventType": "model",
          "phetioID": "beersLawLab.beersLawScreen.model.detector.valueProperty",
          "componentType": "TDerivedProperty",
          "event": "changed",
          "time": 1620370838979,
          "parameters": {
            "oldValue": 0.29300000000000004,
            "newValue": 0.472
          },
          "children": [
            {
              "messageIndex": 91,
              "eventType": "model",
              "phetioID": "beersLawLab.beersLawScreen.view.detectorNode.bodyNode.valueNode",
              "componentType": "TTandemText",
              "event": "textChanged",
              "time": 1620370838979,
              "parameters": {
                "oldText": "0.29",
                "newText": "0.47"
              }
            }
          ]
        }
      ]
    }
  ]
}
{
  "messageIndex": 92,
  "eventType": "user",
  "phetioID": "beersLawLab.beersLawScreen.view.solutionControls.comboBox",
  "componentType": "TComboBox",
  "event": "popupShown",
  "time": 1620370840247
}
{
  "messageIndex": 93,
  "eventType": "user",
  "phetioID": "beersLawLab.beersLawScreen.view.solutionControls.comboBox",
  "componentType": "TComboBox",
  "event": "fired",
  "time": 1620370841937,
  "parameters": {
    "value": "beersLawLab.beersLawScreen.solutions.cobaltChloride"
  },
  "children": [
    {
      "messageIndex": 94,
      "eventType": "model",
      "phetioID": "beersLawLab.beersLawScreen.model.solutionProperty",
      "componentType": "TProperty",
      "event": "changed",
      "time": 1620370841937,
      "parameters": {
        "oldValue": "beersLawLab.beersLawScreen.solutions.cobaltIINitrate",
        "newValue": "beersLawLab.beersLawScreen.solutions.cobaltChloride"
      },
      "children": [
        {
          "messageIndex": 95,
          "eventType": "model",
          "phetioID": "beersLawLab.beersLawScreen.model.detector.valueProperty",
          "componentType": "TDerivedProperty",
          "event": "changed",
          "time": 1620370841937,
          "parameters": {
            "oldValue": 0.472,
            "newValue": 0.7230000000000001
          },
          "children": [
            {
              "messageIndex": 96,
              "eventType": "model",
              "phetioID": "beersLawLab.beersLawScreen.view.detectorNode.bodyNode.valueNode",
              "componentType": "TTandemText",
              "event": "textChanged",
              "time": 1620370841937,
              "parameters": {
                "oldText": "0.47",
                "newText": "0.72"
              }
            }
          ]
        }
      ]
    }
  ]
}
{
  "messageIndex": 97,
  "eventType": "user",
  "phetioID": "beersLawLab.beersLawScreen.view.solutionControls.comboBox",
  "componentType": "TComboBox",
  "event": "popupShown",
  "time": 1620370854746
}
{
  "messageIndex": 98,
  "eventType": "user",
  "phetioID": "beersLawLab.beersLawScreen.view.solutionControls.comboBox",
  "componentType": "TComboBox",
  "event": "fired",
  "time": 1620370856258,
  "parameters": {
    "value": "beersLawLab.beersLawScreen.solutions.potassiumDichromate"
  },
  "children": [
    {
      "messageIndex": 99,
      "eventType": "model",
      "phetioID": "beersLawLab.beersLawScreen.model.solutionProperty",
      "componentType": "TProperty",
      "event": "changed",
      "time": 1620370856258,
      "parameters": {
        "oldValue": "beersLawLab.beersLawScreen.solutions.cobaltChloride",
        "newValue": "beersLawLab.beersLawScreen.solutions.potassiumDichromate"
      },
      "children": [
        {
          "messageIndex": 100,
          "eventType": "model",
          "phetioID": "beersLawLab.beersLawScreen.model.light.wavelengthProperty",
          "componentType": "TProperty",
          "event": "changed",
          "time": 1620370856258,
          "parameters": {
            "oldValue": 549,
            "newValue": 392
          },
          "children": [
            {
              "messageIndex": 101,
              "eventType": "model",
              "phetioID": "beersLawLab.beersLawScreen.model.detector.valueProperty",
              "componentType": "TDerivedProperty",
              "event": "changed",
              "time": 1620370856258,
              "parameters": {
                "oldValue": 0.7230000000000001,
                "newValue": 0.662
              },
              "children": [
                {
                  "messageIndex": 102,
                  "eventType": "model",
                  "phetioID": "beersLawLab.beersLawScreen.view.detectorNode.bodyNode.valueNode",
                  "componentType": "TTandemText",
                  "event": "textChanged",
                  "time": 1620370856259,
                  "parameters": {
                    "oldText": "0.72",
                    "newText": "0.66"
                  }
                }
              ]
            },
            {
              "messageIndex": 103,
              "eventType": "model",
              "phetioID": "beersLawLab.beersLawScreen.view.wavelengthControls.valueDisplay",
              "componentType": "TTandemText",
              "event": "textChanged",
              "time": 1620370856259,
              "parameters": {
                "oldText": "‪549 ‪nm‬‬",
                "newText": "‪392 ‪nm‬‬"
              }
            }
          ]
        },
        {
          "messageIndex": 104,
          "eventType": "model",
          "phetioID": "beersLawLab.beersLawScreen.model.detector.valueProperty",
          "componentType": "TDerivedProperty",
          "event": "changed",
          "time": 1620370856260,
          "parameters": {
            "oldValue": 0.662,
            "newValue": 369.653
          },
          "children": [
            {
              "messageIndex": 105,
              "eventType": "model",
              "phetioID": "beersLawLab.beersLawScreen.view.detectorNode.bodyNode.valueNode",
              "componentType": "TTandemText",
              "event": "textChanged",
              "time": 1620370856260,
              "parameters": {
                "oldText": "0.66",
                "newText": "369.65"
              }
            }
          ]
        },
        {
          "messageIndex": 106,
          "eventType": "model",
          "phetioID": "beersLawLab.beersLawScreen.model.detector.valueProperty",
          "componentType": "TDerivedProperty",
          "event": "changed",
          "time": 1620370856260,
          "parameters": {
            "oldValue": 369.653,
            "newValue": 0.36965300000000006
          },
          "children": [
            {
              "messageIndex": 107,
              "eventType": "model",
              "phetioID": "beersLawLab.beersLawScreen.view.detectorNode.bodyNode.valueNode",
              "componentType": "TTandemText",
              "event": "textChanged",
              "time": 1620370856260,
              "parameters": {
                "oldText": "369.65",
                "newText": "0.37"
              }
            }
          ]
        }
      ]
    }
  ]
}
{
  "messageIndex": null,
  "eventType": "user",
  "phetioID": "beersLawLab.wrapper",
  "componentType": "WrapperButton",
  "event": "showPDF",
  "time": 1620370867545,
  "parameters": null
}
{
  "messageIndex": null,
  "eventType": "user",
  "phetioID": "beersLawLab.wrapper",
  "componentType": "WrapperButton",
  "event": "hidePDF",
  "time": 1620370877420,
  "parameters": null
}
