{
  "messageIndex": 0,
  "eventType": "wrapper",
  "phetioID": "beersLawLab.simIFrameAPI",
  "componentType": "TSimIFrameAPI",
  "event": "invoked",
  "time": 1620737162878,
  "parameters": {
    "phetioID": "phetio",
    "method": "addExpressions",
    "args": [
      []
    ],
    "messageID": 2,
    "protocol": "phet-io-0.0.1"
  }
}
{
  "messageIndex": 2,
  "eventType": "model",
  "phetioID": "beersLawLab.sim",
  "componentType": "TSim",
  "event": "simStarted",
  "time": 1620737162884,
  "parameters": {
    "sessionID": null,
    "simName": "‪Beer's Law Lab‬",
    "simVersion": "1.6.15-phetio",
    "url": "https://phet-io.colorado.edu/sims/beers-law-lab/1.6.15-phetio/beers-law-lab_en-phetio.html?production&phetioEmitStates=false&phetioEmitInputEvents=false",
    "userAgent": "Mozilla/5.0 (iPhone; CPU iPhone OS 14_4_2 like Mac OS X) AppleWebKit/605.1.15 (KHTML, like Gecko) Version/14.0.3 Mobile/15E148 Safari/604.1",
    "randomSeed": 0.8711174694038947,
    "provider": "PhET Interactive Simulations, University of Colorado Boulder"
  },
  "children": [
    {
      "messageIndex": 3,
      "eventType": "model",
      "phetioID": "beersLawLab.concentrationScreen.view.concentrationMeterNode.bodyNode.readoutTextNode",
      "componentType": "TTandemText",
      "event": "textChanged",
      "time": 1620737162946,
      "parameters": {
        "oldText": "‪1.000 ‪mol/L‬‬",
        "newText": "-"
      }
    },
    {
      "messageIndex": 4,
      "eventType": "model",
      "phetioID": "beersLawLab.beersLawScreen.view.detectorNode.bodyNode.valueNode",
      "componentType": "TTandemText",
      "event": "textChanged",
      "time": 1620737162990,
      "parameters": {
        "oldText": "‪100.00%‬",
        "newText": "-"
      }
    }
  ]
}
{
  "messageIndex": 1,
  "eventType": "wrapper",
  "phetioID": "beersLawLab.simIFrameAPI",
  "componentType": "TSimIFrameAPI",
  "event": "invoked",
  "time": 1620737162880,
  "parameters": {
    "phetioID": "phetio",
    "method": "launchSimulation",
    "args": [],
    "messageID": 3,
    "protocol": "phet-io-0.0.1"
  }
}
{
  "messageIndex": 5,
  "eventType": "model",
  "phetioID": "beersLawLab.sim.screenIndexProperty",
  "componentType": "TProperty",
  "event": "changed",
  "time": 1620737165570,
  "parameters": {
    "oldValue": 0,
    "newValue": 1
  }
}
{
  "messageIndex": 6,
  "eventType": "user",
  "phetioID": "beersLawLab.homeScreen.view.beersLawScreenSmallButton",
  "componentType": "TScreenButton",
  "event": "fired",
  "time": 1620737165571
}
{
  "messageIndex": 9,
  "eventType": "user",
  "phetioID": "beersLawLab.beersLawScreen.view.detectorNode.probeNode.movableDragHandler",
  "componentType": "TTandemDragHandler",
  "event": "dragStarted",
  "time": 1620737166188,
  "parameters": {
    "x": 573,
    "y": 785
  }
}
{
  "messageIndex": 7,
  "eventType": "user",
  "phetioID": "beersLawLab.homeScreen.view.beersLawScreenLargeButton",
  "componentType": "TScreenButton",
  "event": "fired",
  "time": 1620737166184,
  "children": [
    {
      "messageIndex": 8,
      "eventType": "model",
      "phetioID": "beersLawLab.sim.showHomeScreenProperty",
      "componentType": "TProperty",
      "event": "changed",
      "time": 1620737166184,
      "parameters": {
        "oldValue": true,
        "newValue": false
      }
    }
  ]
}
{
  "messageIndex": 10,
  "eventType": "user",
  "phetioID": "beersLawLab.beersLawScreen.view.detectorNode.probeNode.movableDragHandler",
  "componentType": "TTandemDragHandler",
  "event": "dragEnded",
  "time": 1620737166222
}
