{
  "messageIndex": 0,
  "eventType": "wrapper",
  "phetioID": "beersLawLab.simIFrameAPI",
  "componentType": "TSimIFrameAPI",
  "event": "invoked",
  "time": 1624353345787,
  "parameters": {
    "phetioID": "phetio",
    "method": "addExpressions",
    "args": [
      []
    ],
    "messageID": 2,
    "protocol": "phet-io-0.0.1"
  }
}
{
  "messageIndex": 1,
  "eventType": "wrapper",
  "phetioID": "beersLawLab.simIFrameAPI",
  "componentType": "TSimIFrameAPI",
  "event": "invoked",
  "time": 1624353345789,
  "parameters": {
    "phetioID": "phetio",
    "method": "launchSimulation",
    "args": [],
    "messageID": 3,
    "protocol": "phet-io-0.0.1"
  }
}
{
  "messageIndex": 2,
  "eventType": "model",
  "phetioID": "beersLawLab.sim",
  "componentType": "TSim",
  "event": "simStarted",
  "time": 1624353345796,
  "parameters": {
    "sessionID": null,
    "simName": "‪Beer's Law Lab‬",
    "simVersion": "1.6.15-phetio",
    "url": "https://phet-io.colorado.edu/sims/beers-law-lab/1.6.15-phetio/beers-law-lab_en-phetio.html?production&phetioEmitStates=false&phetioEmitInputEvents=false",
    "userAgent": "Mozilla/5.0 (Windows NT 10.0; Win64; x64; rv:78.0) Gecko/20100101 Firefox/78.0",
    "randomSeed": 0.6364590816927006,
    "provider": "PhET Interactive Simulations, University of Colorado Boulder"
  },
  "children": [
    {
      "messageIndex": 3,
      "eventType": "model",
      "phetioID": "beersLawLab.concentrationScreen.view.concentrationMeterNode.bodyNode.readoutTextNode",
      "componentType": "TTandemText",
      "event": "textChanged",
      "time": 1624353345890,
      "parameters": {
        "oldText": "‪1.000 ‪mol/L‬‬",
        "newText": "-"
      }
    },
    {
      "messageIndex": 4,
      "eventType": "model",
      "phetioID": "beersLawLab.beersLawScreen.view.detectorNode.bodyNode.valueNode",
      "componentType": "TTandemText",
      "event": "textChanged",
      "time": 1624353345945,
      "parameters": {
        "oldText": "‪100.00%‬",
        "newText": "-"
      }
    }
  ]
}
{
  "messageIndex": 5,
  "eventType": "user",
  "phetioID": "beersLawLab.homeScreen.view.beersLawScreenSmallButton",
  "componentType": "TScreenButton",
  "event": "fired",
  "time": 1624353346844,
  "children": [
    {
      "messageIndex": 6,
      "eventType": "model",
      "phetioID": "beersLawLab.sim.screenIndexProperty",
      "componentType": "TProperty",
      "event": "changed",
      "time": 1624353346845,
      "parameters": {
        "oldValue": 0,
        "newValue": 1
      }
    }
  ]
}
{
  "messageIndex": 7,
  "eventType": "user",
  "phetioID": "beersLawLab.homeScreen.view.beersLawScreenLargeButton",
  "componentType": "TScreenButton",
  "event": "fired",
  "time": 1624353347475,
  "children": [
    {
      "messageIndex": 8,
      "eventType": "model",
      "phetioID": "beersLawLab.sim.showHomeScreenProperty",
      "componentType": "TProperty",
      "event": "changed",
      "time": 1624353347475,
      "parameters": {
        "oldValue": true,
        "newValue": false
      }
    }
  ]
}
{
  "messageIndex": 9,
  "eventType": "user",
  "phetioID": "beersLawLab.beersLawScreen.view.detectorNode.probeNode.movableDragHandler",
  "componentType": "TTandemDragHandler",
  "event": "dragStarted",
  "time": 1624353349300,
  "parameters": {
    "x": 936,
    "y": 188
  }
}
{
  "messageIndex": 10,
  "eventType": "user",
  "phetioID": "beersLawLab.beersLawScreen.view.detectorNode.probeNode.movableDragHandler",
  "componentType": "TTandemDragHandler",
  "event": "dragged",
  "time": 1624353349385,
  "parameters": {
    "x": 935,
    "y": 188
  },
  "children": [
    {
      "messageIndex": 11,
      "eventType": "model",
      "phetioID": "beersLawLab.beersLawScreen.model.detector.probe.locationProperty",
      "componentType": "TProperty",
      "event": "changed",
      "time": 1624353349386,
      "parameters": {
        "oldValue": {
          "x": 6.3,
          "y": 2
        },
        "newValue": {
          "x": 6.290852994555355,
          "y": 2
        }
      }
    }
  ]
}
{
  "messageIndex": 12,
  "eventType": "user",
  "phetioID": "beersLawLab.beersLawScreen.view.detectorNode.probeNode.movableDragHandler",
  "componentType": "TTandemDragHandler",
  "event": "dragged",
  "time": 1624353349402,
  "parameters": {
    "x": 932,
    "y": 193
  },
  "children": [
    {
      "messageIndex": 13,
      "eventType": "model",
      "phetioID": "beersLawLab.beersLawScreen.model.detector.probe.locationProperty",
      "componentType": "TProperty",
      "event": "changed",
      "time": 1624353349402,
      "parameters": {
        "oldValue": {
          "x": 6.290852994555355,
          "y": 2
        },
        "newValue": {
          "x": 6.263411978221416,
          "y": 2.045735027223231
        }
      }
    }
  ]
}
{
  "messageIndex": 20,
  "eventType": "user",
  "phetioID": "beersLawLab.beersLawScreen.view.detectorNode.probeNode.movableDragHandler",
  "componentType": "TTandemDragHandler",
  "event": "dragged",
  "time": 1624353349468,
  "parameters": {
    "x": 839,
    "y": 204
  },
  "children": [
    {
      "messageIndex": 21,
      "eventType": "model",
      "phetioID": "beersLawLab.beersLawScreen.model.detector.probe.locationProperty",
      "componentType": "TProperty",
      "event": "changed",
      "time": 1624353349468,
      "parameters": {
        "oldValue": {
          "x": 5.851796733212342,
          "y": 2.16464609800363
        },
        "newValue": {
          "x": 5.412740471869329,
          "y": 2.1463520871143373
        }
      }
    }
  ]
}
{
  "messageIndex": 14,
  "eventType": "user",
  "phetioID": "beersLawLab.beersLawScreen.view.detectorNode.probeNode.movableDragHandler",
  "componentType": "TTandemDragHandler",
  "event": "dragged",
  "time": 1624353349419,
  "parameters": {
    "x": 927,
    "y": 200
  },
  "children": [
    {
      "messageIndex": 15,
      "eventType": "model",
      "phetioID": "beersLawLab.beersLawScreen.model.detector.probe.locationProperty",
      "componentType": "TProperty",
      "event": "changed",
      "time": 1624353349419,
      "parameters": {
        "oldValue": {
          "x": 6.263411978221416,
          "y": 2.045735027223231
        },
        "newValue": {
          "x": 6.217676950998186,
          "y": 2.109764065335753
        }
      }
    }
  ]
}
{
  "messageIndex": 22,
  "eventType": "user",
  "phetioID": "beersLawLab.beersLawScreen.view.detectorNode.probeNode.movableDragHandler",
  "componentType": "TTandemDragHandler",
  "event": "dragged",
  "time": 1624353349485,
  "parameters": {
    "x": 771,
    "y": 193
  },
  "children": [
    {
      "messageIndex": 23,
      "eventType": "model",
      "phetioID": "beersLawLab.beersLawScreen.model.detector.probe.locationProperty",
      "componentType": "TProperty",
      "event": "changed",
      "time": 1624353349485,
      "parameters": {
        "oldValue": {
          "x": 5.412740471869329,
          "y": 2.1463520871143373
        },
        "newValue": {
          "x": 4.790744101633394,
          "y": 2.045735027223231
        }
      }
    }
  ]
}
{
  "messageIndex": 24,
  "eventType": "user",
  "phetioID": "beersLawLab.beersLawScreen.view.detectorNode.probeNode.movableDragHandler",
  "componentType": "TTandemDragHandler",
  "event": "dragged",
  "time": 1624353349501,
  "parameters": {
    "x": 706,
    "y": 185
  },
  "children": [
    {
      "messageIndex": 25,
      "eventType": "model",
      "phetioID": "beersLawLab.beersLawScreen.model.detector.probe.locationProperty",
      "componentType": "TProperty",
      "event": "changed",
      "time": 1624353349501,
      "parameters": {
        "oldValue": {
          "x": 4.790744101633394,
          "y": 2.045735027223231
        },
        "newValue": {
          "x": 4.196188747731398,
          "y": 1.9725589836660617
        }
      }
    }
  ]
}
{
  "messageIndex": 18,
  "eventType": "user",
  "phetioID": "beersLawLab.beersLawScreen.view.detectorNode.probeNode.movableDragHandler",
  "componentType": "TTandemDragHandler",
  "event": "dragged",
  "time": 1624353349451,
  "parameters": {
    "x": 887,
    "y": 206
  },
  "children": [
    {
      "messageIndex": 19,
      "eventType": "model",
      "phetioID": "beersLawLab.beersLawScreen.model.detector.probe.locationProperty",
      "componentType": "TProperty",
      "event": "changed",
      "time": 1624353349451,
      "parameters": {
        "oldValue": {
          "x": 6.071324863883849,
          "y": 2.16464609800363
        },
        "newValue": {
          "x": 5.851796733212342,
          "y": 2.16464609800363
        }
      }
    }
  ]
}
{
  "messageIndex": 26,
  "eventType": "user",
  "phetioID": "beersLawLab.beersLawScreen.view.detectorNode.probeNode.movableDragHandler",
  "componentType": "TTandemDragHandler",
  "event": "dragged",
  "time": 1624353349518,
  "parameters": {
    "x": 669,
    "y": 173
  },
  "children": [
    {
      "messageIndex": 27,
      "eventType": "model",
      "phetioID": "beersLawLab.beersLawScreen.model.detector.probe.locationProperty",
      "componentType": "TProperty",
      "event": "changed",
      "time": 1624353349518,
      "parameters": {
        "oldValue": {
          "x": 4.196188747731398,
          "y": 1.9725589836660617
        },
        "newValue": {
          "x": 3.8577495462794924,
          "y": 1.8627949183303085
        }
      }
    }
  ]
}
{
  "messageIndex": 16,
  "eventType": "user",
  "phetioID": "beersLawLab.beersLawScreen.view.detectorNode.probeNode.movableDragHandler",
  "componentType": "TTandemDragHandler",
  "event": "dragged",
  "time": 1624353349434,
  "parameters": {
    "x": 911,
    "y": 206
  },
  "children": [
    {
      "messageIndex": 17,
      "eventType": "model",
      "phetioID": "beersLawLab.beersLawScreen.model.detector.probe.locationProperty",
      "componentType": "TProperty",
      "event": "changed",
      "time": 1624353349434,
      "parameters": {
        "oldValue": {
          "x": 6.217676950998186,
          "y": 2.109764065335753
        },
        "newValue": {
          "x": 6.071324863883849,
          "y": 2.16464609800363
        }
      }
    }
  ]
}
{
  "messageIndex": 28,
  "eventType": "user",
  "phetioID": "beersLawLab.beersLawScreen.view.detectorNode.probeNode.movableDragHandler",
  "componentType": "TTandemDragHandler",
  "event": "dragged",
  "time": 1624353349535,
  "parameters": {
    "x": 657,
    "y": 169
  },
  "children": [
    {
      "messageIndex": 29,
      "eventType": "model",
      "phetioID": "beersLawLab.beersLawScreen.model.detector.probe.locationProperty",
      "componentType": "TProperty",
      "event": "changed",
      "time": 1624353349535,
      "parameters": {
        "oldValue": {
          "x": 3.8577495462794924,
          "y": 1.8627949183303085
        },
        "newValue": {
          "x": 3.7479854809437385,
          "y": 1.8262068965517242
        }
      }
    }
  ]
}
{
  "messageIndex": 30,
  "eventType": "user",
  "phetioID": "beersLawLab.beersLawScreen.view.detectorNode.probeNode.movableDragHandler",
  "componentType": "TTandemDragHandler",
  "event": "dragged",
  "time": 1624353349551,
  "parameters": {
    "x": 656,
    "y": 169
  },
  "children": [
    {
      "messageIndex": 31,
      "eventType": "model",
      "phetioID": "beersLawLab.beersLawScreen.model.detector.probe.locationProperty",
      "componentType": "TProperty",
      "event": "changed",
      "time": 1624353349551,
      "parameters": {
        "oldValue": {
          "x": 3.7479854809437385,
          "y": 1.8262068965517242
        },
        "newValue": {
          "x": 3.738838475499093,
          "y": 1.8262068965517242
        }
      }
    }
  ]
}
{
  "messageIndex": 32,
  "eventType": "user",
  "phetioID": "beersLawLab.beersLawScreen.view.detectorNode.probeNode.movableDragHandler",
  "componentType": "TTandemDragHandler",
  "event": "dragged",
  "time": 1624353349568,
  "parameters": {
    "x": 656,
    "y": 168
  },
  "children": [
    {
      "messageIndex": 33,
      "eventType": "model",
      "phetioID": "beersLawLab.beersLawScreen.model.detector.probe.locationProperty",
      "componentType": "TProperty",
      "event": "changed",
      "time": 1624353349568,
      "parameters": {
        "oldValue": {
          "x": 3.738838475499093,
          "y": 1.8262068965517242
        },
        "newValue": {
          "x": 3.738838475499093,
          "y": 1.817059891107078
        }
      }
    }
  ]
}
{
  "messageIndex": 34,
  "eventType": "user",
  "phetioID": "beersLawLab.beersLawScreen.view.detectorNode.probeNode.movableDragHandler",
  "componentType": "TTandemDragHandler",
  "event": "dragged",
  "time": 1624353349601,
  "parameters": {
    "x": 655,
    "y": 168
  },
  "children": [
    {
      "messageIndex": 35,
      "eventType": "model",
      "phetioID": "beersLawLab.beersLawScreen.model.detector.probe.locationProperty",
      "componentType": "TProperty",
      "event": "changed",
      "time": 1624353349601,
      "parameters": {
        "oldValue": {
          "x": 3.738838475499093,
          "y": 1.817059891107078
        },
        "newValue": {
          "x": 3.729691470054447,
          "y": 1.817059891107078
        }
      }
    }
  ]
}
{
  "messageIndex": 36,
  "eventType": "user",
  "phetioID": "beersLawLab.beersLawScreen.view.detectorNode.probeNode.movableDragHandler",
  "componentType": "TTandemDragHandler",
  "event": "dragged",
  "time": 1624353349667,
  "parameters": {
    "x": 654,
    "y": 168
  },
  "children": [
    {
      "messageIndex": 37,
      "eventType": "model",
      "phetioID": "beersLawLab.beersLawScreen.model.detector.probe.locationProperty",
      "componentType": "TProperty",
      "event": "changed",
      "time": 1624353349667,
      "parameters": {
        "oldValue": {
          "x": 3.729691470054447,
          "y": 1.817059891107078
        },
        "newValue": {
          "x": 3.7205444646098003,
          "y": 1.817059891107078
        }
      }
    }
  ]
}
{
  "messageIndex": 38,
  "eventType": "user",
  "phetioID": "beersLawLab.beersLawScreen.view.detectorNode.probeNode.movableDragHandler",
  "componentType": "TTandemDragHandler",
  "event": "dragged",
  "time": 1624353349701,
  "parameters": {
    "x": 653,
    "y": 168
  },
  "children": [
    {
      "messageIndex": 39,
      "eventType": "model",
      "phetioID": "beersLawLab.beersLawScreen.model.detector.probe.locationProperty",
      "componentType": "TProperty",
      "event": "changed",
      "time": 1624353349701,
      "parameters": {
        "oldValue": {
          "x": 3.7205444646098003,
          "y": 1.817059891107078
        },
        "newValue": {
          "x": 3.711397459165154,
          "y": 1.817059891107078
        }
      }
    }
  ]
}
{
  "messageIndex": 40,
  "eventType": "user",
  "phetioID": "beersLawLab.beersLawScreen.view.detectorNode.probeNode.movableDragHandler",
  "componentType": "TTandemDragHandler",
  "event": "dragged",
  "time": 1624353349718,
  "parameters": {
    "x": 651,
    "y": 173
  },
  "children": [
    {
      "messageIndex": 41,
      "eventType": "model",
      "phetioID": "beersLawLab.beersLawScreen.model.detector.probe.locationProperty",
      "componentType": "TProperty",
      "event": "changed",
      "time": 1624353349718,
      "parameters": {
        "oldValue": {
          "x": 3.711397459165154,
          "y": 1.817059891107078
        },
        "newValue": {
          "x": 3.6931034482758625,
          "y": 1.8627949183303085
        }
      }
    }
  ]
}
{
  "messageIndex": 42,
  "eventType": "user",
  "phetioID": "beersLawLab.beersLawScreen.view.detectorNode.probeNode.movableDragHandler",
  "componentType": "TTandemDragHandler",
  "event": "dragged",
  "time": 1624353349733,
  "parameters": {
    "x": 651,
    "y": 184
  },
  "children": [
    {
      "messageIndex": 43,
      "eventType": "model",
      "phetioID": "beersLawLab.beersLawScreen.model.detector.probe.locationProperty",
      "componentType": "TProperty",
      "event": "changed",
      "time": 1624353349734,
      "parameters": {
        "oldValue": {
          "x": 3.6931034482758625,
          "y": 1.8627949183303085
        },
        "newValue": {
          "x": 3.6931034482758625,
          "y": 1.9634119782214157
        }
      }
    }
  ]
}
{
  "messageIndex": 44,
  "eventType": "user",
  "phetioID": "beersLawLab.beersLawScreen.view.detectorNode.probeNode.movableDragHandler",
  "componentType": "TTandemDragHandler",
  "event": "dragged",
  "time": 1624353349750,
  "parameters": {
    "x": 651,
    "y": 200
  },
  "children": [
    {
      "messageIndex": 45,
      "eventType": "model",
      "phetioID": "beersLawLab.beersLawScreen.model.detector.probe.locationProperty",
      "componentType": "TProperty",
      "event": "changed",
      "time": 1624353349751,
      "parameters": {
        "oldValue": {
          "x": 3.6931034482758625,
          "y": 1.9634119782214157
        },
        "newValue": {
          "x": 3.6931034482758625,
          "y": 2.109764065335753
        }
      }
    }
  ]
}
{
  "messageIndex": 46,
  "eventType": "user",
  "phetioID": "beersLawLab.beersLawScreen.view.detectorNode.probeNode.movableDragHandler",
  "componentType": "TTandemDragHandler",
  "event": "dragged",
  "time": 1624353349767,
  "parameters": {
    "x": 652,
    "y": 218
  },
  "children": [
    {
      "messageIndex": 47,
      "eventType": "model",
      "phetioID": "beersLawLab.beersLawScreen.model.detector.probe.locationProperty",
      "componentType": "TProperty",
      "event": "changed",
      "time": 1624353349767,
      "parameters": {
        "oldValue": {
          "x": 3.6931034482758625,
          "y": 2.109764065335753
        },
        "newValue": {
          "x": 3.7022504537205077,
          "y": 2.274410163339383
        }
      }
    }
  ]
}
{
  "messageIndex": 50,
  "eventType": "user",
  "phetioID": "beersLawLab.beersLawScreen.view.detectorNode.probeNode.movableDragHandler",
  "componentType": "TTandemDragHandler",
  "event": "dragged",
  "time": 1624353349801,
  "parameters": {
    "x": 666,
    "y": 271
  },
  "children": [
    {
      "messageIndex": 51,
      "eventType": "model",
      "phetioID": "beersLawLab.beersLawScreen.model.detector.probe.locationProperty",
      "componentType": "TProperty",
      "event": "changed",
      "time": 1624353349801,
      "parameters": {
        "oldValue": {
          "x": 3.738838475499093,
          "y": 2.4573502722323046
        },
        "newValue": {
          "x": 3.8303085299455533,
          "y": 2.7592014519056267
        }
      }
    }
  ]
}
{
  "messageIndex": 48,
  "eventType": "user",
  "phetioID": "beersLawLab.beersLawScreen.view.detectorNode.probeNode.movableDragHandler",
  "componentType": "TTandemDragHandler",
  "event": "dragged",
  "time": 1624353349783,
  "parameters": {
    "x": 656,
    "y": 238
  },
  "children": [
    {
      "messageIndex": 49,
      "eventType": "model",
      "phetioID": "beersLawLab.beersLawScreen.model.detector.probe.locationProperty",
      "componentType": "TProperty",
      "event": "changed",
      "time": 1624353349783,
      "parameters": {
        "oldValue": {
          "x": 3.7022504537205077,
          "y": 2.274410163339383
        },
        "newValue": {
          "x": 3.738838475499093,
          "y": 2.4573502722323046
        }
      }
    }
  ]
}
{
  "messageIndex": 52,
  "eventType": "user",
  "phetioID": "beersLawLab.beersLawScreen.view.detectorNode.probeNode.movableDragHandler",
  "componentType": "TTandemDragHandler",
  "event": "dragged",
  "time": 1624353349818,
  "parameters": {
    "x": 681,
    "y": 302
  },
  "children": [
    {
      "messageIndex": 53,
      "eventType": "model",
      "phetioID": "beersLawLab.beersLawScreen.model.detector.probe.locationProperty",
      "componentType": "TProperty",
      "event": "changed",
      "time": 1624353349818,
      "parameters": {
        "oldValue": {
          "x": 3.8303085299455533,
          "y": 2.7592014519056267
        },
        "newValue": {
          "x": 3.9675136116152454,
          "y": 3.0427586206896557
        }
      }
    }
  ]
}
{
  "messageIndex": 56,
  "eventType": "user",
  "phetioID": "beersLawLab.beersLawScreen.view.detectorNode.probeNode.movableDragHandler",
  "componentType": "TTandemDragHandler",
  "event": "dragged",
  "time": 1624353349850,
  "parameters": {
    "x": 691,
    "y": 317
  },
  "children": [
    {
      "messageIndex": 57,
      "eventType": "model",
      "phetioID": "beersLawLab.beersLawScreen.model.detector.probe.locationProperty",
      "componentType": "TProperty",
      "event": "changed",
      "time": 1624353349850,
      "parameters": {
        "oldValue": {
          "x": 4.0315426497277675,
          "y": 3.1433756805807627
        },
        "newValue": {
          "x": 4.058983666061706,
          "y": 3.179963702359347
        }
      }
    }
  ]
}
{
  "messageIndex": 54,
  "eventType": "user",
  "phetioID": "beersLawLab.beersLawScreen.view.detectorNode.probeNode.movableDragHandler",
  "componentType": "TTandemDragHandler",
  "event": "dragged",
  "time": 1624353349834,
  "parameters": {
    "x": 688,
    "y": 313
  },
  "children": [
    {
      "messageIndex": 55,
      "eventType": "model",
      "phetioID": "beersLawLab.beersLawScreen.model.detector.probe.locationProperty",
      "componentType": "TProperty",
      "event": "changed",
      "time": 1624353349834,
      "parameters": {
        "oldValue": {
          "x": 3.9675136116152454,
          "y": 3.0427586206896557
        },
        "newValue": {
          "x": 4.0315426497277675,
          "y": 3.1433756805807627
        }
      }
    }
  ]
}
{
  "messageIndex": 58,
  "eventType": "user",
  "phetioID": "beersLawLab.beersLawScreen.view.detectorNode.probeNode.movableDragHandler",
  "componentType": "TTandemDragHandler",
  "event": "dragged",
  "time": 1624353350000,
  "parameters": {
    "x": 692,
    "y": 317
  },
  "children": [
    {
      "messageIndex": 59,
      "eventType": "model",
      "phetioID": "beersLawLab.beersLawScreen.model.detector.probe.locationProperty",
      "componentType": "TProperty",
      "event": "changed",
      "time": 1624353350001,
      "parameters": {
        "oldValue": {
          "x": 4.058983666061706,
          "y": 3.179963702359347
        },
        "newValue": {
          "x": 4.068130671506352,
          "y": 3.179963702359347
        }
      }
    }
  ]
}
{
  "messageIndex": 60,
  "eventType": "user",
  "phetioID": "beersLawLab.beersLawScreen.view.detectorNode.probeNode.movableDragHandler",
  "componentType": "TTandemDragHandler",
  "event": "dragged",
  "time": 1624353350017,
  "parameters": {
    "x": 693,
    "y": 316
  },
  "children": [
    {
      "messageIndex": 61,
      "eventType": "model",
      "phetioID": "beersLawLab.beersLawScreen.model.detector.probe.locationProperty",
      "componentType": "TProperty",
      "event": "changed",
      "time": 1624353350017,
      "parameters": {
        "oldValue": {
          "x": 4.068130671506352,
          "y": 3.179963702359347
        },
        "newValue": {
          "x": 4.077277676950998,
          "y": 3.1708166969147005
        }
      }
    }
  ]
}
{
  "messageIndex": 62,
  "eventType": "user",
  "phetioID": "beersLawLab.beersLawScreen.view.detectorNode.probeNode.movableDragHandler",
  "componentType": "TTandemDragHandler",
  "event": "dragged",
  "time": 1624353350034,
  "parameters": {
    "x": 696,
    "y": 314
  },
  "children": [
    {
      "messageIndex": 63,
      "eventType": "model",
      "phetioID": "beersLawLab.beersLawScreen.model.detector.probe.locationProperty",
      "componentType": "TProperty",
      "event": "changed",
      "time": 1624353350034,
      "parameters": {
        "oldValue": {
          "x": 4.077277676950998,
          "y": 3.1708166969147005
        },
        "newValue": {
          "x": 4.104718693284936,
          "y": 3.1525226860254087
        }
      }
    }
  ]
}
{
  "messageIndex": 64,
  "eventType": "user",
  "phetioID": "beersLawLab.beersLawScreen.view.detectorNode.probeNode.movableDragHandler",
  "componentType": "TTandemDragHandler",
  "event": "dragged",
  "time": 1624353350050,
  "parameters": {
    "x": 699,
    "y": 314
  },
  "children": [
    {
      "messageIndex": 65,
      "eventType": "model",
      "phetioID": "beersLawLab.beersLawScreen.model.detector.probe.locationProperty",
      "componentType": "TProperty",
      "event": "changed",
      "time": 1624353350050,
      "parameters": {
        "oldValue": {
          "x": 4.104718693284936,
          "y": 3.1525226860254087
        },
        "newValue": {
          "x": 4.132159709618875,
          "y": 3.1525226860254087
        }
      }
    }
  ]
}
{
  "messageIndex": 66,
  "eventType": "user",
  "phetioID": "beersLawLab.beersLawScreen.view.detectorNode.probeNode.movableDragHandler",
  "componentType": "TTandemDragHandler",
  "event": "dragged",
  "time": 1624353350067,
  "parameters": {
    "x": 702,
    "y": 313
  },
  "children": [
    {
      "messageIndex": 67,
      "eventType": "model",
      "phetioID": "beersLawLab.beersLawScreen.model.detector.probe.locationProperty",
      "componentType": "TProperty",
      "event": "changed",
      "time": 1624353350067,
      "parameters": {
        "oldValue": {
          "x": 4.132159709618875,
          "y": 3.1525226860254087
        },
        "newValue": {
          "x": 4.159600725952814,
          "y": 3.1433756805807627
        }
      }
    }
  ]
}
{
  "messageIndex": 68,
  "eventType": "user",
  "phetioID": "beersLawLab.beersLawScreen.view.detectorNode.probeNode.movableDragHandler",
  "componentType": "TTandemDragHandler",
  "event": "dragged",
  "time": 1624353350083,
  "parameters": {
    "x": 707,
    "y": 313
  },
  "children": [
    {
      "messageIndex": 69,
      "eventType": "model",
      "phetioID": "beersLawLab.beersLawScreen.model.detector.probe.locationProperty",
      "componentType": "TProperty",
      "event": "changed",
      "time": 1624353350083,
      "parameters": {
        "oldValue": {
          "x": 4.159600725952814,
          "y": 3.1433756805807627
        },
        "newValue": {
          "x": 4.205335753176044,
          "y": 3.1433756805807627
        }
      }
    }
  ]
}
{
  "messageIndex": 70,
  "eventType": "user",
  "phetioID": "beersLawLab.beersLawScreen.view.detectorNode.probeNode.movableDragHandler",
  "componentType": "TTandemDragHandler",
  "event": "dragged",
  "time": 1624353350100,
  "parameters": {
    "x": 716,
    "y": 313
  },
  "children": [
    {
      "messageIndex": 71,
      "eventType": "model",
      "phetioID": "beersLawLab.beersLawScreen.model.detector.probe.locationProperty",
      "componentType": "TProperty",
      "event": "changed",
      "time": 1624353350100,
      "parameters": {
        "oldValue": {
          "x": 4.205335753176044,
          "y": 3.1433756805807627
        },
        "newValue": {
          "x": 4.287658802177859,
          "y": 3.1433756805807627
        }
      }
    }
  ]
}
{
  "messageIndex": 72,
  "eventType": "user",
  "phetioID": "beersLawLab.beersLawScreen.view.detectorNode.probeNode.movableDragHandler",
  "componentType": "TTandemDragHandler",
  "event": "dragged",
  "time": 1624353350116,
  "parameters": {
    "x": 730,
    "y": 314
  },
  "children": [
    {
      "messageIndex": 73,
      "eventType": "model",
      "phetioID": "beersLawLab.beersLawScreen.model.detector.probe.locationProperty",
      "componentType": "TProperty",
      "event": "changed",
      "time": 1624353350116,
      "parameters": {
        "oldValue": {
          "x": 4.287658802177859,
          "y": 3.1433756805807627
        },
        "newValue": {
          "x": 4.415716878402904,
          "y": 3.1525226860254087
        }
      }
    }
  ]
}
{
  "messageIndex": 74,
  "eventType": "user",
  "phetioID": "beersLawLab.beersLawScreen.view.detectorNode.probeNode.movableDragHandler",
  "componentType": "TTandemDragHandler",
  "event": "dragged",
  "time": 1624353350133,
  "parameters": {
    "x": 743,
    "y": 318
  },
  "children": [
    {
      "messageIndex": 75,
      "eventType": "model",
      "phetioID": "beersLawLab.beersLawScreen.model.detector.probe.locationProperty",
      "componentType": "TProperty",
      "event": "changed",
      "time": 1624353350133,
      "parameters": {
        "oldValue": {
          "x": 4.415716878402904,
          "y": 3.1525226860254087
        },
        "newValue": {
          "x": 4.534627949183303,
          "y": 3.189110707803993
        }
      }
    }
  ]
}
{
  "messageIndex": 76,
  "eventType": "user",
  "phetioID": "beersLawLab.beersLawScreen.view.detectorNode.probeNode.movableDragHandler",
  "componentType": "TTandemDragHandler",
  "event": "dragged",
  "time": 1624353350149,
  "parameters": {
    "x": 749,
    "y": 320
  },
  "children": [
    {
      "messageIndex": 77,
      "eventType": "model",
      "phetioID": "beersLawLab.beersLawScreen.model.detector.probe.locationProperty",
      "componentType": "TProperty",
      "event": "changed",
      "time": 1624353350149,
      "parameters": {
        "oldValue": {
          "x": 4.534627949183303,
          "y": 3.189110707803993
        },
        "newValue": {
          "x": 4.5895099818511795,
          "y": 3.207404718693285
        }
      }
    }
  ]
}
{
  "messageIndex": 78,
  "eventType": "user",
  "phetioID": "beersLawLab.beersLawScreen.view.detectorNode.probeNode.movableDragHandler",
  "componentType": "TTandemDragHandler",
  "event": "dragged",
  "time": 1624353350166,
  "parameters": {
    "x": 755,
    "y": 322
  },
  "children": [
    {
      "messageIndex": 79,
      "eventType": "model",
      "phetioID": "beersLawLab.beersLawScreen.model.detector.probe.locationProperty",
      "componentType": "TProperty",
      "event": "changed",
      "time": 1624353350166,
      "parameters": {
        "oldValue": {
          "x": 4.5895099818511795,
          "y": 3.207404718693285
        },
        "newValue": {
          "x": 4.644392014519057,
          "y": 3.2256987295825774
        }
      }
    }
  ]
}
{
  "messageIndex": 80,
  "eventType": "user",
  "phetioID": "beersLawLab.beersLawScreen.view.detectorNode.probeNode.movableDragHandler",
  "componentType": "TTandemDragHandler",
  "event": "dragged",
  "time": 1624353350183,
  "parameters": {
    "x": 760,
    "y": 323
  },
  "children": [
    {
      "messageIndex": 81,
      "eventType": "model",
      "phetioID": "beersLawLab.beersLawScreen.model.detector.probe.locationProperty",
      "componentType": "TProperty",
      "event": "changed",
      "time": 1624353350183,
      "parameters": {
        "oldValue": {
          "x": 4.644392014519057,
          "y": 3.2256987295825774
        },
        "newValue": {
          "x": 4.6901270417422865,
          "y": 3.234845735027224
        }
      }
    }
  ]
}
{
  "messageIndex": 88,
  "eventType": "user",
  "phetioID": "beersLawLab.beersLawScreen.view.detectorNode.probeNode.movableDragHandler",
  "componentType": "TTandemDragHandler",
  "event": "dragged",
  "time": 1624353350249,
  "parameters": {
    "x": 770,
    "y": 323
  },
  "children": [
    {
      "messageIndex": 89,
      "eventType": "model",
      "phetioID": "beersLawLab.beersLawScreen.model.detector.probe.locationProperty",
      "componentType": "TProperty",
      "event": "changed",
      "time": 1624353350250,
      "parameters": {
        "oldValue": {
          "x": 4.735862068965517,
          "y": 3.234845735027224
        },
        "newValue": {
          "x": 4.781597096188748,
          "y": 3.234845735027224
        }
      }
    }
  ]
}
{
  "messageIndex": 82,
  "eventType": "user",
  "phetioID": "beersLawLab.beersLawScreen.view.detectorNode.probeNode.movableDragHandler",
  "componentType": "TTandemDragHandler",
  "event": "dragged",
  "time": 1624353350199,
  "parameters": {
    "x": 762,
    "y": 323
  },
  "children": [
    {
      "messageIndex": 83,
      "eventType": "model",
      "phetioID": "beersLawLab.beersLawScreen.model.detector.probe.locationProperty",
      "componentType": "TProperty",
      "event": "changed",
      "time": 1624353350199,
      "parameters": {
        "oldValue": {
          "x": 4.6901270417422865,
          "y": 3.234845735027224
        },
        "newValue": {
          "x": 4.7084210526315795,
          "y": 3.234845735027224
        }
      }
    }
  ]
}
{
  "messageIndex": 84,
  "eventType": "user",
  "phetioID": "beersLawLab.beersLawScreen.view.detectorNode.probeNode.movableDragHandler",
  "componentType": "TTandemDragHandler",
  "event": "dragged",
  "time": 1624353350215,
  "parameters": {
    "x": 763,
    "y": 323
  },
  "children": [
    {
      "messageIndex": 85,
      "eventType": "model",
      "phetioID": "beersLawLab.beersLawScreen.model.detector.probe.locationProperty",
      "componentType": "TProperty",
      "event": "changed",
      "time": 1624353350215,
      "parameters": {
        "oldValue": {
          "x": 4.7084210526315795,
          "y": 3.234845735027224
        },
        "newValue": {
          "x": 4.717568058076226,
          "y": 3.234845735027224
        }
      }
    }
  ]
}
{
  "messageIndex": 86,
  "eventType": "user",
  "phetioID": "beersLawLab.beersLawScreen.view.detectorNode.probeNode.movableDragHandler",
  "componentType": "TTandemDragHandler",
  "event": "dragged",
  "time": 1624353350232,
  "parameters": {
    "x": 765,
    "y": 323
  },
  "children": [
    {
      "messageIndex": 87,
      "eventType": "model",
      "phetioID": "beersLawLab.beersLawScreen.model.detector.probe.locationProperty",
      "componentType": "TProperty",
      "event": "changed",
      "time": 1624353350232,
      "parameters": {
        "oldValue": {
          "x": 4.717568058076226,
          "y": 3.234845735027224
        },
        "newValue": {
          "x": 4.735862068965517,
          "y": 3.234845735027224
        }
      }
    }
  ]
}
{
  "messageIndex": 92,
  "eventType": "user",
  "phetioID": "beersLawLab.beersLawScreen.view.detectorNode.probeNode.movableDragHandler",
  "componentType": "TTandemDragHandler",
  "event": "dragged",
  "time": 1624353350282,
  "parameters": {
    "x": 794,
    "y": 329
  },
  "children": [
    {
      "messageIndex": 93,
      "eventType": "model",
      "phetioID": "beersLawLab.beersLawScreen.model.detector.probe.locationProperty",
      "componentType": "TProperty",
      "event": "changed",
      "time": 1624353350283,
      "parameters": {
        "oldValue": {
          "x": 4.882214156079854,
          "y": 3.2622867513611618
        },
        "newValue": {
          "x": 5.001125226860254,
          "y": 3.2897277676951
        }
      }
    }
  ]
}
{
  "messageIndex": 90,
  "eventType": "user",
  "phetioID": "beersLawLab.beersLawScreen.view.detectorNode.probeNode.movableDragHandler",
  "componentType": "TTandemDragHandler",
  "event": "dragged",
  "time": 1624353350266,
  "parameters": {
    "x": 781,
    "y": 326
  },
  "children": [
    {
      "messageIndex": 91,
      "eventType": "model",
      "phetioID": "beersLawLab.beersLawScreen.model.detector.probe.locationProperty",
      "componentType": "TProperty",
      "event": "changed",
      "time": 1624353350266,
      "parameters": {
        "oldValue": {
          "x": 4.781597096188748,
          "y": 3.234845735027224
        },
        "newValue": {
          "x": 4.882214156079854,
          "y": 3.2622867513611618
        }
      }
    }
  ]
}
{
  "messageIndex": 94,
  "eventType": "user",
  "phetioID": "beersLawLab.beersLawScreen.view.detectorNode.probeNode.movableDragHandler",
  "componentType": "TTandemDragHandler",
  "event": "dragged",
  "time": 1624353350299,
  "parameters": {
    "x": 803,
    "y": 332
  },
  "children": [
    {
      "messageIndex": 95,
      "eventType": "model",
      "phetioID": "beersLawLab.beersLawScreen.model.detector.probe.locationProperty",
      "componentType": "TProperty",
      "event": "changed",
      "time": 1624353350299,
      "parameters": {
        "oldValue": {
          "x": 5.001125226860254,
          "y": 3.2897277676951
        },
        "newValue": {
          "x": 5.083448275862069,
          "y": 3.3171687840290387
        }
      }
    }
  ]
}
{
  "messageIndex": 96,
  "eventType": "user",
  "phetioID": "beersLawLab.beersLawScreen.view.detectorNode.probeNode.movableDragHandler",
  "componentType": "TTandemDragHandler",
  "event": "dragged",
  "time": 1624353350316,
  "parameters": {
    "x": 803,
    "y": 333
  },
  "children": [
    {
      "messageIndex": 97,
      "eventType": "model",
      "phetioID": "beersLawLab.beersLawScreen.model.detector.probe.locationProperty",
      "componentType": "TProperty",
      "event": "changed",
      "time": 1624353350316,
      "parameters": {
        "oldValue": {
          "x": 5.083448275862069,
          "y": 3.3171687840290387
        },
        "newValue": {
          "x": 5.083448275862069,
          "y": 3.3263157894736843
        }
      }
    }
  ]
}
{
  "messageIndex": 98,
  "eventType": "user",
  "phetioID": "beersLawLab.beersLawScreen.view.detectorNode.probeNode.movableDragHandler",
  "componentType": "TTandemDragHandler",
  "event": "dragEnded",
  "time": 1624353350338
}
{
  "messageIndex": null,
  "eventType": "user",
  "phetioID": "beersLawLab.wrapper",
  "componentType": "WrapperButton",
  "event": "showPDF",
  "time": 1624353351277,
  "parameters": null
}
