{
  "messageIndex": 0,
  "eventType": "wrapper",
  "phetioID": "beersLawLab.simIFrameAPI",
  "componentType": "TSimIFrameAPI",
  "event": "invoked",
  "time": 1624354820297,
  "parameters": {
    "phetioID": "phetio",
    "method": "addExpressions",
    "args": [
      []
    ],
    "messageID": 2,
    "protocol": "phet-io-0.0.1"
  }
}
{
  "messageIndex": 1,
  "eventType": "wrapper",
  "phetioID": "beersLawLab.simIFrameAPI",
  "componentType": "TSimIFrameAPI",
  "event": "invoked",
  "time": 1624354820299,
  "parameters": {
    "phetioID": "phetio",
    "method": "launchSimulation",
    "args": [],
    "messageID": 3,
    "protocol": "phet-io-0.0.1"
  }
}
{
  "messageIndex": 2,
  "eventType": "model",
  "phetioID": "beersLawLab.sim",
  "componentType": "TSim",
  "event": "simStarted",
  "time": 1624354820302,
  "parameters": {
    "sessionID": null,
    "simName": "‪Beer's Law Lab‬",
    "simVersion": "1.6.15-phetio",
    "url": "https://phet-io.colorado.edu/sims/beers-law-lab/1.6.15-phetio/beers-law-lab_en-phetio.html?production&phetioEmitStates=false&phetioEmitInputEvents=false",
    "userAgent": "Mozilla/5.0 (Windows NT 10.0; Win64; x64) AppleWebKit/537.36 (KHTML, like Gecko) Chrome/89.0.4389.114 Safari/537.36 Edg/89.0.774.75",
    "randomSeed": 0.057615368277899925,
    "provider": "PhET Interactive Simulations, University of Colorado Boulder"
  },
  "children": [
    {
      "messageIndex": 3,
      "eventType": "model",
      "phetioID": "beersLawLab.concentrationScreen.view.concentrationMeterNode.bodyNode.readoutTextNode",
      "componentType": "TTandemText",
      "event": "textChanged",
      "time": 1624354820390,
      "parameters": {
        "oldText": "‪1.000 ‪mol/L‬‬",
        "newText": "-"
      }
    },
    {
      "messageIndex": 4,
      "eventType": "model",
      "phetioID": "beersLawLab.beersLawScreen.view.detectorNode.bodyNode.valueNode",
      "componentType": "TTandemText",
      "event": "textChanged",
      "time": 1624354820431,
      "parameters": {
        "oldText": "‪100.00%‬",
        "newText": "-"
      }
    }
  ]
}
