{
  "messageIndex": 0,
  "eventType": "wrapper",
  "phetioID": "beersLawLab.simIFrameAPI",
  "componentType": "TSimIFrameAPI",
  "event": "invoked",
  "time": 1632310853894,
  "parameters": {
    "phetioID": "phetio",
    "method": "addExpressions",
    "args": [
      []
    ],
    "messageID": 2,
    "protocol": "phet-io-0.0.1"
  }
}
{
  "messageIndex": 2,
  "eventType": "model",
  "phetioID": "beersLawLab.sim",
  "componentType": "TSim",
  "event": "simStarted",
  "time": 1632310853899,
  "parameters": {
    "sessionID": null,
    "simName": "‪Beer's Law Lab‬",
    "simVersion": "1.6.15-phetio",
    "url": "https://phet-io.colorado.edu/sims/beers-law-lab/1.6.15-phetio/beers-law-lab_en-phetio.html?production&phetioEmitStates=false&phetioEmitInputEvents=false",
    "userAgent": "Mozilla/5.0 (Windows NT 10.0; Win64; x64) AppleWebKit/537.36 (KHTML, like Gecko) Chrome/93.0.4577.82 Safari/537.36 Edg/93.0.961.52",
    "randomSeed": 0.4642152313698784,
    "provider": "PhET Interactive Simulations, University of Colorado Boulder"
  },
  "children": [
    {
      "messageIndex": 3,
      "eventType": "model",
      "phetioID": "beersLawLab.concentrationScreen.view.concentrationMeterNode.bodyNode.readoutTextNode",
      "componentType": "TTandemText",
      "event": "textChanged",
      "time": 1632310853994,
      "parameters": {
        "oldText": "‪1.000 ‪mol/L‬‬",
        "newText": "-"
      }
    },
    {
      "messageIndex": 4,
      "eventType": "model",
      "phetioID": "beersLawLab.beersLawScreen.view.detectorNode.bodyNode.valueNode",
      "componentType": "TTandemText",
      "event": "textChanged",
      "time": 1632310854035,
      "parameters": {
        "oldText": "‪100.00%‬",
        "newText": "-"
      }
    }
  ]
}
{
  "messageIndex": 1,
  "eventType": "wrapper",
  "phetioID": "beersLawLab.simIFrameAPI",
  "componentType": "TSimIFrameAPI",
  "event": "invoked",
  "time": 1632310853896,
  "parameters": {
    "phetioID": "phetio",
    "method": "launchSimulation",
    "args": [],
    "messageID": 3,
    "protocol": "phet-io-0.0.1"
  }
}
{
  "messageIndex": 5,
  "eventType": "user",
  "phetioID": "beersLawLab.homeScreen.view.beersLawScreenSmallButton",
  "componentType": "TScreenButton",
  "event": "fired",
  "time": 1632310856580,
  "children": [
    {
      "messageIndex": 6,
      "eventType": "model",
      "phetioID": "beersLawLab.sim.screenIndexProperty",
      "componentType": "TProperty",
      "event": "changed",
      "time": 1632310856580,
      "parameters": {
        "oldValue": 0,
        "newValue": 1
      }
    }
  ]
}
{
  "messageIndex": 7,
  "eventType": "user",
  "phetioID": "beersLawLab.homeScreen.view.beersLawScreenLargeButton",
  "componentType": "TScreenButton",
  "event": "fired",
  "time": 1632310858331,
  "children": [
    {
      "messageIndex": 8,
      "eventType": "model",
      "phetioID": "beersLawLab.sim.showHomeScreenProperty",
      "componentType": "TProperty",
      "event": "changed",
      "time": 1632310858331,
      "parameters": {
        "oldValue": true,
        "newValue": false
      }
    }
  ]
}
{
  "messageIndex": 9,
  "eventType": "user",
  "phetioID": "beersLawLab.beersLawScreen.view.solutionControls.comboBox",
  "componentType": "TComboBox",
  "event": "popupShown",
  "time": 1632310875318
}
{
  "messageIndex": 10,
  "eventType": "user",
  "phetioID": "beersLawLab.beersLawScreen.view.solutionControls.comboBox",
  "componentType": "TComboBox",
  "event": "popupHidden",
  "time": 1632310879515
}
{
  "messageIndex": null,
  "eventType": "user",
  "phetioID": "beersLawLab.wrapper",
  "componentType": "WrapperButton",
  "event": "showPDF",
  "time": 1632310884873,
  "parameters": null
}
{
  "messageIndex": null,
  "eventType": "user",
  "phetioID": "beersLawLab.wrapper",
  "componentType": "WrapperButton",
  "event": "hidePDF",
  "time": 1632310891143,
  "parameters": null
}
{
  "messageIndex": 11,
  "eventType": "user",
  "phetioID": "beersLawLab.beersLawScreen.view.lightNode.button",
  "componentType": "TToggleButton",
  "event": "toggled",
  "time": 1632310892651,
  "parameters": {
    "oldValue": false,
    "newValue": true
  },
  "children": [
    {
      "messageIndex": 12,
      "eventType": "model",
      "phetioID": "beersLawLab.beersLawScreen.model.light.onProperty",
      "componentType": "TProperty",
      "event": "changed",
      "time": 1632310892651,
      "parameters": {
        "oldValue": false,
        "newValue": true
      },
      "children": [
        {
          "messageIndex": 13,
          "eventType": "model",
          "phetioID": "beersLawLab.beersLawScreen.model.detector.valueProperty",
          "componentType": "TDerivedProperty",
          "event": "changed",
          "time": 1632310892651,
          "parameters": {
            "oldValue": null,
            "newValue": 31.188895840939367
          },
          "children": [
            {
              "messageIndex": 14,
              "eventType": "model",
              "phetioID": "beersLawLab.beersLawScreen.view.detectorNode.bodyNode.valueNode",
              "componentType": "TTandemText",
              "event": "textChanged",
              "time": 1632310892651,
              "parameters": {
                "oldText": "-",
                "newText": "‪31.19%‬"
              }
            }
          ]
        }
      ]
    }
  ]
}
{
  "messageIndex": 15,
  "eventType": "user",
  "phetioID": "beersLawLab.beersLawScreen.view.lightNode.button",
  "componentType": "TToggleButton",
  "event": "toggled",
  "time": 1632310893519,
  "parameters": {
    "oldValue": true,
    "newValue": false
  },
  "children": [
    {
      "messageIndex": 16,
      "eventType": "model",
      "phetioID": "beersLawLab.beersLawScreen.model.light.onProperty",
      "componentType": "TProperty",
      "event": "changed",
      "time": 1632310893519,
      "parameters": {
        "oldValue": true,
        "newValue": false
      },
      "children": [
        {
          "messageIndex": 17,
          "eventType": "model",
          "phetioID": "beersLawLab.beersLawScreen.model.detector.valueProperty",
          "componentType": "TDerivedProperty",
          "event": "changed",
          "time": 1632310893519,
          "parameters": {
            "oldValue": 31.188895840939367,
            "newValue": null
          },
          "children": [
            {
              "messageIndex": 18,
              "eventType": "model",
              "phetioID": "beersLawLab.beersLawScreen.view.detectorNode.bodyNode.valueNode",
              "componentType": "TTandemText",
              "event": "textChanged",
              "time": 1632310893519,
              "parameters": {
                "oldText": "‪31.19%‬",
                "newText": "-"
              }
            }
          ]
        }
      ]
    }
  ]
}
{
  "messageIndex": 19,
  "eventType": "user",
  "phetioID": "beersLawLab.beersLawScreen.view.lightNode.button",
  "componentType": "TToggleButton",
  "event": "toggled",
  "time": 1632310893785,
  "parameters": {
    "oldValue": false,
    "newValue": true
  },
  "children": [
    {
      "messageIndex": 20,
      "eventType": "model",
      "phetioID": "beersLawLab.beersLawScreen.model.light.onProperty",
      "componentType": "TProperty",
      "event": "changed",
      "time": 1632310893785,
      "parameters": {
        "oldValue": false,
        "newValue": true
      },
      "children": [
        {
          "messageIndex": 21,
          "eventType": "model",
          "phetioID": "beersLawLab.beersLawScreen.model.detector.valueProperty",
          "componentType": "TDerivedProperty",
          "event": "changed",
          "time": 1632310893785,
          "parameters": {
            "oldValue": null,
            "newValue": 31.188895840939367
          },
          "children": [
            {
              "messageIndex": 22,
              "eventType": "model",
              "phetioID": "beersLawLab.beersLawScreen.view.detectorNode.bodyNode.valueNode",
              "componentType": "TTandemText",
              "event": "textChanged",
              "time": 1632310893785,
              "parameters": {
                "oldText": "-",
                "newText": "‪31.19%‬"
              }
            }
          ]
        }
      ]
    }
  ]
}
{
  "messageIndex": 23,
  "eventType": "user",
  "phetioID": "beersLawLab.beersLawScreen.view.lightNode.button",
  "componentType": "TToggleButton",
  "event": "toggled",
  "time": 1632310894151,
  "parameters": {
    "oldValue": true,
    "newValue": false
  },
  "children": [
    {
      "messageIndex": 24,
      "eventType": "model",
      "phetioID": "beersLawLab.beersLawScreen.model.light.onProperty",
      "componentType": "TProperty",
      "event": "changed",
      "time": 1632310894151,
      "parameters": {
        "oldValue": true,
        "newValue": false
      },
      "children": [
        {
          "messageIndex": 25,
          "eventType": "model",
          "phetioID": "beersLawLab.beersLawScreen.model.detector.valueProperty",
          "componentType": "TDerivedProperty",
          "event": "changed",
          "time": 1632310894151,
          "parameters": {
            "oldValue": 31.188895840939367,
            "newValue": null
          },
          "children": [
            {
              "messageIndex": 26,
              "eventType": "model",
              "phetioID": "beersLawLab.beersLawScreen.view.detectorNode.bodyNode.valueNode",
              "componentType": "TTandemText",
              "event": "textChanged",
              "time": 1632310894151,
              "parameters": {
                "oldText": "‪31.19%‬",
                "newText": "-"
              }
            }
          ]
        }
      ]
    }
  ]
}
{
  "messageIndex": 27,
  "eventType": "user",
  "phetioID": "beersLawLab.beersLawScreen.view.wavelengthControls.variableWavelengthRadioButton",
  "componentType": "TRadioButton",
  "event": "fired",
  "time": 1632310895679,
  "parameters": {
    "value": true
  },
  "children": [
    {
      "messageIndex": 28,
      "eventType": "model",
      "phetioID": "beersLawLab.beersLawScreen.view.wavelengthControls.variableWavelengthProperty",
      "componentType": "TProperty",
      "event": "changed",
      "time": 1632310895679,
      "parameters": {
        "oldValue": false,
        "newValue": true
      }
    }
  ]
}
{
  "messageIndex": 29,
  "eventType": "user",
  "phetioID": "beersLawLab.beersLawScreen.view.wavelengthControls.presetWavelengthRadioButton",
  "componentType": "TRadioButton",
  "event": "fired",
  "time": 1632310896815,
  "parameters": {
    "value": false
  },
  "children": [
    {
      "messageIndex": 30,
      "eventType": "model",
      "phetioID": "beersLawLab.beersLawScreen.view.wavelengthControls.variableWavelengthProperty",
      "componentType": "TProperty",
      "event": "changed",
      "time": 1632310896815,
      "parameters": {
        "oldValue": true,
        "newValue": false
      }
    }
  ]
}
{
  "messageIndex": 31,
  "eventType": "user",
  "phetioID": "beersLawLab.beersLawScreen.view.wavelengthControls.variableWavelengthRadioButton",
  "componentType": "TRadioButton",
  "event": "fired",
  "time": 1632310897727,
  "parameters": {
    "value": true
  },
  "children": [
    {
      "messageIndex": 32,
      "eventType": "model",
      "phetioID": "beersLawLab.beersLawScreen.view.wavelengthControls.variableWavelengthProperty",
      "componentType": "TProperty",
      "event": "changed",
      "time": 1632310897727,
      "parameters": {
        "oldValue": false,
        "newValue": true
      }
    }
  ]
}
{
  "messageIndex": 33,
  "eventType": "user",
  "phetioID": "beersLawLab.beersLawScreen.view.rulerNode.movableDragHandler",
  "componentType": "TTandemDragHandler",
  "event": "dragStarted",
  "time": 1632310901540,
  "parameters": {
    "x": 399,
    "y": 550
  }
}
{
  "messageIndex": 34,
  "eventType": "user",
  "phetioID": "beersLawLab.beersLawScreen.view.rulerNode.movableDragHandler",
  "componentType": "TTandemDragHandler",
  "event": "dragEnded",
  "time": 1632310901623
}
{
  "messageIndex": 35,
  "eventType": "user",
  "phetioID": "beersLawLab.beersLawScreen.view.rulerNode.movableDragHandler",
  "componentType": "TTandemDragHandler",
  "event": "dragStarted",
  "time": 1632310901860,
  "parameters": {
    "x": 431,
    "y": 548
  }
}
{
  "messageIndex": 36,
  "eventType": "user",
  "phetioID": "beersLawLab.beersLawScreen.view.rulerNode.movableDragHandler",
  "componentType": "TTandemDragHandler",
  "event": "dragEnded",
  "time": 1632310901943
}
{
  "messageIndex": 37,
  "eventType": "user",
  "phetioID": "beersLawLab.beersLawScreen.view.rulerNode.movableDragHandler",
  "componentType": "TTandemDragHandler",
  "event": "dragStarted",
  "time": 1632310902091,
  "parameters": {
    "x": 472,
    "y": 549
  }
}
{
  "messageIndex": 38,
  "eventType": "user",
  "phetioID": "beersLawLab.beersLawScreen.view.rulerNode.movableDragHandler",
  "componentType": "TTandemDragHandler",
  "event": "dragged",
  "time": 1632310902107,
  "parameters": {
    "x": 474,
    "y": 550
  },
  "children": [
    {
      "messageIndex": 39,
      "eventType": "model",
      "phetioID": "beersLawLab.beersLawScreen.model.ruler.locationProperty",
      "componentType": "TProperty",
      "event": "changed",
      "time": 1632310902107,
      "parameters": {
        "oldValue": {
          "x": 0.6999999999999997,
          "y": 4.5
        },
        "newValue": {
          "x": 0.716,
          "y": 4.508
        }
      }
    }
  ]
}
{
  "messageIndex": 40,
  "eventType": "user",
  "phetioID": "beersLawLab.beersLawScreen.view.rulerNode.movableDragHandler",
  "componentType": "TTandemDragHandler",
  "event": "dragged",
  "time": 1632310902124,
  "parameters": {
    "x": 475,
    "y": 550
  },
  "children": [
    {
      "messageIndex": 41,
      "eventType": "model",
      "phetioID": "beersLawLab.beersLawScreen.model.ruler.locationProperty",
      "componentType": "TProperty",
      "event": "changed",
      "time": 1632310902124,
      "parameters": {
        "oldValue": {
          "x": 0.716,
          "y": 4.508
        },
        "newValue": {
          "x": 0.724,
          "y": 4.508
        }
      }
    }
  ]
}
{
  "messageIndex": 42,
  "eventType": "user",
  "phetioID": "beersLawLab.beersLawScreen.view.rulerNode.movableDragHandler",
  "componentType": "TTandemDragHandler",
  "event": "dragged",
  "time": 1632310902140,
  "parameters": {
    "x": 475,
    "y": 549
  },
  "children": [
    {
      "messageIndex": 43,
      "eventType": "model",
      "phetioID": "beersLawLab.beersLawScreen.model.ruler.locationProperty",
      "componentType": "TProperty",
      "event": "changed",
      "time": 1632310902140,
      "parameters": {
        "oldValue": {
          "x": 0.724,
          "y": 4.508
        },
        "newValue": {
          "x": 0.724,
          "y": 4.5
        }
      }
    }
  ]
}
{
  "messageIndex": 44,
  "eventType": "user",
  "phetioID": "beersLawLab.beersLawScreen.view.rulerNode.movableDragHandler",
  "componentType": "TTandemDragHandler",
  "event": "dragEnded",
  "time": 1632310902159
}
{
  "messageIndex": 45,
  "eventType": "user",
  "phetioID": "beersLawLab.beersLawScreen.view.solutionControls.concentrationControl.slider.thumb.dragHandler",
  "componentType": "TTandemDragHandler",
  "event": "dragStarted",
  "time": 1632310906939,
  "parameters": {
    "x": 954,
    "y": 581
  }
}
{
  "messageIndex": 46,
  "eventType": "user",
  "phetioID": "beersLawLab.beersLawScreen.view.solutionControls.concentrationControl.slider.thumb.dragHandler",
  "componentType": "TTandemDragHandler",
  "event": "dragged",
  "time": 1632310907128,
  "parameters": {
    "x": 957,
    "y": 583
  },
  "children": [
    {
      "messageIndex": 47,
      "eventType": "model",
      "phetioID": "beersLawLab.beersLawScreen.solutions.drinkMix.concentrationProperty",
      "componentType": "TProperty",
      "event": "changed",
      "time": 1632310907128,
      "parameters": {
        "oldValue": 0.1,
        "newValue": 0.105
      }
    }
  ]
}
{
  "messageIndex": 48,
  "eventType": "user",
  "phetioID": "beersLawLab.beersLawScreen.view.solutionControls.concentrationControl.slider.thumb.dragHandler",
  "componentType": "TTandemDragHandler",
  "event": "dragged",
  "time": 1632310907144,
  "parameters": {
    "x": 964,
    "y": 583
  },
  "children": [
    {
      "messageIndex": 49,
      "eventType": "model",
      "phetioID": "beersLawLab.beersLawScreen.solutions.drinkMix.concentrationProperty",
      "componentType": "TProperty",
      "event": "changed",
      "time": 1632310907144,
      "parameters": {
        "oldValue": 0.105,
        "newValue": 0.12
      }
    }
  ]
}
{
  "messageIndex": 50,
  "eventType": "user",
  "phetioID": "beersLawLab.beersLawScreen.view.solutionControls.concentrationControl.slider.thumb.dragHandler",
  "componentType": "TTandemDragHandler",
  "event": "dragged",
  "time": 1632310907160,
  "parameters": {
    "x": 968,
    "y": 583
  },
  "children": [
    {
      "messageIndex": 51,
      "eventType": "model",
      "phetioID": "beersLawLab.beersLawScreen.solutions.drinkMix.concentrationProperty",
      "componentType": "TProperty",
      "event": "changed",
      "time": 1632310907160,
      "parameters": {
        "oldValue": 0.12,
        "newValue": 0.13
      }
    }
  ]
}
{
  "messageIndex": 52,
  "eventType": "user",
  "phetioID": "beersLawLab.beersLawScreen.view.solutionControls.concentrationControl.slider.thumb.dragHandler",
  "componentType": "TTandemDragHandler",
  "event": "dragged",
  "time": 1632310907177,
  "parameters": {
    "x": 974,
    "y": 582
  },
  "children": [
    {
      "messageIndex": 53,
      "eventType": "model",
      "phetioID": "beersLawLab.beersLawScreen.solutions.drinkMix.concentrationProperty",
      "componentType": "TProperty",
      "event": "changed",
      "time": 1632310907177,
      "parameters": {
        "oldValue": 0.13,
        "newValue": 0.145
      }
    }
  ]
}
{
  "messageIndex": 54,
  "eventType": "user",
  "phetioID": "beersLawLab.beersLawScreen.view.solutionControls.concentrationControl.slider.thumb.dragHandler",
  "componentType": "TTandemDragHandler",
  "event": "dragged",
  "time": 1632310907194,
  "parameters": {
    "x": 983,
    "y": 579
  },
  "children": [
    {
      "messageIndex": 55,
      "eventType": "model",
      "phetioID": "beersLawLab.beersLawScreen.solutions.drinkMix.concentrationProperty",
      "componentType": "TProperty",
      "event": "changed",
      "time": 1632310907194,
      "parameters": {
        "oldValue": 0.145,
        "newValue": 0.16
      }
    }
  ]
}
{
  "messageIndex": 56,
  "eventType": "user",
  "phetioID": "beersLawLab.beersLawScreen.view.solutionControls.concentrationControl.slider.thumb.dragHandler",
  "componentType": "TTandemDragHandler",
  "event": "dragged",
  "time": 1632310907210,
  "parameters": {
    "x": 986,
    "y": 577
  },
  "children": [
    {
      "messageIndex": 57,
      "eventType": "model",
      "phetioID": "beersLawLab.beersLawScreen.solutions.drinkMix.concentrationProperty",
      "componentType": "TProperty",
      "event": "changed",
      "time": 1632310907210,
      "parameters": {
        "oldValue": 0.16,
        "newValue": 0.17
      }
    }
  ]
}
{
  "messageIndex": 58,
  "eventType": "user",
  "phetioID": "beersLawLab.beersLawScreen.view.solutionControls.concentrationControl.slider.thumb.dragHandler",
  "componentType": "TTandemDragHandler",
  "event": "dragged",
  "time": 1632310907227,
  "parameters": {
    "x": 990,
    "y": 576
  },
  "children": [
    {
      "messageIndex": 59,
      "eventType": "model",
      "phetioID": "beersLawLab.beersLawScreen.solutions.drinkMix.concentrationProperty",
      "componentType": "TProperty",
      "event": "changed",
      "time": 1632310907227,
      "parameters": {
        "oldValue": 0.17,
        "newValue": 0.175
      }
    }
  ]
}
{
  "messageIndex": 60,
  "eventType": "user",
  "phetioID": "beersLawLab.beersLawScreen.view.solutionControls.concentrationControl.slider.thumb.dragHandler",
  "componentType": "TTandemDragHandler",
  "event": "dragged",
  "time": 1632310907243,
  "parameters": {
    "x": 993,
    "y": 574
  },
  "children": [
    {
      "messageIndex": 61,
      "eventType": "model",
      "phetioID": "beersLawLab.beersLawScreen.solutions.drinkMix.concentrationProperty",
      "componentType": "TProperty",
      "event": "changed",
      "time": 1632310907243,
      "parameters": {
        "oldValue": 0.175,
        "newValue": 0.185
      }
    }
  ]
}
{
  "messageIndex": 62,
  "eventType": "user",
  "phetioID": "beersLawLab.beersLawScreen.view.solutionControls.concentrationControl.slider.thumb.dragHandler",
  "componentType": "TTandemDragHandler",
  "event": "dragged",
  "time": 1632310907260,
  "parameters": {
    "x": 994,
    "y": 574
  }
}
{
  "messageIndex": 63,
  "eventType": "user",
  "phetioID": "beersLawLab.beersLawScreen.view.solutionControls.concentrationControl.slider.thumb.dragHandler",
  "componentType": "TTandemDragHandler",
  "event": "dragged",
  "time": 1632310907277,
  "parameters": {
    "x": 996,
    "y": 573
  },
  "children": [
    {
      "messageIndex": 64,
      "eventType": "model",
      "phetioID": "beersLawLab.beersLawScreen.solutions.drinkMix.concentrationProperty",
      "componentType": "TProperty",
      "event": "changed",
      "time": 1632310907277,
      "parameters": {
        "oldValue": 0.185,
        "newValue": 0.19
      }
    }
  ]
}
{
  "messageIndex": 65,
  "eventType": "user",
  "phetioID": "beersLawLab.beersLawScreen.view.solutionControls.concentrationControl.slider.thumb.dragHandler",
  "componentType": "TTandemDragHandler",
  "event": "dragged",
  "time": 1632310907293,
  "parameters": {
    "x": 998,
    "y": 573
  },
  "children": [
    {
      "messageIndex": 66,
      "eventType": "model",
      "phetioID": "beersLawLab.beersLawScreen.solutions.drinkMix.concentrationProperty",
      "componentType": "TProperty",
      "event": "changed",
      "time": 1632310907293,
      "parameters": {
        "oldValue": 0.19,
        "newValue": 0.195
      }
    }
  ]
}
{
  "messageIndex": 67,
  "eventType": "user",
  "phetioID": "beersLawLab.beersLawScreen.view.solutionControls.concentrationControl.slider.thumb.dragHandler",
  "componentType": "TTandemDragHandler",
  "event": "dragged",
  "time": 1632310907310,
  "parameters": {
    "x": 1000,
    "y": 573
  },
  "children": [
    {
      "messageIndex": 68,
      "eventType": "model",
      "phetioID": "beersLawLab.beersLawScreen.solutions.drinkMix.concentrationProperty",
      "componentType": "TProperty",
      "event": "changed",
      "time": 1632310907310,
      "parameters": {
        "oldValue": 0.195,
        "newValue": 0.2
      }
    }
  ]
}
{
  "messageIndex": 69,
  "eventType": "user",
  "phetioID": "beersLawLab.beersLawScreen.view.solutionControls.concentrationControl.slider.thumb.dragHandler",
  "componentType": "TTandemDragHandler",
  "event": "dragged",
  "time": 1632310907327,
  "parameters": {
    "x": 1002,
    "y": 572
  },
  "children": [
    {
      "messageIndex": 70,
      "eventType": "model",
      "phetioID": "beersLawLab.beersLawScreen.solutions.drinkMix.concentrationProperty",
      "componentType": "TProperty",
      "event": "changed",
      "time": 1632310907327,
      "parameters": {
        "oldValue": 0.2,
        "newValue": 0.205
      }
    }
  ]
}
{
  "messageIndex": 71,
  "eventType": "user",
  "phetioID": "beersLawLab.beersLawScreen.view.solutionControls.concentrationControl.slider.thumb.dragHandler",
  "componentType": "TTandemDragHandler",
  "event": "dragged",
  "time": 1632310907343,
  "parameters": {
    "x": 1004,
    "y": 572
  }
}
{
  "messageIndex": 72,
  "eventType": "user",
  "phetioID": "beersLawLab.beersLawScreen.view.solutionControls.concentrationControl.slider.thumb.dragHandler",
  "componentType": "TTandemDragHandler",
  "event": "dragged",
  "time": 1632310907360,
  "parameters": {
    "x": 1005,
    "y": 572
  },
  "children": [
    {
      "messageIndex": 73,
      "eventType": "model",
      "phetioID": "beersLawLab.beersLawScreen.solutions.drinkMix.concentrationProperty",
      "componentType": "TProperty",
      "event": "changed",
      "time": 1632310907360,
      "parameters": {
        "oldValue": 0.205,
        "newValue": 0.21
      }
    }
  ]
}
{
  "messageIndex": 74,
  "eventType": "user",
  "phetioID": "beersLawLab.beersLawScreen.view.solutionControls.concentrationControl.slider.thumb.dragHandler",
  "componentType": "TTandemDragHandler",
  "event": "dragged",
  "time": 1632310907377,
  "parameters": {
    "x": 1007,
    "y": 571
  },
  "children": [
    {
      "messageIndex": 75,
      "eventType": "model",
      "phetioID": "beersLawLab.beersLawScreen.solutions.drinkMix.concentrationProperty",
      "componentType": "TProperty",
      "event": "changed",
      "time": 1632310907377,
      "parameters": {
        "oldValue": 0.21,
        "newValue": 0.215
      }
    }
  ]
}
{
  "messageIndex": 76,
  "eventType": "user",
  "phetioID": "beersLawLab.beersLawScreen.view.solutionControls.concentrationControl.slider.thumb.dragHandler",
  "componentType": "TTandemDragHandler",
  "event": "dragged",
  "time": 1632310907393,
  "parameters": {
    "x": 1009,
    "y": 571
  },
  "children": [
    {
      "messageIndex": 77,
      "eventType": "model",
      "phetioID": "beersLawLab.beersLawScreen.solutions.drinkMix.concentrationProperty",
      "componentType": "TProperty",
      "event": "changed",
      "time": 1632310907393,
      "parameters": {
        "oldValue": 0.215,
        "newValue": 0.22
      }
    }
  ]
}
{
  "messageIndex": 78,
  "eventType": "user",
  "phetioID": "beersLawLab.beersLawScreen.view.solutionControls.concentrationControl.slider.thumb.dragHandler",
  "componentType": "TTandemDragHandler",
  "event": "dragged",
  "time": 1632310907410,
  "parameters": {
    "x": 1012,
    "y": 571
  },
  "children": [
    {
      "messageIndex": 79,
      "eventType": "model",
      "phetioID": "beersLawLab.beersLawScreen.solutions.drinkMix.concentrationProperty",
      "componentType": "TProperty",
      "event": "changed",
      "time": 1632310907410,
      "parameters": {
        "oldValue": 0.22,
        "newValue": 0.225
      }
    }
  ]
}
{
  "messageIndex": 82,
  "eventType": "user",
  "phetioID": "beersLawLab.beersLawScreen.view.solutionControls.concentrationControl.slider.thumb.dragHandler",
  "componentType": "TTandemDragHandler",
  "event": "dragged",
  "time": 1632310907443,
  "parameters": {
    "x": 1018,
    "y": 570
  },
  "children": [
    {
      "messageIndex": 83,
      "eventType": "model",
      "phetioID": "beersLawLab.beersLawScreen.solutions.drinkMix.concentrationProperty",
      "componentType": "TProperty",
      "event": "changed",
      "time": 1632310907443,
      "parameters": {
        "oldValue": 0.23,
        "newValue": 0.235
      }
    }
  ]
}
{
  "messageIndex": 80,
  "eventType": "user",
  "phetioID": "beersLawLab.beersLawScreen.view.solutionControls.concentrationControl.slider.thumb.dragHandler",
  "componentType": "TTandemDragHandler",
  "event": "dragged",
  "time": 1632310907427,
  "parameters": {
    "x": 1014,
    "y": 571
  },
  "children": [
    {
      "messageIndex": 81,
      "eventType": "model",
      "phetioID": "beersLawLab.beersLawScreen.solutions.drinkMix.concentrationProperty",
      "componentType": "TProperty",
      "event": "changed",
      "time": 1632310907427,
      "parameters": {
        "oldValue": 0.225,
        "newValue": 0.23
      }
    }
  ]
}
{
  "messageIndex": 84,
  "eventType": "user",
  "phetioID": "beersLawLab.beersLawScreen.view.solutionControls.concentrationControl.slider.thumb.dragHandler",
  "componentType": "TTandemDragHandler",
  "event": "dragged",
  "time": 1632310907460,
  "parameters": {
    "x": 1023,
    "y": 570
  },
  "children": [
    {
      "messageIndex": 85,
      "eventType": "model",
      "phetioID": "beersLawLab.beersLawScreen.solutions.drinkMix.concentrationProperty",
      "componentType": "TProperty",
      "event": "changed",
      "time": 1632310907460,
      "parameters": {
        "oldValue": 0.235,
        "newValue": 0.25
      }
    }
  ]
}
{
  "messageIndex": 86,
  "eventType": "user",
  "phetioID": "beersLawLab.beersLawScreen.view.solutionControls.concentrationControl.slider.thumb.dragHandler",
  "componentType": "TTandemDragHandler",
  "event": "dragged",
  "time": 1632310907477,
  "parameters": {
    "x": 1028,
    "y": 570
  },
  "children": [
    {
      "messageIndex": 87,
      "eventType": "model",
      "phetioID": "beersLawLab.beersLawScreen.solutions.drinkMix.concentrationProperty",
      "componentType": "TProperty",
      "event": "changed",
      "time": 1632310907477,
      "parameters": {
        "oldValue": 0.25,
        "newValue": 0.26
      }
    }
  ]
}
{
  "messageIndex": 88,
  "eventType": "user",
  "phetioID": "beersLawLab.beersLawScreen.view.solutionControls.concentrationControl.slider.thumb.dragHandler",
  "componentType": "TTandemDragHandler",
  "event": "dragged",
  "time": 1632310907493,
  "parameters": {
    "x": 1032,
    "y": 569
  },
  "children": [
    {
      "messageIndex": 89,
      "eventType": "model",
      "phetioID": "beersLawLab.beersLawScreen.solutions.drinkMix.concentrationProperty",
      "componentType": "TProperty",
      "event": "changed",
      "time": 1632310907493,
      "parameters": {
        "oldValue": 0.26,
        "newValue": 0.265
      }
    }
  ]
}
{
  "messageIndex": 92,
  "eventType": "user",
  "phetioID": "beersLawLab.beersLawScreen.view.solutionControls.concentrationControl.slider.thumb.dragHandler",
  "componentType": "TTandemDragHandler",
  "event": "dragged",
  "time": 1632310907525,
  "parameters": {
    "x": 1036,
    "y": 568
  }
}
{
  "messageIndex": 90,
  "eventType": "user",
  "phetioID": "beersLawLab.beersLawScreen.view.solutionControls.concentrationControl.slider.thumb.dragHandler",
  "componentType": "TTandemDragHandler",
  "event": "dragged",
  "time": 1632310907509,
  "parameters": {
    "x": 1035,
    "y": 568
  },
  "children": [
    {
      "messageIndex": 91,
      "eventType": "model",
      "phetioID": "beersLawLab.beersLawScreen.solutions.drinkMix.concentrationProperty",
      "componentType": "TProperty",
      "event": "changed",
      "time": 1632310907509,
      "parameters": {
        "oldValue": 0.265,
        "newValue": 0.275
      }
    }
  ]
}
{
  "messageIndex": 93,
  "eventType": "user",
  "phetioID": "beersLawLab.beersLawScreen.view.solutionControls.concentrationControl.slider.thumb.dragHandler",
  "componentType": "TTandemDragHandler",
  "event": "dragged",
  "time": 1632310907542,
  "parameters": {
    "x": 1037,
    "y": 568
  },
  "children": [
    {
      "messageIndex": 94,
      "eventType": "model",
      "phetioID": "beersLawLab.beersLawScreen.solutions.drinkMix.concentrationProperty",
      "componentType": "TProperty",
      "event": "changed",
      "time": 1632310907542,
      "parameters": {
        "oldValue": 0.275,
        "newValue": 0.28
      }
    }
  ]
}
{
  "messageIndex": 97,
  "eventType": "user",
  "phetioID": "beersLawLab.beersLawScreen.view.solutionControls.concentrationControl.slider.thumb.dragHandler",
  "componentType": "TTandemDragHandler",
  "event": "dragged",
  "time": 1632310907643,
  "parameters": {
    "x": 1026,
    "y": 563
  },
  "children": [
    {
      "messageIndex": 98,
      "eventType": "model",
      "phetioID": "beersLawLab.beersLawScreen.solutions.drinkMix.concentrationProperty",
      "componentType": "TProperty",
      "event": "changed",
      "time": 1632310907643,
      "parameters": {
        "oldValue": 0.27,
        "newValue": 0.255
      }
    }
  ]
}
{
  "messageIndex": 95,
  "eventType": "user",
  "phetioID": "beersLawLab.beersLawScreen.view.solutionControls.concentrationControl.slider.thumb.dragHandler",
  "componentType": "TTandemDragHandler",
  "event": "dragged",
  "time": 1632310907626,
  "parameters": {
    "x": 1034,
    "y": 566
  },
  "children": [
    {
      "messageIndex": 96,
      "eventType": "model",
      "phetioID": "beersLawLab.beersLawScreen.solutions.drinkMix.concentrationProperty",
      "componentType": "TProperty",
      "event": "changed",
      "time": 1632310907626,
      "parameters": {
        "oldValue": 0.28,
        "newValue": 0.27
      }
    }
  ]
}
{
  "messageIndex": 99,
  "eventType": "user",
  "phetioID": "beersLawLab.beersLawScreen.view.solutionControls.concentrationControl.slider.thumb.dragHandler",
  "componentType": "TTandemDragHandler",
  "event": "dragged",
  "time": 1632310907659,
  "parameters": {
    "x": 1025,
    "y": 563
  },
  "children": [
    {
      "messageIndex": 100,
      "eventType": "model",
      "phetioID": "beersLawLab.beersLawScreen.solutions.drinkMix.concentrationProperty",
      "componentType": "TProperty",
      "event": "changed",
      "time": 1632310907659,
      "parameters": {
        "oldValue": 0.255,
        "newValue": 0.25
      }
    }
  ]
}
{
  "messageIndex": 101,
  "eventType": "user",
  "phetioID": "beersLawLab.beersLawScreen.view.solutionControls.concentrationControl.slider.thumb.dragHandler",
  "componentType": "TTandemDragHandler",
  "event": "dragged",
  "time": 1632310907676,
  "parameters": {
    "x": 1023,
    "y": 563
  }
}
{
  "messageIndex": 102,
  "eventType": "user",
  "phetioID": "beersLawLab.beersLawScreen.view.solutionControls.concentrationControl.slider.thumb.dragHandler",
  "componentType": "TTandemDragHandler",
  "event": "dragged",
  "time": 1632310907693,
  "parameters": {
    "x": 1016,
    "y": 565
  },
  "children": [
    {
      "messageIndex": 103,
      "eventType": "model",
      "phetioID": "beersLawLab.beersLawScreen.solutions.drinkMix.concentrationProperty",
      "componentType": "TProperty",
      "event": "changed",
      "time": 1632310907693,
      "parameters": {
        "oldValue": 0.25,
        "newValue": 0.235
      }
    }
  ]
}
{
  "messageIndex": 104,
  "eventType": "user",
  "phetioID": "beersLawLab.beersLawScreen.view.solutionControls.concentrationControl.slider.thumb.dragHandler",
  "componentType": "TTandemDragHandler",
  "event": "dragged",
  "time": 1632310907709,
  "parameters": {
    "x": 1010,
    "y": 566
  },
  "children": [
    {
      "messageIndex": 105,
      "eventType": "model",
      "phetioID": "beersLawLab.beersLawScreen.solutions.drinkMix.concentrationProperty",
      "componentType": "TProperty",
      "event": "changed",
      "time": 1632310907709,
      "parameters": {
        "oldValue": 0.235,
        "newValue": 0.22
      }
    }
  ]
}
{
  "messageIndex": 106,
  "eventType": "user",
  "phetioID": "beersLawLab.beersLawScreen.view.solutionControls.concentrationControl.slider.thumb.dragHandler",
  "componentType": "TTandemDragHandler",
  "event": "dragged",
  "time": 1632310907725,
  "parameters": {
    "x": 1004,
    "y": 566
  },
  "children": [
    {
      "messageIndex": 107,
      "eventType": "model",
      "phetioID": "beersLawLab.beersLawScreen.solutions.drinkMix.concentrationProperty",
      "componentType": "TProperty",
      "event": "changed",
      "time": 1632310907726,
      "parameters": {
        "oldValue": 0.22,
        "newValue": 0.205
      }
    }
  ]
}
{
  "messageIndex": 108,
  "eventType": "user",
  "phetioID": "beersLawLab.beersLawScreen.view.solutionControls.concentrationControl.slider.thumb.dragHandler",
  "componentType": "TTandemDragHandler",
  "event": "dragged",
  "time": 1632310907742,
  "parameters": {
    "x": 1002,
    "y": 566
  }
}
{
  "messageIndex": 109,
  "eventType": "user",
  "phetioID": "beersLawLab.beersLawScreen.view.solutionControls.concentrationControl.slider.thumb.dragHandler",
  "componentType": "TTandemDragHandler",
  "event": "dragged",
  "time": 1632310907759,
  "parameters": {
    "x": 1001,
    "y": 566
  },
  "children": [
    {
      "messageIndex": 110,
      "eventType": "model",
      "phetioID": "beersLawLab.beersLawScreen.solutions.drinkMix.concentrationProperty",
      "componentType": "TProperty",
      "event": "changed",
      "time": 1632310907759,
      "parameters": {
        "oldValue": 0.205,
        "newValue": 0.2
      }
    }
  ]
}
{
  "messageIndex": 111,
  "eventType": "user",
  "phetioID": "beersLawLab.beersLawScreen.view.solutionControls.concentrationControl.slider.thumb.dragHandler",
  "componentType": "TTandemDragHandler",
  "event": "dragged",
  "time": 1632310907776,
  "parameters": {
    "x": 999,
    "y": 566
  },
  "children": [
    {
      "messageIndex": 112,
      "eventType": "model",
      "phetioID": "beersLawLab.beersLawScreen.solutions.drinkMix.concentrationProperty",
      "componentType": "TProperty",
      "event": "changed",
      "time": 1632310907776,
      "parameters": {
        "oldValue": 0.2,
        "newValue": 0.195
      }
    }
  ]
}
{
  "messageIndex": 113,
  "eventType": "user",
  "phetioID": "beersLawLab.beersLawScreen.view.solutionControls.concentrationControl.slider.thumb.dragHandler",
  "componentType": "TTandemDragHandler",
  "event": "dragged",
  "time": 1632310907792,
  "parameters": {
    "x": 994,
    "y": 566
  },
  "children": [
    {
      "messageIndex": 114,
      "eventType": "model",
      "phetioID": "beersLawLab.beersLawScreen.solutions.drinkMix.concentrationProperty",
      "componentType": "TProperty",
      "event": "changed",
      "time": 1632310907792,
      "parameters": {
        "oldValue": 0.195,
        "newValue": 0.185
      }
    }
  ]
}
{
  "messageIndex": 115,
  "eventType": "user",
  "phetioID": "beersLawLab.beersLawScreen.view.solutionControls.concentrationControl.slider.thumb.dragHandler",
  "componentType": "TTandemDragHandler",
  "event": "dragged",
  "time": 1632310907809,
  "parameters": {
    "x": 988,
    "y": 566
  },
  "children": [
    {
      "messageIndex": 116,
      "eventType": "model",
      "phetioID": "beersLawLab.beersLawScreen.solutions.drinkMix.concentrationProperty",
      "componentType": "TProperty",
      "event": "changed",
      "time": 1632310907809,
      "parameters": {
        "oldValue": 0.185,
        "newValue": 0.175
      }
    }
  ]
}
{
  "messageIndex": 117,
  "eventType": "user",
  "phetioID": "beersLawLab.beersLawScreen.view.solutionControls.concentrationControl.slider.thumb.dragHandler",
  "componentType": "TTandemDragHandler",
  "event": "dragged",
  "time": 1632310907825,
  "parameters": {
    "x": 985,
    "y": 568
  },
  "children": [
    {
      "messageIndex": 118,
      "eventType": "model",
      "phetioID": "beersLawLab.beersLawScreen.solutions.drinkMix.concentrationProperty",
      "componentType": "TProperty",
      "event": "changed",
      "time": 1632310907826,
      "parameters": {
        "oldValue": 0.175,
        "newValue": 0.165
      }
    }
  ]
}
{
  "messageIndex": 119,
  "eventType": "user",
  "phetioID": "beersLawLab.beersLawScreen.view.solutionControls.concentrationControl.slider.thumb.dragHandler",
  "componentType": "TTandemDragHandler",
  "event": "dragged",
  "time": 1632310907841,
  "parameters": {
    "x": 983,
    "y": 568
  },
  "children": [
    {
      "messageIndex": 120,
      "eventType": "model",
      "phetioID": "beersLawLab.beersLawScreen.solutions.drinkMix.concentrationProperty",
      "componentType": "TProperty",
      "event": "changed",
      "time": 1632310907841,
      "parameters": {
        "oldValue": 0.165,
        "newValue": 0.16
      }
    }
  ]
}
{
  "messageIndex": 121,
  "eventType": "user",
  "phetioID": "beersLawLab.beersLawScreen.view.solutionControls.concentrationControl.slider.thumb.dragHandler",
  "componentType": "TTandemDragHandler",
  "event": "dragged",
  "time": 1632310907858,
  "parameters": {
    "x": 979,
    "y": 569
  },
  "children": [
    {
      "messageIndex": 122,
      "eventType": "model",
      "phetioID": "beersLawLab.beersLawScreen.solutions.drinkMix.concentrationProperty",
      "componentType": "TProperty",
      "event": "changed",
      "time": 1632310907858,
      "parameters": {
        "oldValue": 0.16,
        "newValue": 0.155
      }
    }
  ]
}
{
  "messageIndex": 123,
  "eventType": "user",
  "phetioID": "beersLawLab.beersLawScreen.view.solutionControls.concentrationControl.slider.thumb.dragHandler",
  "componentType": "TTandemDragHandler",
  "event": "dragged",
  "time": 1632310907875,
  "parameters": {
    "x": 975,
    "y": 570
  },
  "children": [
    {
      "messageIndex": 124,
      "eventType": "model",
      "phetioID": "beersLawLab.beersLawScreen.solutions.drinkMix.concentrationProperty",
      "componentType": "TProperty",
      "event": "changed",
      "time": 1632310907875,
      "parameters": {
        "oldValue": 0.155,
        "newValue": 0.145
      }
    }
  ]
}
{
  "messageIndex": 125,
  "eventType": "user",
  "phetioID": "beersLawLab.beersLawScreen.view.solutionControls.concentrationControl.slider.thumb.dragHandler",
  "componentType": "TTandemDragHandler",
  "event": "dragged",
  "time": 1632310907891,
  "parameters": {
    "x": 973,
    "y": 570
  },
  "children": [
    {
      "messageIndex": 126,
      "eventType": "model",
      "phetioID": "beersLawLab.beersLawScreen.solutions.drinkMix.concentrationProperty",
      "componentType": "TProperty",
      "event": "changed",
      "time": 1632310907891,
      "parameters": {
        "oldValue": 0.145,
        "newValue": 0.14
      }
    }
  ]
}
{
  "messageIndex": 129,
  "eventType": "user",
  "phetioID": "beersLawLab.beersLawScreen.view.solutionControls.concentrationControl.slider.thumb.dragHandler",
  "componentType": "TTandemDragHandler",
  "event": "dragged",
  "time": 1632310907926,
  "parameters": {
    "x": 970,
    "y": 572
  }
}
{
  "messageIndex": 127,
  "eventType": "user",
  "phetioID": "beersLawLab.beersLawScreen.view.solutionControls.concentrationControl.slider.thumb.dragHandler",
  "componentType": "TTandemDragHandler",
  "event": "dragged",
  "time": 1632310907909,
  "parameters": {
    "x": 971,
    "y": 571
  },
  "children": [
    {
      "messageIndex": 128,
      "eventType": "model",
      "phetioID": "beersLawLab.beersLawScreen.solutions.drinkMix.concentrationProperty",
      "componentType": "TProperty",
      "event": "changed",
      "time": 1632310907909,
      "parameters": {
        "oldValue": 0.14,
        "newValue": 0.135
      }
    }
  ]
}
{
  "messageIndex": 130,
  "eventType": "user",
  "phetioID": "beersLawLab.beersLawScreen.view.solutionControls.concentrationControl.slider.thumb.dragHandler",
  "componentType": "TTandemDragHandler",
  "event": "dragged",
  "time": 1632310907942,
  "parameters": {
    "x": 969,
    "y": 572
  },
  "children": [
    {
      "messageIndex": 131,
      "eventType": "model",
      "phetioID": "beersLawLab.beersLawScreen.solutions.drinkMix.concentrationProperty",
      "componentType": "TProperty",
      "event": "changed",
      "time": 1632310907942,
      "parameters": {
        "oldValue": 0.135,
        "newValue": 0.13
      }
    }
  ]
}
{
  "messageIndex": 135,
  "eventType": "user",
  "phetioID": "beersLawLab.beersLawScreen.view.solutionControls.concentrationControl.slider.thumb.dragHandler",
  "componentType": "TTandemDragHandler",
  "event": "dragged",
  "time": 1632310908042,
  "parameters": {
    "x": 966,
    "y": 575
  }
}
{
  "messageIndex": 132,
  "eventType": "user",
  "phetioID": "beersLawLab.beersLawScreen.view.solutionControls.concentrationControl.slider.thumb.dragHandler",
  "componentType": "TTandemDragHandler",
  "event": "dragged",
  "time": 1632310907959,
  "parameters": {
    "x": 968,
    "y": 572
  }
}
{
  "messageIndex": 133,
  "eventType": "user",
  "phetioID": "beersLawLab.beersLawScreen.view.solutionControls.concentrationControl.slider.thumb.dragHandler",
  "componentType": "TTandemDragHandler",
  "event": "dragged",
  "time": 1632310907975,
  "parameters": {
    "x": 966,
    "y": 573
  },
  "children": [
    {
      "messageIndex": 134,
      "eventType": "model",
      "phetioID": "beersLawLab.beersLawScreen.solutions.drinkMix.concentrationProperty",
      "componentType": "TProperty",
      "event": "changed",
      "time": 1632310907975,
      "parameters": {
        "oldValue": 0.13,
        "newValue": 0.125
      }
    }
  ]
}
{
  "messageIndex": 136,
  "eventType": "user",
  "phetioID": "beersLawLab.beersLawScreen.view.solutionControls.concentrationControl.slider.thumb.dragHandler",
  "componentType": "TTandemDragHandler",
  "event": "dragged",
  "time": 1632310908058,
  "parameters": {
    "x": 966,
    "y": 576
  }
}
{
  "messageIndex": 137,
  "eventType": "user",
  "phetioID": "beersLawLab.beersLawScreen.view.solutionControls.concentrationControl.slider.thumb.dragHandler",
  "componentType": "TTandemDragHandler",
  "event": "dragged",
  "time": 1632310908092,
  "parameters": {
    "x": 968,
    "y": 577
  },
  "children": [
    {
      "messageIndex": 138,
      "eventType": "model",
      "phetioID": "beersLawLab.beersLawScreen.solutions.drinkMix.concentrationProperty",
      "componentType": "TProperty",
      "event": "changed",
      "time": 1632310908092,
      "parameters": {
        "oldValue": 0.125,
        "newValue": 0.13
      }
    }
  ]
}
{
  "messageIndex": 139,
  "eventType": "user",
  "phetioID": "beersLawLab.beersLawScreen.view.solutionControls.concentrationControl.slider.thumb.dragHandler",
  "componentType": "TTandemDragHandler",
  "event": "dragged",
  "time": 1632310908109,
  "parameters": {
    "x": 969,
    "y": 577
  }
}
{
  "messageIndex": 140,
  "eventType": "user",
  "phetioID": "beersLawLab.beersLawScreen.view.solutionControls.concentrationControl.slider.thumb.dragHandler",
  "componentType": "TTandemDragHandler",
  "event": "dragged",
  "time": 1632310908142,
  "parameters": {
    "x": 970,
    "y": 577
  },
  "children": [
    {
      "messageIndex": 141,
      "eventType": "model",
      "phetioID": "beersLawLab.beersLawScreen.solutions.drinkMix.concentrationProperty",
      "componentType": "TProperty",
      "event": "changed",
      "time": 1632310908142,
      "parameters": {
        "oldValue": 0.13,
        "newValue": 0.135
      }
    }
  ]
}
{
  "messageIndex": 142,
  "eventType": "user",
  "phetioID": "beersLawLab.beersLawScreen.view.solutionControls.concentrationControl.slider.thumb.dragHandler",
  "componentType": "TTandemDragHandler",
  "event": "dragged",
  "time": 1632310908175,
  "parameters": {
    "x": 971,
    "y": 577
  }
}
{
  "messageIndex": 143,
  "eventType": "user",
  "phetioID": "beersLawLab.beersLawScreen.view.solutionControls.concentrationControl.slider.thumb.dragHandler",
  "componentType": "TTandemDragHandler",
  "event": "dragged",
  "time": 1632310908225,
  "parameters": {
    "x": 972,
    "y": 578
  },
  "children": [
    {
      "messageIndex": 144,
      "eventType": "model",
      "phetioID": "beersLawLab.beersLawScreen.solutions.drinkMix.concentrationProperty",
      "componentType": "TProperty",
      "event": "changed",
      "time": 1632310908225,
      "parameters": {
        "oldValue": 0.135,
        "newValue": 0.14
      }
    }
  ]
}
{
  "messageIndex": 145,
  "eventType": "user",
  "phetioID": "beersLawLab.beersLawScreen.view.solutionControls.concentrationControl.slider.thumb.dragHandler",
  "componentType": "TTandemDragHandler",
  "event": "dragged",
  "time": 1632310908574,
  "parameters": {
    "x": 985,
    "y": 579
  },
  "children": [
    {
      "messageIndex": 146,
      "eventType": "model",
      "phetioID": "beersLawLab.beersLawScreen.solutions.drinkMix.concentrationProperty",
      "componentType": "TProperty",
      "event": "changed",
      "time": 1632310908574,
      "parameters": {
        "oldValue": 0.14,
        "newValue": 0.165
      }
    }
  ]
}
{
  "messageIndex": 147,
  "eventType": "user",
  "phetioID": "beersLawLab.beersLawScreen.view.solutionControls.concentrationControl.slider.thumb.dragHandler",
  "componentType": "TTandemDragHandler",
  "event": "dragged",
  "time": 1632310908590,
  "parameters": {
    "x": 1001,
    "y": 579
  },
  "children": [
    {
      "messageIndex": 148,
      "eventType": "model",
      "phetioID": "beersLawLab.beersLawScreen.solutions.drinkMix.concentrationProperty",
      "componentType": "TProperty",
      "event": "changed",
      "time": 1632310908590,
      "parameters": {
        "oldValue": 0.165,
        "newValue": 0.2
      }
    }
  ]
}
{
  "messageIndex": 149,
  "eventType": "user",
  "phetioID": "beersLawLab.beersLawScreen.view.solutionControls.concentrationControl.slider.thumb.dragHandler",
  "componentType": "TTandemDragHandler",
  "event": "dragged",
  "time": 1632310908607,
  "parameters": {
    "x": 1019,
    "y": 575
  },
  "children": [
    {
      "messageIndex": 150,
      "eventType": "model",
      "phetioID": "beersLawLab.beersLawScreen.solutions.drinkMix.concentrationProperty",
      "componentType": "TProperty",
      "event": "changed",
      "time": 1632310908607,
      "parameters": {
        "oldValue": 0.2,
        "newValue": 0.24
      }
    }
  ]
}
{
  "messageIndex": 151,
  "eventType": "user",
  "phetioID": "beersLawLab.beersLawScreen.view.solutionControls.concentrationControl.slider.thumb.dragHandler",
  "componentType": "TTandemDragHandler",
  "event": "dragged",
  "time": 1632310908624,
  "parameters": {
    "x": 1045,
    "y": 571
  },
  "children": [
    {
      "messageIndex": 152,
      "eventType": "model",
      "phetioID": "beersLawLab.beersLawScreen.solutions.drinkMix.concentrationProperty",
      "componentType": "TProperty",
      "event": "changed",
      "time": 1632310908624,
      "parameters": {
        "oldValue": 0.24,
        "newValue": 0.295
      }
    }
  ]
}
{
  "messageIndex": 153,
  "eventType": "user",
  "phetioID": "beersLawLab.beersLawScreen.view.solutionControls.concentrationControl.slider.thumb.dragHandler",
  "componentType": "TTandemDragHandler",
  "event": "dragged",
  "time": 1632310908640,
  "parameters": {
    "x": 1088,
    "y": 565
  },
  "children": [
    {
      "messageIndex": 154,
      "eventType": "model",
      "phetioID": "beersLawLab.beersLawScreen.solutions.drinkMix.concentrationProperty",
      "componentType": "TProperty",
      "event": "changed",
      "time": 1632310908640,
      "parameters": {
        "oldValue": 0.295,
        "newValue": 0.385
      }
    }
  ]
}
{
  "messageIndex": 155,
  "eventType": "user",
  "phetioID": "beersLawLab.beersLawScreen.view.solutionControls.concentrationControl.slider.thumb.dragHandler",
  "componentType": "TTandemDragHandler",
  "event": "dragged",
  "time": 1632310908657,
  "parameters": {
    "x": 1112,
    "y": 562
  },
  "children": [
    {
      "messageIndex": 156,
      "eventType": "model",
      "phetioID": "beersLawLab.beersLawScreen.solutions.drinkMix.concentrationProperty",
      "componentType": "TProperty",
      "event": "changed",
      "time": 1632310908657,
      "parameters": {
        "oldValue": 0.385,
        "newValue": 0.4
      }
    }
  ]
}
{
  "messageIndex": 157,
  "eventType": "user",
  "phetioID": "beersLawLab.beersLawScreen.view.solutionControls.concentrationControl.slider.thumb.dragHandler",
  "componentType": "TTandemDragHandler",
  "event": "dragged",
  "time": 1632310908673,
  "parameters": {
    "x": 1131,
    "y": 561
  }
}
{
  "messageIndex": 158,
  "eventType": "user",
  "phetioID": "beersLawLab.beersLawScreen.view.solutionControls.concentrationControl.slider.thumb.dragHandler",
  "componentType": "TTandemDragHandler",
  "event": "dragged",
  "time": 1632310908690,
  "parameters": {
    "x": 1147,
    "y": 561
  }
}
{
  "messageIndex": 159,
  "eventType": "user",
  "phetioID": "beersLawLab.beersLawScreen.view.solutionControls.concentrationControl.slider.thumb.dragHandler",
  "componentType": "TTandemDragHandler",
  "event": "dragged",
  "time": 1632310908707,
  "parameters": {
    "x": 1157,
    "y": 561
  }
}
{
  "messageIndex": 160,
  "eventType": "user",
  "phetioID": "beersLawLab.beersLawScreen.view.solutionControls.concentrationControl.slider.thumb.dragHandler",
  "componentType": "TTandemDragHandler",
  "event": "dragged",
  "time": 1632310908723,
  "parameters": {
    "x": 1161,
    "y": 561
  }
}
{
  "messageIndex": 161,
  "eventType": "user",
  "phetioID": "beersLawLab.beersLawScreen.view.solutionControls.concentrationControl.slider.thumb.dragHandler",
  "componentType": "TTandemDragHandler",
  "event": "dragged",
  "time": 1632310908740,
  "parameters": {
    "x": 1164,
    "y": 561
  }
}
{
  "messageIndex": 162,
  "eventType": "user",
  "phetioID": "beersLawLab.beersLawScreen.view.solutionControls.concentrationControl.slider.thumb.dragHandler",
  "componentType": "TTandemDragHandler",
  "event": "dragged",
  "time": 1632310908757,
  "parameters": {
    "x": 1165,
    "y": 561
  }
}
{
  "messageIndex": 163,
  "eventType": "user",
  "phetioID": "beersLawLab.beersLawScreen.view.solutionControls.concentrationControl.slider.thumb.dragHandler",
  "componentType": "TTandemDragHandler",
  "event": "dragEnded",
  "time": 1632310908935
}
{
  "messageIndex": 164,
  "eventType": "user",
  "phetioID": "beersLawLab.beersLawScreen.view.lightNode.button",
  "componentType": "TToggleButton",
  "event": "toggled",
  "time": 1632310910987,
  "parameters": {
    "oldValue": false,
    "newValue": true
  },
  "children": [
    {
      "messageIndex": 165,
      "eventType": "model",
      "phetioID": "beersLawLab.beersLawScreen.model.light.onProperty",
      "componentType": "TProperty",
      "event": "changed",
      "time": 1632310910987,
      "parameters": {
        "oldValue": false,
        "newValue": true
      },
      "children": [
        {
          "messageIndex": 166,
          "eventType": "model",
          "phetioID": "beersLawLab.beersLawScreen.model.detector.valueProperty",
          "componentType": "TDerivedProperty",
          "event": "changed",
          "time": 1632310910987,
          "parameters": {
            "oldValue": null,
            "newValue": 0.9462371613657931
          },
          "children": [
            {
              "messageIndex": 167,
              "eventType": "model",
              "phetioID": "beersLawLab.beersLawScreen.view.detectorNode.bodyNode.valueNode",
              "componentType": "TTandemText",
              "event": "textChanged",
              "time": 1632310910987,
              "parameters": {
                "oldText": "-",
                "newText": "‪0.95%‬"
              }
            }
          ]
        }
      ]
    }
  ]
}
{
  "messageIndex": 168,
  "eventType": "user",
  "phetioID": "beersLawLab.beersLawScreen.view.detectorNode.bodyNode.absorbanceRadioButton",
  "componentType": "TRadioButton",
  "event": "fired",
  "time": 1632310917503,
  "parameters": {
    "value": "absorbance"
  },
  "children": [
    {
      "messageIndex": 169,
      "eventType": "model",
      "phetioID": "beersLawLab.beersLawScreen.model.detector.modeProperty",
      "componentType": "TProperty",
      "event": "changed",
      "time": 1632310917503,
      "parameters": {
        "oldValue": "transmittance",
        "newValue": "absorbance"
      },
      "children": [
        {
          "messageIndex": 170,
          "eventType": "model",
          "phetioID": "beersLawLab.beersLawScreen.model.detector.valueProperty",
          "componentType": "TDerivedProperty",
          "event": "changed",
          "time": 1632310917503,
          "parameters": {
            "oldValue": 0.9462371613657931,
            "newValue": 2.024
          },
          "children": [
            {
              "messageIndex": 171,
              "eventType": "model",
              "phetioID": "beersLawLab.beersLawScreen.view.detectorNode.bodyNode.valueNode",
              "componentType": "TTandemText",
              "event": "textChanged",
              "time": 1632310917503,
              "parameters": {
                "oldText": "‪0.95%‬",
                "newText": "2.02"
              }
            }
          ]
        }
      ]
    }
  ]
}
{
  "messageIndex": 172,
  "eventType": "user",
  "phetioID": "beersLawLab.beersLawScreen.view.detectorNode.bodyNode.transmittanceRadioButton",
  "componentType": "TRadioButton",
  "event": "fired",
  "time": 1632310918782,
  "parameters": {
    "value": "transmittance"
  },
  "children": [
    {
      "messageIndex": 173,
      "eventType": "model",
      "phetioID": "beersLawLab.beersLawScreen.model.detector.modeProperty",
      "componentType": "TProperty",
      "event": "changed",
      "time": 1632310918782,
      "parameters": {
        "oldValue": "absorbance",
        "newValue": "transmittance"
      },
      "children": [
        {
          "messageIndex": 174,
          "eventType": "model",
          "phetioID": "beersLawLab.beersLawScreen.model.detector.valueProperty",
          "componentType": "TDerivedProperty",
          "event": "changed",
          "time": 1632310918783,
          "parameters": {
            "oldValue": 2.024,
            "newValue": 0.9462371613657931
          },
          "children": [
            {
              "messageIndex": 175,
              "eventType": "model",
              "phetioID": "beersLawLab.beersLawScreen.view.detectorNode.bodyNode.valueNode",
              "componentType": "TTandemText",
              "event": "textChanged",
              "time": 1632310918783,
              "parameters": {
                "oldText": "2.02",
                "newText": "‪0.95%‬"
              }
            }
          ]
        }
      ]
    }
  ]
}
