{
  "messageIndex": 0,
  "eventType": "wrapper",
  "phetioID": "beersLawLab.simIFrameAPI",
  "componentType": "TSimIFrameAPI",
  "event": "invoked",
  "time": 1634033904095,
  "parameters": {
    "phetioID": "phetio",
    "method": "addExpressions",
    "args": [
      []
    ],
    "messageID": 2,
    "protocol": "phet-io-0.0.1"
  }
}
{
  "messageIndex": 2,
  "eventType": "model",
  "phetioID": "beersLawLab.sim",
  "componentType": "TSim",
  "event": "simStarted",
  "time": 1634033904103,
  "parameters": {
    "sessionID": null,
    "simName": "‪Beer's Law Lab‬",
    "simVersion": "1.6.15-phetio",
    "url": "https://phet-io.colorado.edu/sims/beers-law-lab/1.6.15-phetio/beers-law-lab_en-phetio.html?production&phetioEmitStates=false&phetioEmitInputEvents=false",
    "userAgent": "Mozilla/5.0 (Windows NT 10.0; Win64; x64) AppleWebKit/537.36 (KHTML, like Gecko) Chrome/94.0.4606.71 Safari/537.36 Edg/94.0.992.38",
    "randomSeed": 0.07282050320930589,
    "provider": "PhET Interactive Simulations, University of Colorado Boulder"
  },
  "children": [
    {
      "messageIndex": 3,
      "eventType": "model",
      "phetioID": "beersLawLab.concentrationScreen.view.concentrationMeterNode.bodyNode.readoutTextNode",
      "componentType": "TTandemText",
      "event": "textChanged",
      "time": 1634033904223,
      "parameters": {
        "oldText": "‪1.000 ‪mol/L‬‬",
        "newText": "-"
      }
    },
    {
      "messageIndex": 4,
      "eventType": "model",
      "phetioID": "beersLawLab.beersLawScreen.view.detectorNode.bodyNode.valueNode",
      "componentType": "TTandemText",
      "event": "textChanged",
      "time": 1634033904279,
      "parameters": {
        "oldText": "‪100.00%‬",
        "newText": "-"
      }
    }
  ]
}
{
  "messageIndex": 1,
  "eventType": "wrapper",
  "phetioID": "beersLawLab.simIFrameAPI",
  "componentType": "TSimIFrameAPI",
  "event": "invoked",
  "time": 1634033904096,
  "parameters": {
    "phetioID": "phetio",
    "method": "launchSimulation",
    "args": [],
    "messageID": 3,
    "protocol": "phet-io-0.0.1"
  }
}
{
  "messageIndex": 5,
  "eventType": "user",
  "phetioID": "beersLawLab.homeScreen.view.beersLawScreenSmallButton",
  "componentType": "TScreenButton",
  "event": "fired",
  "time": 1634033905285,
  "children": [
    {
      "messageIndex": 6,
      "eventType": "model",
      "phetioID": "beersLawLab.sim.screenIndexProperty",
      "componentType": "TProperty",
      "event": "changed",
      "time": 1634033905285,
      "parameters": {
        "oldValue": 0,
        "newValue": 1
      }
    }
  ]
}
{
  "messageIndex": 7,
  "eventType": "user",
  "phetioID": "beersLawLab.homeScreen.view.beersLawScreenLargeButton",
  "componentType": "TScreenButton",
  "event": "fired",
  "time": 1634033907094,
  "children": [
    {
      "messageIndex": 8,
      "eventType": "model",
      "phetioID": "beersLawLab.sim.showHomeScreenProperty",
      "componentType": "TProperty",
      "event": "changed",
      "time": 1634033907094,
      "parameters": {
        "oldValue": true,
        "newValue": false
      }
    }
  ]
}
{
  "messageIndex": 9,
  "eventType": "user",
  "phetioID": "beersLawLab.beersLawScreen.view.cuvetteNode.cuvetteDragHandler",
  "componentType": "TTandemDragHandler",
  "event": "dragStarted",
  "time": 1634033909869,
  "parameters": {
    "x": 730,
    "y": 371
  }
}
{
  "messageIndex": 10,
  "eventType": "user",
  "phetioID": "beersLawLab.beersLawScreen.view.cuvetteNode.cuvetteDragHandler",
  "componentType": "TTandemDragHandler",
  "event": "dragged",
  "time": 1634033909969,
  "parameters": {
    "x": 730,
    "y": 367
  }
}
{
  "messageIndex": 11,
  "eventType": "user",
  "phetioID": "beersLawLab.beersLawScreen.view.cuvetteNode.cuvetteDragHandler",
  "componentType": "TTandemDragHandler",
  "event": "dragged",
  "time": 1634033909985,
  "parameters": {
    "x": 730,
    "y": 360
  }
}
{
  "messageIndex": 12,
  "eventType": "user",
  "phetioID": "beersLawLab.beersLawScreen.view.cuvetteNode.cuvetteDragHandler",
  "componentType": "TTandemDragHandler",
  "event": "dragged",
  "time": 1634033910001,
  "parameters": {
    "x": 730,
    "y": 353
  }
}
{
  "messageIndex": 13,
  "eventType": "user",
  "phetioID": "beersLawLab.beersLawScreen.view.cuvetteNode.cuvetteDragHandler",
  "componentType": "TTandemDragHandler",
  "event": "dragged",
  "time": 1634033910018,
  "parameters": {
    "x": 730,
    "y": 344
  }
}
{
  "messageIndex": 15,
  "eventType": "user",
  "phetioID": "beersLawLab.beersLawScreen.view.cuvetteNode.cuvetteDragHandler",
  "componentType": "TTandemDragHandler",
  "event": "dragged",
  "time": 1634033910050,
  "parameters": {
    "x": 730,
    "y": 336
  }
}
{
  "messageIndex": 16,
  "eventType": "user",
  "phetioID": "beersLawLab.beersLawScreen.view.cuvetteNode.cuvetteDragHandler",
  "componentType": "TTandemDragHandler",
  "event": "dragged",
  "time": 1634033910067,
  "parameters": {
    "x": 730,
    "y": 334
  }
}
{
  "messageIndex": 14,
  "eventType": "user",
  "phetioID": "beersLawLab.beersLawScreen.view.cuvetteNode.cuvetteDragHandler",
  "componentType": "TTandemDragHandler",
  "event": "dragged",
  "time": 1634033910034,
  "parameters": {
    "x": 730,
    "y": 339
  }
}
{
  "messageIndex": 17,
  "eventType": "user",
  "phetioID": "beersLawLab.beersLawScreen.view.cuvetteNode.cuvetteDragHandler",
  "componentType": "TTandemDragHandler",
  "event": "dragged",
  "time": 1634033910084,
  "parameters": {
    "x": 731,
    "y": 333
  },
  "children": [
    {
      "messageIndex": 18,
      "eventType": "model",
      "phetioID": "beersLawLab.beersLawScreen.model.cuvette.widthProperty",
      "componentType": "TProperty",
      "event": "changed",
      "time": 1634033910084,
      "parameters": {
        "oldValue": 1,
        "newValue": 1.008
      }
    }
  ]
}
{
  "messageIndex": 19,
  "eventType": "user",
  "phetioID": "beersLawLab.beersLawScreen.view.cuvetteNode.cuvetteDragHandler",
  "componentType": "TTandemDragHandler",
  "event": "dragged",
  "time": 1634033910168,
  "parameters": {
    "x": 731,
    "y": 332
  }
}
{
  "messageIndex": 20,
  "eventType": "user",
  "phetioID": "beersLawLab.beersLawScreen.view.cuvetteNode.cuvetteDragHandler",
  "componentType": "TTandemDragHandler",
  "event": "dragged",
  "time": 1634033910184,
  "parameters": {
    "x": 733,
    "y": 331
  },
  "children": [
    {
      "messageIndex": 21,
      "eventType": "model",
      "phetioID": "beersLawLab.beersLawScreen.model.cuvette.widthProperty",
      "componentType": "TProperty",
      "event": "changed",
      "time": 1634033910184,
      "parameters": {
        "oldValue": 1.008,
        "newValue": 1.024
      }
    }
  ]
}
{
  "messageIndex": 22,
  "eventType": "user",
  "phetioID": "beersLawLab.beersLawScreen.view.cuvetteNode.cuvetteDragHandler",
  "componentType": "TTandemDragHandler",
  "event": "dragged",
  "time": 1634033910200,
  "parameters": {
    "x": 734,
    "y": 331
  },
  "children": [
    {
      "messageIndex": 23,
      "eventType": "model",
      "phetioID": "beersLawLab.beersLawScreen.model.cuvette.widthProperty",
      "componentType": "TProperty",
      "event": "changed",
      "time": 1634033910200,
      "parameters": {
        "oldValue": 1.024,
        "newValue": 1.032
      }
    }
  ]
}
{
  "messageIndex": 24,
  "eventType": "user",
  "phetioID": "beersLawLab.beersLawScreen.view.cuvetteNode.cuvetteDragHandler",
  "componentType": "TTandemDragHandler",
  "event": "dragged",
  "time": 1634033910217,
  "parameters": {
    "x": 735,
    "y": 331
  },
  "children": [
    {
      "messageIndex": 25,
      "eventType": "model",
      "phetioID": "beersLawLab.beersLawScreen.model.cuvette.widthProperty",
      "componentType": "TProperty",
      "event": "changed",
      "time": 1634033910217,
      "parameters": {
        "oldValue": 1.032,
        "newValue": 1.04
      }
    }
  ]
}
{
  "messageIndex": 26,
  "eventType": "user",
  "phetioID": "beersLawLab.beersLawScreen.view.cuvetteNode.cuvetteDragHandler",
  "componentType": "TTandemDragHandler",
  "event": "dragged",
  "time": 1634033910233,
  "parameters": {
    "x": 741,
    "y": 331
  },
  "children": [
    {
      "messageIndex": 27,
      "eventType": "model",
      "phetioID": "beersLawLab.beersLawScreen.model.cuvette.widthProperty",
      "componentType": "TProperty",
      "event": "changed",
      "time": 1634033910233,
      "parameters": {
        "oldValue": 1.04,
        "newValue": 1.088
      }
    }
  ]
}
{
  "messageIndex": 28,
  "eventType": "user",
  "phetioID": "beersLawLab.beersLawScreen.view.cuvetteNode.cuvetteDragHandler",
  "componentType": "TTandemDragHandler",
  "event": "dragged",
  "time": 1634033910250,
  "parameters": {
    "x": 748,
    "y": 335
  },
  "children": [
    {
      "messageIndex": 29,
      "eventType": "model",
      "phetioID": "beersLawLab.beersLawScreen.model.cuvette.widthProperty",
      "componentType": "TProperty",
      "event": "changed",
      "time": 1634033910250,
      "parameters": {
        "oldValue": 1.088,
        "newValue": 1.1440000000000001
      }
    }
  ]
}
{
  "messageIndex": 30,
  "eventType": "user",
  "phetioID": "beersLawLab.beersLawScreen.view.cuvetteNode.cuvetteDragHandler",
  "componentType": "TTandemDragHandler",
  "event": "dragged",
  "time": 1634033910267,
  "parameters": {
    "x": 754,
    "y": 336
  },
  "children": [
    {
      "messageIndex": 31,
      "eventType": "model",
      "phetioID": "beersLawLab.beersLawScreen.model.cuvette.widthProperty",
      "componentType": "TProperty",
      "event": "changed",
      "time": 1634033910267,
      "parameters": {
        "oldValue": 1.1440000000000001,
        "newValue": 1.192
      }
    }
  ]
}
{
  "messageIndex": 32,
  "eventType": "user",
  "phetioID": "beersLawLab.beersLawScreen.view.cuvetteNode.cuvetteDragHandler",
  "componentType": "TTandemDragHandler",
  "event": "dragged",
  "time": 1634033910284,
  "parameters": {
    "x": 767,
    "y": 342
  },
  "children": [
    {
      "messageIndex": 33,
      "eventType": "model",
      "phetioID": "beersLawLab.beersLawScreen.model.cuvette.widthProperty",
      "componentType": "TProperty",
      "event": "changed",
      "time": 1634033910284,
      "parameters": {
        "oldValue": 1.192,
        "newValue": 1.296
      }
    }
  ]
}
{
  "messageIndex": 34,
  "eventType": "user",
  "phetioID": "beersLawLab.beersLawScreen.view.cuvetteNode.cuvetteDragHandler",
  "componentType": "TTandemDragHandler",
  "event": "dragged",
  "time": 1634033910300,
  "parameters": {
    "x": 776,
    "y": 346
  },
  "children": [
    {
      "messageIndex": 35,
      "eventType": "model",
      "phetioID": "beersLawLab.beersLawScreen.model.cuvette.widthProperty",
      "componentType": "TProperty",
      "event": "changed",
      "time": 1634033910300,
      "parameters": {
        "oldValue": 1.296,
        "newValue": 1.3679999999999999
      }
    }
  ]
}
{
  "messageIndex": 36,
  "eventType": "user",
  "phetioID": "beersLawLab.beersLawScreen.view.cuvetteNode.cuvetteDragHandler",
  "componentType": "TTandemDragHandler",
  "event": "dragged",
  "time": 1634033910317,
  "parameters": {
    "x": 790,
    "y": 353
  },
  "children": [
    {
      "messageIndex": 37,
      "eventType": "model",
      "phetioID": "beersLawLab.beersLawScreen.model.cuvette.widthProperty",
      "componentType": "TProperty",
      "event": "changed",
      "time": 1634033910317,
      "parameters": {
        "oldValue": 1.3679999999999999,
        "newValue": 1.48
      }
    }
  ]
}
{
  "messageIndex": 38,
  "eventType": "user",
  "phetioID": "beersLawLab.beersLawScreen.view.cuvetteNode.cuvetteDragHandler",
  "componentType": "TTandemDragHandler",
  "event": "dragged",
  "time": 1634033910333,
  "parameters": {
    "x": 809,
    "y": 363
  },
  "children": [
    {
      "messageIndex": 39,
      "eventType": "model",
      "phetioID": "beersLawLab.beersLawScreen.model.cuvette.widthProperty",
      "componentType": "TProperty",
      "event": "changed",
      "time": 1634033910333,
      "parameters": {
        "oldValue": 1.48,
        "newValue": 1.6320000000000001
      }
    }
  ]
}
{
  "messageIndex": 40,
  "eventType": "user",
  "phetioID": "beersLawLab.beersLawScreen.view.cuvetteNode.cuvetteDragHandler",
  "componentType": "TTandemDragHandler",
  "event": "dragged",
  "time": 1634033910352,
  "parameters": {
    "x": 830,
    "y": 373
  },
  "children": [
    {
      "messageIndex": 41,
      "eventType": "model",
      "phetioID": "beersLawLab.beersLawScreen.model.cuvette.widthProperty",
      "componentType": "TProperty",
      "event": "changed",
      "time": 1634033910352,
      "parameters": {
        "oldValue": 1.6320000000000001,
        "newValue": 1.8
      }
    }
  ]
}
{
  "messageIndex": 42,
  "eventType": "user",
  "phetioID": "beersLawLab.beersLawScreen.view.cuvetteNode.cuvetteDragHandler",
  "componentType": "TTandemDragHandler",
  "event": "dragged",
  "time": 1634033910367,
  "parameters": {
    "x": 848,
    "y": 380
  },
  "children": [
    {
      "messageIndex": 43,
      "eventType": "model",
      "phetioID": "beersLawLab.beersLawScreen.model.cuvette.widthProperty",
      "componentType": "TProperty",
      "event": "changed",
      "time": 1634033910367,
      "parameters": {
        "oldValue": 1.8,
        "newValue": 1.944
      }
    }
  ]
}
{
  "messageIndex": 44,
  "eventType": "user",
  "phetioID": "beersLawLab.beersLawScreen.view.cuvetteNode.cuvetteDragHandler",
  "componentType": "TTandemDragHandler",
  "event": "dragged",
  "time": 1634033910384,
  "parameters": {
    "x": 862,
    "y": 385
  },
  "children": [
    {
      "messageIndex": 45,
      "eventType": "model",
      "phetioID": "beersLawLab.beersLawScreen.model.cuvette.widthProperty",
      "componentType": "TProperty",
      "event": "changed",
      "time": 1634033910384,
      "parameters": {
        "oldValue": 1.944,
        "newValue": 2
      }
    }
  ]
}
{
  "messageIndex": 46,
  "eventType": "user",
  "phetioID": "beersLawLab.beersLawScreen.view.cuvetteNode.cuvetteDragHandler",
  "componentType": "TTandemDragHandler",
  "event": "dragged",
  "time": 1634033910400,
  "parameters": {
    "x": 871,
    "y": 387
  }
}
{
  "messageIndex": 47,
  "eventType": "user",
  "phetioID": "beersLawLab.beersLawScreen.view.cuvetteNode.cuvetteDragHandler",
  "componentType": "TTandemDragHandler",
  "event": "dragged",
  "time": 1634033910417,
  "parameters": {
    "x": 875,
    "y": 389
  }
}
{
  "messageIndex": 49,
  "eventType": "user",
  "phetioID": "beersLawLab.beersLawScreen.view.cuvetteNode.cuvetteDragHandler",
  "componentType": "TTandemDragHandler",
  "event": "dragged",
  "time": 1634033910451,
  "parameters": {
    "x": 882,
    "y": 390
  }
}
{
  "messageIndex": 48,
  "eventType": "user",
  "phetioID": "beersLawLab.beersLawScreen.view.cuvetteNode.cuvetteDragHandler",
  "componentType": "TTandemDragHandler",
  "event": "dragged",
  "time": 1634033910435,
  "parameters": {
    "x": 878,
    "y": 389
  }
}
{
  "messageIndex": 50,
  "eventType": "user",
  "phetioID": "beersLawLab.beersLawScreen.view.cuvetteNode.cuvetteDragHandler",
  "componentType": "TTandemDragHandler",
  "event": "dragged",
  "time": 1634033910467,
  "parameters": {
    "x": 886,
    "y": 391
  }
}
{
  "messageIndex": 51,
  "eventType": "user",
  "phetioID": "beersLawLab.beersLawScreen.view.cuvetteNode.cuvetteDragHandler",
  "componentType": "TTandemDragHandler",
  "event": "dragged",
  "time": 1634033910483,
  "parameters": {
    "x": 891,
    "y": 393
  }
}
{
  "messageIndex": 52,
  "eventType": "user",
  "phetioID": "beersLawLab.beersLawScreen.view.cuvetteNode.cuvetteDragHandler",
  "componentType": "TTandemDragHandler",
  "event": "dragged",
  "time": 1634033910501,
  "parameters": {
    "x": 899,
    "y": 396
  }
}
{
  "messageIndex": 53,
  "eventType": "user",
  "phetioID": "beersLawLab.beersLawScreen.view.cuvetteNode.cuvetteDragHandler",
  "componentType": "TTandemDragHandler",
  "event": "dragged",
  "time": 1634033910517,
  "parameters": {
    "x": 906,
    "y": 398
  }
}
{
  "messageIndex": 54,
  "eventType": "user",
  "phetioID": "beersLawLab.beersLawScreen.view.cuvetteNode.cuvetteDragHandler",
  "componentType": "TTandemDragHandler",
  "event": "dragged",
  "time": 1634033910534,
  "parameters": {
    "x": 914,
    "y": 400
  }
}
{
  "messageIndex": 55,
  "eventType": "user",
  "phetioID": "beersLawLab.beersLawScreen.view.cuvetteNode.cuvetteDragHandler",
  "componentType": "TTandemDragHandler",
  "event": "dragged",
  "time": 1634033910551,
  "parameters": {
    "x": 920,
    "y": 402
  }
}
{
  "messageIndex": 56,
  "eventType": "user",
  "phetioID": "beersLawLab.beersLawScreen.view.cuvetteNode.cuvetteDragHandler",
  "componentType": "TTandemDragHandler",
  "event": "dragged",
  "time": 1634033910567,
  "parameters": {
    "x": 924,
    "y": 402
  }
}
{
  "messageIndex": 57,
  "eventType": "user",
  "phetioID": "beersLawLab.beersLawScreen.view.cuvetteNode.cuvetteDragHandler",
  "componentType": "TTandemDragHandler",
  "event": "dragged",
  "time": 1634033910585,
  "parameters": {
    "x": 929,
    "y": 403
  }
}
{
  "messageIndex": 58,
  "eventType": "user",
  "phetioID": "beersLawLab.beersLawScreen.view.cuvetteNode.cuvetteDragHandler",
  "componentType": "TTandemDragHandler",
  "event": "dragged",
  "time": 1634033910600,
  "parameters": {
    "x": 932,
    "y": 403
  }
}
{
  "messageIndex": 59,
  "eventType": "user",
  "phetioID": "beersLawLab.beersLawScreen.view.cuvetteNode.cuvetteDragHandler",
  "componentType": "TTandemDragHandler",
  "event": "dragged",
  "time": 1634033910616,
  "parameters": {
    "x": 936,
    "y": 404
  }
}
{
  "messageIndex": 60,
  "eventType": "user",
  "phetioID": "beersLawLab.beersLawScreen.view.cuvetteNode.cuvetteDragHandler",
  "componentType": "TTandemDragHandler",
  "event": "dragged",
  "time": 1634033910634,
  "parameters": {
    "x": 940,
    "y": 405
  }
}
{
  "messageIndex": 61,
  "eventType": "user",
  "phetioID": "beersLawLab.beersLawScreen.view.cuvetteNode.cuvetteDragHandler",
  "componentType": "TTandemDragHandler",
  "event": "dragged",
  "time": 1634033910651,
  "parameters": {
    "x": 943,
    "y": 405
  }
}
{
  "messageIndex": 62,
  "eventType": "user",
  "phetioID": "beersLawLab.beersLawScreen.view.cuvetteNode.cuvetteDragHandler",
  "componentType": "TTandemDragHandler",
  "event": "dragged",
  "time": 1634033910667,
  "parameters": {
    "x": 945,
    "y": 405
  }
}
{
  "messageIndex": 63,
  "eventType": "user",
  "phetioID": "beersLawLab.beersLawScreen.view.cuvetteNode.cuvetteDragHandler",
  "componentType": "TTandemDragHandler",
  "event": "dragged",
  "time": 1634033910683,
  "parameters": {
    "x": 947,
    "y": 405
  }
}
{
  "messageIndex": 65,
  "eventType": "user",
  "phetioID": "beersLawLab.beersLawScreen.view.cuvetteNode.cuvetteDragHandler",
  "componentType": "TTandemDragHandler",
  "event": "dragged",
  "time": 1634033910718,
  "parameters": {
    "x": 948,
    "y": 406
  }
}
{
  "messageIndex": 64,
  "eventType": "user",
  "phetioID": "beersLawLab.beersLawScreen.view.cuvetteNode.cuvetteDragHandler",
  "componentType": "TTandemDragHandler",
  "event": "dragged",
  "time": 1634033910701,
  "parameters": {
    "x": 947,
    "y": 406
  }
}
{
  "messageIndex": 66,
  "eventType": "user",
  "phetioID": "beersLawLab.beersLawScreen.view.cuvetteNode.cuvetteDragHandler",
  "componentType": "TTandemDragHandler",
  "event": "dragged",
  "time": 1634033910820,
  "parameters": {
    "x": 949,
    "y": 406
  }
}
{
  "messageIndex": 67,
  "eventType": "user",
  "phetioID": "beersLawLab.beersLawScreen.view.cuvetteNode.cuvetteDragHandler",
  "componentType": "TTandemDragHandler",
  "event": "dragEnded",
  "time": 1634033910820
}
{
  "messageIndex": 68,
  "eventType": "user",
  "phetioID": "beersLawLab.beersLawScreen.view.detectorNode.probeNode.movableDragHandler",
  "componentType": "TTandemDragHandler",
  "event": "dragStarted",
  "time": 1634033911263,
  "parameters": {
    "x": 985,
    "y": 281
  }
}
{
  "messageIndex": 69,
  "eventType": "user",
  "phetioID": "beersLawLab.beersLawScreen.view.detectorNode.probeNode.movableDragHandler",
  "componentType": "TTandemDragHandler",
  "event": "dragged",
  "time": 1634033911385,
  "parameters": {
    "x": 984,
    "y": 282
  },
  "children": [
    {
      "messageIndex": 70,
      "eventType": "model",
      "phetioID": "beersLawLab.beersLawScreen.model.detector.probe.locationProperty",
      "componentType": "TProperty",
      "event": "changed",
      "time": 1634033911385,
      "parameters": {
        "oldValue": {
          "x": 6.3,
          "y": 2
        },
        "newValue": {
          "x": 6.291432734337057,
          "y": 2.008567265662943
        }
      }
    }
  ]
}
{
  "messageIndex": 71,
  "eventType": "user",
  "phetioID": "beersLawLab.beersLawScreen.view.detectorNode.probeNode.movableDragHandler",
  "componentType": "TTandemDragHandler",
  "event": "dragged",
  "time": 1634033911401,
  "parameters": {
    "x": 980,
    "y": 281
  },
  "children": [
    {
      "messageIndex": 72,
      "eventType": "model",
      "phetioID": "beersLawLab.beersLawScreen.model.detector.probe.locationProperty",
      "componentType": "TProperty",
      "event": "changed",
      "time": 1634033911401,
      "parameters": {
        "oldValue": {
          "x": 6.291432734337057,
          "y": 2.008567265662943
        },
        "newValue": {
          "x": 6.2571636716852845,
          "y": 2
        }
      }
    }
  ]
}
{
  "messageIndex": 73,
  "eventType": "user",
  "phetioID": "beersLawLab.beersLawScreen.view.detectorNode.probeNode.movableDragHandler",
  "componentType": "TTandemDragHandler",
  "event": "dragged",
  "time": 1634033911417,
  "parameters": {
    "x": 973,
    "y": 280
  },
  "children": [
    {
      "messageIndex": 74,
      "eventType": "model",
      "phetioID": "beersLawLab.beersLawScreen.model.detector.probe.locationProperty",
      "componentType": "TProperty",
      "event": "changed",
      "time": 1634033911417,
      "parameters": {
        "oldValue": {
          "x": 6.2571636716852845,
          "y": 2
        },
        "newValue": {
          "x": 6.197192812044683,
          "y": 1.991432734337057
        }
      }
    }
  ]
}
{
  "messageIndex": 75,
  "eventType": "user",
  "phetioID": "beersLawLab.beersLawScreen.view.detectorNode.probeNode.movableDragHandler",
  "componentType": "TTandemDragHandler",
  "event": "dragged",
  "time": 1634033911434,
  "parameters": {
    "x": 961,
    "y": 280
  },
  "children": [
    {
      "messageIndex": 76,
      "eventType": "model",
      "phetioID": "beersLawLab.beersLawScreen.model.detector.probe.locationProperty",
      "componentType": "TProperty",
      "event": "changed",
      "time": 1634033911434,
      "parameters": {
        "oldValue": {
          "x": 6.197192812044683,
          "y": 1.991432734337057
        },
        "newValue": {
          "x": 6.094385624089364,
          "y": 1.991432734337057
        }
      }
    }
  ]
}
{
  "messageIndex": 77,
  "eventType": "user",
  "phetioID": "beersLawLab.beersLawScreen.view.detectorNode.probeNode.movableDragHandler",
  "componentType": "TTandemDragHandler",
  "event": "dragged",
  "time": 1634033911450,
  "parameters": {
    "x": 942,
    "y": 280
  },
  "children": [
    {
      "messageIndex": 78,
      "eventType": "model",
      "phetioID": "beersLawLab.beersLawScreen.model.detector.probe.locationProperty",
      "componentType": "TProperty",
      "event": "changed",
      "time": 1634033911450,
      "parameters": {
        "oldValue": {
          "x": 6.094385624089364,
          "y": 1.991432734337057
        },
        "newValue": {
          "x": 5.931607576493444,
          "y": 1.991432734337057
        }
      }
    }
  ]
}
{
  "messageIndex": 79,
  "eventType": "user",
  "phetioID": "beersLawLab.beersLawScreen.view.detectorNode.probeNode.movableDragHandler",
  "componentType": "TTandemDragHandler",
  "event": "dragged",
  "time": 1634033911467,
  "parameters": {
    "x": 919,
    "y": 280
  },
  "children": [
    {
      "messageIndex": 80,
      "eventType": "model",
      "phetioID": "beersLawLab.beersLawScreen.model.detector.probe.locationProperty",
      "componentType": "TProperty",
      "event": "changed",
      "time": 1634033911467,
      "parameters": {
        "oldValue": {
          "x": 5.931607576493444,
          "y": 1.991432734337057
        },
        "newValue": {
          "x": 5.7345604662457506,
          "y": 1.991432734337057
        }
      }
    }
  ]
}
{
  "messageIndex": 81,
  "eventType": "user",
  "phetioID": "beersLawLab.beersLawScreen.view.detectorNode.probeNode.movableDragHandler",
  "componentType": "TTandemDragHandler",
  "event": "dragged",
  "time": 1634033911483,
  "parameters": {
    "x": 898,
    "y": 278
  },
  "children": [
    {
      "messageIndex": 82,
      "eventType": "model",
      "phetioID": "beersLawLab.beersLawScreen.model.detector.probe.locationProperty",
      "componentType": "TProperty",
      "event": "changed",
      "time": 1634033911483,
      "parameters": {
        "oldValue": {
          "x": 5.7345604662457506,
          "y": 1.991432734337057
        },
        "newValue": {
          "x": 5.554647887323944,
          "y": 1.9742982030111706
        }
      }
    }
  ]
}
{
  "messageIndex": 85,
  "eventType": "user",
  "phetioID": "beersLawLab.beersLawScreen.view.detectorNode.probeNode.movableDragHandler",
  "componentType": "TTandemDragHandler",
  "event": "dragged",
  "time": 1634033911516,
  "parameters": {
    "x": 874,
    "y": 277
  },
  "children": [
    {
      "messageIndex": 86,
      "eventType": "model",
      "phetioID": "beersLawLab.beersLawScreen.model.detector.probe.locationProperty",
      "componentType": "TProperty",
      "event": "changed",
      "time": 1634033911516,
      "parameters": {
        "oldValue": {
          "x": 5.391869839728024,
          "y": 1.9657309373482277
        },
        "newValue": {
          "x": 5.349033511413308,
          "y": 1.9657309373482277
        }
      }
    }
  ]
}
{
  "messageIndex": 83,
  "eventType": "user",
  "phetioID": "beersLawLab.beersLawScreen.view.detectorNode.probeNode.movableDragHandler",
  "componentType": "TTandemDragHandler",
  "event": "dragged",
  "time": 1634033911500,
  "parameters": {
    "x": 879,
    "y": 277
  },
  "children": [
    {
      "messageIndex": 84,
      "eventType": "model",
      "phetioID": "beersLawLab.beersLawScreen.model.detector.probe.locationProperty",
      "componentType": "TProperty",
      "event": "changed",
      "time": 1634033911500,
      "parameters": {
        "oldValue": {
          "x": 5.554647887323944,
          "y": 1.9742982030111706
        },
        "newValue": {
          "x": 5.391869839728024,
          "y": 1.9657309373482277
        }
      }
    }
  ]
}
{
  "messageIndex": 87,
  "eventType": "user",
  "phetioID": "beersLawLab.beersLawScreen.view.detectorNode.probeNode.movableDragHandler",
  "componentType": "TTandemDragHandler",
  "event": "dragged",
  "time": 1634033911534,
  "parameters": {
    "x": 871,
    "y": 277
  },
  "children": [
    {
      "messageIndex": 88,
      "eventType": "model",
      "phetioID": "beersLawLab.beersLawScreen.model.detector.probe.locationProperty",
      "componentType": "TProperty",
      "event": "changed",
      "time": 1634033911534,
      "parameters": {
        "oldValue": {
          "x": 5.349033511413308,
          "y": 1.9657309373482277
        },
        "newValue": {
          "x": 5.323331714424478,
          "y": 1.9657309373482277
        }
      }
    }
  ]
}
{
  "messageIndex": 89,
  "eventType": "user",
  "phetioID": "beersLawLab.beersLawScreen.view.detectorNode.probeNode.movableDragHandler",
  "componentType": "TTandemDragHandler",
  "event": "dragged",
  "time": 1634033911550,
  "parameters": {
    "x": 866,
    "y": 277
  },
  "children": [
    {
      "messageIndex": 90,
      "eventType": "model",
      "phetioID": "beersLawLab.beersLawScreen.model.detector.probe.locationProperty",
      "componentType": "TProperty",
      "event": "changed",
      "time": 1634033911551,
      "parameters": {
        "oldValue": {
          "x": 5.323331714424478,
          "y": 1.9657309373482277
        },
        "newValue": {
          "x": 5.280495386109763,
          "y": 1.9657309373482277
        }
      }
    }
  ]
}
{
  "messageIndex": 91,
  "eventType": "user",
  "phetioID": "beersLawLab.beersLawScreen.view.detectorNode.probeNode.movableDragHandler",
  "componentType": "TTandemDragHandler",
  "event": "dragged",
  "time": 1634033911567,
  "parameters": {
    "x": 858,
    "y": 277
  },
  "children": [
    {
      "messageIndex": 92,
      "eventType": "model",
      "phetioID": "beersLawLab.beersLawScreen.model.detector.probe.locationProperty",
      "componentType": "TProperty",
      "event": "changed",
      "time": 1634033911567,
      "parameters": {
        "oldValue": {
          "x": 5.280495386109763,
          "y": 1.9657309373482277
        },
        "newValue": {
          "x": 5.2119572608062175,
          "y": 1.9657309373482277
        }
      }
    }
  ]
}
{
  "messageIndex": 93,
  "eventType": "user",
  "phetioID": "beersLawLab.beersLawScreen.view.detectorNode.probeNode.movableDragHandler",
  "componentType": "TTandemDragHandler",
  "event": "dragged",
  "time": 1634033911585,
  "parameters": {
    "x": 845,
    "y": 277
  },
  "children": [
    {
      "messageIndex": 94,
      "eventType": "model",
      "phetioID": "beersLawLab.beersLawScreen.model.detector.probe.locationProperty",
      "componentType": "TProperty",
      "event": "changed",
      "time": 1634033911585,
      "parameters": {
        "oldValue": {
          "x": 5.2119572608062175,
          "y": 1.9657309373482277
        },
        "newValue": {
          "x": 5.100582807187956,
          "y": 1.9657309373482277
        }
      }
    }
  ]
}
{
  "messageIndex": 95,
  "eventType": "user",
  "phetioID": "beersLawLab.beersLawScreen.view.detectorNode.probeNode.movableDragHandler",
  "componentType": "TTandemDragHandler",
  "event": "dragged",
  "time": 1634033911600,
  "parameters": {
    "x": 831,
    "y": 275
  },
  "children": [
    {
      "messageIndex": 96,
      "eventType": "model",
      "phetioID": "beersLawLab.beersLawScreen.model.detector.probe.locationProperty",
      "componentType": "TProperty",
      "event": "changed",
      "time": 1634033911600,
      "parameters": {
        "oldValue": {
          "x": 5.100582807187956,
          "y": 1.9657309373482277
        },
        "newValue": {
          "x": 4.9806410879067515,
          "y": 1.948596406022341
        }
      }
    }
  ]
}
{
  "messageIndex": 97,
  "eventType": "user",
  "phetioID": "beersLawLab.beersLawScreen.view.detectorNode.probeNode.movableDragHandler",
  "componentType": "TTandemDragHandler",
  "event": "dragged",
  "time": 1634033911617,
  "parameters": {
    "x": 815,
    "y": 275
  },
  "children": [
    {
      "messageIndex": 98,
      "eventType": "model",
      "phetioID": "beersLawLab.beersLawScreen.model.detector.probe.locationProperty",
      "componentType": "TProperty",
      "event": "changed",
      "time": 1634033911617,
      "parameters": {
        "oldValue": {
          "x": 4.9806410879067515,
          "y": 1.948596406022341
        },
        "newValue": {
          "x": 4.8435648372996605,
          "y": 1.948596406022341
        }
      }
    }
  ]
}
{
  "messageIndex": 99,
  "eventType": "user",
  "phetioID": "beersLawLab.beersLawScreen.view.detectorNode.probeNode.movableDragHandler",
  "componentType": "TTandemDragHandler",
  "event": "dragged",
  "time": 1634033911634,
  "parameters": {
    "x": 800,
    "y": 275
  },
  "children": [
    {
      "messageIndex": 100,
      "eventType": "model",
      "phetioID": "beersLawLab.beersLawScreen.model.detector.probe.locationProperty",
      "componentType": "TProperty",
      "event": "changed",
      "time": 1634033911634,
      "parameters": {
        "oldValue": {
          "x": 4.8435648372996605,
          "y": 1.948596406022341
        },
        "newValue": {
          "x": 4.715055852355513,
          "y": 1.948596406022341
        }
      }
    }
  ]
}
{
  "messageIndex": 101,
  "eventType": "user",
  "phetioID": "beersLawLab.beersLawScreen.view.detectorNode.probeNode.movableDragHandler",
  "componentType": "TTandemDragHandler",
  "event": "dragged",
  "time": 1634033911650,
  "parameters": {
    "x": 787,
    "y": 275
  },
  "children": [
    {
      "messageIndex": 102,
      "eventType": "model",
      "phetioID": "beersLawLab.beersLawScreen.model.detector.probe.locationProperty",
      "componentType": "TProperty",
      "event": "changed",
      "time": 1634033911650,
      "parameters": {
        "oldValue": {
          "x": 4.715055852355513,
          "y": 1.948596406022341
        },
        "newValue": {
          "x": 4.603681398737252,
          "y": 1.948596406022341
        }
      }
    }
  ]
}
{
  "messageIndex": 103,
  "eventType": "user",
  "phetioID": "beersLawLab.beersLawScreen.view.detectorNode.probeNode.movableDragHandler",
  "componentType": "TTandemDragHandler",
  "event": "dragged",
  "time": 1634033911667,
  "parameters": {
    "x": 776,
    "y": 275
  },
  "children": [
    {
      "messageIndex": 104,
      "eventType": "model",
      "phetioID": "beersLawLab.beersLawScreen.model.detector.probe.locationProperty",
      "componentType": "TProperty",
      "event": "changed",
      "time": 1634033911667,
      "parameters": {
        "oldValue": {
          "x": 4.603681398737252,
          "y": 1.948596406022341
        },
        "newValue": {
          "x": 4.509441476444876,
          "y": 1.948596406022341
        }
      }
    }
  ]
}
{
  "messageIndex": 105,
  "eventType": "user",
  "phetioID": "beersLawLab.beersLawScreen.view.detectorNode.probeNode.movableDragHandler",
  "componentType": "TTandemDragHandler",
  "event": "dragged",
  "time": 1634033911684,
  "parameters": {
    "x": 762,
    "y": 275
  },
  "children": [
    {
      "messageIndex": 106,
      "eventType": "model",
      "phetioID": "beersLawLab.beersLawScreen.model.detector.probe.locationProperty",
      "componentType": "TProperty",
      "event": "changed",
      "time": 1634033911684,
      "parameters": {
        "oldValue": {
          "x": 4.509441476444876,
          "y": 1.948596406022341
        },
        "newValue": {
          "x": 4.389499757163672,
          "y": 1.948596406022341
        }
      }
    }
  ]
}
{
  "messageIndex": 107,
  "eventType": "user",
  "phetioID": "beersLawLab.beersLawScreen.view.detectorNode.probeNode.movableDragHandler",
  "componentType": "TTandemDragHandler",
  "event": "dragged",
  "time": 1634033911701,
  "parameters": {
    "x": 754,
    "y": 275
  },
  "children": [
    {
      "messageIndex": 108,
      "eventType": "model",
      "phetioID": "beersLawLab.beersLawScreen.model.detector.probe.locationProperty",
      "componentType": "TProperty",
      "event": "changed",
      "time": 1634033911701,
      "parameters": {
        "oldValue": {
          "x": 4.389499757163672,
          "y": 1.948596406022341
        },
        "newValue": {
          "x": 4.3209616318601265,
          "y": 1.948596406022341
        }
      }
    }
  ]
}
{
  "messageIndex": 109,
  "eventType": "user",
  "phetioID": "beersLawLab.beersLawScreen.view.detectorNode.probeNode.movableDragHandler",
  "componentType": "TTandemDragHandler",
  "event": "dragged",
  "time": 1634033911717,
  "parameters": {
    "x": 749,
    "y": 275
  },
  "children": [
    {
      "messageIndex": 110,
      "eventType": "model",
      "phetioID": "beersLawLab.beersLawScreen.model.detector.probe.locationProperty",
      "componentType": "TProperty",
      "event": "changed",
      "time": 1634033911717,
      "parameters": {
        "oldValue": {
          "x": 4.3209616318601265,
          "y": 1.948596406022341
        },
        "newValue": {
          "x": 4.278125303545411,
          "y": 1.948596406022341
        }
      }
    }
  ]
}
{
  "messageIndex": 111,
  "eventType": "user",
  "phetioID": "beersLawLab.beersLawScreen.view.detectorNode.probeNode.movableDragHandler",
  "componentType": "TTandemDragHandler",
  "event": "dragged",
  "time": 1634033911733,
  "parameters": {
    "x": 746,
    "y": 275
  },
  "children": [
    {
      "messageIndex": 112,
      "eventType": "model",
      "phetioID": "beersLawLab.beersLawScreen.model.detector.probe.locationProperty",
      "componentType": "TProperty",
      "event": "changed",
      "time": 1634033911733,
      "parameters": {
        "oldValue": {
          "x": 4.278125303545411,
          "y": 1.948596406022341
        },
        "newValue": {
          "x": 4.252423506556582,
          "y": 1.948596406022341
        }
      }
    }
  ]
}
{
  "messageIndex": 113,
  "eventType": "user",
  "phetioID": "beersLawLab.beersLawScreen.view.detectorNode.probeNode.movableDragHandler",
  "componentType": "TTandemDragHandler",
  "event": "dragged",
  "time": 1634033911751,
  "parameters": {
    "x": 745,
    "y": 275
  },
  "children": [
    {
      "messageIndex": 114,
      "eventType": "model",
      "phetioID": "beersLawLab.beersLawScreen.model.detector.probe.locationProperty",
      "componentType": "TProperty",
      "event": "changed",
      "time": 1634033911751,
      "parameters": {
        "oldValue": {
          "x": 4.252423506556582,
          "y": 1.948596406022341
        },
        "newValue": {
          "x": 4.243856240893638,
          "y": 1.948596406022341
        }
      }
    }
  ]
}
{
  "messageIndex": 115,
  "eventType": "user",
  "phetioID": "beersLawLab.beersLawScreen.view.detectorNode.probeNode.movableDragHandler",
  "componentType": "TTandemDragHandler",
  "event": "dragEnded",
  "time": 1634033911924
}
