{
  "messageIndex": 0,
  "eventType": "wrapper",
  "phetioID": "beersLawLab.simIFrameAPI",
  "componentType": "TSimIFrameAPI",
  "event": "invoked",
  "time": 1634032296914,
  "parameters": {
    "phetioID": "phetio",
    "method": "addExpressions",
    "args": [
      []
    ],
    "messageID": 2,
    "protocol": "phet-io-0.0.1"
  }
}
{
  "messageIndex": 1,
  "eventType": "wrapper",
  "phetioID": "beersLawLab.simIFrameAPI",
  "componentType": "TSimIFrameAPI",
  "event": "invoked",
  "time": 1634032296915,
  "parameters": {
    "phetioID": "phetio",
    "method": "launchSimulation",
    "args": [],
    "messageID": 3,
    "protocol": "phet-io-0.0.1"
  }
}
{
  "messageIndex": 2,
  "eventType": "model",
  "phetioID": "beersLawLab.sim",
  "componentType": "TSim",
  "event": "simStarted",
  "time": 1634032296921,
  "parameters": {
    "sessionID": null,
    "simName": "‪Beer's Law Lab‬",
    "simVersion": "1.6.15-phetio",
    "url": "https://phet-io.colorado.edu/sims/beers-law-lab/1.6.15-phetio/beers-law-lab_en-phetio.html?production&phetioEmitStates=false&phetioEmitInputEvents=false",
    "userAgent": "Mozilla/5.0 (Windows NT 10.0; Win64; x64) AppleWebKit/537.36 (KHTML, like Gecko) Chrome/94.0.4606.71 Safari/537.36 Edg/94.0.992.38",
    "randomSeed": 0.4581217138212459,
    "provider": "PhET Interactive Simulations, University of Colorado Boulder"
  },
  "children": [
    {
      "messageIndex": 3,
      "eventType": "model",
      "phetioID": "beersLawLab.concentrationScreen.view.concentrationMeterNode.bodyNode.readoutTextNode",
      "componentType": "TTandemText",
      "event": "textChanged",
      "time": 1634032297054,
      "parameters": {
        "oldText": "‪1.000 ‪mol/L‬‬",
        "newText": "-"
      }
    },
    {
      "messageIndex": 4,
      "eventType": "model",
      "phetioID": "beersLawLab.beersLawScreen.view.detectorNode.bodyNode.valueNode",
      "componentType": "TTandemText",
      "event": "textChanged",
      "time": 1634032297106,
      "parameters": {
        "oldText": "‪100.00%‬",
        "newText": "-"
      }
    }
  ]
}
{
  "messageIndex": 5,
  "eventType": "user",
  "phetioID": "beersLawLab.homeScreen.view.beersLawScreenSmallButton",
  "componentType": "TScreenButton",
  "event": "fired",
  "time": 1634032301827,
  "children": [
    {
      "messageIndex": 6,
      "eventType": "model",
      "phetioID": "beersLawLab.sim.screenIndexProperty",
      "componentType": "TProperty",
      "event": "changed",
      "time": 1634032301827,
      "parameters": {
        "oldValue": 0,
        "newValue": 1
      }
    }
  ]
}
{
  "messageIndex": 7,
  "eventType": "user",
  "phetioID": "beersLawLab.homeScreen.view.beersLawScreenLargeButton",
  "componentType": "TScreenButton",
  "event": "fired",
  "time": 1634032303091,
  "children": [
    {
      "messageIndex": 8,
      "eventType": "model",
      "phetioID": "beersLawLab.sim.showHomeScreenProperty",
      "componentType": "TProperty",
      "event": "changed",
      "time": 1634032303091,
      "parameters": {
        "oldValue": true,
        "newValue": false
      }
    }
  ]
}
{
  "messageIndex": 9,
  "eventType": "user",
  "phetioID": "beersLawLab.beersLawScreen.view.detectorNode.bodyNode.absorbanceRadioButton",
  "componentType": "TRadioButton",
  "event": "fired",
  "time": 1634032313539,
  "parameters": {
    "value": "absorbance"
  },
  "children": [
    {
      "messageIndex": 10,
      "eventType": "model",
      "phetioID": "beersLawLab.beersLawScreen.model.detector.modeProperty",
      "componentType": "TProperty",
      "event": "changed",
      "time": 1634032313539,
      "parameters": {
        "oldValue": "transmittance",
        "newValue": "absorbance"
      }
    }
  ]
}
{
  "messageIndex": 11,
  "eventType": "user",
  "phetioID": "beersLawLab.beersLawScreen.view.detectorNode.bodyNode.transmittanceRadioButton",
  "componentType": "TRadioButton",
  "event": "fired",
  "time": 1634032314875,
  "parameters": {
    "value": "transmittance"
  },
  "children": [
    {
      "messageIndex": 12,
      "eventType": "model",
      "phetioID": "beersLawLab.beersLawScreen.model.detector.modeProperty",
      "componentType": "TProperty",
      "event": "changed",
      "time": 1634032314875,
      "parameters": {
        "oldValue": "absorbance",
        "newValue": "transmittance"
      }
    }
  ]
}
{
  "messageIndex": 13,
  "eventType": "user",
  "phetioID": "beersLawLab.beersLawScreen.view.solutionControls.comboBox",
  "componentType": "TComboBox",
  "event": "popupShown",
  "time": 1634032323685
}
{
  "messageIndex": 14,
  "eventType": "user",
  "phetioID": "beersLawLab.beersLawScreen.view.solutionControls.comboBox",
  "componentType": "TComboBox",
  "event": "popupHidden",
  "time": 1634032324869
}
{
  "messageIndex": 15,
  "eventType": "user",
  "phetioID": "beersLawLab.navigationBar.concentrationScreenButton",
  "componentType": "TPushButton",
  "event": "fired",
  "time": 1634032337763,
  "children": [
    {
      "messageIndex": 16,
      "eventType": "model",
      "phetioID": "beersLawLab.sim.screenIndexProperty",
      "componentType": "TProperty",
      "event": "changed",
      "time": 1634032337763,
      "parameters": {
        "oldValue": 1,
        "newValue": 0
      }
    }
  ]
}
{
  "messageIndex": 17,
  "eventType": "user",
  "phetioID": "beersLawLab.navigationBar.beersLawScreenButton",
  "componentType": "TPushButton",
  "event": "fired",
  "time": 1634032346090,
  "children": [
    {
      "messageIndex": 18,
      "eventType": "model",
      "phetioID": "beersLawLab.sim.screenIndexProperty",
      "componentType": "TProperty",
      "event": "changed",
      "time": 1634032346091,
      "parameters": {
        "oldValue": 0,
        "newValue": 1
      }
    }
  ]
}
{
  "messageIndex": 19,
  "eventType": "user",
  "phetioID": "beersLawLab.beersLawScreen.view.cuvetteNode.cuvetteDragHandler",
  "componentType": "TTandemDragHandler",
  "event": "dragStarted",
  "time": 1634032354022,
  "parameters": {
    "x": 741,
    "y": 372
  }
}
{
  "messageIndex": 20,
  "eventType": "user",
  "phetioID": "beersLawLab.beersLawScreen.view.cuvetteNode.cuvetteDragHandler",
  "componentType": "TTandemDragHandler",
  "event": "dragEnded",
  "time": 1634032354171
}
