{
  "messageIndex": 0,
  "eventType": "wrapper",
  "phetioID": "beersLawLab.simIFrameAPI",
  "componentType": "TSimIFrameAPI",
  "event": "invoked",
  "time": 1620378888765,
  "parameters": {
    "phetioID": "phetio",
    "method": "addExpressions",
    "args": [
      []
    ],
    "messageID": 2,
    "protocol": "phet-io-0.0.1"
  }
}
{
  "messageIndex": 1,
  "eventType": "wrapper",
  "phetioID": "beersLawLab.simIFrameAPI",
  "componentType": "TSimIFrameAPI",
  "event": "invoked",
  "time": 1620378888772,
  "parameters": {
    "phetioID": "phetio",
    "method": "launchSimulation",
    "args": [],
    "messageID": 3,
    "protocol": "phet-io-0.0.1"
  }
}
{
  "messageIndex": 2,
  "eventType": "model",
  "phetioID": "beersLawLab.sim",
  "componentType": "TSim",
  "event": "simStarted",
  "time": 1620378888792,
  "parameters": {
    "sessionID": null,
    "simName": "‪Beer's Law Lab‬",
    "simVersion": "1.6.15-phetio",
    "url": "https://phet-io.colorado.edu/sims/beers-law-lab/1.6.15-phetio/beers-law-lab_en-phetio.html?production&phetioEmitStates=false&phetioEmitInputEvents=false",
    "userAgent": "Mozilla/5.0 (Windows NT 10.0; Win64; x64) AppleWebKit/537.36 (KHTML, like Gecko) Chrome/90.0.4430.93 Safari/537.36",
    "randomSeed": 0.7754461311991905,
    "provider": "PhET Interactive Simulations, University of Colorado Boulder"
  },
  "children": [
    {
      "messageIndex": 3,
      "eventType": "model",
      "phetioID": "beersLawLab.concentrationScreen.view.concentrationMeterNode.bodyNode.readoutTextNode",
      "componentType": "TTandemText",
      "event": "textChanged",
      "time": 1620378889087,
      "parameters": {
        "oldText": "‪1.000 ‪mol/L‬‬",
        "newText": "-"
      }
    },
    {
      "messageIndex": 4,
      "eventType": "model",
      "phetioID": "beersLawLab.beersLawScreen.view.detectorNode.bodyNode.valueNode",
      "componentType": "TTandemText",
      "event": "textChanged",
      "time": 1620378889227,
      "parameters": {
        "oldText": "‪100.00%‬",
        "newText": "-"
      }
    }
  ]
}
{
  "messageIndex": 6,
  "eventType": "user",
  "phetioID": "beersLawLab.homeScreen.view.beersLawScreenSmallButton",
  "componentType": "TScreenButton",
  "event": "fired",
  "time": 1620378890606
}
{
  "messageIndex": 5,
  "eventType": "model",
  "phetioID": "beersLawLab.sim.screenIndexProperty",
  "componentType": "TProperty",
  "event": "changed",
  "time": 1620378890603,
  "parameters": {
    "oldValue": 0,
    "newValue": 1
  }
}
{
  "messageIndex": 7,
  "eventType": "user",
  "phetioID": "beersLawLab.homeScreen.view.beersLawScreenLargeButton",
  "componentType": "TScreenButton",
  "event": "fired",
  "time": 1620378891520,
  "children": [
    {
      "messageIndex": 8,
      "eventType": "model",
      "phetioID": "beersLawLab.sim.showHomeScreenProperty",
      "componentType": "TProperty",
      "event": "changed",
      "time": 1620378891521,
      "parameters": {
        "oldValue": true,
        "newValue": false
      }
    }
  ]
}
{
  "messageIndex": null,
  "eventType": "user",
  "phetioID": "beersLawLab.wrapper",
  "componentType": "WrapperButton",
  "event": "showPDF",
  "time": 1620378918044,
  "parameters": null
}
{
  "messageIndex": null,
  "eventType": "user",
  "phetioID": "beersLawLab.wrapper",
  "componentType": "WrapperButton",
  "event": "hidePDF",
  "time": 1620379016808,
  "parameters": null
}
{
  "messageIndex": 9,
  "eventType": "user",
  "phetioID": "beersLawLab.beersLawScreen.view.cuvetteNode.cuvetteDragHandler",
  "componentType": "TTandemDragHandler",
  "event": "dragStarted",
  "time": 1620379020424,
  "parameters": {
    "x": 520,
    "y": 296.66668701171875
  }
}
{
  "messageIndex": 10,
  "eventType": "user",
  "phetioID": "beersLawLab.beersLawScreen.view.cuvetteNode.cuvetteDragHandler",
  "componentType": "TTandemDragHandler",
  "event": "dragged",
  "time": 1620379020544,
  "parameters": {
    "x": 536.6666870117188,
    "y": 290.66668701171875
  },
  "children": [
    {
      "messageIndex": 11,
      "eventType": "model",
      "phetioID": "beersLawLab.beersLawScreen.model.cuvette.widthProperty",
      "componentType": "TProperty",
      "event": "changed",
      "time": 1620379020544,
      "parameters": {
        "oldValue": 1,
        "newValue": 1.13333349609375
      }
    }
  ]
}
{
  "messageIndex": 12,
  "eventType": "user",
  "phetioID": "beersLawLab.beersLawScreen.view.cuvetteNode.cuvetteDragHandler",
  "componentType": "TTandemDragHandler",
  "event": "dragged",
  "time": 1620379020566,
  "parameters": {
    "x": 546,
    "y": 289.3333435058594
  },
  "children": [
    {
      "messageIndex": 13,
      "eventType": "model",
      "phetioID": "beersLawLab.beersLawScreen.model.cuvette.widthProperty",
      "componentType": "TProperty",
      "event": "changed",
      "time": 1620379020566,
      "parameters": {
        "oldValue": 1.13333349609375,
        "newValue": 1.208
      }
    }
  ]
}
{
  "messageIndex": 14,
  "eventType": "user",
  "phetioID": "beersLawLab.beersLawScreen.view.cuvetteNode.cuvetteDragHandler",
  "componentType": "TTandemDragHandler",
  "event": "dragged",
  "time": 1620379020589,
  "parameters": {
    "x": 556.6666870117188,
    "y": 288.66668701171875
  },
  "children": [
    {
      "messageIndex": 15,
      "eventType": "model",
      "phetioID": "beersLawLab.beersLawScreen.model.cuvette.widthProperty",
      "componentType": "TProperty",
      "event": "changed",
      "time": 1620379020590,
      "parameters": {
        "oldValue": 1.208,
        "newValue": 1.29333349609375
      }
    }
  ]
}
{
  "messageIndex": 26,
  "eventType": "user",
  "phetioID": "beersLawLab.beersLawScreen.view.cuvetteNode.cuvetteDragHandler",
  "componentType": "TTandemDragHandler",
  "event": "dragged",
  "time": 1620379020696,
  "parameters": {
    "x": 597.3333740234375,
    "y": 271.3333435058594
  },
  "children": [
    {
      "messageIndex": 27,
      "eventType": "model",
      "phetioID": "beersLawLab.beersLawScreen.model.cuvette.widthProperty",
      "componentType": "TProperty",
      "event": "changed",
      "time": 1620379020697,
      "parameters": {
        "oldValue": 1.576,
        "newValue": 1.6186669921874999
      }
    }
  ]
}
{
  "messageIndex": 24,
  "eventType": "user",
  "phetioID": "beersLawLab.beersLawScreen.view.cuvetteNode.cuvetteDragHandler",
  "componentType": "TTandemDragHandler",
  "event": "dragged",
  "time": 1620379020674,
  "parameters": {
    "x": 592,
    "y": 276.66668701171875
  },
  "children": [
    {
      "messageIndex": 25,
      "eventType": "model",
      "phetioID": "beersLawLab.beersLawScreen.model.cuvette.widthProperty",
      "componentType": "TProperty",
      "event": "changed",
      "time": 1620379020674,
      "parameters": {
        "oldValue": 1.54933349609375,
        "newValue": 1.576
      }
    }
  ]
}
{
  "messageIndex": 16,
  "eventType": "user",
  "phetioID": "beersLawLab.beersLawScreen.view.cuvetteNode.cuvetteDragHandler",
  "componentType": "TTandemDragHandler",
  "event": "dragged",
  "time": 1620379020602,
  "parameters": {
    "x": 562,
    "y": 288
  },
  "children": [
    {
      "messageIndex": 17,
      "eventType": "model",
      "phetioID": "beersLawLab.beersLawScreen.model.cuvette.widthProperty",
      "componentType": "TProperty",
      "event": "changed",
      "time": 1620379020602,
      "parameters": {
        "oldValue": 1.29333349609375,
        "newValue": 1.336
      }
    }
  ]
}
{
  "messageIndex": 20,
  "eventType": "user",
  "phetioID": "beersLawLab.beersLawScreen.view.cuvetteNode.cuvetteDragHandler",
  "componentType": "TTandemDragHandler",
  "event": "dragged",
  "time": 1620379020643,
  "parameters": {
    "x": 580.6666870117188,
    "y": 282.66668701171875
  },
  "children": [
    {
      "messageIndex": 21,
      "eventType": "model",
      "phetioID": "beersLawLab.beersLawScreen.model.cuvette.widthProperty",
      "componentType": "TProperty",
      "event": "changed",
      "time": 1620379020643,
      "parameters": {
        "oldValue": 1.40533349609375,
        "newValue": 1.4853334960937499
      }
    }
  ]
}
{
  "messageIndex": 18,
  "eventType": "user",
  "phetioID": "beersLawLab.beersLawScreen.view.cuvetteNode.cuvetteDragHandler",
  "componentType": "TTandemDragHandler",
  "event": "dragged",
  "time": 1620379020615,
  "parameters": {
    "x": 570.6666870117188,
    "y": 285.3333435058594
  },
  "children": [
    {
      "messageIndex": 19,
      "eventType": "model",
      "phetioID": "beersLawLab.beersLawScreen.model.cuvette.widthProperty",
      "componentType": "TProperty",
      "event": "changed",
      "time": 1620379020615,
      "parameters": {
        "oldValue": 1.336,
        "newValue": 1.40533349609375
      }
    }
  ]
}
{
  "messageIndex": 22,
  "eventType": "user",
  "phetioID": "beersLawLab.beersLawScreen.view.cuvetteNode.cuvetteDragHandler",
  "componentType": "TTandemDragHandler",
  "event": "dragged",
  "time": 1620379020656,
  "parameters": {
    "x": 588.6666870117188,
    "y": 278.66668701171875
  },
  "children": [
    {
      "messageIndex": 23,
      "eventType": "model",
      "phetioID": "beersLawLab.beersLawScreen.model.cuvette.widthProperty",
      "componentType": "TProperty",
      "event": "changed",
      "time": 1620379020656,
      "parameters": {
        "oldValue": 1.4853334960937499,
        "newValue": 1.54933349609375
      }
    }
  ]
}
{
  "messageIndex": 28,
  "eventType": "user",
  "phetioID": "beersLawLab.beersLawScreen.view.cuvetteNode.cuvetteDragHandler",
  "componentType": "TTandemDragHandler",
  "event": "dragged",
  "time": 1620379020717,
  "parameters": {
    "x": 599.3333740234375,
    "y": 268.66668701171875
  },
  "children": [
    {
      "messageIndex": 29,
      "eventType": "model",
      "phetioID": "beersLawLab.beersLawScreen.model.cuvette.widthProperty",
      "componentType": "TProperty",
      "event": "changed",
      "time": 1620379020717,
      "parameters": {
        "oldValue": 1.6186669921874999,
        "newValue": 1.6346669921875
      }
    }
  ]
}
{
  "messageIndex": 32,
  "eventType": "user",
  "phetioID": "beersLawLab.beersLawScreen.view.cuvetteNode.cuvetteDragHandler",
  "componentType": "TTandemDragHandler",
  "event": "dragged",
  "time": 1620379020745,
  "parameters": {
    "x": 598,
    "y": 267.3333435058594
  },
  "children": [
    {
      "messageIndex": 33,
      "eventType": "model",
      "phetioID": "beersLawLab.beersLawScreen.model.cuvette.widthProperty",
      "componentType": "TProperty",
      "event": "changed",
      "time": 1620379020745,
      "parameters": {
        "oldValue": 1.62933349609375,
        "newValue": 1.624
      }
    }
  ]
}
{
  "messageIndex": 34,
  "eventType": "user",
  "phetioID": "beersLawLab.beersLawScreen.view.cuvetteNode.cuvetteDragHandler",
  "componentType": "TTandemDragHandler",
  "event": "dragged",
  "time": 1620379020760,
  "parameters": {
    "x": 596.6666870117188,
    "y": 267.3333435058594
  },
  "children": [
    {
      "messageIndex": 35,
      "eventType": "model",
      "phetioID": "beersLawLab.beersLawScreen.model.cuvette.widthProperty",
      "componentType": "TProperty",
      "event": "changed",
      "time": 1620379020760,
      "parameters": {
        "oldValue": 1.624,
        "newValue": 1.61333349609375
      }
    }
  ]
}
{
  "messageIndex": 36,
  "eventType": "user",
  "phetioID": "beersLawLab.beersLawScreen.view.cuvetteNode.cuvetteDragHandler",
  "componentType": "TTandemDragHandler",
  "event": "dragged",
  "time": 1620379020778,
  "parameters": {
    "x": 589.3333740234375,
    "y": 268
  },
  "children": [
    {
      "messageIndex": 37,
      "eventType": "model",
      "phetioID": "beersLawLab.beersLawScreen.model.cuvette.widthProperty",
      "componentType": "TProperty",
      "event": "changed",
      "time": 1620379020778,
      "parameters": {
        "oldValue": 1.61333349609375,
        "newValue": 1.5546669921875
      }
    }
  ]
}
{
  "messageIndex": 38,
  "eventType": "user",
  "phetioID": "beersLawLab.beersLawScreen.view.cuvetteNode.cuvetteDragHandler",
  "componentType": "TTandemDragHandler",
  "event": "dragged",
  "time": 1620379020793,
  "parameters": {
    "x": 574,
    "y": 270
  },
  "children": [
    {
      "messageIndex": 39,
      "eventType": "model",
      "phetioID": "beersLawLab.beersLawScreen.model.cuvette.widthProperty",
      "componentType": "TProperty",
      "event": "changed",
      "time": 1620379020793,
      "parameters": {
        "oldValue": 1.5546669921875,
        "newValue": 1.432
      }
    }
  ]
}
{
  "messageIndex": 40,
  "eventType": "user",
  "phetioID": "beersLawLab.beersLawScreen.view.cuvetteNode.cuvetteDragHandler",
  "componentType": "TTandemDragHandler",
  "event": "dragged",
  "time": 1620379020810,
  "parameters": {
    "x": 566,
    "y": 272
  },
  "children": [
    {
      "messageIndex": 41,
      "eventType": "model",
      "phetioID": "beersLawLab.beersLawScreen.model.cuvette.widthProperty",
      "componentType": "TProperty",
      "event": "changed",
      "time": 1620379020810,
      "parameters": {
        "oldValue": 1.432,
        "newValue": 1.3679999999999999
      }
    }
  ]
}
{
  "messageIndex": 30,
  "eventType": "user",
  "phetioID": "beersLawLab.beersLawScreen.view.cuvetteNode.cuvetteDragHandler",
  "componentType": "TTandemDragHandler",
  "event": "dragged",
  "time": 1620379020735,
  "parameters": {
    "x": 598.6666870117188,
    "y": 267.3333435058594
  },
  "children": [
    {
      "messageIndex": 31,
      "eventType": "model",
      "phetioID": "beersLawLab.beersLawScreen.model.cuvette.widthProperty",
      "componentType": "TProperty",
      "event": "changed",
      "time": 1620379020735,
      "parameters": {
        "oldValue": 1.6346669921875,
        "newValue": 1.62933349609375
      }
    }
  ]
}
{
  "messageIndex": 42,
  "eventType": "user",
  "phetioID": "beersLawLab.beersLawScreen.view.cuvetteNode.cuvetteDragHandler",
  "componentType": "TTandemDragHandler",
  "event": "dragged",
  "time": 1620379020826,
  "parameters": {
    "x": 546,
    "y": 275.3333435058594
  },
  "children": [
    {
      "messageIndex": 43,
      "eventType": "model",
      "phetioID": "beersLawLab.beersLawScreen.model.cuvette.widthProperty",
      "componentType": "TProperty",
      "event": "changed",
      "time": 1620379020826,
      "parameters": {
        "oldValue": 1.3679999999999999,
        "newValue": 1.208
      }
    }
  ]
}
{
  "messageIndex": 44,
  "eventType": "user",
  "phetioID": "beersLawLab.beersLawScreen.view.cuvetteNode.cuvetteDragHandler",
  "componentType": "TTandemDragHandler",
  "event": "dragged",
  "time": 1620379020848,
  "parameters": {
    "x": 524,
    "y": 278.66668701171875
  },
  "children": [
    {
      "messageIndex": 45,
      "eventType": "model",
      "phetioID": "beersLawLab.beersLawScreen.model.cuvette.widthProperty",
      "componentType": "TProperty",
      "event": "changed",
      "time": 1620379020848,
      "parameters": {
        "oldValue": 1.208,
        "newValue": 1.032
      }
    }
  ]
}
{
  "messageIndex": 48,
  "eventType": "user",
  "phetioID": "beersLawLab.beersLawScreen.view.cuvetteNode.cuvetteDragHandler",
  "componentType": "TTandemDragHandler",
  "event": "dragged",
  "time": 1620379020880,
  "parameters": {
    "x": 493.3333740234375,
    "y": 280.66668701171875
  },
  "children": [
    {
      "messageIndex": 49,
      "eventType": "model",
      "phetioID": "beersLawLab.beersLawScreen.model.cuvette.widthProperty",
      "componentType": "TProperty",
      "event": "changed",
      "time": 1620379020881,
      "parameters": {
        "oldValue": 0.86133349609375,
        "newValue": 0.7866669921875
      }
    }
  ]
}
{
  "messageIndex": 46,
  "eventType": "user",
  "phetioID": "beersLawLab.beersLawScreen.view.cuvetteNode.cuvetteDragHandler",
  "componentType": "TTandemDragHandler",
  "event": "dragged",
  "time": 1620379020862,
  "parameters": {
    "x": 502.66668701171875,
    "y": 280.66668701171875
  },
  "children": [
    {
      "messageIndex": 47,
      "eventType": "model",
      "phetioID": "beersLawLab.beersLawScreen.model.cuvette.widthProperty",
      "componentType": "TProperty",
      "event": "changed",
      "time": 1620379020862,
      "parameters": {
        "oldValue": 1.032,
        "newValue": 0.86133349609375
      }
    }
  ]
}
{
  "messageIndex": 50,
  "eventType": "user",
  "phetioID": "beersLawLab.beersLawScreen.view.cuvetteNode.cuvetteDragHandler",
  "componentType": "TTandemDragHandler",
  "event": "dragged",
  "time": 1620379020895,
  "parameters": {
    "x": 474.66668701171875,
    "y": 280
  },
  "children": [
    {
      "messageIndex": 51,
      "eventType": "model",
      "phetioID": "beersLawLab.beersLawScreen.model.cuvette.widthProperty",
      "componentType": "TProperty",
      "event": "changed",
      "time": 1620379020895,
      "parameters": {
        "oldValue": 0.7866669921875,
        "newValue": 0.63733349609375
      }
    }
  ]
}
{
  "messageIndex": 52,
  "eventType": "user",
  "phetioID": "beersLawLab.beersLawScreen.view.cuvetteNode.cuvetteDragHandler",
  "componentType": "TTandemDragHandler",
  "event": "dragged",
  "time": 1620379020911,
  "parameters": {
    "x": 466,
    "y": 279.3333435058594
  },
  "children": [
    {
      "messageIndex": 53,
      "eventType": "model",
      "phetioID": "beersLawLab.beersLawScreen.model.cuvette.widthProperty",
      "componentType": "TProperty",
      "event": "changed",
      "time": 1620379020911,
      "parameters": {
        "oldValue": 0.63733349609375,
        "newValue": 0.5680000000000001
      }
    }
  ]
}
{
  "messageIndex": 54,
  "eventType": "user",
  "phetioID": "beersLawLab.beersLawScreen.view.cuvetteNode.cuvetteDragHandler",
  "componentType": "TTandemDragHandler",
  "event": "dragged",
  "time": 1620379020927,
  "parameters": {
    "x": 451.3333740234375,
    "y": 278.66668701171875
  },
  "children": [
    {
      "messageIndex": 55,
      "eventType": "model",
      "phetioID": "beersLawLab.beersLawScreen.model.cuvette.widthProperty",
      "componentType": "TProperty",
      "event": "changed",
      "time": 1620379020927,
      "parameters": {
        "oldValue": 0.5680000000000001,
        "newValue": 0.5
      }
    }
  ]
}
{
  "messageIndex": 56,
  "eventType": "user",
  "phetioID": "beersLawLab.beersLawScreen.view.cuvetteNode.cuvetteDragHandler",
  "componentType": "TTandemDragHandler",
  "event": "dragged",
  "time": 1620379020947,
  "parameters": {
    "x": 439.3333740234375,
    "y": 276.66668701171875
  }
}
{
  "messageIndex": 57,
  "eventType": "user",
  "phetioID": "beersLawLab.beersLawScreen.view.cuvetteNode.cuvetteDragHandler",
  "componentType": "TTandemDragHandler",
  "event": "dragged",
  "time": 1620379020962,
  "parameters": {
    "x": 431.3333740234375,
    "y": 276.66668701171875
  }
}
{
  "messageIndex": 58,
  "eventType": "user",
  "phetioID": "beersLawLab.beersLawScreen.view.cuvetteNode.cuvetteDragHandler",
  "componentType": "TTandemDragHandler",
  "event": "dragged",
  "time": 1620379020976,
  "parameters": {
    "x": 428.66668701171875,
    "y": 276
  }
}
{
  "messageIndex": 59,
  "eventType": "user",
  "phetioID": "beersLawLab.beersLawScreen.view.cuvetteNode.cuvetteDragHandler",
  "componentType": "TTandemDragHandler",
  "event": "dragged",
  "time": 1620379020992,
  "parameters": {
    "x": 425.3333740234375,
    "y": 275.3333435058594
  }
}
{
  "messageIndex": 60,
  "eventType": "user",
  "phetioID": "beersLawLab.beersLawScreen.view.cuvetteNode.cuvetteDragHandler",
  "componentType": "TTandemDragHandler",
  "event": "dragged",
  "time": 1620379021011,
  "parameters": {
    "x": 424.66668701171875,
    "y": 275.3333435058594
  }
}
{
  "messageIndex": 61,
  "eventType": "user",
  "phetioID": "beersLawLab.beersLawScreen.view.cuvetteNode.cuvetteDragHandler",
  "componentType": "TTandemDragHandler",
  "event": "dragEnded",
  "time": 1620379021036
}
{
  "messageIndex": 62,
  "eventType": "user",
  "phetioID": "beersLawLab.beersLawScreen.view.cuvetteNode.cuvetteDragHandler",
  "componentType": "TTandemDragHandler",
  "event": "dragStarted",
  "time": 1620379022579,
  "parameters": {
    "x": 459.3333740234375,
    "y": 282.66668701171875
  }
}
{
  "messageIndex": 63,
  "eventType": "user",
  "phetioID": "beersLawLab.beersLawScreen.view.cuvetteNode.cuvetteDragHandler",
  "componentType": "TTandemDragHandler",
  "event": "dragged",
  "time": 1620379022659,
  "parameters": {
    "x": 484.66668701171875,
    "y": 289.3333435058594
  },
  "children": [
    {
      "messageIndex": 64,
      "eventType": "model",
      "phetioID": "beersLawLab.beersLawScreen.model.cuvette.widthProperty",
      "componentType": "TProperty",
      "event": "changed",
      "time": 1620379022659,
      "parameters": {
        "oldValue": 0.5,
        "newValue": 0.7026665039062501
      }
    }
  ]
}
{
  "messageIndex": 65,
  "eventType": "user",
  "phetioID": "beersLawLab.beersLawScreen.view.cuvetteNode.cuvetteDragHandler",
  "componentType": "TTandemDragHandler",
  "event": "dragged",
  "time": 1620379022678,
  "parameters": {
    "x": 496,
    "y": 293.3333435058594
  },
  "children": [
    {
      "messageIndex": 66,
      "eventType": "model",
      "phetioID": "beersLawLab.beersLawScreen.model.cuvette.widthProperty",
      "componentType": "TProperty",
      "event": "changed",
      "time": 1620379022678,
      "parameters": {
        "oldValue": 0.7026665039062501,
        "newValue": 0.7933330078125
      }
    }
  ]
}
{
  "messageIndex": 67,
  "eventType": "user",
  "phetioID": "beersLawLab.beersLawScreen.view.cuvetteNode.cuvetteDragHandler",
  "componentType": "TTandemDragHandler",
  "event": "dragged",
  "time": 1620379022695,
  "parameters": {
    "x": 500.66668701171875,
    "y": 294.66668701171875
  },
  "children": [
    {
      "messageIndex": 68,
      "eventType": "model",
      "phetioID": "beersLawLab.beersLawScreen.model.cuvette.widthProperty",
      "componentType": "TProperty",
      "event": "changed",
      "time": 1620379022695,
      "parameters": {
        "oldValue": 0.7933330078125,
        "newValue": 0.83066650390625
      }
    }
  ]
}
{
  "messageIndex": 69,
  "eventType": "user",
  "phetioID": "beersLawLab.beersLawScreen.view.cuvetteNode.cuvetteDragHandler",
  "componentType": "TTandemDragHandler",
  "event": "dragged",
  "time": 1620379022712,
  "parameters": {
    "x": 507.3333740234375,
    "y": 296
  },
  "children": [
    {
      "messageIndex": 70,
      "eventType": "model",
      "phetioID": "beersLawLab.beersLawScreen.model.cuvette.widthProperty",
      "componentType": "TProperty",
      "event": "changed",
      "time": 1620379022712,
      "parameters": {
        "oldValue": 0.83066650390625,
        "newValue": 0.884
      }
    }
  ]
}
{
  "messageIndex": 71,
  "eventType": "user",
  "phetioID": "beersLawLab.beersLawScreen.view.cuvetteNode.cuvetteDragHandler",
  "componentType": "TTandemDragHandler",
  "event": "dragged",
  "time": 1620379022733,
  "parameters": {
    "x": 513.3333740234375,
    "y": 297.3333435058594
  },
  "children": [
    {
      "messageIndex": 72,
      "eventType": "model",
      "phetioID": "beersLawLab.beersLawScreen.model.cuvette.widthProperty",
      "componentType": "TProperty",
      "event": "changed",
      "time": 1620379022734,
      "parameters": {
        "oldValue": 0.884,
        "newValue": 0.9319999999999999
      }
    }
  ]
}
{
  "messageIndex": 73,
  "eventType": "user",
  "phetioID": "beersLawLab.beersLawScreen.view.cuvetteNode.cuvetteDragHandler",
  "componentType": "TTandemDragHandler",
  "event": "dragged",
  "time": 1620379022753,
  "parameters": {
    "x": 517.3333740234375,
    "y": 298.66668701171875
  },
  "children": [
    {
      "messageIndex": 74,
      "eventType": "model",
      "phetioID": "beersLawLab.beersLawScreen.model.cuvette.widthProperty",
      "componentType": "TProperty",
      "event": "changed",
      "time": 1620379022753,
      "parameters": {
        "oldValue": 0.9319999999999999,
        "newValue": 0.964
      }
    }
  ]
}
{
  "messageIndex": 77,
  "eventType": "user",
  "phetioID": "beersLawLab.beersLawScreen.view.cuvetteNode.cuvetteDragHandler",
  "componentType": "TTandemDragHandler",
  "event": "dragged",
  "time": 1620379022795,
  "parameters": {
    "x": 522.6666870117188,
    "y": 300
  },
  "children": [
    {
      "messageIndex": 78,
      "eventType": "model",
      "phetioID": "beersLawLab.beersLawScreen.model.cuvette.widthProperty",
      "componentType": "TProperty",
      "event": "changed",
      "time": 1620379022795,
      "parameters": {
        "oldValue": 0.9746665039062501,
        "newValue": 1.0066665039062501
      }
    }
  ]
}
{
  "messageIndex": 79,
  "eventType": "user",
  "phetioID": "beersLawLab.beersLawScreen.view.cuvetteNode.cuvetteDragHandler",
  "componentType": "TTandemDragHandler",
  "event": "dragged",
  "time": 1620379022817,
  "parameters": {
    "x": 524.6666870117188,
    "y": 301.3333740234375
  },
  "children": [
    {
      "messageIndex": 80,
      "eventType": "model",
      "phetioID": "beersLawLab.beersLawScreen.model.cuvette.widthProperty",
      "componentType": "TProperty",
      "event": "changed",
      "time": 1620379022817,
      "parameters": {
        "oldValue": 1.0066665039062501,
        "newValue": 1.0226665039062501
      }
    }
  ]
}
{
  "messageIndex": 75,
  "eventType": "user",
  "phetioID": "beersLawLab.beersLawScreen.view.cuvetteNode.cuvetteDragHandler",
  "componentType": "TTandemDragHandler",
  "event": "dragged",
  "time": 1620379022770,
  "parameters": {
    "x": 518.6666870117188,
    "y": 298.66668701171875
  },
  "children": [
    {
      "messageIndex": 76,
      "eventType": "model",
      "phetioID": "beersLawLab.beersLawScreen.model.cuvette.widthProperty",
      "componentType": "TProperty",
      "event": "changed",
      "time": 1620379022770,
      "parameters": {
        "oldValue": 0.964,
        "newValue": 0.9746665039062501
      }
    }
  ]
}
{
  "messageIndex": 81,
  "eventType": "user",
  "phetioID": "beersLawLab.beersLawScreen.view.cuvetteNode.cuvetteDragHandler",
  "componentType": "TTandemDragHandler",
  "event": "dragEnded",
  "time": 1620379022832,
  "children": [
    {
      "messageIndex": 82,
      "eventType": "model",
      "phetioID": "beersLawLab.beersLawScreen.model.cuvette.widthProperty",
      "componentType": "TProperty",
      "event": "changed",
      "time": 1620379022832,
      "parameters": {
        "oldValue": 1.0226665039062501,
        "newValue": 1
      }
    }
  ]
}
{
  "messageIndex": 83,
  "eventType": "user",
  "phetioID": "beersLawLab.beersLawScreen.view.wavelengthControls.variableWavelengthRadioButton",
  "componentType": "TRadioButton",
  "event": "fired",
  "time": 1620379025165,
  "parameters": {
    "value": true
  },
  "children": [
    {
      "messageIndex": 84,
      "eventType": "model",
      "phetioID": "beersLawLab.beersLawScreen.view.wavelengthControls.variableWavelengthProperty",
      "componentType": "TProperty",
      "event": "changed",
      "time": 1620379025166,
      "parameters": {
        "oldValue": false,
        "newValue": true
      }
    }
  ]
}
{
  "messageIndex": 85,
  "eventType": "user",
  "phetioID": "beersLawLab.beersLawScreen.view.wavelengthControls.wavelengthSlider.trackInputListener",
  "componentType": "TTandemDragHandler",
  "event": "dragStarted",
  "time": 1620379025801,
  "parameters": {
    "x": 294,
    "y": 318.66668701171875
  },
  "children": [
    {
      "messageIndex": 86,
      "eventType": "model",
      "phetioID": "beersLawLab.beersLawScreen.model.light.wavelengthProperty",
      "componentType": "TProperty",
      "event": "changed",
      "time": 1620379025801,
      "parameters": {
        "oldValue": 508,
        "newValue": 639
      },
      "children": [
        {
          "messageIndex": 87,
          "eventType": "model",
          "phetioID": "beersLawLab.beersLawScreen.view.wavelengthControls.valueDisplay",
          "componentType": "TTandemText",
          "event": "textChanged",
          "time": 1620379025802,
          "parameters": {
            "oldText": "‪508 ‪nm‬‬",
            "newText": "‪639 ‪nm‬‬"
          }
        }
      ]
    }
  ]
}
{
  "messageIndex": 88,
  "eventType": "user",
  "phetioID": "beersLawLab.beersLawScreen.view.wavelengthControls.wavelengthSlider.trackInputListener",
  "componentType": "TTandemDragHandler",
  "event": "dragged",
  "time": 1620379025926,
  "parameters": {
    "x": 278.66668701171875,
    "y": 318
  },
  "children": [
    {
      "messageIndex": 89,
      "eventType": "model",
      "phetioID": "beersLawLab.beersLawScreen.model.light.wavelengthProperty",
      "componentType": "TProperty",
      "event": "changed",
      "time": 1620379025926,
      "parameters": {
        "oldValue": 639,
        "newValue": 581
      },
      "children": [
        {
          "messageIndex": 90,
          "eventType": "model",
          "phetioID": "beersLawLab.beersLawScreen.view.wavelengthControls.valueDisplay",
          "componentType": "TTandemText",
          "event": "textChanged",
          "time": 1620379025927,
          "parameters": {
            "oldText": "‪639 ‪nm‬‬",
            "newText": "‪581 ‪nm‬‬"
          }
        }
      ]
    }
  ]
}
{
  "messageIndex": 91,
  "eventType": "user",
  "phetioID": "beersLawLab.beersLawScreen.view.wavelengthControls.wavelengthSlider.trackInputListener",
  "componentType": "TTandemDragHandler",
  "event": "dragged",
  "time": 1620379025934,
  "parameters": {
    "x": 277.3333435058594,
    "y": 318
  },
  "children": [
    {
      "messageIndex": 92,
      "eventType": "model",
      "phetioID": "beersLawLab.beersLawScreen.model.light.wavelengthProperty",
      "componentType": "TProperty",
      "event": "changed",
      "time": 1620379025935,
      "parameters": {
        "oldValue": 581,
        "newValue": 576
      },
      "children": [
        {
          "messageIndex": 93,
          "eventType": "model",
          "phetioID": "beersLawLab.beersLawScreen.view.wavelengthControls.valueDisplay",
          "componentType": "TTandemText",
          "event": "textChanged",
          "time": 1620379025937,
          "parameters": {
            "oldText": "‪581 ‪nm‬‬",
            "newText": "‪576 ‪nm‬‬"
          }
        }
      ]
    }
  ]
}
{
  "messageIndex": 94,
  "eventType": "user",
  "phetioID": "beersLawLab.beersLawScreen.view.wavelengthControls.wavelengthSlider.trackInputListener",
  "componentType": "TTandemDragHandler",
  "event": "dragged",
  "time": 1620379025943,
  "parameters": {
    "x": 276,
    "y": 318
  },
  "children": [
    {
      "messageIndex": 95,
      "eventType": "model",
      "phetioID": "beersLawLab.beersLawScreen.model.light.wavelengthProperty",
      "componentType": "TProperty",
      "event": "changed",
      "time": 1620379025943,
      "parameters": {
        "oldValue": 576,
        "newValue": 571
      },
      "children": [
        {
          "messageIndex": 96,
          "eventType": "model",
          "phetioID": "beersLawLab.beersLawScreen.view.wavelengthControls.valueDisplay",
          "componentType": "TTandemText",
          "event": "textChanged",
          "time": 1620379025944,
          "parameters": {
            "oldText": "‪576 ‪nm‬‬",
            "newText": "‪571 ‪nm‬‬"
          }
        }
      ]
    }
  ]
}
{
  "messageIndex": 97,
  "eventType": "user",
  "phetioID": "beersLawLab.beersLawScreen.view.wavelengthControls.wavelengthSlider.trackInputListener",
  "componentType": "TTandemDragHandler",
  "event": "dragged",
  "time": 1620379025964,
  "parameters": {
    "x": 273.3333435058594,
    "y": 318
  },
  "children": [
    {
      "messageIndex": 98,
      "eventType": "model",
      "phetioID": "beersLawLab.beersLawScreen.model.light.wavelengthProperty",
      "componentType": "TProperty",
      "event": "changed",
      "time": 1620379025964,
      "parameters": {
        "oldValue": 571,
        "newValue": 561
      },
      "children": [
        {
          "messageIndex": 99,
          "eventType": "model",
          "phetioID": "beersLawLab.beersLawScreen.view.wavelengthControls.valueDisplay",
          "componentType": "TTandemText",
          "event": "textChanged",
          "time": 1620379025967,
          "parameters": {
            "oldText": "‪571 ‪nm‬‬",
            "newText": "‪561 ‪nm‬‬"
          }
        }
      ]
    }
  ]
}
{
  "messageIndex": 100,
  "eventType": "user",
  "phetioID": "beersLawLab.beersLawScreen.view.wavelengthControls.wavelengthSlider.trackInputListener",
  "componentType": "TTandemDragHandler",
  "event": "dragged",
  "time": 1620379025980,
  "parameters": {
    "x": 272.66668701171875,
    "y": 318.66668701171875
  },
  "children": [
    {
      "messageIndex": 101,
      "eventType": "model",
      "phetioID": "beersLawLab.beersLawScreen.model.light.wavelengthProperty",
      "componentType": "TProperty",
      "event": "changed",
      "time": 1620379025980,
      "parameters": {
        "oldValue": 561,
        "newValue": 559
      },
      "children": [
        {
          "messageIndex": 102,
          "eventType": "model",
          "phetioID": "beersLawLab.beersLawScreen.view.wavelengthControls.valueDisplay",
          "componentType": "TTandemText",
          "event": "textChanged",
          "time": 1620379025981,
          "parameters": {
            "oldText": "‪561 ‪nm‬‬",
            "newText": "‪559 ‪nm‬‬"
          }
        }
      ]
    }
  ]
}
{
  "messageIndex": 103,
  "eventType": "user",
  "phetioID": "beersLawLab.beersLawScreen.view.wavelengthControls.wavelengthSlider.trackInputListener",
  "componentType": "TTandemDragHandler",
  "event": "dragged",
  "time": 1620379025993,
  "parameters": {
    "x": 270.66668701171875,
    "y": 318.66668701171875
  },
  "children": [
    {
      "messageIndex": 104,
      "eventType": "model",
      "phetioID": "beersLawLab.beersLawScreen.model.light.wavelengthProperty",
      "componentType": "TProperty",
      "event": "changed",
      "time": 1620379025993,
      "parameters": {
        "oldValue": 559,
        "newValue": 551
      },
      "children": [
        {
          "messageIndex": 105,
          "eventType": "model",
          "phetioID": "beersLawLab.beersLawScreen.view.wavelengthControls.valueDisplay",
          "componentType": "TTandemText",
          "event": "textChanged",
          "time": 1620379025995,
          "parameters": {
            "oldText": "‪559 ‪nm‬‬",
            "newText": "‪551 ‪nm‬‬"
          }
        }
      ]
    }
  ]
}
{
  "messageIndex": 106,
  "eventType": "user",
  "phetioID": "beersLawLab.beersLawScreen.view.wavelengthControls.wavelengthSlider.trackInputListener",
  "componentType": "TTandemDragHandler",
  "event": "dragged",
  "time": 1620379026012,
  "parameters": {
    "x": 269.3333435058594,
    "y": 318.66668701171875
  },
  "children": [
    {
      "messageIndex": 107,
      "eventType": "model",
      "phetioID": "beersLawLab.beersLawScreen.model.light.wavelengthProperty",
      "componentType": "TProperty",
      "event": "changed",
      "time": 1620379026012,
      "parameters": {
        "oldValue": 551,
        "newValue": 546
      },
      "children": [
        {
          "messageIndex": 108,
          "eventType": "model",
          "phetioID": "beersLawLab.beersLawScreen.view.wavelengthControls.valueDisplay",
          "componentType": "TTandemText",
          "event": "textChanged",
          "time": 1620379026013,
          "parameters": {
            "oldText": "‪551 ‪nm‬‬",
            "newText": "‪546 ‪nm‬‬"
          }
        }
      ]
    }
  ]
}
{
  "messageIndex": 109,
  "eventType": "user",
  "phetioID": "beersLawLab.beersLawScreen.view.wavelengthControls.wavelengthSlider.trackInputListener",
  "componentType": "TTandemDragHandler",
  "event": "dragged",
  "time": 1620379026037,
  "parameters": {
    "x": 268,
    "y": 318.66668701171875
  },
  "children": [
    {
      "messageIndex": 110,
      "eventType": "model",
      "phetioID": "beersLawLab.beersLawScreen.model.light.wavelengthProperty",
      "componentType": "TProperty",
      "event": "changed",
      "time": 1620379026037,
      "parameters": {
        "oldValue": 546,
        "newValue": 541
      },
      "children": [
        {
          "messageIndex": 111,
          "eventType": "model",
          "phetioID": "beersLawLab.beersLawScreen.view.wavelengthControls.valueDisplay",
          "componentType": "TTandemText",
          "event": "textChanged",
          "time": 1620379026041,
          "parameters": {
            "oldText": "‪546 ‪nm‬‬",
            "newText": "‪541 ‪nm‬‬"
          }
        }
      ]
    }
  ]
}
{
  "messageIndex": 112,
  "eventType": "user",
  "phetioID": "beersLawLab.beersLawScreen.view.wavelengthControls.wavelengthSlider.trackInputListener",
  "componentType": "TTandemDragHandler",
  "event": "dragged",
  "time": 1620379026055,
  "parameters": {
    "x": 267.3333435058594,
    "y": 318.66668701171875
  },
  "children": [
    {
      "messageIndex": 113,
      "eventType": "model",
      "phetioID": "beersLawLab.beersLawScreen.model.light.wavelengthProperty",
      "componentType": "TProperty",
      "event": "changed",
      "time": 1620379026056,
      "parameters": {
        "oldValue": 541,
        "newValue": 539
      },
      "children": [
        {
          "messageIndex": 114,
          "eventType": "model",
          "phetioID": "beersLawLab.beersLawScreen.view.wavelengthControls.valueDisplay",
          "componentType": "TTandemText",
          "event": "textChanged",
          "time": 1620379026059,
          "parameters": {
            "oldText": "‪541 ‪nm‬‬",
            "newText": "‪539 ‪nm‬‬"
          }
        }
      ]
    }
  ]
}
{
  "messageIndex": 115,
  "eventType": "user",
  "phetioID": "beersLawLab.beersLawScreen.view.wavelengthControls.wavelengthSlider.trackInputListener",
  "componentType": "TTandemDragHandler",
  "event": "dragged",
  "time": 1620379026072,
  "parameters": {
    "x": 266.66668701171875,
    "y": 318.66668701171875
  },
  "children": [
    {
      "messageIndex": 116,
      "eventType": "model",
      "phetioID": "beersLawLab.beersLawScreen.model.light.wavelengthProperty",
      "componentType": "TProperty",
      "event": "changed",
      "time": 1620379026072,
      "parameters": {
        "oldValue": 539,
        "newValue": 536
      },
      "children": [
        {
          "messageIndex": 117,
          "eventType": "model",
          "phetioID": "beersLawLab.beersLawScreen.view.wavelengthControls.valueDisplay",
          "componentType": "TTandemText",
          "event": "textChanged",
          "time": 1620379026073,
          "parameters": {
            "oldText": "‪539 ‪nm‬‬",
            "newText": "‪536 ‪nm‬‬"
          }
        }
      ]
    }
  ]
}
{
  "messageIndex": 118,
  "eventType": "user",
  "phetioID": "beersLawLab.beersLawScreen.view.wavelengthControls.wavelengthSlider.trackInputListener",
  "componentType": "TTandemDragHandler",
  "event": "dragged",
  "time": 1620379026110,
  "parameters": {
    "x": 266,
    "y": 318.66668701171875
  },
  "children": [
    {
      "messageIndex": 119,
      "eventType": "model",
      "phetioID": "beersLawLab.beersLawScreen.model.light.wavelengthProperty",
      "componentType": "TProperty",
      "event": "changed",
      "time": 1620379026111,
      "parameters": {
        "oldValue": 536,
        "newValue": 534
      },
      "children": [
        {
          "messageIndex": 120,
          "eventType": "model",
          "phetioID": "beersLawLab.beersLawScreen.view.wavelengthControls.valueDisplay",
          "componentType": "TTandemText",
          "event": "textChanged",
          "time": 1620379026112,
          "parameters": {
            "oldText": "‪536 ‪nm‬‬",
            "newText": "‪534 ‪nm‬‬"
          }
        }
      ]
    }
  ]
}
{
  "messageIndex": 121,
  "eventType": "user",
  "phetioID": "beersLawLab.beersLawScreen.view.wavelengthControls.wavelengthSlider.trackInputListener",
  "componentType": "TTandemDragHandler",
  "event": "dragged",
  "time": 1620379026158,
  "parameters": {
    "x": 265.3333435058594,
    "y": 318.66668701171875
  },
  "children": [
    {
      "messageIndex": 122,
      "eventType": "model",
      "phetioID": "beersLawLab.beersLawScreen.model.light.wavelengthProperty",
      "componentType": "TProperty",
      "event": "changed",
      "time": 1620379026158,
      "parameters": {
        "oldValue": 534,
        "newValue": 531
      },
      "children": [
        {
          "messageIndex": 123,
          "eventType": "model",
          "phetioID": "beersLawLab.beersLawScreen.view.wavelengthControls.valueDisplay",
          "componentType": "TTandemText",
          "event": "textChanged",
          "time": 1620379026159,
          "parameters": {
            "oldText": "‪534 ‪nm‬‬",
            "newText": "‪531 ‪nm‬‬"
          }
        }
      ]
    }
  ]
}
{
  "messageIndex": 124,
  "eventType": "user",
  "phetioID": "beersLawLab.beersLawScreen.view.wavelengthControls.wavelengthSlider.trackInputListener",
  "componentType": "TTandemDragHandler",
  "event": "dragged",
  "time": 1620379026210,
  "parameters": {
    "x": 264.66668701171875,
    "y": 318.66668701171875
  },
  "children": [
    {
      "messageIndex": 125,
      "eventType": "model",
      "phetioID": "beersLawLab.beersLawScreen.model.light.wavelengthProperty",
      "componentType": "TProperty",
      "event": "changed",
      "time": 1620379026211,
      "parameters": {
        "oldValue": 531,
        "newValue": 529
      },
      "children": [
        {
          "messageIndex": 126,
          "eventType": "model",
          "phetioID": "beersLawLab.beersLawScreen.view.wavelengthControls.valueDisplay",
          "componentType": "TTandemText",
          "event": "textChanged",
          "time": 1620379026212,
          "parameters": {
            "oldText": "‪531 ‪nm‬‬",
            "newText": "‪529 ‪nm‬‬"
          }
        }
      ]
    }
  ]
}
{
  "messageIndex": 127,
  "eventType": "user",
  "phetioID": "beersLawLab.beersLawScreen.view.wavelengthControls.wavelengthSlider.trackInputListener",
  "componentType": "TTandemDragHandler",
  "event": "dragged",
  "time": 1620379026242,
  "parameters": {
    "x": 264,
    "y": 318.66668701171875
  },
  "children": [
    {
      "messageIndex": 128,
      "eventType": "model",
      "phetioID": "beersLawLab.beersLawScreen.model.light.wavelengthProperty",
      "componentType": "TProperty",
      "event": "changed",
      "time": 1620379026242,
      "parameters": {
        "oldValue": 529,
        "newValue": 526
      },
      "children": [
        {
          "messageIndex": 129,
          "eventType": "model",
          "phetioID": "beersLawLab.beersLawScreen.view.wavelengthControls.valueDisplay",
          "componentType": "TTandemText",
          "event": "textChanged",
          "time": 1620379026243,
          "parameters": {
            "oldText": "‪529 ‪nm‬‬",
            "newText": "‪526 ‪nm‬‬"
          }
        }
      ]
    }
  ]
}
{
  "messageIndex": 133,
  "eventType": "user",
  "phetioID": "beersLawLab.beersLawScreen.view.wavelengthControls.wavelengthSlider.trackInputListener",
  "componentType": "TTandemDragHandler",
  "event": "dragEnded",
  "time": 1620379026322
}
{
  "messageIndex": 130,
  "eventType": "user",
  "phetioID": "beersLawLab.beersLawScreen.view.wavelengthControls.wavelengthSlider.trackInputListener",
  "componentType": "TTandemDragHandler",
  "event": "dragged",
  "time": 1620379026291,
  "parameters": {
    "x": 263.3333435058594,
    "y": 319.3333740234375
  },
  "children": [
    {
      "messageIndex": 131,
      "eventType": "model",
      "phetioID": "beersLawLab.beersLawScreen.model.light.wavelengthProperty",
      "componentType": "TProperty",
      "event": "changed",
      "time": 1620379026292,
      "parameters": {
        "oldValue": 526,
        "newValue": 524
      },
      "children": [
        {
          "messageIndex": 132,
          "eventType": "model",
          "phetioID": "beersLawLab.beersLawScreen.view.wavelengthControls.valueDisplay",
          "componentType": "TTandemText",
          "event": "textChanged",
          "time": 1620379026292,
          "parameters": {
            "oldText": "‪526 ‪nm‬‬",
            "newText": "‪524 ‪nm‬‬"
          }
        }
      ]
    }
  ]
}
{
  "messageIndex": 134,
  "eventType": "user",
  "phetioID": "beersLawLab.beersLawScreen.view.solutionControls.comboBox",
  "componentType": "TComboBox",
  "event": "popupShown",
  "time": 1620379027523
}
{
  "messageIndex": 135,
  "eventType": "user",
  "phetioID": "beersLawLab.beersLawScreen.view.solutionControls.comboBox",
  "componentType": "TComboBox",
  "event": "fired",
  "time": 1620379028330,
  "parameters": {
    "value": "beersLawLab.beersLawScreen.solutions.cobaltChloride"
  },
  "children": [
    {
      "messageIndex": 136,
      "eventType": "model",
      "phetioID": "beersLawLab.beersLawScreen.model.solutionProperty",
      "componentType": "TProperty",
      "event": "changed",
      "time": 1620379028330,
      "parameters": {
        "oldValue": "beersLawLab.beersLawScreen.solutions.drinkMix",
        "newValue": "beersLawLab.beersLawScreen.solutions.cobaltChloride"
      },
      "children": [
        {
          "messageIndex": 137,
          "eventType": "model",
          "phetioID": "beersLawLab.beersLawScreen.model.light.wavelengthProperty",
          "componentType": "TProperty",
          "event": "changed",
          "time": 1620379028330,
          "parameters": {
            "oldValue": 524,
            "newValue": 549
          },
          "children": [
            {
              "messageIndex": 138,
              "eventType": "model",
              "phetioID": "beersLawLab.beersLawScreen.view.wavelengthControls.valueDisplay",
              "componentType": "TTandemText",
              "event": "textChanged",
              "time": 1620379028331,
              "parameters": {
                "oldText": "‪524 ‪nm‬‬",
                "newText": "‪549 ‪nm‬‬"
              }
            }
          ]
        }
      ]
    }
  ]
}
{
  "messageIndex": 139,
  "eventType": "user",
  "phetioID": "beersLawLab.beersLawScreen.view.solutionControls.concentrationControl.slider.plusButton",
  "componentType": "TPushButton",
  "event": "fired",
  "time": 1620379029514,
  "children": [
    {
      "messageIndex": 140,
      "eventType": "model",
      "phetioID": "beersLawLab.beersLawScreen.solutions.cobaltChloride.concentrationProperty",
      "componentType": "TProperty",
      "event": "changed",
      "time": 1620379029514,
      "parameters": {
        "oldValue": 0.1,
        "newValue": 0.101
      }
    }
  ]
}
{
  "messageIndex": 141,
  "eventType": "user",
  "phetioID": "beersLawLab.beersLawScreen.view.solutionControls.concentrationControl.slider.plusButton",
  "componentType": "TPushButton",
  "event": "fired",
  "time": 1620379029696,
  "children": [
    {
      "messageIndex": 142,
      "eventType": "model",
      "phetioID": "beersLawLab.beersLawScreen.solutions.cobaltChloride.concentrationProperty",
      "componentType": "TProperty",
      "event": "changed",
      "time": 1620379029696,
      "parameters": {
        "oldValue": 0.101,
        "newValue": 0.10200000000000001
      }
    }
  ]
}
{
  "messageIndex": 143,
  "eventType": "user",
  "phetioID": "beersLawLab.beersLawScreen.view.solutionControls.concentrationControl.slider.plusButton",
  "componentType": "TPushButton",
  "event": "fired",
  "time": 1620379029864,
  "children": [
    {
      "messageIndex": 144,
      "eventType": "model",
      "phetioID": "beersLawLab.beersLawScreen.solutions.cobaltChloride.concentrationProperty",
      "componentType": "TProperty",
      "event": "changed",
      "time": 1620379029864,
      "parameters": {
        "oldValue": 0.10200000000000001,
        "newValue": 0.10300000000000001
      }
    }
  ]
}
{
  "messageIndex": 145,
  "eventType": "user",
  "phetioID": "beersLawLab.beersLawScreen.view.solutionControls.concentrationControl.slider.plusButton",
  "componentType": "TPushButton",
  "event": "fired",
  "time": 1620379030029,
  "children": [
    {
      "messageIndex": 146,
      "eventType": "model",
      "phetioID": "beersLawLab.beersLawScreen.solutions.cobaltChloride.concentrationProperty",
      "componentType": "TProperty",
      "event": "changed",
      "time": 1620379030029,
      "parameters": {
        "oldValue": 0.10300000000000001,
        "newValue": 0.10400000000000001
      }
    }
  ]
}
{
  "messageIndex": 147,
  "eventType": "user",
  "phetioID": "beersLawLab.beersLawScreen.view.solutionControls.concentrationControl.slider.plusButton",
  "componentType": "TPushButton",
  "event": "fired",
  "time": 1620379030211,
  "children": [
    {
      "messageIndex": 148,
      "eventType": "model",
      "phetioID": "beersLawLab.beersLawScreen.solutions.cobaltChloride.concentrationProperty",
      "componentType": "TProperty",
      "event": "changed",
      "time": 1620379030211,
      "parameters": {
        "oldValue": 0.10400000000000001,
        "newValue": 0.10500000000000001
      }
    }
  ]
}
{
  "messageIndex": 149,
  "eventType": "user",
  "phetioID": "beersLawLab.beersLawScreen.view.solutionControls.concentrationControl.slider.plusButton",
  "componentType": "TPushButton",
  "event": "fired",
  "time": 1620379030399,
  "children": [
    {
      "messageIndex": 150,
      "eventType": "model",
      "phetioID": "beersLawLab.beersLawScreen.solutions.cobaltChloride.concentrationProperty",
      "componentType": "TProperty",
      "event": "changed",
      "time": 1620379030399,
      "parameters": {
        "oldValue": 0.10500000000000001,
        "newValue": 0.10600000000000001
      }
    }
  ]
}
{
  "messageIndex": 151,
  "eventType": "user",
  "phetioID": "beersLawLab.beersLawScreen.view.solutionControls.concentrationControl.slider.plusButton",
  "componentType": "TPushButton",
  "event": "fired",
  "time": 1620379030847,
  "children": [
    {
      "messageIndex": 152,
      "eventType": "model",
      "phetioID": "beersLawLab.beersLawScreen.solutions.cobaltChloride.concentrationProperty",
      "componentType": "TProperty",
      "event": "changed",
      "time": 1620379030847,
      "parameters": {
        "oldValue": 0.10600000000000001,
        "newValue": 0.10700000000000001
      }
    }
  ]
}
{
  "messageIndex": 153,
  "eventType": "user",
  "phetioID": "beersLawLab.beersLawScreen.view.solutionControls.concentrationControl.slider.plusButton",
  "componentType": "TPushButton",
  "event": "fired",
  "time": 1620379031017,
  "children": [
    {
      "messageIndex": 154,
      "eventType": "model",
      "phetioID": "beersLawLab.beersLawScreen.solutions.cobaltChloride.concentrationProperty",
      "componentType": "TProperty",
      "event": "changed",
      "time": 1620379031018,
      "parameters": {
        "oldValue": 0.10700000000000001,
        "newValue": 0.10800000000000001
      }
    }
  ]
}
{
  "messageIndex": 155,
  "eventType": "user",
  "phetioID": "beersLawLab.beersLawScreen.view.solutionControls.concentrationControl.slider.plusButton",
  "componentType": "TPushButton",
  "event": "fired",
  "time": 1620379031180,
  "children": [
    {
      "messageIndex": 156,
      "eventType": "model",
      "phetioID": "beersLawLab.beersLawScreen.solutions.cobaltChloride.concentrationProperty",
      "componentType": "TProperty",
      "event": "changed",
      "time": 1620379031180,
      "parameters": {
        "oldValue": 0.10800000000000001,
        "newValue": 0.10900000000000001
      }
    }
  ]
}
{
  "messageIndex": 157,
  "eventType": "user",
  "phetioID": "beersLawLab.beersLawScreen.view.solutionControls.concentrationControl.slider.plusButton",
  "componentType": "TPushButton",
  "event": "fired",
  "time": 1620379031755,
  "children": [
    {
      "messageIndex": 158,
      "eventType": "model",
      "phetioID": "beersLawLab.beersLawScreen.solutions.cobaltChloride.concentrationProperty",
      "componentType": "TProperty",
      "event": "changed",
      "time": 1620379031755,
      "parameters": {
        "oldValue": 0.10900000000000001,
        "newValue": 0.11000000000000001
      }
    }
  ]
}
{
  "messageIndex": 159,
  "eventType": "user",
  "phetioID": "beersLawLab.beersLawScreen.view.solutionControls.concentrationControl.slider.plusButton",
  "componentType": "TPushButton",
  "event": "fired",
  "time": 1620379031892,
  "children": [
    {
      "messageIndex": 160,
      "eventType": "model",
      "phetioID": "beersLawLab.beersLawScreen.solutions.cobaltChloride.concentrationProperty",
      "componentType": "TProperty",
      "event": "changed",
      "time": 1620379031892,
      "parameters": {
        "oldValue": 0.11000000000000001,
        "newValue": 0.11100000000000002
      }
    }
  ]
}
{
  "messageIndex": 161,
  "eventType": "user",
  "phetioID": "beersLawLab.beersLawScreen.view.solutionControls.concentrationControl.slider.track.inputListener",
  "componentType": "TTandemDragHandler",
  "event": "dragStarted",
  "time": 1620379032731,
  "parameters": {
    "x": 739.3333740234375,
    "y": 446
  },
  "children": [
    {
      "messageIndex": 162,
      "eventType": "model",
      "phetioID": "beersLawLab.beersLawScreen.solutions.cobaltChloride.concentrationProperty",
      "componentType": "TProperty",
      "event": "changed",
      "time": 1620379032744,
      "parameters": {
        "oldValue": 0.11100000000000002,
        "newValue": 0.18581344280403492
      }
    }
  ]
}
{
  "messageIndex": 163,
  "eventType": "user",
  "phetioID": "beersLawLab.beersLawScreen.view.solutionControls.concentrationControl.slider.track.inputListener",
  "componentType": "TTandemDragHandler",
  "event": "dragged",
  "time": 1620379032798,
  "parameters": {
    "x": 744,
    "y": 444
  },
  "children": [
    {
      "messageIndex": 164,
      "eventType": "model",
      "phetioID": "beersLawLab.beersLawScreen.solutions.cobaltChloride.concentrationProperty",
      "componentType": "TProperty",
      "event": "changed",
      "time": 1620379032798,
      "parameters": {
        "oldValue": 0.18581344280403492,
        "newValue": 0.19401179059414284
      }
    }
  ]
}
{
  "messageIndex": 165,
  "eventType": "user",
  "phetioID": "beersLawLab.beersLawScreen.view.solutionControls.concentrationControl.slider.track.inputListener",
  "componentType": "TTandemDragHandler",
  "event": "dragEnded",
  "time": 1620379032800
}
{
  "messageIndex": 166,
  "eventType": "user",
  "phetioID": "beersLawLab.beersLawScreen.view.solutionControls.concentrationControl.slider.track.inputListener",
  "componentType": "TTandemDragHandler",
  "event": "dragStarted",
  "time": 1620379032952,
  "parameters": {
    "x": 774,
    "y": 446
  },
  "children": [
    {
      "messageIndex": 167,
      "eventType": "model",
      "phetioID": "beersLawLab.beersLawScreen.solutions.cobaltChloride.concentrationProperty",
      "componentType": "TProperty",
      "event": "changed",
      "time": 1620379032952,
      "parameters": {
        "oldValue": 0.19401179059414284,
        "newValue": 0.24671591450261382
      }
    }
  ]
}
{
  "messageIndex": 168,
  "eventType": "user",
  "phetioID": "beersLawLab.beersLawScreen.view.solutionControls.concentrationControl.slider.track.inputListener",
  "componentType": "TTandemDragHandler",
  "event": "dragEnded",
  "time": 1620379033017
}
{
  "messageIndex": 169,
  "eventType": "user",
  "phetioID": "beersLawLab.beersLawScreen.view.solutionControls.concentrationControl.slider.plusButton",
  "componentType": "TPushButton",
  "event": "fired",
  "time": 1620379033213,
  "children": [
    {
      "messageIndex": 170,
      "eventType": "model",
      "phetioID": "beersLawLab.beersLawScreen.solutions.cobaltChloride.concentrationProperty",
      "componentType": "TProperty",
      "event": "changed",
      "time": 1620379033213,
      "parameters": {
        "oldValue": 0.24671591450261382,
        "newValue": 0.24771591450261382
      }
    }
  ]
}
{
  "messageIndex": 171,
  "eventType": "user",
  "phetioID": "beersLawLab.beersLawScreen.view.solutionControls.concentrationControl.slider.plusButton",
  "componentType": "TPushButton",
  "event": "fired",
  "time": 1620379033369,
  "children": [
    {
      "messageIndex": 172,
      "eventType": "model",
      "phetioID": "beersLawLab.beersLawScreen.solutions.cobaltChloride.concentrationProperty",
      "componentType": "TProperty",
      "event": "changed",
      "time": 1620379033369,
      "parameters": {
        "oldValue": 0.24771591450261382,
        "newValue": 0.24871591450261382
      }
    }
  ]
}
{
  "messageIndex": 173,
  "eventType": "user",
  "phetioID": "beersLawLab.beersLawScreen.view.solutionControls.concentrationControl.slider.track.inputListener",
  "componentType": "TTandemDragHandler",
  "event": "dragStarted",
  "time": 1620379033751,
  "parameters": {
    "x": 719.3333740234375,
    "y": 453.3333740234375
  },
  "children": [
    {
      "messageIndex": 174,
      "eventType": "model",
      "phetioID": "beersLawLab.beersLawScreen.solutions.cobaltChloride.concentrationProperty",
      "componentType": "TProperty",
      "event": "changed",
      "time": 1620379033751,
      "parameters": {
        "oldValue": 0.24871591450261382,
        "newValue": 0.1506773601983877
      }
    }
  ]
}
{
  "messageIndex": 175,
  "eventType": "user",
  "phetioID": "beersLawLab.beersLawScreen.view.solutionControls.concentrationControl.slider.track.inputListener",
  "componentType": "TTandemDragHandler",
  "event": "dragEnded",
  "time": 1620379033837
}
{
  "messageIndex": 176,
  "eventType": "user",
  "phetioID": "beersLawLab.beersLawScreen.view.solutionControls.concentrationControl.slider.minusButton",
  "componentType": "TPushButton",
  "event": "fired",
  "time": 1620379035724,
  "children": [
    {
      "messageIndex": 177,
      "eventType": "model",
      "phetioID": "beersLawLab.beersLawScreen.solutions.cobaltChloride.concentrationProperty",
      "componentType": "TProperty",
      "event": "changed",
      "time": 1620379035724,
      "parameters": {
        "oldValue": 0.1506773601983877,
        "newValue": 0.1496773601983877
      }
    }
  ]
}
