{
  "messageIndex": 0,
  "eventType": "wrapper",
  "phetioID": "beersLawLab.simIFrameAPI",
  "componentType": "TSimIFrameAPI",
  "event": "invoked",
  "time": 1620814783101,
  "parameters": {
    "phetioID": "phetio",
    "method": "addExpressions",
    "args": [
      []
    ],
    "messageID": 2,
    "protocol": "phet-io-0.0.1"
  }
}
{
  "messageIndex": 1,
  "eventType": "wrapper",
  "phetioID": "beersLawLab.simIFrameAPI",
  "componentType": "TSimIFrameAPI",
  "event": "invoked",
  "time": 1620814783103,
  "parameters": {
    "phetioID": "phetio",
    "method": "launchSimulation",
    "args": [],
    "messageID": 3,
    "protocol": "phet-io-0.0.1"
  }
}
{
  "messageIndex": 2,
  "eventType": "model",
  "phetioID": "beersLawLab.sim",
  "componentType": "TSim",
  "event": "simStarted",
  "time": 1620814783114,
  "parameters": {
    "sessionID": null,
    "simName": "‪Beer's Law Lab‬",
    "simVersion": "1.6.15-phetio",
    "url": "https://phet-io.colorado.edu/sims/beers-law-lab/1.6.15-phetio/beers-law-lab_en-phetio.html?production&phetioEmitStates=false&phetioEmitInputEvents=false",
    "userAgent": "Mozilla/5.0 (Windows NT 10.0; Win64; x64; rv:78.0) Gecko/20100101 Firefox/78.0",
    "randomSeed": 0.6003521713812158,
    "provider": "PhET Interactive Simulations, University of Colorado Boulder"
  },
  "children": [
    {
      "messageIndex": 3,
      "eventType": "model",
      "phetioID": "beersLawLab.concentrationScreen.view.concentrationMeterNode.bodyNode.readoutTextNode",
      "componentType": "TTandemText",
      "event": "textChanged",
      "time": 1620814783235,
      "parameters": {
        "oldText": "‪1.000 ‪mol/L‬‬",
        "newText": "-"
      }
    },
    {
      "messageIndex": 4,
      "eventType": "model",
      "phetioID": "beersLawLab.beersLawScreen.view.detectorNode.bodyNode.valueNode",
      "componentType": "TTandemText",
      "event": "textChanged",
      "time": 1620814783317,
      "parameters": {
        "oldText": "‪100.00%‬",
        "newText": "-"
      }
    }
  ]
}
{
  "messageIndex": 5,
  "eventType": "user",
  "phetioID": "beersLawLab.homeScreen.view.beersLawScreenSmallButton",
  "componentType": "TScreenButton",
  "event": "fired",
  "time": 1620814787321,
  "children": [
    {
      "messageIndex": 6,
      "eventType": "model",
      "phetioID": "beersLawLab.sim.screenIndexProperty",
      "componentType": "TProperty",
      "event": "changed",
      "time": 1620814787321,
      "parameters": {
        "oldValue": 0,
        "newValue": 1
      }
    }
  ]
}
{
  "messageIndex": null,
  "eventType": "user",
  "phetioID": "beersLawLab.wrapper",
  "componentType": "WrapperButton",
  "event": "showPDF",
  "time": 1620814790662,
  "parameters": null
}
{
  "messageIndex": null,
  "eventType": "user",
  "phetioID": "beersLawLab.wrapper",
  "componentType": "WrapperButton",
  "event": "hidePDF",
  "time": 1620814798784,
  "parameters": null
}
{
  "messageIndex": 7,
  "eventType": "user",
  "phetioID": "beersLawLab.homeScreen.view.phetButton",
  "componentType": "TPushButton",
  "event": "fired",
  "time": 1620814801424
}
{
  "messageIndex": 8,
  "eventType": "user",
  "phetioID": "beersLawLab.sim.barrierRectangle",
  "componentType": "TBarrierRectangle",
  "event": "fired",
  "time": 1620814802123
}
{
  "messageIndex": 9,
  "eventType": "user",
  "phetioID": "beersLawLab.homeScreen.view.concentrationScreenSmallButton",
  "componentType": "TScreenButton",
  "event": "fired",
  "time": 1620814808391,
  "children": [
    {
      "messageIndex": 10,
      "eventType": "model",
      "phetioID": "beersLawLab.sim.screenIndexProperty",
      "componentType": "TProperty",
      "event": "changed",
      "time": 1620814808392,
      "parameters": {
        "oldValue": 1,
        "newValue": 0
      }
    }
  ]
}
{
  "messageIndex": 11,
  "eventType": "user",
  "phetioID": "beersLawLab.homeScreen.view.beersLawScreenSmallButton",
  "componentType": "TScreenButton",
  "event": "fired",
  "time": 1620814808982,
  "children": [
    {
      "messageIndex": 12,
      "eventType": "model",
      "phetioID": "beersLawLab.sim.screenIndexProperty",
      "componentType": "TProperty",
      "event": "changed",
      "time": 1620814808982,
      "parameters": {
        "oldValue": 0,
        "newValue": 1
      }
    }
  ]
}
{
  "messageIndex": 13,
  "eventType": "user",
  "phetioID": "beersLawLab.homeScreen.view.concentrationScreenSmallButton",
  "componentType": "TScreenButton",
  "event": "fired",
  "time": 1620814810407,
  "children": [
    {
      "messageIndex": 14,
      "eventType": "model",
      "phetioID": "beersLawLab.sim.screenIndexProperty",
      "componentType": "TProperty",
      "event": "changed",
      "time": 1620814810407,
      "parameters": {
        "oldValue": 1,
        "newValue": 0
      }
    }
  ]
}
{
  "messageIndex": 15,
  "eventType": "user",
  "phetioID": "beersLawLab.homeScreen.view.beersLawScreenSmallButton",
  "componentType": "TScreenButton",
  "event": "fired",
  "time": 1620814811411,
  "children": [
    {
      "messageIndex": 16,
      "eventType": "model",
      "phetioID": "beersLawLab.sim.screenIndexProperty",
      "componentType": "TProperty",
      "event": "changed",
      "time": 1620814811411,
      "parameters": {
        "oldValue": 0,
        "newValue": 1
      }
    }
  ]
}
{
  "messageIndex": 17,
  "eventType": "user",
  "phetioID": "beersLawLab.homeScreen.view.concentrationScreenSmallButton",
  "componentType": "TScreenButton",
  "event": "fired",
  "time": 1620814813276,
  "children": [
    {
      "messageIndex": 18,
      "eventType": "model",
      "phetioID": "beersLawLab.sim.screenIndexProperty",
      "componentType": "TProperty",
      "event": "changed",
      "time": 1620814813276,
      "parameters": {
        "oldValue": 1,
        "newValue": 0
      }
    }
  ]
}
{
  "messageIndex": 19,
  "eventType": "user",
  "phetioID": "beersLawLab.homeScreen.view.beersLawScreenSmallButton",
  "componentType": "TScreenButton",
  "event": "fired",
  "time": 1620814815070,
  "children": [
    {
      "messageIndex": 20,
      "eventType": "model",
      "phetioID": "beersLawLab.sim.screenIndexProperty",
      "componentType": "TProperty",
      "event": "changed",
      "time": 1620814815070,
      "parameters": {
        "oldValue": 0,
        "newValue": 1
      }
    }
  ]
}
