{
  "messageIndex": 0,
  "eventType": "wrapper",
  "phetioID": "beersLawLab.simIFrameAPI",
  "componentType": "TSimIFrameAPI",
  "event": "invoked",
  "time": 1621607647526,
  "parameters": {
    "phetioID": "phetio",
    "method": "addExpressions",
    "args": [
      []
    ],
    "messageID": 2,
    "protocol": "phet-io-0.0.1"
  }
}
{
  "messageIndex": 1,
  "eventType": "wrapper",
  "phetioID": "beersLawLab.simIFrameAPI",
  "componentType": "TSimIFrameAPI",
  "event": "invoked",
  "time": 1621607647528,
  "parameters": {
    "phetioID": "phetio",
    "method": "launchSimulation",
    "args": [],
    "messageID": 3,
    "protocol": "phet-io-0.0.1"
  }
}
{
  "messageIndex": 2,
  "eventType": "model",
  "phetioID": "beersLawLab.sim",
  "componentType": "TSim",
  "event": "simStarted",
  "time": 1621607647534,
  "parameters": {
    "sessionID": null,
    "simName": "‪Beer's Law Lab‬",
    "simVersion": "1.6.15-phetio",
    "url": "https://phet-io.colorado.edu/sims/beers-law-lab/1.6.15-phetio/beers-law-lab_en-phetio.html?production&phetioEmitStates=false&phetioEmitInputEvents=false",
    "userAgent": "Mozilla/5.0 (iPhone; CPU iPhone OS 14_4_2 like Mac OS X) AppleWebKit/605.1.15 (KHTML, like Gecko) Version/14.0.3 Mobile/15E148 Safari/604.1",
    "randomSeed": 0.4917294963188945,
    "provider": "PhET Interactive Simulations, University of Colorado Boulder"
  },
  "children": [
    {
      "messageIndex": 3,
      "eventType": "model",
      "phetioID": "beersLawLab.concentrationScreen.view.concentrationMeterNode.bodyNode.readoutTextNode",
      "componentType": "TTandemText",
      "event": "textChanged",
      "time": 1621607647630,
      "parameters": {
        "oldText": "‪1.000 ‪mol/L‬‬",
        "newText": "-"
      }
    },
    {
      "messageIndex": 4,
      "eventType": "model",
      "phetioID": "beersLawLab.beersLawScreen.view.detectorNode.bodyNode.valueNode",
      "componentType": "TTandemText",
      "event": "textChanged",
      "time": 1621607647687,
      "parameters": {
        "oldText": "‪100.00%‬",
        "newText": "-"
      }
    }
  ]
}
{
  "messageIndex": 6,
  "eventType": "user",
  "phetioID": "beersLawLab.homeScreen.view.beersLawScreenSmallButton",
  "componentType": "TScreenButton",
  "event": "fired",
  "time": 1621607648828
}
{
  "messageIndex": 5,
  "eventType": "model",
  "phetioID": "beersLawLab.sim.screenIndexProperty",
  "componentType": "TProperty",
  "event": "changed",
  "time": 1621607648823,
  "parameters": {
    "oldValue": 0,
    "newValue": 1
  }
}
{
  "messageIndex": 8,
  "eventType": "user",
  "phetioID": "beersLawLab.homeScreen.view.concentrationScreenSmallButton",
  "componentType": "TScreenButton",
  "event": "fired",
  "time": 1621607651618
}
{
  "messageIndex": 7,
  "eventType": "model",
  "phetioID": "beersLawLab.sim.screenIndexProperty",
  "componentType": "TProperty",
  "event": "changed",
  "time": 1621607651614,
  "parameters": {
    "oldValue": 1,
    "newValue": 0
  }
}
{
  "messageIndex": 10,
  "eventType": "user",
  "phetioID": "beersLawLab.homeScreen.view.beersLawScreenSmallButton",
  "componentType": "TScreenButton",
  "event": "fired",
  "time": 1621607652085
}
{
  "messageIndex": 9,
  "eventType": "model",
  "phetioID": "beersLawLab.sim.screenIndexProperty",
  "componentType": "TProperty",
  "event": "changed",
  "time": 1621607652081,
  "parameters": {
    "oldValue": 0,
    "newValue": 1
  }
}
{
  "messageIndex": null,
  "eventType": "user",
  "phetioID": "beersLawLab.wrapper",
  "componentType": "WrapperButton",
  "event": "showPDF",
  "time": 1621607660738,
  "parameters": null
}
{
  "messageIndex": 0,
  "eventType": "wrapper",
  "phetioID": "beersLawLab.simIFrameAPI",
  "componentType": "TSimIFrameAPI",
  "event": "invoked",
  "time": 1621607672522,
  "parameters": {
    "phetioID": "phetio",
    "method": "addExpressions",
    "args": [
      []
    ],
    "messageID": 2,
    "protocol": "phet-io-0.0.1"
  }
}
{
  "messageIndex": 2,
  "eventType": "model",
  "phetioID": "beersLawLab.sim",
  "componentType": "TSim",
  "event": "simStarted",
  "time": 1621607672528,
  "parameters": {
    "sessionID": null,
    "simName": "‪Beer's Law Lab‬",
    "simVersion": "1.6.15-phetio",
    "url": "https://phet-io.colorado.edu/sims/beers-law-lab/1.6.15-phetio/beers-law-lab_en-phetio.html?production&phetioEmitStates=false&phetioEmitInputEvents=false",
    "userAgent": "Mozilla/5.0 (iPhone; CPU iPhone OS 14_4_2 like Mac OS X) AppleWebKit/605.1.15 (KHTML, like Gecko) Version/14.0.3 Mobile/15E148 Safari/604.1",
    "randomSeed": 0.26253542566843013,
    "provider": "PhET Interactive Simulations, University of Colorado Boulder"
  },
  "children": [
    {
      "messageIndex": 3,
      "eventType": "model",
      "phetioID": "beersLawLab.concentrationScreen.view.concentrationMeterNode.bodyNode.readoutTextNode",
      "componentType": "TTandemText",
      "event": "textChanged",
      "time": 1621607672602,
      "parameters": {
        "oldText": "‪1.000 ‪mol/L‬‬",
        "newText": "-"
      }
    },
    {
      "messageIndex": 4,
      "eventType": "model",
      "phetioID": "beersLawLab.beersLawScreen.view.detectorNode.bodyNode.valueNode",
      "componentType": "TTandemText",
      "event": "textChanged",
      "time": 1621607672646,
      "parameters": {
        "oldText": "‪100.00%‬",
        "newText": "-"
      }
    }
  ]
}
{
  "messageIndex": 1,
  "eventType": "wrapper",
  "phetioID": "beersLawLab.simIFrameAPI",
  "componentType": "TSimIFrameAPI",
  "event": "invoked",
  "time": 1621607672524,
  "parameters": {
    "phetioID": "phetio",
    "method": "launchSimulation",
    "args": [],
    "messageID": 3,
    "protocol": "phet-io-0.0.1"
  }
}
{
  "messageIndex": 6,
  "eventType": "user",
  "phetioID": "beersLawLab.homeScreen.view.beersLawScreenSmallButton",
  "componentType": "TScreenButton",
  "event": "fired",
  "time": 1621607676021
}
{
  "messageIndex": 5,
  "eventType": "model",
  "phetioID": "beersLawLab.sim.screenIndexProperty",
  "componentType": "TProperty",
  "event": "changed",
  "time": 1621607676017,
  "parameters": {
    "oldValue": 0,
    "newValue": 1
  }
}
