{
  "messageIndex": 0,
  "eventType": "wrapper",
  "phetioID": "beersLawLab.simIFrameAPI",
  "componentType": "TSimIFrameAPI",
  "event": "invoked",
  "time": 1621609135030,
  "parameters": {
    "phetioID": "phetio",
    "method": "addExpressions",
    "args": [
      []
    ],
    "messageID": 2,
    "protocol": "phet-io-0.0.1"
  }
}
{
  "messageIndex": 1,
  "eventType": "wrapper",
  "phetioID": "beersLawLab.simIFrameAPI",
  "componentType": "TSimIFrameAPI",
  "event": "invoked",
  "time": 1621609135035,
  "parameters": {
    "phetioID": "phetio",
    "method": "launchSimulation",
    "args": [],
    "messageID": 3,
    "protocol": "phet-io-0.0.1"
  }
}
{
  "messageIndex": 2,
  "eventType": "model",
  "phetioID": "beersLawLab.sim",
  "componentType": "TSim",
  "event": "simStarted",
  "time": 1621609135053,
  "parameters": {
    "sessionID": null,
    "simName": "‪Beer's Law Lab‬",
    "simVersion": "1.6.15-phetio",
    "url": "https://phet-io.colorado.edu/sims/beers-law-lab/1.6.15-phetio/beers-law-lab_en-phetio.html?production&phetioEmitStates=false&phetioEmitInputEvents=false",
    "userAgent": "Mozilla/5.0 (Windows NT 10.0; Win64; x64; rv:87.0) Gecko/20100101 Firefox/87.0",
    "randomSeed": 0.26693615952296246,
    "provider": "PhET Interactive Simulations, University of Colorado Boulder"
  },
  "children": [
    {
      "messageIndex": 3,
      "eventType": "model",
      "phetioID": "beersLawLab.concentrationScreen.view.concentrationMeterNode.bodyNode.readoutTextNode",
      "componentType": "TTandemText",
      "event": "textChanged",
      "time": 1621609135270,
      "parameters": {
        "oldText": "‪1.000 ‪mol/L‬‬",
        "newText": "-"
      }
    },
    {
      "messageIndex": 4,
      "eventType": "model",
      "phetioID": "beersLawLab.beersLawScreen.view.detectorNode.bodyNode.valueNode",
      "componentType": "TTandemText",
      "event": "textChanged",
      "time": 1621609135492,
      "parameters": {
        "oldText": "‪100.00%‬",
        "newText": "-"
      }
    }
  ]
}
{
  "messageIndex": 5,
  "eventType": "user",
  "phetioID": "beersLawLab.homeScreen.view.concentrationScreenLargeButton",
  "componentType": "TScreenButton",
  "event": "fired",
  "time": 1621609140912,
  "children": [
    {
      "messageIndex": 6,
      "eventType": "model",
      "phetioID": "beersLawLab.sim.showHomeScreenProperty",
      "componentType": "TProperty",
      "event": "changed",
      "time": 1621609140912,
      "parameters": {
        "oldValue": true,
        "newValue": false
      }
    }
  ]
}
{
  "messageIndex": null,
  "eventType": "user",
  "phetioID": "beersLawLab.wrapper",
  "componentType": "WrapperButton",
  "event": "showPDF",
  "time": 1621609144391,
  "parameters": null
}
{
  "messageIndex": null,
  "eventType": "user",
  "phetioID": "beersLawLab.wrapper",
  "componentType": "WrapperButton",
  "event": "hidePDF",
  "time": 1621609191917,
  "parameters": null
}
{
  "messageIndex": 7,
  "eventType": "user",
  "phetioID": "beersLawLab.concentrationScreen.view.soluteControls.soluteComboBox",
  "componentType": "TComboBox",
  "event": "popupShown",
  "time": 1621609196977
}
{
  "messageIndex": 8,
  "eventType": "user",
  "phetioID": "beersLawLab.concentrationScreen.view.soluteControls.soluteComboBox",
  "componentType": "TComboBox",
  "event": "fired",
  "time": 1621609198555,
  "parameters": {
    "value": "beersLawLab.concentrationScreen.solutes.cobaltIINitrate"
  },
  "children": [
    {
      "messageIndex": 9,
      "eventType": "model",
      "phetioID": "beersLawLab.concentrationScreen.model.soluteProperty",
      "componentType": "TProperty",
      "event": "changed",
      "time": 1621609198556,
      "parameters": {
        "oldValue": "beersLawLab.concentrationScreen.solutes.drinkMix",
        "newValue": "beersLawLab.concentrationScreen.solutes.cobaltIINitrate"
      }
    }
  ]
}
{
  "messageIndex": 10,
  "eventType": "user",
  "phetioID": "beersLawLab.concentrationScreen.view.shakerNode.inputListener",
  "componentType": "TTandemDragHandler",
  "event": "dragStarted",
  "time": 1621609201198,
  "parameters": {
    "x": 461,
    "y": 50
  }
}
{
  "messageIndex": 11,
  "eventType": "user",
  "phetioID": "beersLawLab.concentrationScreen.view.shakerNode.inputListener",
  "componentType": "TTandemDragHandler",
  "event": "dragEnded",
  "time": 1621609201320
}
{
  "messageIndex": 12,
  "eventType": "user",
  "phetioID": "beersLawLab.concentrationScreen.view.shakerNode.inputListener",
  "componentType": "TTandemDragHandler",
  "event": "dragStarted",
  "time": 1621609203255,
  "parameters": {
    "x": 448,
    "y": 64
  }
}
{
  "messageIndex": 13,
  "eventType": "user",
  "phetioID": "beersLawLab.concentrationScreen.view.shakerNode.inputListener",
  "componentType": "TTandemDragHandler",
  "event": "dragEnded",
  "time": 1621609203379
}
{
  "messageIndex": 14,
  "eventType": "user",
  "phetioID": "beersLawLab.concentrationScreen.view.shakerNode.inputListener",
  "componentType": "TTandemDragHandler",
  "event": "dragStarted",
  "time": 1621609204760,
  "parameters": {
    "x": 432,
    "y": 38
  }
}
{
  "messageIndex": 15,
  "eventType": "user",
  "phetioID": "beersLawLab.concentrationScreen.view.shakerNode.inputListener",
  "componentType": "TTandemDragHandler",
  "event": "dragEnded",
  "time": 1621609204918
}
{
  "messageIndex": 16,
  "eventType": "user",
  "phetioID": "beersLawLab.concentrationScreen.view.shakerNode.inputListener",
  "componentType": "TTandemDragHandler",
  "event": "dragStarted",
  "time": 1621609204970,
  "parameters": {
    "x": 432,
    "y": 38
  }
}
{
  "messageIndex": 17,
  "eventType": "user",
  "phetioID": "beersLawLab.concentrationScreen.view.shakerNode.inputListener",
  "componentType": "TTandemDragHandler",
  "event": "dragEnded",
  "time": 1621609205100
}
