{
  "messageIndex": 1,
  "eventType": "wrapper",
  "phetioID": "beersLawLab.simIFrameAPI",
  "componentType": "TSimIFrameAPI",
  "event": "invoked",
  "time": 1621607692951,
  "parameters": {
    "phetioID": "phetio",
    "method": "launchSimulation",
    "args": [],
    "messageID": 3,
    "protocol": "phet-io-0.0.1"
  }
}
{
  "messageIndex": 0,
  "eventType": "wrapper",
  "phetioID": "beersLawLab.simIFrameAPI",
  "componentType": "TSimIFrameAPI",
  "event": "invoked",
  "time": 1621607692943,
  "parameters": {
    "phetioID": "phetio",
    "method": "addExpressions",
    "args": [
      []
    ],
    "messageID": 2,
    "protocol": "phet-io-0.0.1"
  }
}
{
  "messageIndex": 2,
  "eventType": "model",
  "phetioID": "beersLawLab.sim",
  "componentType": "TSim",
  "event": "simStarted",
  "time": 1621607692966,
  "parameters": {
    "sessionID": null,
    "simName": "‪Beer's Law Lab‬",
    "simVersion": "1.6.15-phetio",
    "url": "https://phet-io.colorado.edu/sims/beers-law-lab/1.6.15-phetio/beers-law-lab_en-phetio.html?production&phetioEmitStates=false&phetioEmitInputEvents=false",
    "userAgent": "Mozilla/5.0 (Linux; Android 11; SAMSUNG SM-A715F) AppleWebKit/537.36 (KHTML, like Gecko) SamsungBrowser/14.0 Chrome/87.0.4280.141 Mobile Safari/537.36",
    "randomSeed": 0.2142953861299206,
    "provider": "PhET Interactive Simulations, University of Colorado Boulder"
  },
  "children": [
    {
      "messageIndex": 3,
      "eventType": "model",
      "phetioID": "beersLawLab.concentrationScreen.view.concentrationMeterNode.bodyNode.readoutTextNode",
      "componentType": "TTandemText",
      "event": "textChanged",
      "time": 1621607693161,
      "parameters": {
        "oldText": "‪1.000 ‪mol/L‬‬",
        "newText": "-"
      }
    },
    {
      "messageIndex": 4,
      "eventType": "model",
      "phetioID": "beersLawLab.beersLawScreen.view.detectorNode.bodyNode.valueNode",
      "componentType": "TTandemText",
      "event": "textChanged",
      "time": 1621607693283,
      "parameters": {
        "oldText": "‪100.00%‬",
        "newText": "-"
      }
    }
  ]
}
{
  "messageIndex": 5,
  "eventType": "user",
  "phetioID": "beersLawLab.homeScreen.view.concentrationScreenLargeButton",
  "componentType": "TScreenButton",
  "event": "fired",
  "time": 1621607698115,
  "children": [
    {
      "messageIndex": 6,
      "eventType": "model",
      "phetioID": "beersLawLab.sim.showHomeScreenProperty",
      "componentType": "TProperty",
      "event": "changed",
      "time": 1621607698115,
      "parameters": {
        "oldValue": true,
        "newValue": false
      }
    }
  ]
}
{
  "messageIndex": null,
  "eventType": "user",
  "phetioID": "beersLawLab.wrapper",
  "componentType": "WrapperButton",
  "event": "showPDF",
  "time": 1621607703300,
  "parameters": null
}
{
  "messageIndex": null,
  "eventType": "user",
  "phetioID": "beersLawLab.wrapper",
  "componentType": "WrapperButton",
  "event": "hidePDF",
  "time": 1621607708950,
  "parameters": null
}
{
  "messageIndex": null,
  "eventType": "user",
  "phetioID": "beersLawLab.wrapper",
  "componentType": "WrapperButton",
  "event": "showPDF",
  "time": 1621607711217,
  "parameters": null
}
{
  "messageIndex": null,
  "eventType": "user",
  "phetioID": "beersLawLab.wrapper",
  "componentType": "WrapperButton",
  "event": "hidePDF",
  "time": 1621607714003,
  "parameters": null
}
{
  "messageIndex": 7,
  "eventType": "user",
  "phetioID": "beersLawLab.concentrationScreen.view.shakerNode.inputListener",
  "componentType": "TTandemDragHandler",
  "event": "dragStarted",
  "time": 1621607715580,
  "parameters": {
    "x": 278.57806396484375,
    "y": 472.3917541503906
  }
}
{
  "messageIndex": 8,
  "eventType": "user",
  "phetioID": "beersLawLab.concentrationScreen.view.shakerNode.inputListener",
  "componentType": "TTandemDragHandler",
  "event": "dragged",
  "time": 1621607715625,
  "parameters": {
    "x": 285.0247802734375,
    "y": 443.7394104003906
  },
  "children": [
    {
      "messageIndex": 9,
      "eventType": "model",
      "phetioID": "beersLawLab.concentrationScreen.model.shaker.locationProperty",
      "componentType": "TProperty",
      "event": "changed",
      "time": 1621607715626,
      "parameters": {
        "oldValue": {
          "x": 350,
          "y": 170
        },
        "newValue": {
          "x": 356.44671630859375,
          "y": 141.34765625
        }
      }
    }
  ]
}
{
  "messageIndex": 10,
  "eventType": "user",
  "phetioID": "beersLawLab.concentrationScreen.view.shakerNode.inputListener",
  "componentType": "TTandemDragHandler",
  "event": "dragged",
  "time": 1621607715641,
  "parameters": {
    "x": 285.5023498535156,
    "y": 421.45428466796875
  },
  "children": [
    {
      "messageIndex": 11,
      "eventType": "model",
      "phetioID": "beersLawLab.concentrationScreen.model.shaker.locationProperty",
      "componentType": "TProperty",
      "event": "changed",
      "time": 1621607715641,
      "parameters": {
        "oldValue": {
          "x": 356.44671630859375,
          "y": 141.34765625
        },
        "newValue": {
          "x": 356.9242858886719,
          "y": 119.06253051757812
        }
      }
    }
  ]
}
{
  "messageIndex": 12,
  "eventType": "user",
  "phetioID": "beersLawLab.concentrationScreen.view.shakerNode.inputListener",
  "componentType": "TTandemDragHandler",
  "event": "dragged",
  "time": 1621607715659,
  "parameters": {
    "x": 286.2186279296875,
    "y": 387.4960021972656
  },
  "children": [
    {
      "messageIndex": 13,
      "eventType": "model",
      "phetioID": "beersLawLab.concentrationScreen.model.shaker.locationProperty",
      "componentType": "TProperty",
      "event": "changed",
      "time": 1621607715659,
      "parameters": {
        "oldValue": {
          "x": 356.9242858886719,
          "y": 119.06253051757812
        },
        "newValue": {
          "x": 357.64056396484375,
          "y": 85.104248046875
        }
      }
    }
  ]
}
{
  "messageIndex": 14,
  "eventType": "user",
  "phetioID": "beersLawLab.concentrationScreen.view.shakerNode.inputListener",
  "componentType": "TTandemDragHandler",
  "event": "dragged",
  "time": 1621607715676,
  "parameters": {
    "x": 284.5472412109375,
    "y": 339.7421875
  },
  "children": [
    {
      "messageIndex": 15,
      "eventType": "model",
      "phetioID": "beersLawLab.concentrationScreen.model.shaker.locationProperty",
      "componentType": "TProperty",
      "event": "changed",
      "time": 1621607715676,
      "parameters": {
        "oldValue": {
          "x": 357.64056396484375,
          "y": 85.104248046875
        },
        "newValue": {
          "x": 355.96917724609375,
          "y": 50
        }
      }
    }
  ]
}
{
  "messageIndex": 16,
  "eventType": "user",
  "phetioID": "beersLawLab.concentrationScreen.view.shakerNode.inputListener",
  "componentType": "TTandemDragHandler",
  "event": "dragged",
  "time": 1621607715691,
  "parameters": {
    "x": 274.5189514160156,
    "y": 288.2741394042969
  },
  "children": [
    {
      "messageIndex": 17,
      "eventType": "model",
      "phetioID": "beersLawLab.concentrationScreen.model.shaker.locationProperty",
      "componentType": "TProperty",
      "event": "changed",
      "time": 1621607715691,
      "parameters": {
        "oldValue": {
          "x": 355.96917724609375,
          "y": 50
        },
        "newValue": {
          "x": 345.9408874511719,
          "y": 50
        }
      }
    }
  ]
}
{
  "messageIndex": 18,
  "eventType": "user",
  "phetioID": "beersLawLab.concentrationScreen.view.shakerNode.inputListener",
  "componentType": "TTandemDragHandler",
  "event": "dragged",
  "time": 1621607715708,
  "parameters": {
    "x": 264.25189208984375,
    "y": 235.21434020996094
  },
  "children": [
    {
      "messageIndex": 19,
      "eventType": "model",
      "phetioID": "beersLawLab.concentrationScreen.model.shaker.locationProperty",
      "componentType": "TProperty",
      "event": "changed",
      "time": 1621607715708,
      "parameters": {
        "oldValue": {
          "x": 345.9408874511719,
          "y": 50
        },
        "newValue": {
          "x": 335.673828125,
          "y": 50
        }
      }
    }
  ]
}
{
  "messageIndex": 20,
  "eventType": "user",
  "phetioID": "beersLawLab.concentrationScreen.view.shakerNode.inputListener",
  "componentType": "TTandemDragHandler",
  "event": "dragged",
  "time": 1621607715724,
  "parameters": {
    "x": 254.93988037109375,
    "y": 190.6441192626953
  },
  "children": [
    {
      "messageIndex": 21,
      "eventType": "model",
      "phetioID": "beersLawLab.concentrationScreen.model.shaker.locationProperty",
      "componentType": "TProperty",
      "event": "changed",
      "time": 1621607715724,
      "parameters": {
        "oldValue": {
          "x": 335.673828125,
          "y": 50
        },
        "newValue": {
          "x": 326.36181640625,
          "y": 50
        }
      }
    }
  ]
}
{
  "messageIndex": 22,
  "eventType": "user",
  "phetioID": "beersLawLab.concentrationScreen.view.shakerNode.inputListener",
  "componentType": "TTandemDragHandler",
  "event": "dragged",
  "time": 1621607715741,
  "parameters": {
    "x": 245.38914489746094,
    "y": 158.27761840820312
  },
  "children": [
    {
      "messageIndex": 23,
      "eventType": "model",
      "phetioID": "beersLawLab.concentrationScreen.model.shaker.locationProperty",
      "componentType": "TProperty",
      "event": "changed",
      "time": 1621607715741,
      "parameters": {
        "oldValue": {
          "x": 326.36181640625,
          "y": 50
        },
        "newValue": {
          "x": 316.8110809326172,
          "y": 50
        }
      }
    }
  ]
}
{
  "messageIndex": 24,
  "eventType": "user",
  "phetioID": "beersLawLab.concentrationScreen.view.shakerNode.inputListener",
  "componentType": "TTandemDragHandler",
  "event": "dragged",
  "time": 1621607715758,
  "parameters": {
    "x": 234.64451599121094,
    "y": 135.9925079345703
  },
  "children": [
    {
      "messageIndex": 25,
      "eventType": "model",
      "phetioID": "beersLawLab.concentrationScreen.model.shaker.locationProperty",
      "componentType": "TProperty",
      "event": "changed",
      "time": 1621607715758,
      "parameters": {
        "oldValue": {
          "x": 316.8110809326172,
          "y": 50
        },
        "newValue": {
          "x": 306.0664520263672,
          "y": 50
        }
      }
    }
  ]
}
{
  "messageIndex": 26,
  "eventType": "user",
  "phetioID": "beersLawLab.concentrationScreen.view.shakerNode.inputListener",
  "componentType": "TTandemDragHandler",
  "event": "dragged",
  "time": 1621607715774,
  "parameters": {
    "x": 227.95896911621094,
    "y": 119.5439453125
  },
  "children": [
    {
      "messageIndex": 27,
      "eventType": "model",
      "phetioID": "beersLawLab.concentrationScreen.model.shaker.locationProperty",
      "componentType": "TProperty",
      "event": "changed",
      "time": 1621607715774,
      "parameters": {
        "oldValue": {
          "x": 306.0664520263672,
          "y": 50
        },
        "newValue": {
          "x": 299.3809051513672,
          "y": 50
        }
      }
    }
  ]
}
{
  "messageIndex": 28,
  "eventType": "user",
  "phetioID": "beersLawLab.concentrationScreen.view.shakerNode.inputListener",
  "componentType": "TTandemDragHandler",
  "event": "dragged",
  "time": 1621607715791,
  "parameters": {
    "x": 223.89988708496094,
    "y": 105.21784210205078
  },
  "children": [
    {
      "messageIndex": 29,
      "eventType": "model",
      "phetioID": "beersLawLab.concentrationScreen.model.shaker.locationProperty",
      "componentType": "TProperty",
      "event": "changed",
      "time": 1621607715791,
      "parameters": {
        "oldValue": {
          "x": 299.3809051513672,
          "y": 50
        },
        "newValue": {
          "x": 295.3218231201172,
          "y": 50
        }
      }
    }
  ]
}
{
  "messageIndex": 30,
  "eventType": "user",
  "phetioID": "beersLawLab.concentrationScreen.view.shakerNode.inputListener",
  "componentType": "TTandemDragHandler",
  "event": "dragged",
  "time": 1621607715808,
  "parameters": {
    "x": 217.453125,
    "y": 95.66703796386719
  },
  "children": [
    {
      "messageIndex": 31,
      "eventType": "model",
      "phetioID": "beersLawLab.concentrationScreen.model.shaker.locationProperty",
      "componentType": "TProperty",
      "event": "changed",
      "time": 1621607715808,
      "parameters": {
        "oldValue": {
          "x": 295.3218231201172,
          "y": 50
        },
        "newValue": {
          "x": 288.87506103515625,
          "y": 50
        }
      }
    }
  ]
}
{
  "messageIndex": 32,
  "eventType": "user",
  "phetioID": "beersLawLab.concentrationScreen.view.shakerNode.inputListener",
  "componentType": "TTandemDragHandler",
  "event": "dragged",
  "time": 1621607715824,
  "parameters": {
    "x": 211.72265625,
    "y": 87.17748260498047
  },
  "children": [
    {
      "messageIndex": 33,
      "eventType": "model",
      "phetioID": "beersLawLab.concentrationScreen.model.shaker.locationProperty",
      "componentType": "TProperty",
      "event": "changed",
      "time": 1621607715824,
      "parameters": {
        "oldValue": {
          "x": 288.87506103515625,
          "y": 50
        },
        "newValue": {
          "x": 283.14459228515625,
          "y": 50
        }
      }
    }
  ]
}
{
  "messageIndex": 34,
  "eventType": "user",
  "phetioID": "beersLawLab.concentrationScreen.view.shakerNode.inputListener",
  "componentType": "TTandemDragHandler",
  "event": "dragged",
  "time": 1621607715841,
  "parameters": {
    "x": 208.3798828125,
    "y": 80.81029510498047
  },
  "children": [
    {
      "messageIndex": 35,
      "eventType": "model",
      "phetioID": "beersLawLab.concentrationScreen.model.shaker.locationProperty",
      "componentType": "TProperty",
      "event": "changed",
      "time": 1621607715841,
      "parameters": {
        "oldValue": {
          "x": 283.14459228515625,
          "y": 50
        },
        "newValue": {
          "x": 279.80181884765625,
          "y": 50
        }
      }
    }
  ]
}
{
  "messageIndex": 36,
  "eventType": "user",
  "phetioID": "beersLawLab.concentrationScreen.view.shakerNode.inputListener",
  "componentType": "TTandemDragHandler",
  "event": "dragged",
  "time": 1621607715857,
  "parameters": {
    "x": 205.99221801757812,
    "y": 76.56554412841797
  },
  "children": [
    {
      "messageIndex": 37,
      "eventType": "model",
      "phetioID": "beersLawLab.concentrationScreen.model.shaker.locationProperty",
      "componentType": "TProperty",
      "event": "changed",
      "time": 1621607715858,
      "parameters": {
        "oldValue": {
          "x": 279.80181884765625,
          "y": 50
        },
        "newValue": {
          "x": 277.4141540527344,
          "y": 50
        }
      }
    }
  ]
}
{
  "messageIndex": 38,
  "eventType": "user",
  "phetioID": "beersLawLab.concentrationScreen.view.shakerNode.inputListener",
  "componentType": "TTandemDragHandler",
  "event": "dragged",
  "time": 1621607715874,
  "parameters": {
    "x": 205.27590942382812,
    "y": 73.91252899169922
  },
  "children": [
    {
      "messageIndex": 39,
      "eventType": "model",
      "phetioID": "beersLawLab.concentrationScreen.model.shaker.locationProperty",
      "componentType": "TProperty",
      "event": "changed",
      "time": 1621607715874,
      "parameters": {
        "oldValue": {
          "x": 277.4141540527344,
          "y": 50
        },
        "newValue": {
          "x": 276.6978454589844,
          "y": 50
        }
      }
    }
  ]
}
{
  "messageIndex": 40,
  "eventType": "user",
  "phetioID": "beersLawLab.concentrationScreen.view.shakerNode.inputListener",
  "componentType": "TTandemDragHandler",
  "event": "dragged",
  "time": 1621607715891,
  "parameters": {
    "x": 205.99221801757812,
    "y": 73.91252899169922
  },
  "children": [
    {
      "messageIndex": 41,
      "eventType": "model",
      "phetioID": "beersLawLab.concentrationScreen.model.shaker.locationProperty",
      "componentType": "TProperty",
      "event": "changed",
      "time": 1621607715891,
      "parameters": {
        "oldValue": {
          "x": 276.6978454589844,
          "y": 50
        },
        "newValue": {
          "x": 277.4141540527344,
          "y": 50
        }
      }
    }
  ]
}
{
  "messageIndex": 42,
  "eventType": "user",
  "phetioID": "beersLawLab.concentrationScreen.view.shakerNode.inputListener",
  "componentType": "TTandemDragHandler",
  "event": "dragged",
  "time": 1621607715907,
  "parameters": {
    "x": 209.09619140625,
    "y": 78.68789672851562
  },
  "children": [
    {
      "messageIndex": 43,
      "eventType": "model",
      "phetioID": "beersLawLab.concentrationScreen.model.shaker.locationProperty",
      "componentType": "TProperty",
      "event": "changed",
      "time": 1621607715907,
      "parameters": {
        "oldValue": {
          "x": 277.4141540527344,
          "y": 50
        },
        "newValue": {
          "x": 280.51812744140625,
          "y": 50
        }
      }
    }
  ]
}
{
  "messageIndex": 44,
  "eventType": "user",
  "phetioID": "beersLawLab.concentrationScreen.view.shakerNode.inputListener",
  "componentType": "TTandemDragHandler",
  "event": "dragged",
  "time": 1621607715924,
  "parameters": {
    "x": 214.82666015625,
    "y": 95.13646697998047
  },
  "children": [
    {
      "messageIndex": 45,
      "eventType": "model",
      "phetioID": "beersLawLab.concentrationScreen.model.shaker.locationProperty",
      "componentType": "TProperty",
      "event": "changed",
      "time": 1621607715924,
      "parameters": {
        "oldValue": {
          "x": 280.51812744140625,
          "y": 50
        },
        "newValue": {
          "x": 286.24859619140625,
          "y": 50
        }
      }
    }
  ]
}
{
  "messageIndex": 46,
  "eventType": "user",
  "phetioID": "beersLawLab.concentrationScreen.view.shakerNode.inputListener",
  "componentType": "TTandemDragHandler",
  "event": "dragged",
  "time": 1621607715942,
  "parameters": {
    "x": 223.66116333007812,
    "y": 122.7275390625
  },
  "children": [
    {
      "messageIndex": 47,
      "eventType": "model",
      "phetioID": "beersLawLab.concentrationScreen.model.shaker.locationProperty",
      "componentType": "TProperty",
      "event": "changed",
      "time": 1621607715943,
      "parameters": {
        "oldValue": {
          "x": 286.24859619140625,
          "y": 50
        },
        "newValue": {
          "x": 295.0830993652344,
          "y": 50
        }
      }
    }
  ]
}
{
  "messageIndex": 48,
  "eventType": "user",
  "phetioID": "beersLawLab.concentrationScreen.view.shakerNode.inputListener",
  "componentType": "TTandemDragHandler",
  "event": "dragged",
  "time": 1621607715960,
  "parameters": {
    "x": 232.49559020996094,
    "y": 161.46121215820312
  },
  "children": [
    {
      "messageIndex": 49,
      "eventType": "model",
      "phetioID": "beersLawLab.concentrationScreen.model.shaker.locationProperty",
      "componentType": "TProperty",
      "event": "changed",
      "time": 1621607715960,
      "parameters": {
        "oldValue": {
          "x": 295.0830993652344,
          "y": 50
        },
        "newValue": {
          "x": 303.9175262451172,
          "y": 50
        }
      }
    }
  ]
}
{
  "messageIndex": 50,
  "eventType": "user",
  "phetioID": "beersLawLab.concentrationScreen.view.shakerNode.inputListener",
  "componentType": "TTandemDragHandler",
  "event": "dragged",
  "time": 1621607715974,
  "parameters": {
    "x": 243.2401885986328,
    "y": 204.43963623046875
  },
  "children": [
    {
      "messageIndex": 51,
      "eventType": "model",
      "phetioID": "beersLawLab.concentrationScreen.model.shaker.locationProperty",
      "componentType": "TProperty",
      "event": "changed",
      "time": 1621607715974,
      "parameters": {
        "oldValue": {
          "x": 303.9175262451172,
          "y": 50
        },
        "newValue": {
          "x": 314.66212463378906,
          "y": 50
        }
      }
    }
  ]
}
{
  "messageIndex": 52,
  "eventType": "user",
  "phetioID": "beersLawLab.concentrationScreen.view.shakerNode.inputListener",
  "componentType": "TTandemDragHandler",
  "event": "dragged",
  "time": 1621607715991,
  "parameters": {
    "x": 246.3441925048828,
    "y": 227.78594970703125
  },
  "children": [
    {
      "messageIndex": 53,
      "eventType": "model",
      "phetioID": "beersLawLab.concentrationScreen.model.shaker.locationProperty",
      "componentType": "TProperty",
      "event": "changed",
      "time": 1621607715991,
      "parameters": {
        "oldValue": {
          "x": 314.66212463378906,
          "y": 50
        },
        "newValue": {
          "x": 317.76612854003906,
          "y": 50
        }
      }
    }
  ]
}
{
  "messageIndex": 54,
  "eventType": "user",
  "phetioID": "beersLawLab.concentrationScreen.view.shakerNode.inputListener",
  "componentType": "TTandemDragHandler",
  "event": "dragged",
  "time": 1621607716013,
  "parameters": {
    "x": 258.7602233886719,
    "y": 298.35552978515625
  },
  "children": [
    {
      "messageIndex": 55,
      "eventType": "model",
      "phetioID": "beersLawLab.concentrationScreen.model.shaker.locationProperty",
      "componentType": "TProperty",
      "event": "changed",
      "time": 1621607716014,
      "parameters": {
        "oldValue": {
          "x": 317.76612854003906,
          "y": 50
        },
        "newValue": {
          "x": 330.1821594238281,
          "y": 50
        }
      }
    }
  ]
}
{
  "messageIndex": 56,
  "eventType": "user",
  "phetioID": "beersLawLab.concentrationScreen.view.shakerNode.inputListener",
  "componentType": "TTandemDragHandler",
  "event": "dragged",
  "time": 1621607716026,
  "parameters": {
    "x": 262.1029968261719,
    "y": 344.5175476074219
  },
  "children": [
    {
      "messageIndex": 57,
      "eventType": "model",
      "phetioID": "beersLawLab.concentrationScreen.model.shaker.locationProperty",
      "componentType": "TProperty",
      "event": "changed",
      "time": 1621607716027,
      "parameters": {
        "oldValue": {
          "x": 330.1821594238281,
          "y": 50
        },
        "newValue": {
          "x": 333.5249328613281,
          "y": 50
        }
      }
    }
  ]
}
{
  "messageIndex": 58,
  "eventType": "user",
  "phetioID": "beersLawLab.concentrationScreen.view.shakerNode.inputListener",
  "componentType": "TTandemDragHandler",
  "event": "dragged",
  "time": 1621607716047,
  "parameters": {
    "x": 262.34173583984375,
    "y": 386.434814453125
  },
  "children": [
    {
      "messageIndex": 59,
      "eventType": "model",
      "phetioID": "beersLawLab.concentrationScreen.model.shaker.locationProperty",
      "componentType": "TProperty",
      "event": "changed",
      "time": 1621607716047,
      "parameters": {
        "oldValue": {
          "x": 333.5249328613281,
          "y": 50
        },
        "newValue": {
          "x": 333.763671875,
          "y": 84.04306030273438
        }
      }
    }
  ]
}
{
  "messageIndex": 60,
  "eventType": "user",
  "phetioID": "beersLawLab.concentrationScreen.view.shakerNode.inputListener",
  "componentType": "TTandemDragHandler",
  "event": "dragged",
  "time": 1621607716061,
  "parameters": {
    "x": 261.62542724609375,
    "y": 420.3931579589844
  },
  "children": [
    {
      "messageIndex": 61,
      "eventType": "model",
      "phetioID": "beersLawLab.concentrationScreen.model.shaker.locationProperty",
      "componentType": "TProperty",
      "event": "changed",
      "time": 1621607716061,
      "parameters": {
        "oldValue": {
          "x": 333.763671875,
          "y": 84.04306030273438
        },
        "newValue": {
          "x": 333.04736328125,
          "y": 118.00140380859375
        }
      }
    }
  ]
}
{
  "messageIndex": 62,
  "eventType": "user",
  "phetioID": "beersLawLab.concentrationScreen.view.shakerNode.inputListener",
  "componentType": "TTandemDragHandler",
  "event": "dragged",
  "time": 1621607716077,
  "parameters": {
    "x": 261.62542724609375,
    "y": 449.57598876953125
  },
  "children": [
    {
      "messageIndex": 63,
      "eventType": "model",
      "phetioID": "beersLawLab.concentrationScreen.model.shaker.locationProperty",
      "componentType": "TProperty",
      "event": "changed",
      "time": 1621607716077,
      "parameters": {
        "oldValue": {
          "x": 333.04736328125,
          "y": 118.00140380859375
        },
        "newValue": {
          "x": 333.04736328125,
          "y": 147.18423461914062
        }
      }
    }
  ]
}
{
  "messageIndex": 64,
  "eventType": "user",
  "phetioID": "beersLawLab.concentrationScreen.view.shakerNode.inputListener",
  "componentType": "TTandemDragHandler",
  "event": "dragged",
  "time": 1621607716093,
  "parameters": {
    "x": 260.4316101074219,
    "y": 472.92230224609375
  },
  "children": [
    {
      "messageIndex": 65,
      "eventType": "model",
      "phetioID": "beersLawLab.concentrationScreen.model.shaker.locationProperty",
      "componentType": "TProperty",
      "event": "changed",
      "time": 1621607716093,
      "parameters": {
        "oldValue": {
          "x": 333.04736328125,
          "y": 147.18423461914062
        },
        "newValue": {
          "x": 331.8535461425781,
          "y": 170.53054809570312
        }
      }
    }
  ]
}
{
  "messageIndex": 68,
  "eventType": "user",
  "phetioID": "beersLawLab.concentrationScreen.view.shakerNode.inputListener",
  "componentType": "TTandemDragHandler",
  "event": "dragged",
  "time": 1621607716126,
  "parameters": {
    "x": 265.6844787597656,
    "y": 503.1663818359375
  },
  "children": [
    {
      "messageIndex": 69,
      "eventType": "model",
      "phetioID": "beersLawLab.concentrationScreen.model.shaker.locationProperty",
      "componentType": "TProperty",
      "event": "changed",
      "time": 1621607716126,
      "parameters": {
        "oldValue": {
          "x": 336.39013671875,
          "y": 188.04025268554688
        },
        "newValue": {
          "x": 337.1064147949219,
          "y": 200.77462768554688
        }
      }
    }
  ]
}
{
  "messageIndex": 70,
  "eventType": "user",
  "phetioID": "beersLawLab.concentrationScreen.view.shakerNode.inputListener",
  "componentType": "TTandemDragHandler",
  "event": "dragged",
  "time": 1621607716141,
  "parameters": {
    "x": 267.8334045410156,
    "y": 514.3088989257812
  },
  "children": [
    {
      "messageIndex": 71,
      "eventType": "model",
      "phetioID": "beersLawLab.concentrationScreen.model.shaker.locationProperty",
      "componentType": "TProperty",
      "event": "changed",
      "time": 1621607716141,
      "parameters": {
        "oldValue": {
          "x": 337.1064147949219,
          "y": 200.77462768554688
        },
        "newValue": {
          "x": 339.2553405761719,
          "y": 210
        }
      }
    }
  ]
}
{
  "messageIndex": 66,
  "eventType": "user",
  "phetioID": "beersLawLab.concentrationScreen.view.shakerNode.inputListener",
  "componentType": "TTandemDragHandler",
  "event": "dragged",
  "time": 1621607716109,
  "parameters": {
    "x": 264.96820068359375,
    "y": 490.4320068359375
  },
  "children": [
    {
      "messageIndex": 67,
      "eventType": "model",
      "phetioID": "beersLawLab.concentrationScreen.model.shaker.locationProperty",
      "componentType": "TProperty",
      "event": "changed",
      "time": 1621607716109,
      "parameters": {
        "oldValue": {
          "x": 331.8535461425781,
          "y": 170.53054809570312
        },
        "newValue": {
          "x": 336.39013671875,
          "y": 188.04025268554688
        }
      }
    }
  ]
}
{
  "messageIndex": 74,
  "eventType": "user",
  "phetioID": "beersLawLab.concentrationScreen.view.shakerNode.inputListener",
  "componentType": "TTandemDragHandler",
  "event": "dragged",
  "time": 1621607716174,
  "parameters": {
    "x": 274.0414123535156,
    "y": 535.532958984375
  },
  "children": [
    {
      "messageIndex": 75,
      "eventType": "model",
      "phetioID": "beersLawLab.concentrationScreen.model.shaker.locationProperty",
      "componentType": "TProperty",
      "event": "changed",
      "time": 1621607716174,
      "parameters": {
        "oldValue": {
          "x": 342.1205749511719,
          "y": 210
        },
        "newValue": {
          "x": 345.4633483886719,
          "y": 210
        }
      }
    }
  ]
}
{
  "messageIndex": 72,
  "eventType": "user",
  "phetioID": "beersLawLab.concentrationScreen.view.shakerNode.inputListener",
  "componentType": "TTandemDragHandler",
  "event": "dragged",
  "time": 1621607716157,
  "parameters": {
    "x": 270.6986389160156,
    "y": 525.4515380859375
  },
  "children": [
    {
      "messageIndex": 73,
      "eventType": "model",
      "phetioID": "beersLawLab.concentrationScreen.model.shaker.locationProperty",
      "componentType": "TProperty",
      "event": "changed",
      "time": 1621607716157,
      "parameters": {
        "oldValue": {
          "x": 339.2553405761719,
          "y": 210
        },
        "newValue": {
          "x": 342.1205749511719,
          "y": 210
        }
      }
    }
  ]
}
{
  "messageIndex": 76,
  "eventType": "user",
  "phetioID": "beersLawLab.concentrationScreen.view.shakerNode.inputListener",
  "componentType": "TTandemDragHandler",
  "event": "dragged",
  "time": 1621607716190,
  "parameters": {
    "x": 278.3392639160156,
    "y": 543.4918212890625
  },
  "children": [
    {
      "messageIndex": 77,
      "eventType": "model",
      "phetioID": "beersLawLab.concentrationScreen.model.shaker.locationProperty",
      "componentType": "TProperty",
      "event": "changed",
      "time": 1621607716191,
      "parameters": {
        "oldValue": {
          "x": 345.4633483886719,
          "y": 210
        },
        "newValue": {
          "x": 349.7611999511719,
          "y": 210
        }
      }
    }
  ]
}
{
  "messageIndex": 78,
  "eventType": "user",
  "phetioID": "beersLawLab.concentrationScreen.view.shakerNode.inputListener",
  "componentType": "TTandemDragHandler",
  "event": "dragged",
  "time": 1621607716207,
  "parameters": {
    "x": 282.15960693359375,
    "y": 549.8590087890625
  },
  "children": [
    {
      "messageIndex": 79,
      "eventType": "model",
      "phetioID": "beersLawLab.concentrationScreen.model.shaker.locationProperty",
      "componentType": "TProperty",
      "event": "changed",
      "time": 1621607716207,
      "parameters": {
        "oldValue": {
          "x": 349.7611999511719,
          "y": 210
        },
        "newValue": {
          "x": 353.58154296875,
          "y": 210
        }
      }
    }
  ]
}
{
  "messageIndex": 80,
  "eventType": "user",
  "phetioID": "beersLawLab.concentrationScreen.view.shakerNode.inputListener",
  "componentType": "TTandemDragHandler",
  "event": "dragged",
  "time": 1621607716224,
  "parameters": {
    "x": 285.0247802734375,
    "y": 555.6956176757812
  },
  "children": [
    {
      "messageIndex": 81,
      "eventType": "model",
      "phetioID": "beersLawLab.concentrationScreen.model.shaker.locationProperty",
      "componentType": "TProperty",
      "event": "changed",
      "time": 1621607716224,
      "parameters": {
        "oldValue": {
          "x": 353.58154296875,
          "y": 210
        },
        "newValue": {
          "x": 356.44671630859375,
          "y": 210
        }
      }
    }
  ]
}
{
  "messageIndex": 84,
  "eventType": "user",
  "phetioID": "beersLawLab.concentrationScreen.view.shakerNode.inputListener",
  "componentType": "TTandemDragHandler",
  "event": "dragged",
  "time": 1621607716257,
  "parameters": {
    "x": 283.3533935546875,
    "y": 563.6546020507812
  },
  "children": [
    {
      "messageIndex": 85,
      "eventType": "model",
      "phetioID": "beersLawLab.concentrationScreen.model.shaker.locationProperty",
      "componentType": "TProperty",
      "event": "changed",
      "time": 1621607716257,
      "parameters": {
        "oldValue": {
          "x": 358.3569030761719,
          "y": 210
        },
        "newValue": {
          "x": 354.77532958984375,
          "y": 210
        }
      }
    }
  ]
}
{
  "messageIndex": 82,
  "eventType": "user",
  "phetioID": "beersLawLab.concentrationScreen.view.shakerNode.inputListener",
  "componentType": "TTandemDragHandler",
  "event": "dragged",
  "time": 1621607716241,
  "parameters": {
    "x": 286.9349670410156,
    "y": 561.0015869140625
  },
  "children": [
    {
      "messageIndex": 83,
      "eventType": "model",
      "phetioID": "beersLawLab.concentrationScreen.model.shaker.locationProperty",
      "componentType": "TProperty",
      "event": "changed",
      "time": 1621607716241,
      "parameters": {
        "oldValue": {
          "x": 356.44671630859375,
          "y": 210
        },
        "newValue": {
          "x": 358.3569030761719,
          "y": 210
        }
      }
    }
  ]
}
{
  "messageIndex": 86,
  "eventType": "user",
  "phetioID": "beersLawLab.concentrationScreen.view.shakerNode.inputListener",
  "componentType": "TTandemDragHandler",
  "event": "dragged",
  "time": 1621607716275,
  "parameters": {
    "x": 287.6512451171875,
    "y": 565.2463989257812
  },
  "children": [
    {
      "messageIndex": 87,
      "eventType": "model",
      "phetioID": "beersLawLab.concentrationScreen.model.shaker.locationProperty",
      "componentType": "TProperty",
      "event": "changed",
      "time": 1621607716275,
      "parameters": {
        "oldValue": {
          "x": 354.77532958984375,
          "y": 210
        },
        "newValue": {
          "x": 359.07318115234375,
          "y": 210
        }
      }
    }
  ]
}
{
  "messageIndex": 88,
  "eventType": "user",
  "phetioID": "beersLawLab.concentrationScreen.view.shakerNode.inputListener",
  "componentType": "TTandemDragHandler",
  "event": "dragged",
  "time": 1621607716290,
  "parameters": {
    "x": 290.7552490234375,
    "y": 566.3075561523438
  },
  "children": [
    {
      "messageIndex": 89,
      "eventType": "model",
      "phetioID": "beersLawLab.concentrationScreen.model.shaker.locationProperty",
      "componentType": "TProperty",
      "event": "changed",
      "time": 1621607716291,
      "parameters": {
        "oldValue": {
          "x": 359.07318115234375,
          "y": 210
        },
        "newValue": {
          "x": 362.17718505859375,
          "y": 210
        }
      }
    }
  ]
}
{
  "messageIndex": 90,
  "eventType": "user",
  "phetioID": "beersLawLab.concentrationScreen.view.shakerNode.inputListener",
  "componentType": "TTandemDragHandler",
  "event": "dragged",
  "time": 1621607716307,
  "parameters": {
    "x": 293.3817138671875,
    "y": 565.7769775390625
  },
  "children": [
    {
      "messageIndex": 91,
      "eventType": "model",
      "phetioID": "beersLawLab.concentrationScreen.model.shaker.locationProperty",
      "componentType": "TProperty",
      "event": "changed",
      "time": 1621607716307,
      "parameters": {
        "oldValue": {
          "x": 362.17718505859375,
          "y": 210
        },
        "newValue": {
          "x": 364.80364990234375,
          "y": 210
        }
      }
    }
  ]
}
{
  "messageIndex": 92,
  "eventType": "user",
  "phetioID": "beersLawLab.concentrationScreen.view.shakerNode.inputListener",
  "componentType": "TTandemDragHandler",
  "event": "dragged",
  "time": 1621607716323,
  "parameters": {
    "x": 294.8143310546875,
    "y": 562.5933837890625
  },
  "children": [
    {
      "messageIndex": 93,
      "eventType": "model",
      "phetioID": "beersLawLab.concentrationScreen.model.shaker.locationProperty",
      "componentType": "TProperty",
      "event": "changed",
      "time": 1621607716324,
      "parameters": {
        "oldValue": {
          "x": 364.80364990234375,
          "y": 210
        },
        "newValue": {
          "x": 366.23626708984375,
          "y": 210
        }
      }
    }
  ]
}
{
  "messageIndex": 94,
  "eventType": "user",
  "phetioID": "beersLawLab.concentrationScreen.view.shakerNode.inputListener",
  "componentType": "TTandemDragHandler",
  "event": "dragged",
  "time": 1621607716340,
  "parameters": {
    "x": 296.0081787109375,
    "y": 554.1038818359375
  },
  "children": [
    {
      "messageIndex": 95,
      "eventType": "model",
      "phetioID": "beersLawLab.concentrationScreen.model.shaker.locationProperty",
      "componentType": "TProperty",
      "event": "changed",
      "time": 1621607716340,
      "parameters": {
        "oldValue": {
          "x": 366.23626708984375,
          "y": 210
        },
        "newValue": {
          "x": 367.43011474609375,
          "y": 210
        }
      }
    }
  ]
}
{
  "messageIndex": 96,
  "eventType": "user",
  "phetioID": "beersLawLab.concentrationScreen.view.shakerNode.inputListener",
  "componentType": "TTandemDragHandler",
  "event": "dragged",
  "time": 1621607716359,
  "parameters": {
    "x": 293.1429443359375,
    "y": 531.2880249023438
  },
  "children": [
    {
      "messageIndex": 97,
      "eventType": "model",
      "phetioID": "beersLawLab.concentrationScreen.model.shaker.locationProperty",
      "componentType": "TProperty",
      "event": "changed",
      "time": 1621607716359,
      "parameters": {
        "oldValue": {
          "x": 367.43011474609375,
          "y": 210
        },
        "newValue": {
          "x": 364.56488037109375,
          "y": 210
        }
      }
    }
  ]
}
{
  "messageIndex": 100,
  "eventType": "user",
  "phetioID": "beersLawLab.concentrationScreen.view.shakerNode.inputListener",
  "componentType": "TTandemDragHandler",
  "event": "dragged",
  "time": 1621607716390,
  "parameters": {
    "x": 272.6087951660156,
    "y": 431.0050354003906
  },
  "children": [
    {
      "messageIndex": 101,
      "eventType": "model",
      "phetioID": "beersLawLab.concentrationScreen.model.shaker.locationProperty",
      "componentType": "TProperty",
      "event": "changed",
      "time": 1621607716390,
      "parameters": {
        "oldValue": {
          "x": 355.49163818359375,
          "y": 185.38726806640625
        },
        "newValue": {
          "x": 344.0307312011719,
          "y": 128.61328125
        }
      }
    }
  ]
}
{
  "messageIndex": 98,
  "eventType": "user",
  "phetioID": "beersLawLab.concentrationScreen.view.shakerNode.inputListener",
  "componentType": "TTandemDragHandler",
  "event": "dragged",
  "time": 1621607716374,
  "parameters": {
    "x": 284.0697021484375,
    "y": 487.7790222167969
  },
  "children": [
    {
      "messageIndex": 99,
      "eventType": "model",
      "phetioID": "beersLawLab.concentrationScreen.model.shaker.locationProperty",
      "componentType": "TProperty",
      "event": "changed",
      "time": 1621607716374,
      "parameters": {
        "oldValue": {
          "x": 364.56488037109375,
          "y": 210
        },
        "newValue": {
          "x": 355.49163818359375,
          "y": 185.38726806640625
        }
      }
    }
  ]
}
{
  "messageIndex": 102,
  "eventType": "user",
  "phetioID": "beersLawLab.concentrationScreen.view.shakerNode.inputListener",
  "componentType": "TTandemDragHandler",
  "event": "dragged",
  "time": 1621607716407,
  "parameters": {
    "x": 256.8500671386719,
    "y": 367.8638916015625
  },
  "children": [
    {
      "messageIndex": 103,
      "eventType": "model",
      "phetioID": "beersLawLab.concentrationScreen.model.shaker.locationProperty",
      "componentType": "TProperty",
      "event": "changed",
      "time": 1621607716407,
      "parameters": {
        "oldValue": {
          "x": 344.0307312011719,
          "y": 128.61328125
        },
        "newValue": {
          "x": 328.2720031738281,
          "y": 65.47213745117188
        }
      }
    }
  ]
}
{
  "messageIndex": 104,
  "eventType": "user",
  "phetioID": "beersLawLab.concentrationScreen.view.shakerNode.inputListener",
  "componentType": "TTandemDragHandler",
  "event": "dragged",
  "time": 1621607716423,
  "parameters": {
    "x": 235.59959411621094,
    "y": 301.0085144042969
  },
  "children": [
    {
      "messageIndex": 105,
      "eventType": "model",
      "phetioID": "beersLawLab.concentrationScreen.model.shaker.locationProperty",
      "componentType": "TProperty",
      "event": "changed",
      "time": 1621607716423,
      "parameters": {
        "oldValue": {
          "x": 328.2720031738281,
          "y": 65.47213745117188
        },
        "newValue": {
          "x": 307.0215301513672,
          "y": 50
        }
      }
    }
  ]
}
{
  "messageIndex": 106,
  "eventType": "user",
  "phetioID": "beersLawLab.concentrationScreen.view.shakerNode.inputListener",
  "componentType": "TTandemDragHandler",
  "event": "dragged",
  "time": 1621607716440,
  "parameters": {
    "x": 214.34912109375,
    "y": 238.39793395996094
  },
  "children": [
    {
      "messageIndex": 107,
      "eventType": "model",
      "phetioID": "beersLawLab.concentrationScreen.model.shaker.locationProperty",
      "componentType": "TProperty",
      "event": "changed",
      "time": 1621607716440,
      "parameters": {
        "oldValue": {
          "x": 307.0215301513672,
          "y": 50
        },
        "newValue": {
          "x": 285.77105712890625,
          "y": 50
        }
      }
    }
  ]
}
{
  "messageIndex": 108,
  "eventType": "user",
  "phetioID": "beersLawLab.concentrationScreen.view.shakerNode.inputListener",
  "componentType": "TTandemDragHandler",
  "event": "dragged",
  "time": 1621607716456,
  "parameters": {
    "x": 190.9497528076172,
    "y": 186.92991638183594
  },
  "children": [
    {
      "messageIndex": 109,
      "eventType": "model",
      "phetioID": "beersLawLab.concentrationScreen.model.shaker.locationProperty",
      "componentType": "TProperty",
      "event": "changed",
      "time": 1621607716457,
      "parameters": {
        "oldValue": {
          "x": 285.77105712890625,
          "y": 50
        },
        "newValue": {
          "x": 262.37168884277344,
          "y": 50
        }
      }
    }
  ]
}
{
  "messageIndex": 110,
  "eventType": "user",
  "phetioID": "beersLawLab.concentrationScreen.view.shakerNode.inputListener",
  "componentType": "TTandemDragHandler",
  "event": "dragged",
  "time": 1621607716473,
  "parameters": {
    "x": 170.8931427001953,
    "y": 147.13510131835938
  },
  "children": [
    {
      "messageIndex": 111,
      "eventType": "model",
      "phetioID": "beersLawLab.concentrationScreen.model.shaker.locationProperty",
      "componentType": "TProperty",
      "event": "changed",
      "time": 1621607716473,
      "parameters": {
        "oldValue": {
          "x": 262.37168884277344,
          "y": 50
        },
        "newValue": {
          "x": 250,
          "y": 50
        }
      }
    }
  ]
}
{
  "messageIndex": 112,
  "eventType": "user",
  "phetioID": "beersLawLab.concentrationScreen.view.shakerNode.inputListener",
  "componentType": "TTandemDragHandler",
  "event": "dragged",
  "time": 1621607716490,
  "parameters": {
    "x": 152.74667358398438,
    "y": 117.9521713256836
  },
  "children": [
    {
      "messageIndex": 113,
      "eventType": "model",
      "phetioID": "beersLawLab.concentrationScreen.model.shaker.locationProperty",
      "componentType": "TProperty",
      "event": "changed",
      "time": 1621607716490,
      "parameters": {
        "oldValue": {
          "x": 250,
          "y": 50
        },
        "newValue": {
          "x": 250,
          "y": 50
        }
      }
    }
  ]
}
{
  "messageIndex": 114,
  "eventType": "user",
  "phetioID": "beersLawLab.concentrationScreen.view.shakerNode.inputListener",
  "componentType": "TTandemDragHandler",
  "event": "dragged",
  "time": 1621607716506,
  "parameters": {
    "x": 139.8531494140625,
    "y": 97.25883483886719
  },
  "children": [
    {
      "messageIndex": 115,
      "eventType": "model",
      "phetioID": "beersLawLab.concentrationScreen.model.shaker.locationProperty",
      "componentType": "TProperty",
      "event": "changed",
      "time": 1621607716507,
      "parameters": {
        "oldValue": {
          "x": 250,
          "y": 50
        },
        "newValue": {
          "x": 250,
          "y": 50
        }
      }
    }
  ]
}
{
  "messageIndex": 116,
  "eventType": "user",
  "phetioID": "beersLawLab.concentrationScreen.view.shakerNode.inputListener",
  "componentType": "TTandemDragHandler",
  "event": "dragged",
  "time": 1621607716523,
  "parameters": {
    "x": 129.34730529785156,
    "y": 84.52448272705078
  },
  "children": [
    {
      "messageIndex": 117,
      "eventType": "model",
      "phetioID": "beersLawLab.concentrationScreen.model.shaker.locationProperty",
      "componentType": "TProperty",
      "event": "changed",
      "time": 1621607716523,
      "parameters": {
        "oldValue": {
          "x": 250,
          "y": 50
        },
        "newValue": {
          "x": 250,
          "y": 50
        }
      }
    }
  ]
}
{
  "messageIndex": 118,
  "eventType": "user",
  "phetioID": "beersLawLab.concentrationScreen.view.shakerNode.inputListener",
  "componentType": "TTandemDragHandler",
  "event": "dragged",
  "time": 1621607716540,
  "parameters": {
    "x": 122.90055847167969,
    "y": 75.50434875488281
  },
  "children": [
    {
      "messageIndex": 119,
      "eventType": "model",
      "phetioID": "beersLawLab.concentrationScreen.model.shaker.locationProperty",
      "componentType": "TProperty",
      "event": "changed",
      "time": 1621607716540,
      "parameters": {
        "oldValue": {
          "x": 250,
          "y": 50
        },
        "newValue": {
          "x": 250,
          "y": 50
        }
      }
    }
  ]
}
{
  "messageIndex": 120,
  "eventType": "user",
  "phetioID": "beersLawLab.concentrationScreen.view.shakerNode.inputListener",
  "componentType": "TTandemDragHandler",
  "event": "dragged",
  "time": 1621607716557,
  "parameters": {
    "x": 119.79655456542969,
    "y": 70.19833374023438
  },
  "children": [
    {
      "messageIndex": 121,
      "eventType": "model",
      "phetioID": "beersLawLab.concentrationScreen.model.shaker.locationProperty",
      "componentType": "TProperty",
      "event": "changed",
      "time": 1621607716557,
      "parameters": {
        "oldValue": {
          "x": 250,
          "y": 50
        },
        "newValue": {
          "x": 250,
          "y": 50
        }
      }
    }
  ]
}
{
  "messageIndex": 122,
  "eventType": "user",
  "phetioID": "beersLawLab.concentrationScreen.view.shakerNode.inputListener",
  "componentType": "TTandemDragHandler",
  "event": "dragged",
  "time": 1621607716573,
  "parameters": {
    "x": 121.46794128417969,
    "y": 67.01473999023438
  },
  "children": [
    {
      "messageIndex": 123,
      "eventType": "model",
      "phetioID": "beersLawLab.concentrationScreen.model.shaker.locationProperty",
      "componentType": "TProperty",
      "event": "changed",
      "time": 1621607716573,
      "parameters": {
        "oldValue": {
          "x": 250,
          "y": 50
        },
        "newValue": {
          "x": 250,
          "y": 50
        }
      }
    }
  ]
}
{
  "messageIndex": 124,
  "eventType": "user",
  "phetioID": "beersLawLab.concentrationScreen.view.shakerNode.inputListener",
  "componentType": "TTandemDragHandler",
  "event": "dragged",
  "time": 1621607716590,
  "parameters": {
    "x": 128.8697967529297,
    "y": 69.13716125488281
  },
  "children": [
    {
      "messageIndex": 125,
      "eventType": "model",
      "phetioID": "beersLawLab.concentrationScreen.model.shaker.locationProperty",
      "componentType": "TProperty",
      "event": "changed",
      "time": 1621607716590,
      "parameters": {
        "oldValue": {
          "x": 250,
          "y": 50
        },
        "newValue": {
          "x": 250,
          "y": 50
        }
      }
    }
  ]
}
{
  "messageIndex": 126,
  "eventType": "user",
  "phetioID": "beersLawLab.concentrationScreen.view.shakerNode.inputListener",
  "componentType": "TTandemDragHandler",
  "event": "dragged",
  "time": 1621607716607,
  "parameters": {
    "x": 140.8082275390625,
    "y": 81.87149047851562
  },
  "children": [
    {
      "messageIndex": 127,
      "eventType": "model",
      "phetioID": "beersLawLab.concentrationScreen.model.shaker.locationProperty",
      "componentType": "TProperty",
      "event": "changed",
      "time": 1621607716607,
      "parameters": {
        "oldValue": {
          "x": 250,
          "y": 50
        },
        "newValue": {
          "x": 250,
          "y": 50
        }
      }
    }
  ]
}
{
  "messageIndex": 128,
  "eventType": "user",
  "phetioID": "beersLawLab.concentrationScreen.view.shakerNode.inputListener",
  "componentType": "TTandemDragHandler",
  "event": "dragged",
  "time": 1621607716623,
  "parameters": {
    "x": 159.43222045898438,
    "y": 101.50365447998047
  },
  "children": [
    {
      "messageIndex": 129,
      "eventType": "model",
      "phetioID": "beersLawLab.concentrationScreen.model.shaker.locationProperty",
      "componentType": "TProperty",
      "event": "changed",
      "time": 1621607716623,
      "parameters": {
        "oldValue": {
          "x": 250,
          "y": 50
        },
        "newValue": {
          "x": 250,
          "y": 50
        }
      }
    }
  ]
}
{
  "messageIndex": 130,
  "eventType": "user",
  "phetioID": "beersLawLab.concentrationScreen.view.shakerNode.inputListener",
  "componentType": "TTandemDragHandler",
  "event": "dragged",
  "time": 1621607716639,
  "parameters": {
    "x": 179.0113067626953,
    "y": 125.9111328125
  },
  "children": [
    {
      "messageIndex": 131,
      "eventType": "model",
      "phetioID": "beersLawLab.concentrationScreen.model.shaker.locationProperty",
      "componentType": "TProperty",
      "event": "changed",
      "time": 1621607716640,
      "parameters": {
        "oldValue": {
          "x": 250,
          "y": 50
        },
        "newValue": {
          "x": 250.43324279785156,
          "y": 50
        }
      }
    }
  ]
}
{
  "messageIndex": 132,
  "eventType": "user",
  "phetioID": "beersLawLab.concentrationScreen.view.shakerNode.inputListener",
  "componentType": "TTandemDragHandler",
  "event": "dragged",
  "time": 1621607716661,
  "parameters": {
    "x": 197.63528442382812,
    "y": 157.2164764404297
  },
  "children": [
    {
      "messageIndex": 133,
      "eventType": "model",
      "phetioID": "beersLawLab.concentrationScreen.model.shaker.locationProperty",
      "componentType": "TProperty",
      "event": "changed",
      "time": 1621607716662,
      "parameters": {
        "oldValue": {
          "x": 250.43324279785156,
          "y": 50
        },
        "newValue": {
          "x": 269.0572204589844,
          "y": 50
        }
      }
    }
  ]
}
{
  "messageIndex": 134,
  "eventType": "user",
  "phetioID": "beersLawLab.concentrationScreen.view.shakerNode.inputListener",
  "componentType": "TTandemDragHandler",
  "event": "dragged",
  "time": 1621607716675,
  "parameters": {
    "x": 216.9755859375,
    "y": 190.6441192626953
  },
  "children": [
    {
      "messageIndex": 135,
      "eventType": "model",
      "phetioID": "beersLawLab.concentrationScreen.model.shaker.locationProperty",
      "componentType": "TProperty",
      "event": "changed",
      "time": 1621607716675,
      "parameters": {
        "oldValue": {
          "x": 269.0572204589844,
          "y": 50
        },
        "newValue": {
          "x": 288.39752197265625,
          "y": 50
        }
      }
    }
  ]
}
{
  "messageIndex": 136,
  "eventType": "user",
  "phetioID": "beersLawLab.concentrationScreen.view.shakerNode.inputListener",
  "componentType": "TTandemDragHandler",
  "event": "dragged",
  "time": 1621607716690,
  "parameters": {
    "x": 234.88328552246094,
    "y": 226.19419860839844
  },
  "children": [
    {
      "messageIndex": 137,
      "eventType": "model",
      "phetioID": "beersLawLab.concentrationScreen.model.shaker.locationProperty",
      "componentType": "TProperty",
      "event": "changed",
      "time": 1621607716690,
      "parameters": {
        "oldValue": {
          "x": 288.39752197265625,
          "y": 50
        },
        "newValue": {
          "x": 306.3052215576172,
          "y": 50
        }
      }
    }
  ]
}
{
  "messageIndex": 138,
  "eventType": "user",
  "phetioID": "beersLawLab.concentrationScreen.view.shakerNode.inputListener",
  "componentType": "TTandemDragHandler",
  "event": "dragged",
  "time": 1621607716706,
  "parameters": {
    "x": 251.83592224121094,
    "y": 264.3972473144531
  },
  "children": [
    {
      "messageIndex": 139,
      "eventType": "model",
      "phetioID": "beersLawLab.concentrationScreen.model.shaker.locationProperty",
      "componentType": "TProperty",
      "event": "changed",
      "time": 1621607716706,
      "parameters": {
        "oldValue": {
          "x": 306.3052215576172,
          "y": 50
        },
        "newValue": {
          "x": 323.2578582763672,
          "y": 50
        }
      }
    }
  ]
}
{
  "messageIndex": 140,
  "eventType": "user",
  "phetioID": "beersLawLab.concentrationScreen.view.shakerNode.inputListener",
  "componentType": "TTandemDragHandler",
  "event": "dragged",
  "time": 1621607716723,
  "parameters": {
    "x": 266.4007873535156,
    "y": 304.1921081542969
  },
  "children": [
    {
      "messageIndex": 141,
      "eventType": "model",
      "phetioID": "beersLawLab.concentrationScreen.model.shaker.locationProperty",
      "componentType": "TProperty",
      "event": "changed",
      "time": 1621607716723,
      "parameters": {
        "oldValue": {
          "x": 323.2578582763672,
          "y": 50
        },
        "newValue": {
          "x": 337.8227233886719,
          "y": 50
        }
      }
    }
  ]
}
{
  "messageIndex": 142,
  "eventType": "user",
  "phetioID": "beersLawLab.concentrationScreen.view.shakerNode.inputListener",
  "componentType": "TTandemDragHandler",
  "event": "dragged",
  "time": 1621607716740,
  "parameters": {
    "x": 279.7718811035156,
    "y": 345.0481262207031
  },
  "children": [
    {
      "messageIndex": 143,
      "eventType": "model",
      "phetioID": "beersLawLab.concentrationScreen.model.shaker.locationProperty",
      "componentType": "TProperty",
      "event": "changed",
      "time": 1621607716740,
      "parameters": {
        "oldValue": {
          "x": 337.8227233886719,
          "y": 50
        },
        "newValue": {
          "x": 351.1938171386719,
          "y": 50
        }
      }
    }
  ]
}
{
  "messageIndex": 144,
  "eventType": "user",
  "phetioID": "beersLawLab.concentrationScreen.view.shakerNode.inputListener",
  "componentType": "TTandemDragHandler",
  "event": "dragged",
  "time": 1621607716757,
  "parameters": {
    "x": 290.2777404785156,
    "y": 386.9654541015625
  },
  "children": [
    {
      "messageIndex": 145,
      "eventType": "model",
      "phetioID": "beersLawLab.concentrationScreen.model.shaker.locationProperty",
      "componentType": "TProperty",
      "event": "changed",
      "time": 1621607716757,
      "parameters": {
        "oldValue": {
          "x": 351.1938171386719,
          "y": 50
        },
        "newValue": {
          "x": 361.6996765136719,
          "y": 84.57369995117188
        }
      }
    }
  ]
}
{
  "messageIndex": 146,
  "eventType": "user",
  "phetioID": "beersLawLab.concentrationScreen.view.shakerNode.inputListener",
  "componentType": "TTandemDragHandler",
  "event": "dragged",
  "time": 1621607716773,
  "parameters": {
    "x": 301.0223388671875,
    "y": 426.229736328125
  },
  "children": [
    {
      "messageIndex": 147,
      "eventType": "model",
      "phetioID": "beersLawLab.concentrationScreen.model.shaker.locationProperty",
      "componentType": "TProperty",
      "event": "changed",
      "time": 1621607716773,
      "parameters": {
        "oldValue": {
          "x": 361.6996765136719,
          "y": 84.57369995117188
        },
        "newValue": {
          "x": 372.44427490234375,
          "y": 123.83798217773438
        }
      }
    }
  ]
}
{
  "messageIndex": 150,
  "eventType": "user",
  "phetioID": "beersLawLab.concentrationScreen.view.shakerNode.inputListener",
  "componentType": "TTandemDragHandler",
  "event": "dragged",
  "time": 1621607716806,
  "parameters": {
    "x": 316.0647888183594,
    "y": 494.1462097167969
  },
  "children": [
    {
      "messageIndex": 151,
      "eventType": "model",
      "phetioID": "beersLawLab.concentrationScreen.model.shaker.locationProperty",
      "componentType": "TProperty",
      "event": "changed",
      "time": 1621607716806,
      "parameters": {
        "oldValue": {
          "x": 381.51751708984375,
          "y": 159.38796997070312
        },
        "newValue": {
          "x": 387.4867248535156,
          "y": 191.75445556640625
        }
      }
    }
  ]
}
{
  "messageIndex": 152,
  "eventType": "user",
  "phetioID": "beersLawLab.concentrationScreen.view.shakerNode.inputListener",
  "componentType": "TTandemDragHandler",
  "event": "dragged",
  "time": 1621607716823,
  "parameters": {
    "x": 322.7503356933594,
    "y": 522.2679443359375
  },
  "children": [
    {
      "messageIndex": 153,
      "eventType": "model",
      "phetioID": "beersLawLab.concentrationScreen.model.shaker.locationProperty",
      "componentType": "TProperty",
      "event": "changed",
      "time": 1621607716823,
      "parameters": {
        "oldValue": {
          "x": 387.4867248535156,
          "y": 191.75445556640625
        },
        "newValue": {
          "x": 394.1722717285156,
          "y": 210
        }
      }
    }
  ]
}
{
  "messageIndex": 154,
  "eventType": "user",
  "phetioID": "beersLawLab.concentrationScreen.view.shakerNode.inputListener",
  "componentType": "TTandemDragHandler",
  "event": "dragged",
  "time": 1621607716840,
  "parameters": {
    "x": 325.85430908203125,
    "y": 534.4716186523438
  },
  "children": [
    {
      "messageIndex": 155,
      "eventType": "model",
      "phetioID": "beersLawLab.concentrationScreen.model.shaker.locationProperty",
      "componentType": "TProperty",
      "event": "changed",
      "time": 1621607716840,
      "parameters": {
        "oldValue": {
          "x": 394.1722717285156,
          "y": 210
        },
        "newValue": {
          "x": 397.2762451171875,
          "y": 210
        }
      }
    }
  ]
}
{
  "messageIndex": 148,
  "eventType": "user",
  "phetioID": "beersLawLab.concentrationScreen.view.shakerNode.inputListener",
  "componentType": "TTandemDragHandler",
  "event": "dragged",
  "time": 1621607716789,
  "parameters": {
    "x": 310.0955810546875,
    "y": 461.77972412109375
  },
  "children": [
    {
      "messageIndex": 149,
      "eventType": "model",
      "phetioID": "beersLawLab.concentrationScreen.model.shaker.locationProperty",
      "componentType": "TProperty",
      "event": "changed",
      "time": 1621607716790,
      "parameters": {
        "oldValue": {
          "x": 372.44427490234375,
          "y": 123.83798217773438
        },
        "newValue": {
          "x": 381.51751708984375,
          "y": 159.38796997070312
        }
      }
    }
  ]
}
{
  "messageIndex": 156,
  "eventType": "user",
  "phetioID": "beersLawLab.concentrationScreen.view.shakerNode.inputListener",
  "componentType": "TTandemDragHandler",
  "event": "dragged",
  "time": 1621607716856,
  "parameters": {
    "x": 333.49493408203125,
    "y": 564.7157592773438
  },
  "children": [
    {
      "messageIndex": 157,
      "eventType": "model",
      "phetioID": "beersLawLab.concentrationScreen.model.shaker.locationProperty",
      "componentType": "TProperty",
      "event": "changed",
      "time": 1621607716856,
      "parameters": {
        "oldValue": {
          "x": 397.2762451171875,
          "y": 210
        },
        "newValue": {
          "x": 404.9168701171875,
          "y": 210
        }
      }
    }
  ]
}
{
  "messageIndex": 158,
  "eventType": "user",
  "phetioID": "beersLawLab.concentrationScreen.view.shakerNode.inputListener",
  "componentType": "TTandemDragHandler",
  "event": "dragged",
  "time": 1621607716873,
  "parameters": {
    "x": 336.5989074707031,
    "y": 579.5725708007812
  },
  "children": [
    {
      "messageIndex": 159,
      "eventType": "model",
      "phetioID": "beersLawLab.concentrationScreen.model.shaker.locationProperty",
      "componentType": "TProperty",
      "event": "changed",
      "time": 1621607716873,
      "parameters": {
        "oldValue": {
          "x": 404.9168701171875,
          "y": 210
        },
        "newValue": {
          "x": 408.0208435058594,
          "y": 210
        }
      }
    }
  ]
}
{
  "messageIndex": 160,
  "eventType": "user",
  "phetioID": "beersLawLab.concentrationScreen.view.shakerNode.inputListener",
  "componentType": "TTandemDragHandler",
  "event": "dragged",
  "time": 1621607716889,
  "parameters": {
    "x": 338.5090637207031,
    "y": 590.7150268554688
  },
  "children": [
    {
      "messageIndex": 161,
      "eventType": "model",
      "phetioID": "beersLawLab.concentrationScreen.model.shaker.locationProperty",
      "componentType": "TProperty",
      "event": "changed",
      "time": 1621607716889,
      "parameters": {
        "oldValue": {
          "x": 408.0208435058594,
          "y": 210
        },
        "newValue": {
          "x": 409.9309997558594,
          "y": 210
        }
      }
    }
  ]
}
{
  "messageIndex": 162,
  "eventType": "user",
  "phetioID": "beersLawLab.concentrationScreen.view.shakerNode.inputListener",
  "componentType": "TTandemDragHandler",
  "event": "dragged",
  "time": 1621607716906,
  "parameters": {
    "x": 340.4192810058594,
    "y": 597.6128540039062
  },
  "children": [
    {
      "messageIndex": 163,
      "eventType": "model",
      "phetioID": "beersLawLab.concentrationScreen.model.shaker.locationProperty",
      "componentType": "TProperty",
      "event": "changed",
      "time": 1621607716906,
      "parameters": {
        "oldValue": {
          "x": 409.9309997558594,
          "y": 210
        },
        "newValue": {
          "x": 411.8412170410156,
          "y": 210
        }
      }
    }
  ]
}
{
  "messageIndex": 164,
  "eventType": "user",
  "phetioID": "beersLawLab.concentrationScreen.view.shakerNode.inputListener",
  "componentType": "TTandemDragHandler",
  "event": "dragged",
  "time": 1621607716922,
  "parameters": {
    "x": 343.52325439453125,
    "y": 602.3883056640625
  },
  "children": [
    {
      "messageIndex": 165,
      "eventType": "model",
      "phetioID": "beersLawLab.concentrationScreen.model.shaker.locationProperty",
      "componentType": "TProperty",
      "event": "changed",
      "time": 1621607716923,
      "parameters": {
        "oldValue": {
          "x": 411.8412170410156,
          "y": 210
        },
        "newValue": {
          "x": 414.9451904296875,
          "y": 210
        }
      }
    }
  ]
}
{
  "messageIndex": 166,
  "eventType": "user",
  "phetioID": "beersLawLab.concentrationScreen.view.shakerNode.inputListener",
  "componentType": "TTandemDragHandler",
  "event": "dragged",
  "time": 1621607716939,
  "parameters": {
    "x": 346.3884582519531,
    "y": 603.9800415039062
  },
  "children": [
    {
      "messageIndex": 167,
      "eventType": "model",
      "phetioID": "beersLawLab.concentrationScreen.model.shaker.locationProperty",
      "componentType": "TProperty",
      "event": "changed",
      "time": 1621607716939,
      "parameters": {
        "oldValue": {
          "x": 414.9451904296875,
          "y": 210
        },
        "newValue": {
          "x": 417.8103942871094,
          "y": 210
        }
      }
    }
  ]
}
{
  "messageIndex": 168,
  "eventType": "user",
  "phetioID": "beersLawLab.concentrationScreen.view.shakerNode.inputListener",
  "componentType": "TTandemDragHandler",
  "event": "dragged",
  "time": 1621607716956,
  "parameters": {
    "x": 349.0149230957031,
    "y": 603.4494018554688
  },
  "children": [
    {
      "messageIndex": 169,
      "eventType": "model",
      "phetioID": "beersLawLab.concentrationScreen.model.shaker.locationProperty",
      "componentType": "TProperty",
      "event": "changed",
      "time": 1621607716956,
      "parameters": {
        "oldValue": {
          "x": 417.8103942871094,
          "y": 210
        },
        "newValue": {
          "x": 420.4368591308594,
          "y": 210
        }
      }
    }
  ]
}
{
  "messageIndex": 170,
  "eventType": "user",
  "phetioID": "beersLawLab.concentrationScreen.view.shakerNode.inputListener",
  "componentType": "TTandemDragHandler",
  "event": "dragged",
  "time": 1621607716974,
  "parameters": {
    "x": 353.3127746582031,
    "y": 601.3270263671875
  },
  "children": [
    {
      "messageIndex": 171,
      "eventType": "model",
      "phetioID": "beersLawLab.concentrationScreen.model.shaker.locationProperty",
      "componentType": "TProperty",
      "event": "changed",
      "time": 1621607716974,
      "parameters": {
        "oldValue": {
          "x": 420.4368591308594,
          "y": 210
        },
        "newValue": {
          "x": 424.7347106933594,
          "y": 210
        }
      }
    }
  ]
}
{
  "messageIndex": 174,
  "eventType": "user",
  "phetioID": "beersLawLab.concentrationScreen.view.shakerNode.inputListener",
  "componentType": "TTandemDragHandler",
  "event": "dragged",
  "time": 1621607717009,
  "parameters": {
    "x": 360.4758605957031,
    "y": 585.9397583007812
  },
  "children": [
    {
      "messageIndex": 175,
      "eventType": "model",
      "phetioID": "beersLawLab.concentrationScreen.model.shaker.locationProperty",
      "componentType": "TProperty",
      "event": "changed",
      "time": 1621607717009,
      "parameters": {
        "oldValue": {
          "x": 428.0774841308594,
          "y": 210
        },
        "newValue": {
          "x": 431.8977966308594,
          "y": 210
        }
      }
    }
  ]
}
{
  "messageIndex": 172,
  "eventType": "user",
  "phetioID": "beersLawLab.concentrationScreen.view.shakerNode.inputListener",
  "componentType": "TTandemDragHandler",
  "event": "dragged",
  "time": 1621607716990,
  "parameters": {
    "x": 356.6555480957031,
    "y": 595.4904174804688
  },
  "children": [
    {
      "messageIndex": 173,
      "eventType": "model",
      "phetioID": "beersLawLab.concentrationScreen.model.shaker.locationProperty",
      "componentType": "TProperty",
      "event": "changed",
      "time": 1621607716990,
      "parameters": {
        "oldValue": {
          "x": 424.7347106933594,
          "y": 210
        },
        "newValue": {
          "x": 428.0774841308594,
          "y": 210
        }
      }
    }
  ]
}
{
  "messageIndex": 176,
  "eventType": "user",
  "phetioID": "beersLawLab.concentrationScreen.view.shakerNode.inputListener",
  "componentType": "TTandemDragHandler",
  "event": "dragged",
  "time": 1621607717023,
  "parameters": {
    "x": 363.8186340332031,
    "y": 566.3075561523438
  },
  "children": [
    {
      "messageIndex": 177,
      "eventType": "model",
      "phetioID": "beersLawLab.concentrationScreen.model.shaker.locationProperty",
      "componentType": "TProperty",
      "event": "changed",
      "time": 1621607717024,
      "parameters": {
        "oldValue": {
          "x": 431.8977966308594,
          "y": 210
        },
        "newValue": {
          "x": 435.2405700683594,
          "y": 210
        }
      }
    }
  ]
}
{
  "messageIndex": 178,
  "eventType": "user",
  "phetioID": "beersLawLab.concentrationScreen.view.shakerNode.inputListener",
  "componentType": "TTandemDragHandler",
  "event": "dragged",
  "time": 1621607717041,
  "parameters": {
    "x": 361.908447265625,
    "y": 529.1656494140625
  },
  "children": [
    {
      "messageIndex": 179,
      "eventType": "model",
      "phetioID": "beersLawLab.concentrationScreen.model.shaker.locationProperty",
      "componentType": "TProperty",
      "event": "changed",
      "time": 1621607717041,
      "parameters": {
        "oldValue": {
          "x": 435.2405700683594,
          "y": 210
        },
        "newValue": {
          "x": 433.33038330078125,
          "y": 210
        }
      }
    }
  ]
}
{
  "messageIndex": 180,
  "eventType": "user",
  "phetioID": "beersLawLab.concentrationScreen.view.shakerNode.inputListener",
  "componentType": "TTandemDragHandler",
  "event": "dragged",
  "time": 1621607717057,
  "parameters": {
    "x": 355.46173095703125,
    "y": 473.4529113769531
  },
  "children": [
    {
      "messageIndex": 181,
      "eventType": "model",
      "phetioID": "beersLawLab.concentrationScreen.model.shaker.locationProperty",
      "componentType": "TProperty",
      "event": "changed",
      "time": 1621607717057,
      "parameters": {
        "oldValue": {
          "x": 433.33038330078125,
          "y": 210
        },
        "newValue": {
          "x": 426.8836669921875,
          "y": 171.0611572265625
        }
      }
    }
  ]
}
{
  "messageIndex": 182,
  "eventType": "user",
  "phetioID": "beersLawLab.concentrationScreen.view.shakerNode.inputListener",
  "componentType": "TTandemDragHandler",
  "event": "dragged",
  "time": 1621607717072,
  "parameters": {
    "x": 344.47833251953125,
    "y": 408.71990966796875
  },
  "children": [
    {
      "messageIndex": 183,
      "eventType": "model",
      "phetioID": "beersLawLab.concentrationScreen.model.shaker.locationProperty",
      "componentType": "TProperty",
      "event": "changed",
      "time": 1621607717073,
      "parameters": {
        "oldValue": {
          "x": 426.8836669921875,
          "y": 171.0611572265625
        },
        "newValue": {
          "x": 415.9002685546875,
          "y": 106.32815551757812
        }
      }
    }
  ]
}
