{
  "messageIndex": 0,
  "eventType": "wrapper",
  "phetioID": "beersLawLab.simIFrameAPI",
  "componentType": "TSimIFrameAPI",
  "event": "invoked",
  "time": 1619434902738,
  "parameters": {
    "phetioID": "phetio",
    "method": "addExpressions",
    "args": [
      []
    ],
    "messageID": 2,
    "protocol": "phet-io-0.0.1"
  }
}
{
  "messageIndex": 1,
  "eventType": "wrapper",
  "phetioID": "beersLawLab.simIFrameAPI",
  "componentType": "TSimIFrameAPI",
  "event": "invoked",
  "time": 1619434902744,
  "parameters": {
    "phetioID": "phetio",
    "method": "launchSimulation",
    "args": [],
    "messageID": 3,
    "protocol": "phet-io-0.0.1"
  }
}
{
  "messageIndex": 2,
  "eventType": "model",
  "phetioID": "beersLawLab.sim",
  "componentType": "TSim",
  "event": "simStarted",
  "time": 1619434902757,
  "parameters": {
    "sessionID": null,
    "simName": "‪Beer's Law Lab‬",
    "simVersion": "1.6.15-phetio",
    "url": "https://phet-io.colorado.edu/sims/beers-law-lab/1.6.15-phetio/beers-law-lab_en-phetio.html?production&phetioEmitStates=false&phetioEmitInputEvents=false",
    "userAgent": "Mozilla/5.0 (Windows NT 10.0; Win64; x64) AppleWebKit/537.36 (KHTML, like Gecko) Chrome/89.0.4389.90 Safari/537.36",
    "randomSeed": 0.24843410669886112,
    "provider": "PhET Interactive Simulations, University of Colorado Boulder"
  },
  "children": [
    {
      "messageIndex": 3,
      "eventType": "model",
      "phetioID": "beersLawLab.concentrationScreen.view.concentrationMeterNode.bodyNode.readoutTextNode",
      "componentType": "TTandemText",
      "event": "textChanged",
      "time": 1619434903050,
      "parameters": {
        "oldText": "‪1.000 ‪mol/L‬‬",
        "newText": "-"
      }
    },
    {
      "messageIndex": 4,
      "eventType": "model",
      "phetioID": "beersLawLab.beersLawScreen.view.detectorNode.bodyNode.valueNode",
      "componentType": "TTandemText",
      "event": "textChanged",
      "time": 1619434903165,
      "parameters": {
        "oldText": "‪100.00%‬",
        "newText": "-"
      }
    }
  ]
}
{
  "messageIndex": 5,
  "eventType": "user",
  "phetioID": "beersLawLab.homeScreen.view.beersLawScreenSmallButton",
  "componentType": "TScreenButton",
  "event": "fired",
  "time": 1619434904404,
  "children": [
    {
      "messageIndex": 6,
      "eventType": "model",
      "phetioID": "beersLawLab.sim.screenIndexProperty",
      "componentType": "TProperty",
      "event": "changed",
      "time": 1619434904404,
      "parameters": {
        "oldValue": 0,
        "newValue": 1
      }
    }
  ]
}
{
  "messageIndex": 7,
  "eventType": "user",
  "phetioID": "beersLawLab.homeScreen.view.beersLawScreenLargeButton",
  "componentType": "TScreenButton",
  "event": "fired",
  "time": 1619434905170,
  "children": [
    {
      "messageIndex": 8,
      "eventType": "model",
      "phetioID": "beersLawLab.sim.showHomeScreenProperty",
      "componentType": "TProperty",
      "event": "changed",
      "time": 1619434905170,
      "parameters": {
        "oldValue": true,
        "newValue": false
      }
    }
  ]
}
{
  "messageIndex": null,
  "eventType": "user",
  "phetioID": "beersLawLab.wrapper",
  "componentType": "WrapperButton",
  "event": "showPDF",
  "time": 1619434907694,
  "parameters": null
}
{
  "messageIndex": null,
  "eventType": "user",
  "phetioID": "beersLawLab.wrapper",
  "componentType": "WrapperButton",
  "event": "hidePDF",
  "time": 1619434960489,
  "parameters": null
}
{
  "messageIndex": null,
  "eventType": "user",
  "phetioID": "beersLawLab.wrapper",
  "componentType": "WrapperButton",
  "event": "showPDF",
  "time": 1619434965704,
  "parameters": null
}
{
  "messageIndex": null,
  "eventType": "user",
  "phetioID": "beersLawLab.wrapper",
  "componentType": "WrapperButton",
  "event": "hidePDF",
  "time": 1619435020962,
  "parameters": null
}
{
  "messageIndex": 9,
  "eventType": "user",
  "phetioID": "beersLawLab.beersLawScreen.view.cuvetteNode.cuvetteDragHandler",
  "componentType": "TTandemDragHandler",
  "event": "dragStarted",
  "time": 1619435025433,
  "parameters": {
    "x": 616,
    "y": 277
  }
}
{
  "messageIndex": 10,
  "eventType": "user",
  "phetioID": "beersLawLab.beersLawScreen.view.cuvetteNode.cuvetteDragHandler",
  "componentType": "TTandemDragHandler",
  "event": "dragged",
  "time": 1619435026215,
  "parameters": {
    "x": 620,
    "y": 277
  },
  "children": [
    {
      "messageIndex": 11,
      "eventType": "model",
      "phetioID": "beersLawLab.beersLawScreen.model.cuvette.widthProperty",
      "componentType": "TProperty",
      "event": "changed",
      "time": 1619435026215,
      "parameters": {
        "oldValue": 1,
        "newValue": 1.032
      }
    }
  ]
}
{
  "messageIndex": 12,
  "eventType": "user",
  "phetioID": "beersLawLab.beersLawScreen.view.cuvetteNode.cuvetteDragHandler",
  "componentType": "TTandemDragHandler",
  "event": "dragged",
  "time": 1619435026231,
  "parameters": {
    "x": 622,
    "y": 277
  },
  "children": [
    {
      "messageIndex": 13,
      "eventType": "model",
      "phetioID": "beersLawLab.beersLawScreen.model.cuvette.widthProperty",
      "componentType": "TProperty",
      "event": "changed",
      "time": 1619435026232,
      "parameters": {
        "oldValue": 1.032,
        "newValue": 1.048
      }
    }
  ]
}
{
  "messageIndex": 14,
  "eventType": "user",
  "phetioID": "beersLawLab.beersLawScreen.view.cuvetteNode.cuvetteDragHandler",
  "componentType": "TTandemDragHandler",
  "event": "dragged",
  "time": 1619435026248,
  "parameters": {
    "x": 626,
    "y": 278
  },
  "children": [
    {
      "messageIndex": 15,
      "eventType": "model",
      "phetioID": "beersLawLab.beersLawScreen.model.cuvette.widthProperty",
      "componentType": "TProperty",
      "event": "changed",
      "time": 1619435026249,
      "parameters": {
        "oldValue": 1.048,
        "newValue": 1.08
      }
    }
  ]
}
{
  "messageIndex": 20,
  "eventType": "user",
  "phetioID": "beersLawLab.beersLawScreen.view.cuvetteNode.cuvetteDragHandler",
  "componentType": "TTandemDragHandler",
  "event": "dragged",
  "time": 1619435026300,
  "parameters": {
    "x": 645,
    "y": 282
  },
  "children": [
    {
      "messageIndex": 21,
      "eventType": "model",
      "phetioID": "beersLawLab.beersLawScreen.model.cuvette.widthProperty",
      "componentType": "TProperty",
      "event": "changed",
      "time": 1619435026300,
      "parameters": {
        "oldValue": 1.192,
        "newValue": 1.232
      }
    }
  ]
}
{
  "messageIndex": 18,
  "eventType": "user",
  "phetioID": "beersLawLab.beersLawScreen.view.cuvetteNode.cuvetteDragHandler",
  "componentType": "TTandemDragHandler",
  "event": "dragged",
  "time": 1619435026281,
  "parameters": {
    "x": 640,
    "y": 280
  },
  "children": [
    {
      "messageIndex": 19,
      "eventType": "model",
      "phetioID": "beersLawLab.beersLawScreen.model.cuvette.widthProperty",
      "componentType": "TProperty",
      "event": "changed",
      "time": 1619435026282,
      "parameters": {
        "oldValue": 1.1280000000000001,
        "newValue": 1.192
      }
    }
  ]
}
{
  "messageIndex": 16,
  "eventType": "user",
  "phetioID": "beersLawLab.beersLawScreen.view.cuvetteNode.cuvetteDragHandler",
  "componentType": "TTandemDragHandler",
  "event": "dragged",
  "time": 1619435026265,
  "parameters": {
    "x": 632,
    "y": 279
  },
  "children": [
    {
      "messageIndex": 17,
      "eventType": "model",
      "phetioID": "beersLawLab.beersLawScreen.model.cuvette.widthProperty",
      "componentType": "TProperty",
      "event": "changed",
      "time": 1619435026265,
      "parameters": {
        "oldValue": 1.08,
        "newValue": 1.1280000000000001
      }
    }
  ]
}
{
  "messageIndex": 24,
  "eventType": "user",
  "phetioID": "beersLawLab.beersLawScreen.view.cuvetteNode.cuvetteDragHandler",
  "componentType": "TTandemDragHandler",
  "event": "dragged",
  "time": 1619435026332,
  "parameters": {
    "x": 654,
    "y": 282
  },
  "children": [
    {
      "messageIndex": 25,
      "eventType": "model",
      "phetioID": "beersLawLab.beersLawScreen.model.cuvette.widthProperty",
      "componentType": "TProperty",
      "event": "changed",
      "time": 1619435026332,
      "parameters": {
        "oldValue": 1.264,
        "newValue": 1.304
      }
    }
  ]
}
{
  "messageIndex": 22,
  "eventType": "user",
  "phetioID": "beersLawLab.beersLawScreen.view.cuvetteNode.cuvetteDragHandler",
  "componentType": "TTandemDragHandler",
  "event": "dragged",
  "time": 1619435026317,
  "parameters": {
    "x": 649,
    "y": 282
  },
  "children": [
    {
      "messageIndex": 23,
      "eventType": "model",
      "phetioID": "beersLawLab.beersLawScreen.model.cuvette.widthProperty",
      "componentType": "TProperty",
      "event": "changed",
      "time": 1619435026317,
      "parameters": {
        "oldValue": 1.232,
        "newValue": 1.264
      }
    }
  ]
}
{
  "messageIndex": 26,
  "eventType": "user",
  "phetioID": "beersLawLab.beersLawScreen.view.cuvetteNode.cuvetteDragHandler",
  "componentType": "TTandemDragHandler",
  "event": "dragged",
  "time": 1619435026348,
  "parameters": {
    "x": 660,
    "y": 282
  },
  "children": [
    {
      "messageIndex": 27,
      "eventType": "model",
      "phetioID": "beersLawLab.beersLawScreen.model.cuvette.widthProperty",
      "componentType": "TProperty",
      "event": "changed",
      "time": 1619435026348,
      "parameters": {
        "oldValue": 1.304,
        "newValue": 1.3519999999999999
      }
    }
  ]
}
{
  "messageIndex": 32,
  "eventType": "user",
  "phetioID": "beersLawLab.beersLawScreen.view.cuvetteNode.cuvetteDragHandler",
  "componentType": "TTandemDragHandler",
  "event": "dragged",
  "time": 1619435026398,
  "parameters": {
    "x": 682,
    "y": 283
  },
  "children": [
    {
      "messageIndex": 33,
      "eventType": "model",
      "phetioID": "beersLawLab.beersLawScreen.model.cuvette.widthProperty",
      "componentType": "TProperty",
      "event": "changed",
      "time": 1619435026398,
      "parameters": {
        "oldValue": 1.48,
        "newValue": 1.528
      }
    }
  ]
}
{
  "messageIndex": 30,
  "eventType": "user",
  "phetioID": "beersLawLab.beersLawScreen.view.cuvetteNode.cuvetteDragHandler",
  "componentType": "TTandemDragHandler",
  "event": "dragged",
  "time": 1619435026382,
  "parameters": {
    "x": 676,
    "y": 283
  },
  "children": [
    {
      "messageIndex": 31,
      "eventType": "model",
      "phetioID": "beersLawLab.beersLawScreen.model.cuvette.widthProperty",
      "componentType": "TProperty",
      "event": "changed",
      "time": 1619435026382,
      "parameters": {
        "oldValue": 1.392,
        "newValue": 1.48
      }
    }
  ]
}
{
  "messageIndex": 28,
  "eventType": "user",
  "phetioID": "beersLawLab.beersLawScreen.view.cuvetteNode.cuvetteDragHandler",
  "componentType": "TTandemDragHandler",
  "event": "dragged",
  "time": 1619435026365,
  "parameters": {
    "x": 665,
    "y": 283
  },
  "children": [
    {
      "messageIndex": 29,
      "eventType": "model",
      "phetioID": "beersLawLab.beersLawScreen.model.cuvette.widthProperty",
      "componentType": "TProperty",
      "event": "changed",
      "time": 1619435026365,
      "parameters": {
        "oldValue": 1.3519999999999999,
        "newValue": 1.392
      }
    }
  ]
}
{
  "messageIndex": 36,
  "eventType": "user",
  "phetioID": "beersLawLab.beersLawScreen.view.cuvetteNode.cuvetteDragHandler",
  "componentType": "TTandemDragHandler",
  "event": "dragged",
  "time": 1619435026448,
  "parameters": {
    "x": 691,
    "y": 282
  },
  "children": [
    {
      "messageIndex": 37,
      "eventType": "model",
      "phetioID": "beersLawLab.beersLawScreen.model.cuvette.widthProperty",
      "componentType": "TProperty",
      "event": "changed",
      "time": 1619435026448,
      "parameters": {
        "oldValue": 1.576,
        "newValue": 1.6
      }
    }
  ]
}
{
  "messageIndex": 34,
  "eventType": "user",
  "phetioID": "beersLawLab.beersLawScreen.view.cuvetteNode.cuvetteDragHandler",
  "componentType": "TTandemDragHandler",
  "event": "dragged",
  "time": 1619435026415,
  "parameters": {
    "x": 688,
    "y": 282
  },
  "children": [
    {
      "messageIndex": 35,
      "eventType": "model",
      "phetioID": "beersLawLab.beersLawScreen.model.cuvette.widthProperty",
      "componentType": "TProperty",
      "event": "changed",
      "time": 1619435026415,
      "parameters": {
        "oldValue": 1.528,
        "newValue": 1.576
      }
    }
  ]
}
{
  "messageIndex": 38,
  "eventType": "user",
  "phetioID": "beersLawLab.beersLawScreen.view.cuvetteNode.cuvetteDragHandler",
  "componentType": "TTandemDragHandler",
  "event": "dragged",
  "time": 1619435026465,
  "parameters": {
    "x": 692,
    "y": 282
  },
  "children": [
    {
      "messageIndex": 39,
      "eventType": "model",
      "phetioID": "beersLawLab.beersLawScreen.model.cuvette.widthProperty",
      "componentType": "TProperty",
      "event": "changed",
      "time": 1619435026465,
      "parameters": {
        "oldValue": 1.6,
        "newValue": 1.608
      }
    }
  ]
}
{
  "messageIndex": 40,
  "eventType": "user",
  "phetioID": "beersLawLab.beersLawScreen.view.cuvetteNode.cuvetteDragHandler",
  "componentType": "TTandemDragHandler",
  "event": "dragged",
  "time": 1619435026731,
  "parameters": {
    "x": 695,
    "y": 282
  },
  "children": [
    {
      "messageIndex": 41,
      "eventType": "model",
      "phetioID": "beersLawLab.beersLawScreen.model.cuvette.widthProperty",
      "componentType": "TProperty",
      "event": "changed",
      "time": 1619435026731,
      "parameters": {
        "oldValue": 1.608,
        "newValue": 1.6320000000000001
      }
    }
  ]
}
{
  "messageIndex": 42,
  "eventType": "user",
  "phetioID": "beersLawLab.beersLawScreen.view.cuvetteNode.cuvetteDragHandler",
  "componentType": "TTandemDragHandler",
  "event": "dragged",
  "time": 1619435026748,
  "parameters": {
    "x": 698,
    "y": 282
  },
  "children": [
    {
      "messageIndex": 43,
      "eventType": "model",
      "phetioID": "beersLawLab.beersLawScreen.model.cuvette.widthProperty",
      "componentType": "TProperty",
      "event": "changed",
      "time": 1619435026748,
      "parameters": {
        "oldValue": 1.6320000000000001,
        "newValue": 1.6560000000000001
      }
    }
  ]
}
{
  "messageIndex": 44,
  "eventType": "user",
  "phetioID": "beersLawLab.beersLawScreen.view.cuvetteNode.cuvetteDragHandler",
  "componentType": "TTandemDragHandler",
  "event": "dragged",
  "time": 1619435026765,
  "parameters": {
    "x": 700,
    "y": 283
  },
  "children": [
    {
      "messageIndex": 45,
      "eventType": "model",
      "phetioID": "beersLawLab.beersLawScreen.model.cuvette.widthProperty",
      "componentType": "TProperty",
      "event": "changed",
      "time": 1619435026765,
      "parameters": {
        "oldValue": 1.6560000000000001,
        "newValue": 1.6720000000000002
      }
    }
  ]
}
{
  "messageIndex": 46,
  "eventType": "user",
  "phetioID": "beersLawLab.beersLawScreen.view.cuvetteNode.cuvetteDragHandler",
  "componentType": "TTandemDragHandler",
  "event": "dragged",
  "time": 1619435026781,
  "parameters": {
    "x": 704,
    "y": 284
  },
  "children": [
    {
      "messageIndex": 47,
      "eventType": "model",
      "phetioID": "beersLawLab.beersLawScreen.model.cuvette.widthProperty",
      "componentType": "TProperty",
      "event": "changed",
      "time": 1619435026781,
      "parameters": {
        "oldValue": 1.6720000000000002,
        "newValue": 1.704
      }
    }
  ]
}
{
  "messageIndex": 48,
  "eventType": "user",
  "phetioID": "beersLawLab.beersLawScreen.view.cuvetteNode.cuvetteDragHandler",
  "componentType": "TTandemDragHandler",
  "event": "dragged",
  "time": 1619435026815,
  "parameters": {
    "x": 707,
    "y": 284
  },
  "children": [
    {
      "messageIndex": 49,
      "eventType": "model",
      "phetioID": "beersLawLab.beersLawScreen.model.cuvette.widthProperty",
      "componentType": "TProperty",
      "event": "changed",
      "time": 1619435026815,
      "parameters": {
        "oldValue": 1.704,
        "newValue": 1.728
      }
    }
  ]
}
{
  "messageIndex": 50,
  "eventType": "user",
  "phetioID": "beersLawLab.beersLawScreen.view.cuvetteNode.cuvetteDragHandler",
  "componentType": "TTandemDragHandler",
  "event": "dragged",
  "time": 1619435026831,
  "parameters": {
    "x": 708,
    "y": 284
  },
  "children": [
    {
      "messageIndex": 51,
      "eventType": "model",
      "phetioID": "beersLawLab.beersLawScreen.model.cuvette.widthProperty",
      "componentType": "TProperty",
      "event": "changed",
      "time": 1619435026831,
      "parameters": {
        "oldValue": 1.728,
        "newValue": 1.736
      }
    }
  ]
}
{
  "messageIndex": 52,
  "eventType": "user",
  "phetioID": "beersLawLab.beersLawScreen.view.cuvetteNode.cuvetteDragHandler",
  "componentType": "TTandemDragHandler",
  "event": "dragged",
  "time": 1619435026848,
  "parameters": {
    "x": 709,
    "y": 284
  },
  "children": [
    {
      "messageIndex": 53,
      "eventType": "model",
      "phetioID": "beersLawLab.beersLawScreen.model.cuvette.widthProperty",
      "componentType": "TProperty",
      "event": "changed",
      "time": 1619435026848,
      "parameters": {
        "oldValue": 1.736,
        "newValue": 1.744
      }
    }
  ]
}
{
  "messageIndex": 54,
  "eventType": "user",
  "phetioID": "beersLawLab.beersLawScreen.view.cuvetteNode.cuvetteDragHandler",
  "componentType": "TTandemDragHandler",
  "event": "dragged",
  "time": 1619435026866,
  "parameters": {
    "x": 711,
    "y": 284
  },
  "children": [
    {
      "messageIndex": 55,
      "eventType": "model",
      "phetioID": "beersLawLab.beersLawScreen.model.cuvette.widthProperty",
      "componentType": "TProperty",
      "event": "changed",
      "time": 1619435026866,
      "parameters": {
        "oldValue": 1.744,
        "newValue": 1.76
      }
    }
  ]
}
{
  "messageIndex": 56,
  "eventType": "user",
  "phetioID": "beersLawLab.beersLawScreen.view.cuvetteNode.cuvetteDragHandler",
  "componentType": "TTandemDragHandler",
  "event": "dragged",
  "time": 1619435026881,
  "parameters": {
    "x": 712,
    "y": 284
  },
  "children": [
    {
      "messageIndex": 57,
      "eventType": "model",
      "phetioID": "beersLawLab.beersLawScreen.model.cuvette.widthProperty",
      "componentType": "TProperty",
      "event": "changed",
      "time": 1619435026881,
      "parameters": {
        "oldValue": 1.76,
        "newValue": 1.768
      }
    }
  ]
}
{
  "messageIndex": 58,
  "eventType": "user",
  "phetioID": "beersLawLab.beersLawScreen.view.cuvetteNode.cuvetteDragHandler",
  "componentType": "TTandemDragHandler",
  "event": "dragged",
  "time": 1619435026898,
  "parameters": {
    "x": 714,
    "y": 284
  },
  "children": [
    {
      "messageIndex": 59,
      "eventType": "model",
      "phetioID": "beersLawLab.beersLawScreen.model.cuvette.widthProperty",
      "componentType": "TProperty",
      "event": "changed",
      "time": 1619435026898,
      "parameters": {
        "oldValue": 1.768,
        "newValue": 1.784
      }
    }
  ]
}
{
  "messageIndex": 60,
  "eventType": "user",
  "phetioID": "beersLawLab.beersLawScreen.view.cuvetteNode.cuvetteDragHandler",
  "componentType": "TTandemDragHandler",
  "event": "dragged",
  "time": 1619435026916,
  "parameters": {
    "x": 715,
    "y": 284
  },
  "children": [
    {
      "messageIndex": 61,
      "eventType": "model",
      "phetioID": "beersLawLab.beersLawScreen.model.cuvette.widthProperty",
      "componentType": "TProperty",
      "event": "changed",
      "time": 1619435026916,
      "parameters": {
        "oldValue": 1.784,
        "newValue": 1.792
      }
    }
  ]
}
{
  "messageIndex": 62,
  "eventType": "user",
  "phetioID": "beersLawLab.beersLawScreen.view.cuvetteNode.cuvetteDragHandler",
  "componentType": "TTandemDragHandler",
  "event": "dragged",
  "time": 1619435026931,
  "parameters": {
    "x": 716,
    "y": 284
  },
  "children": [
    {
      "messageIndex": 63,
      "eventType": "model",
      "phetioID": "beersLawLab.beersLawScreen.model.cuvette.widthProperty",
      "componentType": "TProperty",
      "event": "changed",
      "time": 1619435026931,
      "parameters": {
        "oldValue": 1.792,
        "newValue": 1.8
      }
    }
  ]
}
{
  "messageIndex": 64,
  "eventType": "user",
  "phetioID": "beersLawLab.beersLawScreen.view.cuvetteNode.cuvetteDragHandler",
  "componentType": "TTandemDragHandler",
  "event": "dragged",
  "time": 1619435026965,
  "parameters": {
    "x": 717,
    "y": 284
  },
  "children": [
    {
      "messageIndex": 65,
      "eventType": "model",
      "phetioID": "beersLawLab.beersLawScreen.model.cuvette.widthProperty",
      "componentType": "TProperty",
      "event": "changed",
      "time": 1619435026965,
      "parameters": {
        "oldValue": 1.8,
        "newValue": 1.808
      }
    }
  ]
}
{
  "messageIndex": 66,
  "eventType": "user",
  "phetioID": "beersLawLab.beersLawScreen.view.cuvetteNode.cuvetteDragHandler",
  "componentType": "TTandemDragHandler",
  "event": "dragged",
  "time": 1619435026981,
  "parameters": {
    "x": 718,
    "y": 284
  },
  "children": [
    {
      "messageIndex": 67,
      "eventType": "model",
      "phetioID": "beersLawLab.beersLawScreen.model.cuvette.widthProperty",
      "componentType": "TProperty",
      "event": "changed",
      "time": 1619435026981,
      "parameters": {
        "oldValue": 1.808,
        "newValue": 1.816
      }
    }
  ]
}
{
  "messageIndex": 68,
  "eventType": "user",
  "phetioID": "beersLawLab.beersLawScreen.view.cuvetteNode.cuvetteDragHandler",
  "componentType": "TTandemDragHandler",
  "event": "dragged",
  "time": 1619435026998,
  "parameters": {
    "x": 720,
    "y": 284
  },
  "children": [
    {
      "messageIndex": 69,
      "eventType": "model",
      "phetioID": "beersLawLab.beersLawScreen.model.cuvette.widthProperty",
      "componentType": "TProperty",
      "event": "changed",
      "time": 1619435026998,
      "parameters": {
        "oldValue": 1.816,
        "newValue": 1.832
      }
    }
  ]
}
{
  "messageIndex": 70,
  "eventType": "user",
  "phetioID": "beersLawLab.beersLawScreen.view.cuvetteNode.cuvetteDragHandler",
  "componentType": "TTandemDragHandler",
  "event": "dragged",
  "time": 1619435027015,
  "parameters": {
    "x": 721,
    "y": 284
  },
  "children": [
    {
      "messageIndex": 71,
      "eventType": "model",
      "phetioID": "beersLawLab.beersLawScreen.model.cuvette.widthProperty",
      "componentType": "TProperty",
      "event": "changed",
      "time": 1619435027015,
      "parameters": {
        "oldValue": 1.832,
        "newValue": 1.8399999999999999
      }
    }
  ]
}
{
  "messageIndex": 72,
  "eventType": "user",
  "phetioID": "beersLawLab.beersLawScreen.view.cuvetteNode.cuvetteDragHandler",
  "componentType": "TTandemDragHandler",
  "event": "dragged",
  "time": 1619435027031,
  "parameters": {
    "x": 726,
    "y": 284
  },
  "children": [
    {
      "messageIndex": 73,
      "eventType": "model",
      "phetioID": "beersLawLab.beersLawScreen.model.cuvette.widthProperty",
      "componentType": "TProperty",
      "event": "changed",
      "time": 1619435027031,
      "parameters": {
        "oldValue": 1.8399999999999999,
        "newValue": 1.88
      }
    }
  ]
}
{
  "messageIndex": 74,
  "eventType": "user",
  "phetioID": "beersLawLab.beersLawScreen.view.cuvetteNode.cuvetteDragHandler",
  "componentType": "TTandemDragHandler",
  "event": "dragged",
  "time": 1619435027048,
  "parameters": {
    "x": 728,
    "y": 284
  },
  "children": [
    {
      "messageIndex": 75,
      "eventType": "model",
      "phetioID": "beersLawLab.beersLawScreen.model.cuvette.widthProperty",
      "componentType": "TProperty",
      "event": "changed",
      "time": 1619435027048,
      "parameters": {
        "oldValue": 1.88,
        "newValue": 1.896
      }
    }
  ]
}
{
  "messageIndex": 76,
  "eventType": "user",
  "phetioID": "beersLawLab.beersLawScreen.view.cuvetteNode.cuvetteDragHandler",
  "componentType": "TTandemDragHandler",
  "event": "dragged",
  "time": 1619435027065,
  "parameters": {
    "x": 732,
    "y": 284
  },
  "children": [
    {
      "messageIndex": 77,
      "eventType": "model",
      "phetioID": "beersLawLab.beersLawScreen.model.cuvette.widthProperty",
      "componentType": "TProperty",
      "event": "changed",
      "time": 1619435027065,
      "parameters": {
        "oldValue": 1.896,
        "newValue": 1.928
      }
    }
  ]
}
{
  "messageIndex": 78,
  "eventType": "user",
  "phetioID": "beersLawLab.beersLawScreen.view.cuvetteNode.cuvetteDragHandler",
  "componentType": "TTandemDragHandler",
  "event": "dragged",
  "time": 1619435027081,
  "parameters": {
    "x": 738,
    "y": 284
  },
  "children": [
    {
      "messageIndex": 79,
      "eventType": "model",
      "phetioID": "beersLawLab.beersLawScreen.model.cuvette.widthProperty",
      "componentType": "TProperty",
      "event": "changed",
      "time": 1619435027081,
      "parameters": {
        "oldValue": 1.928,
        "newValue": 1.976
      }
    }
  ]
}
{
  "messageIndex": 80,
  "eventType": "user",
  "phetioID": "beersLawLab.beersLawScreen.view.cuvetteNode.cuvetteDragHandler",
  "componentType": "TTandemDragHandler",
  "event": "dragged",
  "time": 1619435027098,
  "parameters": {
    "x": 744,
    "y": 284
  },
  "children": [
    {
      "messageIndex": 81,
      "eventType": "model",
      "phetioID": "beersLawLab.beersLawScreen.model.cuvette.widthProperty",
      "componentType": "TProperty",
      "event": "changed",
      "time": 1619435027098,
      "parameters": {
        "oldValue": 1.976,
        "newValue": 2
      }
    }
  ]
}
{
  "messageIndex": 83,
  "eventType": "user",
  "phetioID": "beersLawLab.beersLawScreen.view.cuvetteNode.cuvetteDragHandler",
  "componentType": "TTandemDragHandler",
  "event": "dragged",
  "time": 1619435027131,
  "parameters": {
    "x": 753,
    "y": 284
  }
}
{
  "messageIndex": 82,
  "eventType": "user",
  "phetioID": "beersLawLab.beersLawScreen.view.cuvetteNode.cuvetteDragHandler",
  "componentType": "TTandemDragHandler",
  "event": "dragged",
  "time": 1619435027116,
  "parameters": {
    "x": 748,
    "y": 284
  }
}
{
  "messageIndex": 84,
  "eventType": "user",
  "phetioID": "beersLawLab.beersLawScreen.view.cuvetteNode.cuvetteDragHandler",
  "componentType": "TTandemDragHandler",
  "event": "dragged",
  "time": 1619435027148,
  "parameters": {
    "x": 757,
    "y": 284
  }
}
{
  "messageIndex": 85,
  "eventType": "user",
  "phetioID": "beersLawLab.beersLawScreen.view.cuvetteNode.cuvetteDragHandler",
  "componentType": "TTandemDragHandler",
  "event": "dragged",
  "time": 1619435027165,
  "parameters": {
    "x": 761,
    "y": 284
  }
}
{
  "messageIndex": 86,
  "eventType": "user",
  "phetioID": "beersLawLab.beersLawScreen.view.cuvetteNode.cuvetteDragHandler",
  "componentType": "TTandemDragHandler",
  "event": "dragged",
  "time": 1619435027182,
  "parameters": {
    "x": 764,
    "y": 283
  }
}
{
  "messageIndex": 87,
  "eventType": "user",
  "phetioID": "beersLawLab.beersLawScreen.view.cuvetteNode.cuvetteDragHandler",
  "componentType": "TTandemDragHandler",
  "event": "dragged",
  "time": 1619435027198,
  "parameters": {
    "x": 769,
    "y": 283
  }
}
{
  "messageIndex": 88,
  "eventType": "user",
  "phetioID": "beersLawLab.beersLawScreen.view.cuvetteNode.cuvetteDragHandler",
  "componentType": "TTandemDragHandler",
  "event": "dragged",
  "time": 1619435027215,
  "parameters": {
    "x": 772,
    "y": 283
  }
}
{
  "messageIndex": 89,
  "eventType": "user",
  "phetioID": "beersLawLab.beersLawScreen.view.cuvetteNode.cuvetteDragHandler",
  "componentType": "TTandemDragHandler",
  "event": "dragged",
  "time": 1619435027232,
  "parameters": {
    "x": 775,
    "y": 283
  }
}
{
  "messageIndex": 90,
  "eventType": "user",
  "phetioID": "beersLawLab.beersLawScreen.view.cuvetteNode.cuvetteDragHandler",
  "componentType": "TTandemDragHandler",
  "event": "dragged",
  "time": 1619435027248,
  "parameters": {
    "x": 777,
    "y": 284
  }
}
{
  "messageIndex": 91,
  "eventType": "user",
  "phetioID": "beersLawLab.beersLawScreen.view.cuvetteNode.cuvetteDragHandler",
  "componentType": "TTandemDragHandler",
  "event": "dragged",
  "time": 1619435027265,
  "parameters": {
    "x": 779,
    "y": 285
  }
}
{
  "messageIndex": 92,
  "eventType": "user",
  "phetioID": "beersLawLab.beersLawScreen.view.cuvetteNode.cuvetteDragHandler",
  "componentType": "TTandemDragHandler",
  "event": "dragged",
  "time": 1619435027281,
  "parameters": {
    "x": 780,
    "y": 286
  }
}
{
  "messageIndex": 93,
  "eventType": "user",
  "phetioID": "beersLawLab.beersLawScreen.view.cuvetteNode.cuvetteDragHandler",
  "componentType": "TTandemDragHandler",
  "event": "dragged",
  "time": 1619435027298,
  "parameters": {
    "x": 783,
    "y": 287
  }
}
{
  "messageIndex": 94,
  "eventType": "user",
  "phetioID": "beersLawLab.beersLawScreen.view.cuvetteNode.cuvetteDragHandler",
  "componentType": "TTandemDragHandler",
  "event": "dragged",
  "time": 1619435027314,
  "parameters": {
    "x": 785,
    "y": 287
  }
}
{
  "messageIndex": 95,
  "eventType": "user",
  "phetioID": "beersLawLab.beersLawScreen.view.cuvetteNode.cuvetteDragHandler",
  "componentType": "TTandemDragHandler",
  "event": "dragged",
  "time": 1619435027331,
  "parameters": {
    "x": 786,
    "y": 288
  }
}
{
  "messageIndex": 96,
  "eventType": "user",
  "phetioID": "beersLawLab.beersLawScreen.view.cuvetteNode.cuvetteDragHandler",
  "componentType": "TTandemDragHandler",
  "event": "dragged",
  "time": 1619435027348,
  "parameters": {
    "x": 792,
    "y": 288
  }
}
{
  "messageIndex": 97,
  "eventType": "user",
  "phetioID": "beersLawLab.beersLawScreen.view.cuvetteNode.cuvetteDragHandler",
  "componentType": "TTandemDragHandler",
  "event": "dragged",
  "time": 1619435027365,
  "parameters": {
    "x": 796,
    "y": 290
  }
}
{
  "messageIndex": 98,
  "eventType": "user",
  "phetioID": "beersLawLab.beersLawScreen.view.cuvetteNode.cuvetteDragHandler",
  "componentType": "TTandemDragHandler",
  "event": "dragged",
  "time": 1619435027382,
  "parameters": {
    "x": 800,
    "y": 290
  }
}
{
  "messageIndex": 99,
  "eventType": "user",
  "phetioID": "beersLawLab.beersLawScreen.view.cuvetteNode.cuvetteDragHandler",
  "componentType": "TTandemDragHandler",
  "event": "dragged",
  "time": 1619435027398,
  "parameters": {
    "x": 803,
    "y": 291
  }
}
{
  "messageIndex": 100,
  "eventType": "user",
  "phetioID": "beersLawLab.beersLawScreen.view.cuvetteNode.cuvetteDragHandler",
  "componentType": "TTandemDragHandler",
  "event": "dragged",
  "time": 1619435027415,
  "parameters": {
    "x": 804,
    "y": 291
  }
}
{
  "messageIndex": 101,
  "eventType": "user",
  "phetioID": "beersLawLab.beersLawScreen.view.cuvetteNode.cuvetteDragHandler",
  "componentType": "TTandemDragHandler",
  "event": "dragEnded",
  "time": 1619435027961
}
{
  "messageIndex": 102,
  "eventType": "user",
  "phetioID": "beersLawLab.beersLawScreen.view.rulerNode.movableDragHandler",
  "componentType": "TTandemDragHandler",
  "event": "dragStarted",
  "time": 1619435029232,
  "parameters": {
    "x": 375,
    "y": 402
  }
}
{
  "messageIndex": 103,
  "eventType": "user",
  "phetioID": "beersLawLab.beersLawScreen.view.rulerNode.movableDragHandler",
  "componentType": "TTandemDragHandler",
  "event": "dragged",
  "time": 1619435029348,
  "parameters": {
    "x": 378,
    "y": 398
  },
  "children": [
    {
      "messageIndex": 104,
      "eventType": "model",
      "phetioID": "beersLawLab.beersLawScreen.model.ruler.locationProperty",
      "componentType": "TProperty",
      "event": "changed",
      "time": 1619435029348,
      "parameters": {
        "oldValue": {
          "x": 0.6999999999999997,
          "y": 4.5
        },
        "newValue": {
          "x": 0.724,
          "y": 4.468
        }
      }
    }
  ]
}
{
  "messageIndex": 105,
  "eventType": "user",
  "phetioID": "beersLawLab.beersLawScreen.view.rulerNode.movableDragHandler",
  "componentType": "TTandemDragHandler",
  "event": "dragged",
  "time": 1619435029365,
  "parameters": {
    "x": 380,
    "y": 395
  },
  "children": [
    {
      "messageIndex": 106,
      "eventType": "model",
      "phetioID": "beersLawLab.beersLawScreen.model.ruler.locationProperty",
      "componentType": "TProperty",
      "event": "changed",
      "time": 1619435029365,
      "parameters": {
        "oldValue": {
          "x": 0.724,
          "y": 4.468
        },
        "newValue": {
          "x": 0.74,
          "y": 4.444
        }
      }
    }
  ]
}
{
  "messageIndex": 107,
  "eventType": "user",
  "phetioID": "beersLawLab.beersLawScreen.view.rulerNode.movableDragHandler",
  "componentType": "TTandemDragHandler",
  "event": "dragged",
  "time": 1619435029381,
  "parameters": {
    "x": 397,
    "y": 382
  },
  "children": [
    {
      "messageIndex": 108,
      "eventType": "model",
      "phetioID": "beersLawLab.beersLawScreen.model.ruler.locationProperty",
      "componentType": "TProperty",
      "event": "changed",
      "time": 1619435029381,
      "parameters": {
        "oldValue": {
          "x": 0.74,
          "y": 4.444
        },
        "newValue": {
          "x": 0.876,
          "y": 4.34
        }
      }
    }
  ]
}
{
  "messageIndex": 109,
  "eventType": "user",
  "phetioID": "beersLawLab.beersLawScreen.view.rulerNode.movableDragHandler",
  "componentType": "TTandemDragHandler",
  "event": "dragged",
  "time": 1619435029398,
  "parameters": {
    "x": 411,
    "y": 375
  },
  "children": [
    {
      "messageIndex": 110,
      "eventType": "model",
      "phetioID": "beersLawLab.beersLawScreen.model.ruler.locationProperty",
      "componentType": "TProperty",
      "event": "changed",
      "time": 1619435029398,
      "parameters": {
        "oldValue": {
          "x": 0.876,
          "y": 4.34
        },
        "newValue": {
          "x": 0.988,
          "y": 4.284
        }
      }
    }
  ]
}
{
  "messageIndex": 111,
  "eventType": "user",
  "phetioID": "beersLawLab.beersLawScreen.view.rulerNode.movableDragHandler",
  "componentType": "TTandemDragHandler",
  "event": "dragged",
  "time": 1619435029414,
  "parameters": {
    "x": 425,
    "y": 368
  },
  "children": [
    {
      "messageIndex": 112,
      "eventType": "model",
      "phetioID": "beersLawLab.beersLawScreen.model.ruler.locationProperty",
      "componentType": "TProperty",
      "event": "changed",
      "time": 1619435029415,
      "parameters": {
        "oldValue": {
          "x": 0.988,
          "y": 4.284
        },
        "newValue": {
          "x": 1.1,
          "y": 4.228
        }
      }
    }
  ]
}
{
  "messageIndex": 113,
  "eventType": "user",
  "phetioID": "beersLawLab.beersLawScreen.view.rulerNode.movableDragHandler",
  "componentType": "TTandemDragHandler",
  "event": "dragged",
  "time": 1619435029432,
  "parameters": {
    "x": 465,
    "y": 342
  },
  "children": [
    {
      "messageIndex": 114,
      "eventType": "model",
      "phetioID": "beersLawLab.beersLawScreen.model.ruler.locationProperty",
      "componentType": "TProperty",
      "event": "changed",
      "time": 1619435029432,
      "parameters": {
        "oldValue": {
          "x": 1.1,
          "y": 4.228
        },
        "newValue": {
          "x": 1.42,
          "y": 4.0200000000000005
        }
      }
    }
  ]
}
{
  "messageIndex": 115,
  "eventType": "user",
  "phetioID": "beersLawLab.beersLawScreen.view.rulerNode.movableDragHandler",
  "componentType": "TTandemDragHandler",
  "event": "dragged",
  "time": 1619435029448,
  "parameters": {
    "x": 494,
    "y": 323
  },
  "children": [
    {
      "messageIndex": 116,
      "eventType": "model",
      "phetioID": "beersLawLab.beersLawScreen.model.ruler.locationProperty",
      "componentType": "TProperty",
      "event": "changed",
      "time": 1619435029448,
      "parameters": {
        "oldValue": {
          "x": 1.42,
          "y": 4.0200000000000005
        },
        "newValue": {
          "x": 1.6520000000000001,
          "y": 3.868
        }
      }
    }
  ]
}
{
  "messageIndex": 117,
  "eventType": "user",
  "phetioID": "beersLawLab.beersLawScreen.view.rulerNode.movableDragHandler",
  "componentType": "TTandemDragHandler",
  "event": "dragged",
  "time": 1619435029464,
  "parameters": {
    "x": 516,
    "y": 306
  },
  "children": [
    {
      "messageIndex": 118,
      "eventType": "model",
      "phetioID": "beersLawLab.beersLawScreen.model.ruler.locationProperty",
      "componentType": "TProperty",
      "event": "changed",
      "time": 1619435029464,
      "parameters": {
        "oldValue": {
          "x": 1.6520000000000001,
          "y": 3.868
        },
        "newValue": {
          "x": 1.828,
          "y": 3.732
        }
      }
    }
  ]
}
{
  "messageIndex": 119,
  "eventType": "user",
  "phetioID": "beersLawLab.beersLawScreen.view.rulerNode.movableDragHandler",
  "componentType": "TTandemDragHandler",
  "event": "dragged",
  "time": 1619435029482,
  "parameters": {
    "x": 552,
    "y": 294
  },
  "children": [
    {
      "messageIndex": 120,
      "eventType": "model",
      "phetioID": "beersLawLab.beersLawScreen.model.ruler.locationProperty",
      "componentType": "TProperty",
      "event": "changed",
      "time": 1619435029482,
      "parameters": {
        "oldValue": {
          "x": 1.828,
          "y": 3.732
        },
        "newValue": {
          "x": 2.116,
          "y": 3.636
        }
      }
    }
  ]
}
{
  "messageIndex": 121,
  "eventType": "user",
  "phetioID": "beersLawLab.beersLawScreen.view.rulerNode.movableDragHandler",
  "componentType": "TTandemDragHandler",
  "event": "dragged",
  "time": 1619435029498,
  "parameters": {
    "x": 573,
    "y": 290
  },
  "children": [
    {
      "messageIndex": 122,
      "eventType": "model",
      "phetioID": "beersLawLab.beersLawScreen.model.ruler.locationProperty",
      "componentType": "TProperty",
      "event": "changed",
      "time": 1619435029498,
      "parameters": {
        "oldValue": {
          "x": 2.116,
          "y": 3.636
        },
        "newValue": {
          "x": 2.2840000000000003,
          "y": 3.604
        }
      }
    }
  ]
}
{
  "messageIndex": 123,
  "eventType": "user",
  "phetioID": "beersLawLab.beersLawScreen.view.rulerNode.movableDragHandler",
  "componentType": "TTandemDragHandler",
  "event": "dragged",
  "time": 1619435029514,
  "parameters": {
    "x": 589,
    "y": 285
  },
  "children": [
    {
      "messageIndex": 124,
      "eventType": "model",
      "phetioID": "beersLawLab.beersLawScreen.model.ruler.locationProperty",
      "componentType": "TProperty",
      "event": "changed",
      "time": 1619435029514,
      "parameters": {
        "oldValue": {
          "x": 2.2840000000000003,
          "y": 3.604
        },
        "newValue": {
          "x": 2.412,
          "y": 3.564
        }
      }
    }
  ]
}
{
  "messageIndex": 127,
  "eventType": "user",
  "phetioID": "beersLawLab.beersLawScreen.view.rulerNode.movableDragHandler",
  "componentType": "TTandemDragHandler",
  "event": "dragged",
  "time": 1619435029548,
  "parameters": {
    "x": 634,
    "y": 280
  },
  "children": [
    {
      "messageIndex": 128,
      "eventType": "model",
      "phetioID": "beersLawLab.beersLawScreen.model.ruler.locationProperty",
      "componentType": "TProperty",
      "event": "changed",
      "time": 1619435029548,
      "parameters": {
        "oldValue": {
          "x": 2.564,
          "y": 3.54
        },
        "newValue": {
          "x": 2.7720000000000002,
          "y": 3.524
        }
      }
    }
  ]
}
{
  "messageIndex": 125,
  "eventType": "user",
  "phetioID": "beersLawLab.beersLawScreen.view.rulerNode.movableDragHandler",
  "componentType": "TTandemDragHandler",
  "event": "dragged",
  "time": 1619435029531,
  "parameters": {
    "x": 608,
    "y": 282
  },
  "children": [
    {
      "messageIndex": 126,
      "eventType": "model",
      "phetioID": "beersLawLab.beersLawScreen.model.ruler.locationProperty",
      "componentType": "TProperty",
      "event": "changed",
      "time": 1619435029532,
      "parameters": {
        "oldValue": {
          "x": 2.412,
          "y": 3.564
        },
        "newValue": {
          "x": 2.564,
          "y": 3.54
        }
      }
    }
  ]
}
{
  "messageIndex": 131,
  "eventType": "user",
  "phetioID": "beersLawLab.beersLawScreen.view.rulerNode.movableDragHandler",
  "componentType": "TTandemDragHandler",
  "event": "dragged",
  "time": 1619435029582,
  "parameters": {
    "x": 655,
    "y": 280
  },
  "children": [
    {
      "messageIndex": 132,
      "eventType": "model",
      "phetioID": "beersLawLab.beersLawScreen.model.ruler.locationProperty",
      "componentType": "TProperty",
      "event": "changed",
      "time": 1619435029582,
      "parameters": {
        "oldValue": {
          "x": 2.868,
          "y": 3.524
        },
        "newValue": {
          "x": 2.94,
          "y": 3.524
        }
      }
    }
  ]
}
{
  "messageIndex": 133,
  "eventType": "user",
  "phetioID": "beersLawLab.beersLawScreen.view.rulerNode.movableDragHandler",
  "componentType": "TTandemDragHandler",
  "event": "dragged",
  "time": 1619435029598,
  "parameters": {
    "x": 667,
    "y": 280
  },
  "children": [
    {
      "messageIndex": 134,
      "eventType": "model",
      "phetioID": "beersLawLab.beersLawScreen.model.ruler.locationProperty",
      "componentType": "TProperty",
      "event": "changed",
      "time": 1619435029599,
      "parameters": {
        "oldValue": {
          "x": 2.94,
          "y": 3.524
        },
        "newValue": {
          "x": 3.036,
          "y": 3.524
        }
      }
    }
  ]
}
{
  "messageIndex": 129,
  "eventType": "user",
  "phetioID": "beersLawLab.beersLawScreen.view.rulerNode.movableDragHandler",
  "componentType": "TTandemDragHandler",
  "event": "dragged",
  "time": 1619435029564,
  "parameters": {
    "x": 646,
    "y": 280
  },
  "children": [
    {
      "messageIndex": 130,
      "eventType": "model",
      "phetioID": "beersLawLab.beersLawScreen.model.ruler.locationProperty",
      "componentType": "TProperty",
      "event": "changed",
      "time": 1619435029565,
      "parameters": {
        "oldValue": {
          "x": 2.7720000000000002,
          "y": 3.524
        },
        "newValue": {
          "x": 2.868,
          "y": 3.524
        }
      }
    }
  ]
}
{
  "messageIndex": 135,
  "eventType": "user",
  "phetioID": "beersLawLab.beersLawScreen.view.rulerNode.movableDragHandler",
  "componentType": "TTandemDragHandler",
  "event": "dragged",
  "time": 1619435029615,
  "parameters": {
    "x": 673,
    "y": 280
  },
  "children": [
    {
      "messageIndex": 136,
      "eventType": "model",
      "phetioID": "beersLawLab.beersLawScreen.model.ruler.locationProperty",
      "componentType": "TProperty",
      "event": "changed",
      "time": 1619435029615,
      "parameters": {
        "oldValue": {
          "x": 3.036,
          "y": 3.524
        },
        "newValue": {
          "x": 3.084,
          "y": 3.524
        }
      }
    }
  ]
}
{
  "messageIndex": 137,
  "eventType": "user",
  "phetioID": "beersLawLab.beersLawScreen.view.rulerNode.movableDragHandler",
  "componentType": "TTandemDragHandler",
  "event": "dragged",
  "time": 1619435029632,
  "parameters": {
    "x": 678,
    "y": 281
  },
  "children": [
    {
      "messageIndex": 138,
      "eventType": "model",
      "phetioID": "beersLawLab.beersLawScreen.model.ruler.locationProperty",
      "componentType": "TProperty",
      "event": "changed",
      "time": 1619435029632,
      "parameters": {
        "oldValue": {
          "x": 3.084,
          "y": 3.524
        },
        "newValue": {
          "x": 3.124,
          "y": 3.532
        }
      }
    }
  ]
}
{
  "messageIndex": 139,
  "eventType": "user",
  "phetioID": "beersLawLab.beersLawScreen.view.rulerNode.movableDragHandler",
  "componentType": "TTandemDragHandler",
  "event": "dragged",
  "time": 1619435029648,
  "parameters": {
    "x": 684,
    "y": 282
  },
  "children": [
    {
      "messageIndex": 140,
      "eventType": "model",
      "phetioID": "beersLawLab.beersLawScreen.model.ruler.locationProperty",
      "componentType": "TProperty",
      "event": "changed",
      "time": 1619435029648,
      "parameters": {
        "oldValue": {
          "x": 3.124,
          "y": 3.532
        },
        "newValue": {
          "x": 3.172,
          "y": 3.54
        }
      }
    }
  ]
}
{
  "messageIndex": 141,
  "eventType": "user",
  "phetioID": "beersLawLab.beersLawScreen.view.rulerNode.movableDragHandler",
  "componentType": "TTandemDragHandler",
  "event": "dragged",
  "time": 1619435029664,
  "parameters": {
    "x": 686,
    "y": 282
  },
  "children": [
    {
      "messageIndex": 142,
      "eventType": "model",
      "phetioID": "beersLawLab.beersLawScreen.model.ruler.locationProperty",
      "componentType": "TProperty",
      "event": "changed",
      "time": 1619435029665,
      "parameters": {
        "oldValue": {
          "x": 3.172,
          "y": 3.54
        },
        "newValue": {
          "x": 3.188,
          "y": 3.54
        }
      }
    }
  ]
}
{
  "messageIndex": 143,
  "eventType": "user",
  "phetioID": "beersLawLab.beersLawScreen.view.rulerNode.movableDragHandler",
  "componentType": "TTandemDragHandler",
  "event": "dragged",
  "time": 1619435029682,
  "parameters": {
    "x": 689,
    "y": 284
  },
  "children": [
    {
      "messageIndex": 144,
      "eventType": "model",
      "phetioID": "beersLawLab.beersLawScreen.model.ruler.locationProperty",
      "componentType": "TProperty",
      "event": "changed",
      "time": 1619435029682,
      "parameters": {
        "oldValue": {
          "x": 3.188,
          "y": 3.54
        },
        "newValue": {
          "x": 3.212,
          "y": 3.556
        }
      }
    }
  ]
}
{
  "messageIndex": 145,
  "eventType": "user",
  "phetioID": "beersLawLab.beersLawScreen.view.rulerNode.movableDragHandler",
  "componentType": "TTandemDragHandler",
  "event": "dragged",
  "time": 1619435029698,
  "parameters": {
    "x": 692,
    "y": 286
  },
  "children": [
    {
      "messageIndex": 146,
      "eventType": "model",
      "phetioID": "beersLawLab.beersLawScreen.model.ruler.locationProperty",
      "componentType": "TProperty",
      "event": "changed",
      "time": 1619435029698,
      "parameters": {
        "oldValue": {
          "x": 3.212,
          "y": 3.556
        },
        "newValue": {
          "x": 3.236,
          "y": 3.572
        }
      }
    }
  ]
}
{
  "messageIndex": 147,
  "eventType": "user",
  "phetioID": "beersLawLab.beersLawScreen.view.rulerNode.movableDragHandler",
  "componentType": "TTandemDragHandler",
  "event": "dragged",
  "time": 1619435029715,
  "parameters": {
    "x": 696,
    "y": 287
  },
  "children": [
    {
      "messageIndex": 148,
      "eventType": "model",
      "phetioID": "beersLawLab.beersLawScreen.model.ruler.locationProperty",
      "componentType": "TProperty",
      "event": "changed",
      "time": 1619435029715,
      "parameters": {
        "oldValue": {
          "x": 3.236,
          "y": 3.572
        },
        "newValue": {
          "x": 3.2680000000000002,
          "y": 3.58
        }
      }
    }
  ]
}
{
  "messageIndex": 149,
  "eventType": "user",
  "phetioID": "beersLawLab.beersLawScreen.view.rulerNode.movableDragHandler",
  "componentType": "TTandemDragHandler",
  "event": "dragged",
  "time": 1619435029733,
  "parameters": {
    "x": 702,
    "y": 292
  },
  "children": [
    {
      "messageIndex": 150,
      "eventType": "model",
      "phetioID": "beersLawLab.beersLawScreen.model.ruler.locationProperty",
      "componentType": "TProperty",
      "event": "changed",
      "time": 1619435029733,
      "parameters": {
        "oldValue": {
          "x": 3.2680000000000002,
          "y": 3.58
        },
        "newValue": {
          "x": 3.3160000000000003,
          "y": 3.62
        }
      }
    }
  ]
}
{
  "messageIndex": 151,
  "eventType": "user",
  "phetioID": "beersLawLab.beersLawScreen.view.rulerNode.movableDragHandler",
  "componentType": "TTandemDragHandler",
  "event": "dragged",
  "time": 1619435029748,
  "parameters": {
    "x": 704,
    "y": 294
  },
  "children": [
    {
      "messageIndex": 152,
      "eventType": "model",
      "phetioID": "beersLawLab.beersLawScreen.model.ruler.locationProperty",
      "componentType": "TProperty",
      "event": "changed",
      "time": 1619435029748,
      "parameters": {
        "oldValue": {
          "x": 3.3160000000000003,
          "y": 3.62
        },
        "newValue": {
          "x": 3.332,
          "y": 3.636
        }
      }
    }
  ]
}
{
  "messageIndex": 153,
  "eventType": "user",
  "phetioID": "beersLawLab.beersLawScreen.view.rulerNode.movableDragHandler",
  "componentType": "TTandemDragHandler",
  "event": "dragged",
  "time": 1619435029765,
  "parameters": {
    "x": 705,
    "y": 294
  },
  "children": [
    {
      "messageIndex": 154,
      "eventType": "model",
      "phetioID": "beersLawLab.beersLawScreen.model.ruler.locationProperty",
      "componentType": "TProperty",
      "event": "changed",
      "time": 1619435029765,
      "parameters": {
        "oldValue": {
          "x": 3.332,
          "y": 3.636
        },
        "newValue": {
          "x": 3.34,
          "y": 3.636
        }
      }
    }
  ]
}
{
  "messageIndex": 155,
  "eventType": "user",
  "phetioID": "beersLawLab.beersLawScreen.view.rulerNode.movableDragHandler",
  "componentType": "TTandemDragHandler",
  "event": "dragged",
  "time": 1619435029948,
  "parameters": {
    "x": 703,
    "y": 294
  },
  "children": [
    {
      "messageIndex": 156,
      "eventType": "model",
      "phetioID": "beersLawLab.beersLawScreen.model.ruler.locationProperty",
      "componentType": "TProperty",
      "event": "changed",
      "time": 1619435029948,
      "parameters": {
        "oldValue": {
          "x": 3.34,
          "y": 3.636
        },
        "newValue": {
          "x": 3.3240000000000003,
          "y": 3.636
        }
      }
    }
  ]
}
{
  "messageIndex": 157,
  "eventType": "user",
  "phetioID": "beersLawLab.beersLawScreen.view.rulerNode.movableDragHandler",
  "componentType": "TTandemDragHandler",
  "event": "dragged",
  "time": 1619435029964,
  "parameters": {
    "x": 700,
    "y": 293
  },
  "children": [
    {
      "messageIndex": 158,
      "eventType": "model",
      "phetioID": "beersLawLab.beersLawScreen.model.ruler.locationProperty",
      "componentType": "TProperty",
      "event": "changed",
      "time": 1619435029964,
      "parameters": {
        "oldValue": {
          "x": 3.3240000000000003,
          "y": 3.636
        },
        "newValue": {
          "x": 3.3000000000000003,
          "y": 3.628
        }
      }
    }
  ]
}
{
  "messageIndex": 159,
  "eventType": "user",
  "phetioID": "beersLawLab.beersLawScreen.view.rulerNode.movableDragHandler",
  "componentType": "TTandemDragHandler",
  "event": "dragged",
  "time": 1619435029981,
  "parameters": {
    "x": 698,
    "y": 293
  },
  "children": [
    {
      "messageIndex": 160,
      "eventType": "model",
      "phetioID": "beersLawLab.beersLawScreen.model.ruler.locationProperty",
      "componentType": "TProperty",
      "event": "changed",
      "time": 1619435029982,
      "parameters": {
        "oldValue": {
          "x": 3.3000000000000003,
          "y": 3.628
        },
        "newValue": {
          "x": 3.2840000000000003,
          "y": 3.628
        }
      }
    }
  ]
}
{
  "messageIndex": 161,
  "eventType": "user",
  "phetioID": "beersLawLab.beersLawScreen.view.rulerNode.movableDragHandler",
  "componentType": "TTandemDragHandler",
  "event": "dragged",
  "time": 1619435029998,
  "parameters": {
    "x": 696,
    "y": 292
  },
  "children": [
    {
      "messageIndex": 162,
      "eventType": "model",
      "phetioID": "beersLawLab.beersLawScreen.model.ruler.locationProperty",
      "componentType": "TProperty",
      "event": "changed",
      "time": 1619435029998,
      "parameters": {
        "oldValue": {
          "x": 3.2840000000000003,
          "y": 3.628
        },
        "newValue": {
          "x": 3.2680000000000002,
          "y": 3.62
        }
      }
    }
  ]
}
{
  "messageIndex": 163,
  "eventType": "user",
  "phetioID": "beersLawLab.beersLawScreen.view.rulerNode.movableDragHandler",
  "componentType": "TTandemDragHandler",
  "event": "dragged",
  "time": 1619435030198,
  "parameters": {
    "x": 696,
    "y": 291
  },
  "children": [
    {
      "messageIndex": 164,
      "eventType": "model",
      "phetioID": "beersLawLab.beersLawScreen.model.ruler.locationProperty",
      "componentType": "TProperty",
      "event": "changed",
      "time": 1619435030198,
      "parameters": {
        "oldValue": {
          "x": 3.2680000000000002,
          "y": 3.62
        },
        "newValue": {
          "x": 3.2680000000000002,
          "y": 3.612
        }
      }
    }
  ]
}
{
  "messageIndex": 165,
  "eventType": "user",
  "phetioID": "beersLawLab.beersLawScreen.view.rulerNode.movableDragHandler",
  "componentType": "TTandemDragHandler",
  "event": "dragged",
  "time": 1619435030231,
  "parameters": {
    "x": 696,
    "y": 290
  },
  "children": [
    {
      "messageIndex": 166,
      "eventType": "model",
      "phetioID": "beersLawLab.beersLawScreen.model.ruler.locationProperty",
      "componentType": "TProperty",
      "event": "changed",
      "time": 1619435030231,
      "parameters": {
        "oldValue": {
          "x": 3.2680000000000002,
          "y": 3.612
        },
        "newValue": {
          "x": 3.2680000000000002,
          "y": 3.604
        }
      }
    }
  ]
}
{
  "messageIndex": 167,
  "eventType": "user",
  "phetioID": "beersLawLab.beersLawScreen.view.rulerNode.movableDragHandler",
  "componentType": "TTandemDragHandler",
  "event": "dragged",
  "time": 1619435030248,
  "parameters": {
    "x": 696,
    "y": 288
  },
  "children": [
    {
      "messageIndex": 168,
      "eventType": "model",
      "phetioID": "beersLawLab.beersLawScreen.model.ruler.locationProperty",
      "componentType": "TProperty",
      "event": "changed",
      "time": 1619435030248,
      "parameters": {
        "oldValue": {
          "x": 3.2680000000000002,
          "y": 3.604
        },
        "newValue": {
          "x": 3.2680000000000002,
          "y": 3.588
        }
      }
    }
  ]
}
{
  "messageIndex": 169,
  "eventType": "user",
  "phetioID": "beersLawLab.beersLawScreen.view.rulerNode.movableDragHandler",
  "componentType": "TTandemDragHandler",
  "event": "dragged",
  "time": 1619435030298,
  "parameters": {
    "x": 696,
    "y": 287
  },
  "children": [
    {
      "messageIndex": 170,
      "eventType": "model",
      "phetioID": "beersLawLab.beersLawScreen.model.ruler.locationProperty",
      "componentType": "TProperty",
      "event": "changed",
      "time": 1619435030298,
      "parameters": {
        "oldValue": {
          "x": 3.2680000000000002,
          "y": 3.588
        },
        "newValue": {
          "x": 3.2680000000000002,
          "y": 3.58
        }
      }
    }
  ]
}
{
  "messageIndex": 171,
  "eventType": "user",
  "phetioID": "beersLawLab.beersLawScreen.view.rulerNode.movableDragHandler",
  "componentType": "TTandemDragHandler",
  "event": "dragged",
  "time": 1619435030698,
  "parameters": {
    "x": 696,
    "y": 286
  },
  "children": [
    {
      "messageIndex": 172,
      "eventType": "model",
      "phetioID": "beersLawLab.beersLawScreen.model.ruler.locationProperty",
      "componentType": "TProperty",
      "event": "changed",
      "time": 1619435030698,
      "parameters": {
        "oldValue": {
          "x": 3.2680000000000002,
          "y": 3.58
        },
        "newValue": {
          "x": 3.2680000000000002,
          "y": 3.572
        }
      }
    }
  ]
}
{
  "messageIndex": 173,
  "eventType": "user",
  "phetioID": "beersLawLab.beersLawScreen.view.rulerNode.movableDragHandler",
  "componentType": "TTandemDragHandler",
  "event": "dragged",
  "time": 1619435030731,
  "parameters": {
    "x": 698,
    "y": 282
  },
  "children": [
    {
      "messageIndex": 174,
      "eventType": "model",
      "phetioID": "beersLawLab.beersLawScreen.model.ruler.locationProperty",
      "componentType": "TProperty",
      "event": "changed",
      "time": 1619435030731,
      "parameters": {
        "oldValue": {
          "x": 3.2680000000000002,
          "y": 3.572
        },
        "newValue": {
          "x": 3.2840000000000003,
          "y": 3.54
        }
      }
    }
  ]
}
{
  "messageIndex": 175,
  "eventType": "user",
  "phetioID": "beersLawLab.beersLawScreen.view.rulerNode.movableDragHandler",
  "componentType": "TTandemDragHandler",
  "event": "dragged",
  "time": 1619435030748,
  "parameters": {
    "x": 699,
    "y": 279
  },
  "children": [
    {
      "messageIndex": 176,
      "eventType": "model",
      "phetioID": "beersLawLab.beersLawScreen.model.ruler.locationProperty",
      "componentType": "TProperty",
      "event": "changed",
      "time": 1619435030748,
      "parameters": {
        "oldValue": {
          "x": 3.2840000000000003,
          "y": 3.54
        },
        "newValue": {
          "x": 3.2920000000000003,
          "y": 3.516
        }
      }
    }
  ]
}
{
  "messageIndex": 177,
  "eventType": "user",
  "phetioID": "beersLawLab.beersLawScreen.view.rulerNode.movableDragHandler",
  "componentType": "TTandemDragHandler",
  "event": "dragged",
  "time": 1619435030814,
  "parameters": {
    "x": 699,
    "y": 278
  },
  "children": [
    {
      "messageIndex": 178,
      "eventType": "model",
      "phetioID": "beersLawLab.beersLawScreen.model.ruler.locationProperty",
      "componentType": "TProperty",
      "event": "changed",
      "time": 1619435030814,
      "parameters": {
        "oldValue": {
          "x": 3.2920000000000003,
          "y": 3.516
        },
        "newValue": {
          "x": 3.2920000000000003,
          "y": 3.508
        }
      }
    }
  ]
}
{
  "messageIndex": 179,
  "eventType": "user",
  "phetioID": "beersLawLab.beersLawScreen.view.rulerNode.movableDragHandler",
  "componentType": "TTandemDragHandler",
  "event": "dragEnded",
  "time": 1619435032611
}
{
  "messageIndex": 180,
  "eventType": "user",
  "phetioID": "beersLawLab.beersLawScreen.view.solutionControls.comboBox",
  "componentType": "TComboBox",
  "event": "popupShown",
  "time": 1619435038272
}
{
  "messageIndex": 181,
  "eventType": "user",
  "phetioID": "beersLawLab.beersLawScreen.view.solutionControls.comboBox",
  "componentType": "TComboBox",
  "event": "popupHidden",
  "time": 1619435038846
}
{
  "messageIndex": 182,
  "eventType": "user",
  "phetioID": "beersLawLab.beersLawScreen.view.solutionControls.comboBox",
  "componentType": "TComboBox",
  "event": "popupShown",
  "time": 1619435040100
}
{
  "messageIndex": 183,
  "eventType": "user",
  "phetioID": "beersLawLab.beersLawScreen.view.solutionControls.comboBox",
  "componentType": "TComboBox",
  "event": "popupHidden",
  "time": 1619435041103
}
{
  "messageIndex": null,
  "eventType": "user",
  "phetioID": "beersLawLab.wrapper",
  "componentType": "WrapperButton",
  "event": "showPDF",
  "time": 1619435042535,
  "parameters": null
}
{
  "messageIndex": null,
  "eventType": "user",
  "phetioID": "beersLawLab.wrapper",
  "componentType": "WrapperButton",
  "event": "hidePDF",
  "time": 1619435191513,
  "parameters": null
}
