{
  "messageIndex": 0,
  "eventType": "wrapper",
  "phetioID": "beersLawLab.simIFrameAPI",
  "componentType": "TSimIFrameAPI",
  "event": "invoked",
  "time": 1623310816351,
  "parameters": {
    "phetioID": "phetio",
    "method": "addExpressions",
    "args": [
      []
    ],
    "messageID": 2,
    "protocol": "phet-io-0.0.1"
  }
}
{
  "messageIndex": 1,
  "eventType": "wrapper",
  "phetioID": "beersLawLab.simIFrameAPI",
  "componentType": "TSimIFrameAPI",
  "event": "invoked",
  "time": 1623310816354,
  "parameters": {
    "phetioID": "phetio",
    "method": "launchSimulation",
    "args": [],
    "messageID": 3,
    "protocol": "phet-io-0.0.1"
  }
}
{
  "messageIndex": 2,
  "eventType": "model",
  "phetioID": "beersLawLab.sim",
  "componentType": "TSim",
  "event": "simStarted",
  "time": 1623310816360,
  "parameters": {
    "sessionID": null,
    "simName": "‪Beer's Law Lab‬",
    "simVersion": "1.6.15-phetio",
    "url": "https://phet-io.colorado.edu/sims/beers-law-lab/1.6.15-phetio/beers-law-lab_en-phetio.html?production&phetioEmitStates=false&phetioEmitInputEvents=false",
    "userAgent": "Mozilla/5.0 (Windows NT 10.0; Win64; x64) AppleWebKit/537.36 (KHTML, like Gecko) Chrome/91.0.4472.77 Safari/537.36",
    "randomSeed": 0.06019300391008753,
    "provider": "PhET Interactive Simulations, University of Colorado Boulder"
  },
  "children": [
    {
      "messageIndex": 3,
      "eventType": "model",
      "phetioID": "beersLawLab.concentrationScreen.view.concentrationMeterNode.bodyNode.readoutTextNode",
      "componentType": "TTandemText",
      "event": "textChanged",
      "time": 1623310816550,
      "parameters": {
        "oldText": "‪1.000 ‪mol/L‬‬",
        "newText": "-"
      }
    },
    {
      "messageIndex": 4,
      "eventType": "model",
      "phetioID": "beersLawLab.beersLawScreen.view.detectorNode.bodyNode.valueNode",
      "componentType": "TTandemText",
      "event": "textChanged",
      "time": 1623310816618,
      "parameters": {
        "oldText": "‪100.00%‬",
        "newText": "-"
      }
    }
  ]
}
{
  "messageIndex": 5,
  "eventType": "user",
  "phetioID": "beersLawLab.homeScreen.view.beersLawScreenSmallButton",
  "componentType": "TScreenButton",
  "event": "fired",
  "time": 1623310914174,
  "children": [
    {
      "messageIndex": 6,
      "eventType": "model",
      "phetioID": "beersLawLab.sim.screenIndexProperty",
      "componentType": "TProperty",
      "event": "changed",
      "time": 1623310914174,
      "parameters": {
        "oldValue": 0,
        "newValue": 1
      }
    }
  ]
}
{
  "messageIndex": 7,
  "eventType": "user",
  "phetioID": "beersLawLab.homeScreen.view.beersLawScreenLargeButton",
  "componentType": "TScreenButton",
  "event": "fired",
  "time": 1623310915857,
  "children": [
    {
      "messageIndex": 8,
      "eventType": "model",
      "phetioID": "beersLawLab.sim.showHomeScreenProperty",
      "componentType": "TProperty",
      "event": "changed",
      "time": 1623310915857,
      "parameters": {
        "oldValue": true,
        "newValue": false
      }
    }
  ]
}
{
  "messageIndex": 9,
  "eventType": "user",
  "phetioID": "beersLawLab.beersLawScreen.view.wavelengthControls.variableWavelengthRadioButton",
  "componentType": "TRadioButton",
  "event": "fired",
  "time": 1623310983717,
  "parameters": {
    "value": true
  },
  "children": [
    {
      "messageIndex": 10,
      "eventType": "model",
      "phetioID": "beersLawLab.beersLawScreen.view.wavelengthControls.variableWavelengthProperty",
      "componentType": "TProperty",
      "event": "changed",
      "time": 1623310983717,
      "parameters": {
        "oldValue": false,
        "newValue": true
      }
    }
  ]
}
{
  "messageIndex": 11,
  "eventType": "user",
  "phetioID": "beersLawLab.beersLawScreen.view.wavelengthControls.wavelengthSlider.thumbInputListener",
  "componentType": "TTandemDragHandler",
  "event": "dragStarted",
  "time": 1623310985788,
  "parameters": {
    "x": 325,
    "y": 264
  }
}
{
  "messageIndex": 12,
  "eventType": "user",
  "phetioID": "beersLawLab.beersLawScreen.view.wavelengthControls.wavelengthSlider.thumbInputListener",
  "componentType": "TTandemDragHandler",
  "event": "dragged",
  "time": 1623310986020,
  "parameters": {
    "x": 326,
    "y": 263
  },
  "children": [
    {
      "messageIndex": 13,
      "eventType": "model",
      "phetioID": "beersLawLab.beersLawScreen.model.light.wavelengthProperty",
      "componentType": "TProperty",
      "event": "changed",
      "time": 1623310986020,
      "parameters": {
        "oldValue": 508,
        "newValue": 512
      },
      "children": [
        {
          "messageIndex": 14,
          "eventType": "model",
          "phetioID": "beersLawLab.beersLawScreen.view.wavelengthControls.valueDisplay",
          "componentType": "TTandemText",
          "event": "textChanged",
          "time": 1623310986021,
          "parameters": {
            "oldText": "‪508 ‪nm‬‬",
            "newText": "‪512 ‪nm‬‬"
          }
        }
      ]
    }
  ]
}
{
  "messageIndex": 15,
  "eventType": "user",
  "phetioID": "beersLawLab.beersLawScreen.view.wavelengthControls.wavelengthSlider.thumbInputListener",
  "componentType": "TTandemDragHandler",
  "event": "dragged",
  "time": 1623310986036,
  "parameters": {
    "x": 334,
    "y": 261
  },
  "children": [
    {
      "messageIndex": 16,
      "eventType": "model",
      "phetioID": "beersLawLab.beersLawScreen.model.light.wavelengthProperty",
      "componentType": "TProperty",
      "event": "changed",
      "time": 1623310986036,
      "parameters": {
        "oldValue": 512,
        "newValue": 551
      },
      "children": [
        {
          "messageIndex": 17,
          "eventType": "model",
          "phetioID": "beersLawLab.beersLawScreen.view.wavelengthControls.valueDisplay",
          "componentType": "TTandemText",
          "event": "textChanged",
          "time": 1623310986037,
          "parameters": {
            "oldText": "‪512 ‪nm‬‬",
            "newText": "‪551 ‪nm‬‬"
          }
        }
      ]
    }
  ]
}
{
  "messageIndex": 18,
  "eventType": "user",
  "phetioID": "beersLawLab.beersLawScreen.view.wavelengthControls.wavelengthSlider.thumbInputListener",
  "componentType": "TTandemDragHandler",
  "event": "dragged",
  "time": 1623310986053,
  "parameters": {
    "x": 337,
    "y": 259
  },
  "children": [
    {
      "messageIndex": 19,
      "eventType": "model",
      "phetioID": "beersLawLab.beersLawScreen.model.light.wavelengthProperty",
      "componentType": "TProperty",
      "event": "changed",
      "time": 1623310986053,
      "parameters": {
        "oldValue": 551,
        "newValue": 566
      },
      "children": [
        {
          "messageIndex": 20,
          "eventType": "model",
          "phetioID": "beersLawLab.beersLawScreen.view.wavelengthControls.valueDisplay",
          "componentType": "TTandemText",
          "event": "textChanged",
          "time": 1623310986053,
          "parameters": {
            "oldText": "‪551 ‪nm‬‬",
            "newText": "‪566 ‪nm‬‬"
          }
        }
      ]
    }
  ]
}
{
  "messageIndex": 21,
  "eventType": "user",
  "phetioID": "beersLawLab.beersLawScreen.view.wavelengthControls.wavelengthSlider.thumbInputListener",
  "componentType": "TTandemDragHandler",
  "event": "dragged",
  "time": 1623310986069,
  "parameters": {
    "x": 342,
    "y": 259
  },
  "children": [
    {
      "messageIndex": 22,
      "eventType": "model",
      "phetioID": "beersLawLab.beersLawScreen.model.light.wavelengthProperty",
      "componentType": "TProperty",
      "event": "changed",
      "time": 1623310986069,
      "parameters": {
        "oldValue": 566,
        "newValue": 590
      },
      "children": [
        {
          "messageIndex": 23,
          "eventType": "model",
          "phetioID": "beersLawLab.beersLawScreen.view.wavelengthControls.valueDisplay",
          "componentType": "TTandemText",
          "event": "textChanged",
          "time": 1623310986070,
          "parameters": {
            "oldText": "‪566 ‪nm‬‬",
            "newText": "‪590 ‪nm‬‬"
          }
        }
      ]
    }
  ]
}
{
  "messageIndex": 24,
  "eventType": "user",
  "phetioID": "beersLawLab.beersLawScreen.view.wavelengthControls.wavelengthSlider.thumbInputListener",
  "componentType": "TTandemDragHandler",
  "event": "dragged",
  "time": 1623310986085,
  "parameters": {
    "x": 345,
    "y": 259
  },
  "children": [
    {
      "messageIndex": 25,
      "eventType": "model",
      "phetioID": "beersLawLab.beersLawScreen.model.light.wavelengthProperty",
      "componentType": "TProperty",
      "event": "changed",
      "time": 1623310986085,
      "parameters": {
        "oldValue": 590,
        "newValue": 605
      },
      "children": [
        {
          "messageIndex": 26,
          "eventType": "model",
          "phetioID": "beersLawLab.beersLawScreen.view.wavelengthControls.valueDisplay",
          "componentType": "TTandemText",
          "event": "textChanged",
          "time": 1623310986086,
          "parameters": {
            "oldText": "‪590 ‪nm‬‬",
            "newText": "‪605 ‪nm‬‬"
          }
        }
      ]
    }
  ]
}
{
  "messageIndex": 27,
  "eventType": "user",
  "phetioID": "beersLawLab.beersLawScreen.view.wavelengthControls.wavelengthSlider.thumbInputListener",
  "componentType": "TTandemDragHandler",
  "event": "dragged",
  "time": 1623310986102,
  "parameters": {
    "x": 348,
    "y": 259
  },
  "children": [
    {
      "messageIndex": 28,
      "eventType": "model",
      "phetioID": "beersLawLab.beersLawScreen.model.light.wavelengthProperty",
      "componentType": "TProperty",
      "event": "changed",
      "time": 1623310986102,
      "parameters": {
        "oldValue": 605,
        "newValue": 620
      },
      "children": [
        {
          "messageIndex": 29,
          "eventType": "model",
          "phetioID": "beersLawLab.beersLawScreen.view.wavelengthControls.valueDisplay",
          "componentType": "TTandemText",
          "event": "textChanged",
          "time": 1623310986102,
          "parameters": {
            "oldText": "‪605 ‪nm‬‬",
            "newText": "‪620 ‪nm‬‬"
          }
        }
      ]
    }
  ]
}
{
  "messageIndex": 33,
  "eventType": "user",
  "phetioID": "beersLawLab.beersLawScreen.view.wavelengthControls.wavelengthSlider.thumbInputListener",
  "componentType": "TTandemDragHandler",
  "event": "dragged",
  "time": 1623310986135,
  "parameters": {
    "x": 359,
    "y": 258
  },
  "children": [
    {
      "messageIndex": 34,
      "eventType": "model",
      "phetioID": "beersLawLab.beersLawScreen.model.light.wavelengthProperty",
      "componentType": "TProperty",
      "event": "changed",
      "time": 1623310986135,
      "parameters": {
        "oldValue": 644,
        "newValue": 673
      },
      "children": [
        {
          "messageIndex": 35,
          "eventType": "model",
          "phetioID": "beersLawLab.beersLawScreen.view.wavelengthControls.valueDisplay",
          "componentType": "TTandemText",
          "event": "textChanged",
          "time": 1623310986136,
          "parameters": {
            "oldText": "‪644 ‪nm‬‬",
            "newText": "‪673 ‪nm‬‬"
          }
        }
      ]
    }
  ]
}
{
  "messageIndex": 36,
  "eventType": "user",
  "phetioID": "beersLawLab.beersLawScreen.view.wavelengthControls.wavelengthSlider.thumbInputListener",
  "componentType": "TTandemDragHandler",
  "event": "dragged",
  "time": 1623310986152,
  "parameters": {
    "x": 366,
    "y": 258
  },
  "children": [
    {
      "messageIndex": 37,
      "eventType": "model",
      "phetioID": "beersLawLab.beersLawScreen.model.light.wavelengthProperty",
      "componentType": "TProperty",
      "event": "changed",
      "time": 1623310986152,
      "parameters": {
        "oldValue": 673,
        "newValue": 707
      },
      "children": [
        {
          "messageIndex": 38,
          "eventType": "model",
          "phetioID": "beersLawLab.beersLawScreen.view.wavelengthControls.valueDisplay",
          "componentType": "TTandemText",
          "event": "textChanged",
          "time": 1623310986152,
          "parameters": {
            "oldText": "‪673 ‪nm‬‬",
            "newText": "‪707 ‪nm‬‬"
          }
        }
      ]
    }
  ]
}
{
  "messageIndex": 30,
  "eventType": "user",
  "phetioID": "beersLawLab.beersLawScreen.view.wavelengthControls.wavelengthSlider.thumbInputListener",
  "componentType": "TTandemDragHandler",
  "event": "dragged",
  "time": 1623310986119,
  "parameters": {
    "x": 353,
    "y": 259
  },
  "children": [
    {
      "messageIndex": 31,
      "eventType": "model",
      "phetioID": "beersLawLab.beersLawScreen.model.light.wavelengthProperty",
      "componentType": "TProperty",
      "event": "changed",
      "time": 1623310986119,
      "parameters": {
        "oldValue": 620,
        "newValue": 644
      },
      "children": [
        {
          "messageIndex": 32,
          "eventType": "model",
          "phetioID": "beersLawLab.beersLawScreen.view.wavelengthControls.valueDisplay",
          "componentType": "TTandemText",
          "event": "textChanged",
          "time": 1623310986119,
          "parameters": {
            "oldText": "‪620 ‪nm‬‬",
            "newText": "‪644 ‪nm‬‬"
          }
        }
      ]
    }
  ]
}
{
  "messageIndex": 39,
  "eventType": "user",
  "phetioID": "beersLawLab.beersLawScreen.view.wavelengthControls.wavelengthSlider.thumbInputListener",
  "componentType": "TTandemDragHandler",
  "event": "dragged",
  "time": 1623310986169,
  "parameters": {
    "x": 371,
    "y": 257
  },
  "children": [
    {
      "messageIndex": 40,
      "eventType": "model",
      "phetioID": "beersLawLab.beersLawScreen.model.light.wavelengthProperty",
      "componentType": "TProperty",
      "event": "changed",
      "time": 1623310986169,
      "parameters": {
        "oldValue": 707,
        "newValue": 732
      },
      "children": [
        {
          "messageIndex": 41,
          "eventType": "model",
          "phetioID": "beersLawLab.beersLawScreen.view.wavelengthControls.valueDisplay",
          "componentType": "TTandemText",
          "event": "textChanged",
          "time": 1623310986169,
          "parameters": {
            "oldText": "‪707 ‪nm‬‬",
            "newText": "‪732 ‪nm‬‬"
          }
        }
      ]
    }
  ]
}
{
  "messageIndex": 42,
  "eventType": "user",
  "phetioID": "beersLawLab.beersLawScreen.view.wavelengthControls.wavelengthSlider.thumbInputListener",
  "componentType": "TTandemDragHandler",
  "event": "dragged",
  "time": 1623310986185,
  "parameters": {
    "x": 376,
    "y": 257
  },
  "children": [
    {
      "messageIndex": 43,
      "eventType": "model",
      "phetioID": "beersLawLab.beersLawScreen.model.light.wavelengthProperty",
      "componentType": "TProperty",
      "event": "changed",
      "time": 1623310986185,
      "parameters": {
        "oldValue": 732,
        "newValue": 756
      },
      "children": [
        {
          "messageIndex": 44,
          "eventType": "model",
          "phetioID": "beersLawLab.beersLawScreen.view.wavelengthControls.valueDisplay",
          "componentType": "TTandemText",
          "event": "textChanged",
          "time": 1623310986185,
          "parameters": {
            "oldText": "‪732 ‪nm‬‬",
            "newText": "‪756 ‪nm‬‬"
          }
        }
      ]
    }
  ]
}
{
  "messageIndex": 48,
  "eventType": "user",
  "phetioID": "beersLawLab.beersLawScreen.view.wavelengthControls.wavelengthSlider.thumbInputListener",
  "componentType": "TTandemDragHandler",
  "event": "dragged",
  "time": 1623310986286,
  "parameters": {
    "x": 380,
    "y": 257
  },
  "children": [
    {
      "messageIndex": 49,
      "eventType": "model",
      "phetioID": "beersLawLab.beersLawScreen.model.light.wavelengthProperty",
      "componentType": "TProperty",
      "event": "changed",
      "time": 1623310986286,
      "parameters": {
        "oldValue": 766,
        "newValue": 776
      },
      "children": [
        {
          "messageIndex": 50,
          "eventType": "model",
          "phetioID": "beersLawLab.beersLawScreen.view.wavelengthControls.valueDisplay",
          "componentType": "TTandemText",
          "event": "textChanged",
          "time": 1623310986286,
          "parameters": {
            "oldText": "‪766 ‪nm‬‬",
            "newText": "‪776 ‪nm‬‬"
          }
        }
      ]
    }
  ]
}
{
  "messageIndex": 51,
  "eventType": "user",
  "phetioID": "beersLawLab.beersLawScreen.view.wavelengthControls.wavelengthSlider.thumbInputListener",
  "componentType": "TTandemDragHandler",
  "event": "dragged",
  "time": 1623310986319,
  "parameters": {
    "x": 381,
    "y": 257
  },
  "children": [
    {
      "messageIndex": 52,
      "eventType": "model",
      "phetioID": "beersLawLab.beersLawScreen.model.light.wavelengthProperty",
      "componentType": "TProperty",
      "event": "changed",
      "time": 1623310986319,
      "parameters": {
        "oldValue": 776,
        "newValue": 780
      },
      "children": [
        {
          "messageIndex": 53,
          "eventType": "model",
          "phetioID": "beersLawLab.beersLawScreen.view.wavelengthControls.valueDisplay",
          "componentType": "TTandemText",
          "event": "textChanged",
          "time": 1623310986319,
          "parameters": {
            "oldText": "‪776 ‪nm‬‬",
            "newText": "‪780 ‪nm‬‬"
          }
        }
      ]
    }
  ]
}
{
  "messageIndex": 45,
  "eventType": "user",
  "phetioID": "beersLawLab.beersLawScreen.view.wavelengthControls.wavelengthSlider.thumbInputListener",
  "componentType": "TTandemDragHandler",
  "event": "dragged",
  "time": 1623310986202,
  "parameters": {
    "x": 378,
    "y": 257
  },
  "children": [
    {
      "messageIndex": 46,
      "eventType": "model",
      "phetioID": "beersLawLab.beersLawScreen.model.light.wavelengthProperty",
      "componentType": "TProperty",
      "event": "changed",
      "time": 1623310986202,
      "parameters": {
        "oldValue": 756,
        "newValue": 766
      },
      "children": [
        {
          "messageIndex": 47,
          "eventType": "model",
          "phetioID": "beersLawLab.beersLawScreen.view.wavelengthControls.valueDisplay",
          "componentType": "TTandemText",
          "event": "textChanged",
          "time": 1623310986202,
          "parameters": {
            "oldText": "‪756 ‪nm‬‬",
            "newText": "‪766 ‪nm‬‬"
          }
        }
      ]
    }
  ]
}
{
  "messageIndex": 54,
  "eventType": "user",
  "phetioID": "beersLawLab.beersLawScreen.view.wavelengthControls.wavelengthSlider.thumbInputListener",
  "componentType": "TTandemDragHandler",
  "event": "dragged",
  "time": 1623310986343,
  "parameters": {
    "x": 384,
    "y": 257
  }
}
{
  "messageIndex": 55,
  "eventType": "user",
  "phetioID": "beersLawLab.beersLawScreen.view.wavelengthControls.wavelengthSlider.thumbInputListener",
  "componentType": "TTandemDragHandler",
  "event": "dragged",
  "time": 1623310986371,
  "parameters": {
    "x": 386,
    "y": 257
  }
}
{
  "messageIndex": 56,
  "eventType": "user",
  "phetioID": "beersLawLab.beersLawScreen.view.wavelengthControls.wavelengthSlider.thumbInputListener",
  "componentType": "TTandemDragHandler",
  "event": "dragged",
  "time": 1623310986402,
  "parameters": {
    "x": 388,
    "y": 257
  }
}
{
  "messageIndex": 57,
  "eventType": "user",
  "phetioID": "beersLawLab.beersLawScreen.view.wavelengthControls.wavelengthSlider.thumbInputListener",
  "componentType": "TTandemDragHandler",
  "event": "dragEnded",
  "time": 1623310986666
}
{
  "messageIndex": 58,
  "eventType": "user",
  "phetioID": "beersLawLab.beersLawScreen.view.wavelengthControls.wavelengthSlider.thumbInputListener",
  "componentType": "TTandemDragHandler",
  "event": "dragStarted",
  "time": 1623310987637,
  "parameters": {
    "x": 366,
    "y": 266
  }
}
{
  "messageIndex": 59,
  "eventType": "user",
  "phetioID": "beersLawLab.beersLawScreen.view.wavelengthControls.wavelengthSlider.thumbInputListener",
  "componentType": "TTandemDragHandler",
  "event": "dragged",
  "time": 1623310987919,
  "parameters": {
    "x": 365,
    "y": 266
  },
  "children": [
    {
      "messageIndex": 60,
      "eventType": "model",
      "phetioID": "beersLawLab.beersLawScreen.model.light.wavelengthProperty",
      "componentType": "TProperty",
      "event": "changed",
      "time": 1623310987920,
      "parameters": {
        "oldValue": 780,
        "newValue": 775
      },
      "children": [
        {
          "messageIndex": 61,
          "eventType": "model",
          "phetioID": "beersLawLab.beersLawScreen.view.wavelengthControls.valueDisplay",
          "componentType": "TTandemText",
          "event": "textChanged",
          "time": 1623310987920,
          "parameters": {
            "oldText": "‪780 ‪nm‬‬",
            "newText": "‪775 ‪nm‬‬"
          }
        }
      ]
    }
  ]
}
{
  "messageIndex": 62,
  "eventType": "user",
  "phetioID": "beersLawLab.beersLawScreen.view.wavelengthControls.wavelengthSlider.thumbInputListener",
  "componentType": "TTandemDragHandler",
  "event": "dragged",
  "time": 1623310987936,
  "parameters": {
    "x": 364,
    "y": 266
  },
  "children": [
    {
      "messageIndex": 63,
      "eventType": "model",
      "phetioID": "beersLawLab.beersLawScreen.model.light.wavelengthProperty",
      "componentType": "TProperty",
      "event": "changed",
      "time": 1623310987936,
      "parameters": {
        "oldValue": 775,
        "newValue": 770
      },
      "children": [
        {
          "messageIndex": 64,
          "eventType": "model",
          "phetioID": "beersLawLab.beersLawScreen.view.wavelengthControls.valueDisplay",
          "componentType": "TTandemText",
          "event": "textChanged",
          "time": 1623310987936,
          "parameters": {
            "oldText": "‪775 ‪nm‬‬",
            "newText": "‪770 ‪nm‬‬"
          }
        }
      ]
    }
  ]
}
{
  "messageIndex": 65,
  "eventType": "user",
  "phetioID": "beersLawLab.beersLawScreen.view.wavelengthControls.wavelengthSlider.thumbInputListener",
  "componentType": "TTandemDragHandler",
  "event": "dragged",
  "time": 1623310987952,
  "parameters": {
    "x": 363,
    "y": 266
  },
  "children": [
    {
      "messageIndex": 66,
      "eventType": "model",
      "phetioID": "beersLawLab.beersLawScreen.model.light.wavelengthProperty",
      "componentType": "TProperty",
      "event": "changed",
      "time": 1623310987952,
      "parameters": {
        "oldValue": 770,
        "newValue": 765
      },
      "children": [
        {
          "messageIndex": 67,
          "eventType": "model",
          "phetioID": "beersLawLab.beersLawScreen.view.wavelengthControls.valueDisplay",
          "componentType": "TTandemText",
          "event": "textChanged",
          "time": 1623310987953,
          "parameters": {
            "oldText": "‪770 ‪nm‬‬",
            "newText": "‪765 ‪nm‬‬"
          }
        }
      ]
    }
  ]
}
{
  "messageIndex": 68,
  "eventType": "user",
  "phetioID": "beersLawLab.beersLawScreen.view.wavelengthControls.wavelengthSlider.thumbInputListener",
  "componentType": "TTandemDragHandler",
  "event": "dragged",
  "time": 1623310987986,
  "parameters": {
    "x": 362,
    "y": 265
  },
  "children": [
    {
      "messageIndex": 69,
      "eventType": "model",
      "phetioID": "beersLawLab.beersLawScreen.model.light.wavelengthProperty",
      "componentType": "TProperty",
      "event": "changed",
      "time": 1623310987986,
      "parameters": {
        "oldValue": 765,
        "newValue": 760
      },
      "children": [
        {
          "messageIndex": 70,
          "eventType": "model",
          "phetioID": "beersLawLab.beersLawScreen.view.wavelengthControls.valueDisplay",
          "componentType": "TTandemText",
          "event": "textChanged",
          "time": 1623310987986,
          "parameters": {
            "oldText": "‪765 ‪nm‬‬",
            "newText": "‪760 ‪nm‬‬"
          }
        }
      ]
    }
  ]
}
{
  "messageIndex": 71,
  "eventType": "user",
  "phetioID": "beersLawLab.beersLawScreen.view.wavelengthControls.wavelengthSlider.thumbInputListener",
  "componentType": "TTandemDragHandler",
  "event": "dragged",
  "time": 1623310988019,
  "parameters": {
    "x": 361,
    "y": 265
  },
  "children": [
    {
      "messageIndex": 72,
      "eventType": "model",
      "phetioID": "beersLawLab.beersLawScreen.model.light.wavelengthProperty",
      "componentType": "TProperty",
      "event": "changed",
      "time": 1623310988020,
      "parameters": {
        "oldValue": 760,
        "newValue": 755
      },
      "children": [
        {
          "messageIndex": 73,
          "eventType": "model",
          "phetioID": "beersLawLab.beersLawScreen.view.wavelengthControls.valueDisplay",
          "componentType": "TTandemText",
          "event": "textChanged",
          "time": 1623310988020,
          "parameters": {
            "oldText": "‪760 ‪nm‬‬",
            "newText": "‪755 ‪nm‬‬"
          }
        }
      ]
    }
  ]
}
{
  "messageIndex": 83,
  "eventType": "user",
  "phetioID": "beersLawLab.beersLawScreen.view.wavelengthControls.wavelengthSlider.thumbInputListener",
  "componentType": "TTandemDragHandler",
  "event": "dragged",
  "time": 1623310988219,
  "parameters": {
    "x": 356,
    "y": 265
  },
  "children": [
    {
      "messageIndex": 84,
      "eventType": "model",
      "phetioID": "beersLawLab.beersLawScreen.model.light.wavelengthProperty",
      "componentType": "TProperty",
      "event": "changed",
      "time": 1623310988219,
      "parameters": {
        "oldValue": 736,
        "newValue": 731
      },
      "children": [
        {
          "messageIndex": 85,
          "eventType": "model",
          "phetioID": "beersLawLab.beersLawScreen.view.wavelengthControls.valueDisplay",
          "componentType": "TTandemText",
          "event": "textChanged",
          "time": 1623310988220,
          "parameters": {
            "oldText": "‪736 ‪nm‬‬",
            "newText": "‪731 ‪nm‬‬"
          }
        }
      ]
    }
  ]
}
{
  "messageIndex": 77,
  "eventType": "user",
  "phetioID": "beersLawLab.beersLawScreen.view.wavelengthControls.wavelengthSlider.thumbInputListener",
  "componentType": "TTandemDragHandler",
  "event": "dragged",
  "time": 1623310988094,
  "parameters": {
    "x": 358,
    "y": 265
  },
  "children": [
    {
      "messageIndex": 78,
      "eventType": "model",
      "phetioID": "beersLawLab.beersLawScreen.model.light.wavelengthProperty",
      "componentType": "TProperty",
      "event": "changed",
      "time": 1623310988094,
      "parameters": {
        "oldValue": 750,
        "newValue": 741
      },
      "children": [
        {
          "messageIndex": 79,
          "eventType": "model",
          "phetioID": "beersLawLab.beersLawScreen.view.wavelengthControls.valueDisplay",
          "componentType": "TTandemText",
          "event": "textChanged",
          "time": 1623310988094,
          "parameters": {
            "oldText": "‪750 ‪nm‬‬",
            "newText": "‪741 ‪nm‬‬"
          }
        }
      ]
    }
  ]
}
{
  "messageIndex": 80,
  "eventType": "user",
  "phetioID": "beersLawLab.beersLawScreen.view.wavelengthControls.wavelengthSlider.thumbInputListener",
  "componentType": "TTandemDragHandler",
  "event": "dragged",
  "time": 1623310988203,
  "parameters": {
    "x": 357,
    "y": 265
  },
  "children": [
    {
      "messageIndex": 81,
      "eventType": "model",
      "phetioID": "beersLawLab.beersLawScreen.model.light.wavelengthProperty",
      "componentType": "TProperty",
      "event": "changed",
      "time": 1623310988203,
      "parameters": {
        "oldValue": 741,
        "newValue": 736
      },
      "children": [
        {
          "messageIndex": 82,
          "eventType": "model",
          "phetioID": "beersLawLab.beersLawScreen.view.wavelengthControls.valueDisplay",
          "componentType": "TTandemText",
          "event": "textChanged",
          "time": 1623310988203,
          "parameters": {
            "oldText": "‪741 ‪nm‬‬",
            "newText": "‪736 ‪nm‬‬"
          }
        }
      ]
    }
  ]
}
{
  "messageIndex": 93,
  "eventType": "user",
  "phetioID": "beersLawLab.beersLawScreen.view.wavelengthControls.wavelengthSlider.thumbInputListener",
  "componentType": "TTandemDragHandler",
  "event": "dragged",
  "time": 1623310988369,
  "parameters": {
    "x": 351,
    "y": 263
  },
  "children": [
    {
      "messageIndex": 94,
      "eventType": "model",
      "phetioID": "beersLawLab.beersLawScreen.model.light.wavelengthProperty",
      "componentType": "TProperty",
      "event": "changed",
      "time": 1623310988369,
      "parameters": {
        "oldValue": 711,
        "newValue": 706
      },
      "children": [
        {
          "messageIndex": 95,
          "eventType": "model",
          "phetioID": "beersLawLab.beersLawScreen.view.wavelengthControls.valueDisplay",
          "componentType": "TTandemText",
          "event": "textChanged",
          "time": 1623310988369,
          "parameters": {
            "oldText": "‪711 ‪nm‬‬",
            "newText": "‪706 ‪nm‬‬"
          }
        }
      ]
    }
  ]
}
{
  "messageIndex": 86,
  "eventType": "user",
  "phetioID": "beersLawLab.beersLawScreen.view.wavelengthControls.wavelengthSlider.thumbInputListener",
  "componentType": "TTandemDragHandler",
  "event": "dragged",
  "time": 1623310988257,
  "parameters": {
    "x": 354,
    "y": 265
  },
  "children": [
    {
      "messageIndex": 87,
      "eventType": "model",
      "phetioID": "beersLawLab.beersLawScreen.model.light.wavelengthProperty",
      "componentType": "TProperty",
      "event": "changed",
      "time": 1623310988257,
      "parameters": {
        "oldValue": 731,
        "newValue": 721
      },
      "children": [
        {
          "messageIndex": 88,
          "eventType": "model",
          "phetioID": "beersLawLab.beersLawScreen.view.wavelengthControls.valueDisplay",
          "componentType": "TTandemText",
          "event": "textChanged",
          "time": 1623310988258,
          "parameters": {
            "oldText": "‪731 ‪nm‬‬",
            "newText": "‪721 ‪nm‬‬"
          }
        }
      ]
    }
  ]
}
{
  "messageIndex": 89,
  "eventType": "user",
  "phetioID": "beersLawLab.beersLawScreen.view.wavelengthControls.wavelengthSlider.thumbInputListener",
  "componentType": "TTandemDragHandler",
  "event": "dragged",
  "time": 1623310988286,
  "parameters": {
    "x": 354,
    "y": 264
  }
}
{
  "messageIndex": 74,
  "eventType": "user",
  "phetioID": "beersLawLab.beersLawScreen.view.wavelengthControls.wavelengthSlider.thumbInputListener",
  "componentType": "TTandemDragHandler",
  "event": "dragged",
  "time": 1623310988036,
  "parameters": {
    "x": 360,
    "y": 265
  },
  "children": [
    {
      "messageIndex": 75,
      "eventType": "model",
      "phetioID": "beersLawLab.beersLawScreen.model.light.wavelengthProperty",
      "componentType": "TProperty",
      "event": "changed",
      "time": 1623310988036,
      "parameters": {
        "oldValue": 755,
        "newValue": 750
      },
      "children": [
        {
          "messageIndex": 76,
          "eventType": "model",
          "phetioID": "beersLawLab.beersLawScreen.view.wavelengthControls.valueDisplay",
          "componentType": "TTandemText",
          "event": "textChanged",
          "time": 1623310988037,
          "parameters": {
            "oldText": "‪755 ‪nm‬‬",
            "newText": "‪750 ‪nm‬‬"
          }
        }
      ]
    }
  ]
}
{
  "messageIndex": 90,
  "eventType": "user",
  "phetioID": "beersLawLab.beersLawScreen.view.wavelengthControls.wavelengthSlider.thumbInputListener",
  "componentType": "TTandemDragHandler",
  "event": "dragged",
  "time": 1623310988352,
  "parameters": {
    "x": 352,
    "y": 263
  },
  "children": [
    {
      "messageIndex": 91,
      "eventType": "model",
      "phetioID": "beersLawLab.beersLawScreen.model.light.wavelengthProperty",
      "componentType": "TProperty",
      "event": "changed",
      "time": 1623310988352,
      "parameters": {
        "oldValue": 721,
        "newValue": 711
      },
      "children": [
        {
          "messageIndex": 92,
          "eventType": "model",
          "phetioID": "beersLawLab.beersLawScreen.view.wavelengthControls.valueDisplay",
          "componentType": "TTandemText",
          "event": "textChanged",
          "time": 1623310988353,
          "parameters": {
            "oldText": "‪721 ‪nm‬‬",
            "newText": "‪711 ‪nm‬‬"
          }
        }
      ]
    }
  ]
}
{
  "messageIndex": 96,
  "eventType": "user",
  "phetioID": "beersLawLab.beersLawScreen.view.wavelengthControls.wavelengthSlider.thumbInputListener",
  "componentType": "TTandemDragHandler",
  "event": "dragged",
  "time": 1623310988387,
  "parameters": {
    "x": 350,
    "y": 263
  },
  "children": [
    {
      "messageIndex": 97,
      "eventType": "model",
      "phetioID": "beersLawLab.beersLawScreen.model.light.wavelengthProperty",
      "componentType": "TProperty",
      "event": "changed",
      "time": 1623310988387,
      "parameters": {
        "oldValue": 706,
        "newValue": 702
      },
      "children": [
        {
          "messageIndex": 98,
          "eventType": "model",
          "phetioID": "beersLawLab.beersLawScreen.view.wavelengthControls.valueDisplay",
          "componentType": "TTandemText",
          "event": "textChanged",
          "time": 1623310988387,
          "parameters": {
            "oldText": "‪706 ‪nm‬‬",
            "newText": "‪702 ‪nm‬‬"
          }
        }
      ]
    }
  ]
}
{
  "messageIndex": 99,
  "eventType": "user",
  "phetioID": "beersLawLab.beersLawScreen.view.wavelengthControls.wavelengthSlider.thumbInputListener",
  "componentType": "TTandemDragHandler",
  "event": "dragged",
  "time": 1623310988685,
  "parameters": {
    "x": 349,
    "y": 263
  },
  "children": [
    {
      "messageIndex": 100,
      "eventType": "model",
      "phetioID": "beersLawLab.beersLawScreen.model.light.wavelengthProperty",
      "componentType": "TProperty",
      "event": "changed",
      "time": 1623310988685,
      "parameters": {
        "oldValue": 702,
        "newValue": 697
      },
      "children": [
        {
          "messageIndex": 101,
          "eventType": "model",
          "phetioID": "beersLawLab.beersLawScreen.view.wavelengthControls.valueDisplay",
          "componentType": "TTandemText",
          "event": "textChanged",
          "time": 1623310988685,
          "parameters": {
            "oldText": "‪702 ‪nm‬‬",
            "newText": "‪697 ‪nm‬‬"
          }
        }
      ]
    }
  ]
}
{
  "messageIndex": 102,
  "eventType": "user",
  "phetioID": "beersLawLab.beersLawScreen.view.wavelengthControls.wavelengthSlider.thumbInputListener",
  "componentType": "TTandemDragHandler",
  "event": "dragged",
  "time": 1623310989003,
  "parameters": {
    "x": 348,
    "y": 263
  },
  "children": [
    {
      "messageIndex": 103,
      "eventType": "model",
      "phetioID": "beersLawLab.beersLawScreen.model.light.wavelengthProperty",
      "componentType": "TProperty",
      "event": "changed",
      "time": 1623310989003,
      "parameters": {
        "oldValue": 697,
        "newValue": 692
      },
      "children": [
        {
          "messageIndex": 104,
          "eventType": "model",
          "phetioID": "beersLawLab.beersLawScreen.view.wavelengthControls.valueDisplay",
          "componentType": "TTandemText",
          "event": "textChanged",
          "time": 1623310989003,
          "parameters": {
            "oldText": "‪697 ‪nm‬‬",
            "newText": "‪692 ‪nm‬‬"
          }
        }
      ]
    }
  ]
}
{
  "messageIndex": 105,
  "eventType": "user",
  "phetioID": "beersLawLab.beersLawScreen.view.wavelengthControls.wavelengthSlider.thumbInputListener",
  "componentType": "TTandemDragHandler",
  "event": "dragged",
  "time": 1623310989019,
  "parameters": {
    "x": 346,
    "y": 263
  },
  "children": [
    {
      "messageIndex": 106,
      "eventType": "model",
      "phetioID": "beersLawLab.beersLawScreen.model.light.wavelengthProperty",
      "componentType": "TProperty",
      "event": "changed",
      "time": 1623310989019,
      "parameters": {
        "oldValue": 692,
        "newValue": 682
      },
      "children": [
        {
          "messageIndex": 107,
          "eventType": "model",
          "phetioID": "beersLawLab.beersLawScreen.view.wavelengthControls.valueDisplay",
          "componentType": "TTandemText",
          "event": "textChanged",
          "time": 1623310989019,
          "parameters": {
            "oldText": "‪692 ‪nm‬‬",
            "newText": "‪682 ‪nm‬‬"
          }
        }
      ]
    }
  ]
}
{
  "messageIndex": 108,
  "eventType": "user",
  "phetioID": "beersLawLab.beersLawScreen.view.wavelengthControls.wavelengthSlider.thumbInputListener",
  "componentType": "TTandemDragHandler",
  "event": "dragged",
  "time": 1623310989036,
  "parameters": {
    "x": 345,
    "y": 264
  },
  "children": [
    {
      "messageIndex": 109,
      "eventType": "model",
      "phetioID": "beersLawLab.beersLawScreen.model.light.wavelengthProperty",
      "componentType": "TProperty",
      "event": "changed",
      "time": 1623310989036,
      "parameters": {
        "oldValue": 682,
        "newValue": 677
      },
      "children": [
        {
          "messageIndex": 110,
          "eventType": "model",
          "phetioID": "beersLawLab.beersLawScreen.view.wavelengthControls.valueDisplay",
          "componentType": "TTandemText",
          "event": "textChanged",
          "time": 1623310989037,
          "parameters": {
            "oldText": "‪682 ‪nm‬‬",
            "newText": "‪677 ‪nm‬‬"
          }
        }
      ]
    }
  ]
}
{
  "messageIndex": 111,
  "eventType": "user",
  "phetioID": "beersLawLab.beersLawScreen.view.wavelengthControls.wavelengthSlider.thumbInputListener",
  "componentType": "TTandemDragHandler",
  "event": "dragged",
  "time": 1623310989053,
  "parameters": {
    "x": 344,
    "y": 265
  },
  "children": [
    {
      "messageIndex": 112,
      "eventType": "model",
      "phetioID": "beersLawLab.beersLawScreen.model.light.wavelengthProperty",
      "componentType": "TProperty",
      "event": "changed",
      "time": 1623310989053,
      "parameters": {
        "oldValue": 677,
        "newValue": 672
      },
      "children": [
        {
          "messageIndex": 113,
          "eventType": "model",
          "phetioID": "beersLawLab.beersLawScreen.view.wavelengthControls.valueDisplay",
          "componentType": "TTandemText",
          "event": "textChanged",
          "time": 1623310989053,
          "parameters": {
            "oldText": "‪677 ‪nm‬‬",
            "newText": "‪672 ‪nm‬‬"
          }
        }
      ]
    }
  ]
}
{
  "messageIndex": 114,
  "eventType": "user",
  "phetioID": "beersLawLab.beersLawScreen.view.wavelengthControls.wavelengthSlider.thumbInputListener",
  "componentType": "TTandemDragHandler",
  "event": "dragged",
  "time": 1623310989069,
  "parameters": {
    "x": 343,
    "y": 265
  },
  "children": [
    {
      "messageIndex": 115,
      "eventType": "model",
      "phetioID": "beersLawLab.beersLawScreen.model.light.wavelengthProperty",
      "componentType": "TProperty",
      "event": "changed",
      "time": 1623310989069,
      "parameters": {
        "oldValue": 672,
        "newValue": 667
      },
      "children": [
        {
          "messageIndex": 116,
          "eventType": "model",
          "phetioID": "beersLawLab.beersLawScreen.view.wavelengthControls.valueDisplay",
          "componentType": "TTandemText",
          "event": "textChanged",
          "time": 1623310989070,
          "parameters": {
            "oldText": "‪672 ‪nm‬‬",
            "newText": "‪667 ‪nm‬‬"
          }
        }
      ]
    }
  ]
}
{
  "messageIndex": 117,
  "eventType": "user",
  "phetioID": "beersLawLab.beersLawScreen.view.wavelengthControls.wavelengthSlider.thumbInputListener",
  "componentType": "TTandemDragHandler",
  "event": "dragged",
  "time": 1623310989152,
  "parameters": {
    "x": 341,
    "y": 267
  },
  "children": [
    {
      "messageIndex": 118,
      "eventType": "model",
      "phetioID": "beersLawLab.beersLawScreen.model.light.wavelengthProperty",
      "componentType": "TProperty",
      "event": "changed",
      "time": 1623310989152,
      "parameters": {
        "oldValue": 667,
        "newValue": 658
      },
      "children": [
        {
          "messageIndex": 119,
          "eventType": "model",
          "phetioID": "beersLawLab.beersLawScreen.view.wavelengthControls.valueDisplay",
          "componentType": "TTandemText",
          "event": "textChanged",
          "time": 1623310989152,
          "parameters": {
            "oldText": "‪667 ‪nm‬‬",
            "newText": "‪658 ‪nm‬‬"
          }
        }
      ]
    }
  ]
}
{
  "messageIndex": 120,
  "eventType": "user",
  "phetioID": "beersLawLab.beersLawScreen.view.wavelengthControls.wavelengthSlider.thumbInputListener",
  "componentType": "TTandemDragHandler",
  "event": "dragged",
  "time": 1623310989169,
  "parameters": {
    "x": 340,
    "y": 268
  },
  "children": [
    {
      "messageIndex": 121,
      "eventType": "model",
      "phetioID": "beersLawLab.beersLawScreen.model.light.wavelengthProperty",
      "componentType": "TProperty",
      "event": "changed",
      "time": 1623310989169,
      "parameters": {
        "oldValue": 658,
        "newValue": 653
      },
      "children": [
        {
          "messageIndex": 122,
          "eventType": "model",
          "phetioID": "beersLawLab.beersLawScreen.view.wavelengthControls.valueDisplay",
          "componentType": "TTandemText",
          "event": "textChanged",
          "time": 1623310989170,
          "parameters": {
            "oldText": "‪658 ‪nm‬‬",
            "newText": "‪653 ‪nm‬‬"
          }
        }
      ]
    }
  ]
}
{
  "messageIndex": 123,
  "eventType": "user",
  "phetioID": "beersLawLab.beersLawScreen.view.wavelengthControls.wavelengthSlider.thumbInputListener",
  "componentType": "TTandemDragHandler",
  "event": "dragged",
  "time": 1623310989186,
  "parameters": {
    "x": 339,
    "y": 268
  },
  "children": [
    {
      "messageIndex": 124,
      "eventType": "model",
      "phetioID": "beersLawLab.beersLawScreen.model.light.wavelengthProperty",
      "componentType": "TProperty",
      "event": "changed",
      "time": 1623310989186,
      "parameters": {
        "oldValue": 653,
        "newValue": 648
      },
      "children": [
        {
          "messageIndex": 125,
          "eventType": "model",
          "phetioID": "beersLawLab.beersLawScreen.view.wavelengthControls.valueDisplay",
          "componentType": "TTandemText",
          "event": "textChanged",
          "time": 1623310989186,
          "parameters": {
            "oldText": "‪653 ‪nm‬‬",
            "newText": "‪648 ‪nm‬‬"
          }
        }
      ]
    }
  ]
}
{
  "messageIndex": 126,
  "eventType": "user",
  "phetioID": "beersLawLab.beersLawScreen.view.wavelengthControls.wavelengthSlider.thumbInputListener",
  "componentType": "TTandemDragHandler",
  "event": "dragged",
  "time": 1623310989202,
  "parameters": {
    "x": 337,
    "y": 268
  },
  "children": [
    {
      "messageIndex": 127,
      "eventType": "model",
      "phetioID": "beersLawLab.beersLawScreen.model.light.wavelengthProperty",
      "componentType": "TProperty",
      "event": "changed",
      "time": 1623310989202,
      "parameters": {
        "oldValue": 648,
        "newValue": 638
      },
      "children": [
        {
          "messageIndex": 128,
          "eventType": "model",
          "phetioID": "beersLawLab.beersLawScreen.view.wavelengthControls.valueDisplay",
          "componentType": "TTandemText",
          "event": "textChanged",
          "time": 1623310989203,
          "parameters": {
            "oldText": "‪648 ‪nm‬‬",
            "newText": "‪638 ‪nm‬‬"
          }
        }
      ]
    }
  ]
}
{
  "messageIndex": 129,
  "eventType": "user",
  "phetioID": "beersLawLab.beersLawScreen.view.wavelengthControls.wavelengthSlider.thumbInputListener",
  "componentType": "TTandemDragHandler",
  "event": "dragged",
  "time": 1623310989519,
  "parameters": {
    "x": 336,
    "y": 269
  },
  "children": [
    {
      "messageIndex": 130,
      "eventType": "model",
      "phetioID": "beersLawLab.beersLawScreen.model.light.wavelengthProperty",
      "componentType": "TProperty",
      "event": "changed",
      "time": 1623310989519,
      "parameters": {
        "oldValue": 638,
        "newValue": 633
      },
      "children": [
        {
          "messageIndex": 131,
          "eventType": "model",
          "phetioID": "beersLawLab.beersLawScreen.view.wavelengthControls.valueDisplay",
          "componentType": "TTandemText",
          "event": "textChanged",
          "time": 1623310989519,
          "parameters": {
            "oldText": "‪638 ‪nm‬‬",
            "newText": "‪633 ‪nm‬‬"
          }
        }
      ]
    }
  ]
}
{
  "messageIndex": 132,
  "eventType": "user",
  "phetioID": "beersLawLab.beersLawScreen.view.wavelengthControls.wavelengthSlider.thumbInputListener",
  "componentType": "TTandemDragHandler",
  "event": "dragged",
  "time": 1623310989552,
  "parameters": {
    "x": 334,
    "y": 269
  },
  "children": [
    {
      "messageIndex": 133,
      "eventType": "model",
      "phetioID": "beersLawLab.beersLawScreen.model.light.wavelengthProperty",
      "componentType": "TProperty",
      "event": "changed",
      "time": 1623310989552,
      "parameters": {
        "oldValue": 633,
        "newValue": 624
      },
      "children": [
        {
          "messageIndex": 134,
          "eventType": "model",
          "phetioID": "beersLawLab.beersLawScreen.view.wavelengthControls.valueDisplay",
          "componentType": "TTandemText",
          "event": "textChanged",
          "time": 1623310989553,
          "parameters": {
            "oldText": "‪633 ‪nm‬‬",
            "newText": "‪624 ‪nm‬‬"
          }
        }
      ]
    }
  ]
}
{
  "messageIndex": 135,
  "eventType": "user",
  "phetioID": "beersLawLab.beersLawScreen.view.wavelengthControls.wavelengthSlider.thumbInputListener",
  "componentType": "TTandemDragHandler",
  "event": "dragged",
  "time": 1623310989569,
  "parameters": {
    "x": 328,
    "y": 270
  },
  "children": [
    {
      "messageIndex": 136,
      "eventType": "model",
      "phetioID": "beersLawLab.beersLawScreen.model.light.wavelengthProperty",
      "componentType": "TProperty",
      "event": "changed",
      "time": 1623310989569,
      "parameters": {
        "oldValue": 624,
        "newValue": 594
      },
      "children": [
        {
          "messageIndex": 137,
          "eventType": "model",
          "phetioID": "beersLawLab.beersLawScreen.view.wavelengthControls.valueDisplay",
          "componentType": "TTandemText",
          "event": "textChanged",
          "time": 1623310989569,
          "parameters": {
            "oldText": "‪624 ‪nm‬‬",
            "newText": "‪594 ‪nm‬‬"
          }
        }
      ]
    }
  ]
}
{
  "messageIndex": 138,
  "eventType": "user",
  "phetioID": "beersLawLab.beersLawScreen.view.wavelengthControls.wavelengthSlider.thumbInputListener",
  "componentType": "TTandemDragHandler",
  "event": "dragged",
  "time": 1623310989602,
  "parameters": {
    "x": 326,
    "y": 270
  },
  "children": [
    {
      "messageIndex": 139,
      "eventType": "model",
      "phetioID": "beersLawLab.beersLawScreen.model.light.wavelengthProperty",
      "componentType": "TProperty",
      "event": "changed",
      "time": 1623310989602,
      "parameters": {
        "oldValue": 594,
        "newValue": 585
      },
      "children": [
        {
          "messageIndex": 140,
          "eventType": "model",
          "phetioID": "beersLawLab.beersLawScreen.view.wavelengthControls.valueDisplay",
          "componentType": "TTandemText",
          "event": "textChanged",
          "time": 1623310989602,
          "parameters": {
            "oldText": "‪594 ‪nm‬‬",
            "newText": "‪585 ‪nm‬‬"
          }
        }
      ]
    }
  ]
}
{
  "messageIndex": 141,
  "eventType": "user",
  "phetioID": "beersLawLab.beersLawScreen.view.wavelengthControls.wavelengthSlider.thumbInputListener",
  "componentType": "TTandemDragHandler",
  "event": "dragged",
  "time": 1623310989686,
  "parameters": {
    "x": 325,
    "y": 270
  },
  "children": [
    {
      "messageIndex": 142,
      "eventType": "model",
      "phetioID": "beersLawLab.beersLawScreen.model.light.wavelengthProperty",
      "componentType": "TProperty",
      "event": "changed",
      "time": 1623310989686,
      "parameters": {
        "oldValue": 585,
        "newValue": 580
      },
      "children": [
        {
          "messageIndex": 143,
          "eventType": "model",
          "phetioID": "beersLawLab.beersLawScreen.view.wavelengthControls.valueDisplay",
          "componentType": "TTandemText",
          "event": "textChanged",
          "time": 1623310989686,
          "parameters": {
            "oldText": "‪585 ‪nm‬‬",
            "newText": "‪580 ‪nm‬‬"
          }
        }
      ]
    }
  ]
}
{
  "messageIndex": 144,
  "eventType": "user",
  "phetioID": "beersLawLab.beersLawScreen.view.wavelengthControls.wavelengthSlider.thumbInputListener",
  "componentType": "TTandemDragHandler",
  "event": "dragged",
  "time": 1623310989718,
  "parameters": {
    "x": 324,
    "y": 270
  },
  "children": [
    {
      "messageIndex": 145,
      "eventType": "model",
      "phetioID": "beersLawLab.beersLawScreen.model.light.wavelengthProperty",
      "componentType": "TProperty",
      "event": "changed",
      "time": 1623310989718,
      "parameters": {
        "oldValue": 580,
        "newValue": 575
      },
      "children": [
        {
          "messageIndex": 146,
          "eventType": "model",
          "phetioID": "beersLawLab.beersLawScreen.view.wavelengthControls.valueDisplay",
          "componentType": "TTandemText",
          "event": "textChanged",
          "time": 1623310989718,
          "parameters": {
            "oldText": "‪580 ‪nm‬‬",
            "newText": "‪575 ‪nm‬‬"
          }
        }
      ]
    }
  ]
}
{
  "messageIndex": 147,
  "eventType": "user",
  "phetioID": "beersLawLab.beersLawScreen.view.wavelengthControls.wavelengthSlider.thumbInputListener",
  "componentType": "TTandemDragHandler",
  "event": "dragged",
  "time": 1623310989735,
  "parameters": {
    "x": 322,
    "y": 271
  },
  "children": [
    {
      "messageIndex": 148,
      "eventType": "model",
      "phetioID": "beersLawLab.beersLawScreen.model.light.wavelengthProperty",
      "componentType": "TProperty",
      "event": "changed",
      "time": 1623310989735,
      "parameters": {
        "oldValue": 575,
        "newValue": 565
      },
      "children": [
        {
          "messageIndex": 149,
          "eventType": "model",
          "phetioID": "beersLawLab.beersLawScreen.view.wavelengthControls.valueDisplay",
          "componentType": "TTandemText",
          "event": "textChanged",
          "time": 1623310989735,
          "parameters": {
            "oldText": "‪575 ‪nm‬‬",
            "newText": "‪565 ‪nm‬‬"
          }
        }
      ]
    }
  ]
}
{
  "messageIndex": 150,
  "eventType": "user",
  "phetioID": "beersLawLab.beersLawScreen.view.wavelengthControls.wavelengthSlider.thumbInputListener",
  "componentType": "TTandemDragHandler",
  "event": "dragged",
  "time": 1623310989752,
  "parameters": {
    "x": 320,
    "y": 271
  },
  "children": [
    {
      "messageIndex": 151,
      "eventType": "model",
      "phetioID": "beersLawLab.beersLawScreen.model.light.wavelengthProperty",
      "componentType": "TProperty",
      "event": "changed",
      "time": 1623310989752,
      "parameters": {
        "oldValue": 565,
        "newValue": 555
      },
      "children": [
        {
          "messageIndex": 152,
          "eventType": "model",
          "phetioID": "beersLawLab.beersLawScreen.view.wavelengthControls.valueDisplay",
          "componentType": "TTandemText",
          "event": "textChanged",
          "time": 1623310989752,
          "parameters": {
            "oldText": "‪565 ‪nm‬‬",
            "newText": "‪555 ‪nm‬‬"
          }
        }
      ]
    }
  ]
}
{
  "messageIndex": 153,
  "eventType": "user",
  "phetioID": "beersLawLab.beersLawScreen.view.wavelengthControls.wavelengthSlider.thumbInputListener",
  "componentType": "TTandemDragHandler",
  "event": "dragged",
  "time": 1623310989768,
  "parameters": {
    "x": 319,
    "y": 271
  },
  "children": [
    {
      "messageIndex": 154,
      "eventType": "model",
      "phetioID": "beersLawLab.beersLawScreen.model.light.wavelengthProperty",
      "componentType": "TProperty",
      "event": "changed",
      "time": 1623310989768,
      "parameters": {
        "oldValue": 555,
        "newValue": 550
      },
      "children": [
        {
          "messageIndex": 155,
          "eventType": "model",
          "phetioID": "beersLawLab.beersLawScreen.view.wavelengthControls.valueDisplay",
          "componentType": "TTandemText",
          "event": "textChanged",
          "time": 1623310989768,
          "parameters": {
            "oldText": "‪555 ‪nm‬‬",
            "newText": "‪550 ‪nm‬‬"
          }
        }
      ]
    }
  ]
}
{
  "messageIndex": 156,
  "eventType": "user",
  "phetioID": "beersLawLab.beersLawScreen.view.wavelengthControls.wavelengthSlider.thumbInputListener",
  "componentType": "TTandemDragHandler",
  "event": "dragged",
  "time": 1623310990385,
  "parameters": {
    "x": 318,
    "y": 271
  },
  "children": [
    {
      "messageIndex": 157,
      "eventType": "model",
      "phetioID": "beersLawLab.beersLawScreen.model.light.wavelengthProperty",
      "componentType": "TProperty",
      "event": "changed",
      "time": 1623310990385,
      "parameters": {
        "oldValue": 550,
        "newValue": 546
      },
      "children": [
        {
          "messageIndex": 158,
          "eventType": "model",
          "phetioID": "beersLawLab.beersLawScreen.view.wavelengthControls.valueDisplay",
          "componentType": "TTandemText",
          "event": "textChanged",
          "time": 1623310990385,
          "parameters": {
            "oldText": "‪550 ‪nm‬‬",
            "newText": "‪546 ‪nm‬‬"
          }
        }
      ]
    }
  ]
}
{
  "messageIndex": 159,
  "eventType": "user",
  "phetioID": "beersLawLab.beersLawScreen.view.wavelengthControls.wavelengthSlider.thumbInputListener",
  "componentType": "TTandemDragHandler",
  "event": "dragged",
  "time": 1623310990468,
  "parameters": {
    "x": 317,
    "y": 271
  },
  "children": [
    {
      "messageIndex": 160,
      "eventType": "model",
      "phetioID": "beersLawLab.beersLawScreen.model.light.wavelengthProperty",
      "componentType": "TProperty",
      "event": "changed",
      "time": 1623310990468,
      "parameters": {
        "oldValue": 546,
        "newValue": 541
      },
      "children": [
        {
          "messageIndex": 161,
          "eventType": "model",
          "phetioID": "beersLawLab.beersLawScreen.view.wavelengthControls.valueDisplay",
          "componentType": "TTandemText",
          "event": "textChanged",
          "time": 1623310990469,
          "parameters": {
            "oldText": "‪546 ‪nm‬‬",
            "newText": "‪541 ‪nm‬‬"
          }
        }
      ]
    }
  ]
}
{
  "messageIndex": 162,
  "eventType": "user",
  "phetioID": "beersLawLab.beersLawScreen.view.wavelengthControls.wavelengthSlider.thumbInputListener",
  "componentType": "TTandemDragHandler",
  "event": "dragEnded",
  "time": 1623310990895
}
{
  "messageIndex": 163,
  "eventType": "user",
  "phetioID": "beersLawLab.beersLawScreen.view.wavelengthControls.presetWavelengthRadioButton",
  "componentType": "TRadioButton",
  "event": "fired",
  "time": 1623310992485,
  "parameters": {
    "value": false
  },
  "children": [
    {
      "messageIndex": 164,
      "eventType": "model",
      "phetioID": "beersLawLab.beersLawScreen.view.wavelengthControls.variableWavelengthProperty",
      "componentType": "TProperty",
      "event": "changed",
      "time": 1623310992485,
      "parameters": {
        "oldValue": true,
        "newValue": false
      },
      "children": [
        {
          "messageIndex": 165,
          "eventType": "model",
          "phetioID": "beersLawLab.beersLawScreen.model.light.wavelengthProperty",
          "componentType": "TProperty",
          "event": "changed",
          "time": 1623310992486,
          "parameters": {
            "oldValue": 541,
            "newValue": 508
          },
          "children": [
            {
              "messageIndex": 166,
              "eventType": "model",
              "phetioID": "beersLawLab.beersLawScreen.view.wavelengthControls.valueDisplay",
              "componentType": "TTandemText",
              "event": "textChanged",
              "time": 1623310992486,
              "parameters": {
                "oldText": "‪541 ‪nm‬‬",
                "newText": "‪508 ‪nm‬‬"
              }
            }
          ]
        }
      ]
    }
  ]
}
{
  "messageIndex": 167,
  "eventType": "user",
  "phetioID": "beersLawLab.beersLawScreen.view.solutionControls.comboBox",
  "componentType": "TComboBox",
  "event": "popupShown",
  "time": 1623310994199
}
{
  "messageIndex": 168,
  "eventType": "user",
  "phetioID": "beersLawLab.beersLawScreen.view.solutionControls.comboBox",
  "componentType": "TComboBox",
  "event": "fired",
  "time": 1623310995571,
  "parameters": {
    "value": "beersLawLab.beersLawScreen.solutions.copperSulfate"
  },
  "children": [
    {
      "messageIndex": 169,
      "eventType": "model",
      "phetioID": "beersLawLab.beersLawScreen.model.solutionProperty",
      "componentType": "TProperty",
      "event": "changed",
      "time": 1623310995571,
      "parameters": {
        "oldValue": "beersLawLab.beersLawScreen.solutions.drinkMix",
        "newValue": "beersLawLab.beersLawScreen.solutions.copperSulfate"
      },
      "children": [
        {
          "messageIndex": 170,
          "eventType": "model",
          "phetioID": "beersLawLab.beersLawScreen.model.light.wavelengthProperty",
          "componentType": "TProperty",
          "event": "changed",
          "time": 1623310995571,
          "parameters": {
            "oldValue": 508,
            "newValue": 780
          },
          "children": [
            {
              "messageIndex": 171,
              "eventType": "model",
              "phetioID": "beersLawLab.beersLawScreen.view.wavelengthControls.valueDisplay",
              "componentType": "TTandemText",
              "event": "textChanged",
              "time": 1623310995572,
              "parameters": {
                "oldText": "‪508 ‪nm‬‬",
                "newText": "‪780 ‪nm‬‬"
              }
            }
          ]
        }
      ]
    }
  ]
}
{
  "messageIndex": 172,
  "eventType": "user",
  "phetioID": "beersLawLab.beersLawScreen.view.solutionControls.comboBox",
  "componentType": "TComboBox",
  "event": "popupShown",
  "time": 1623310997117
}
{
  "messageIndex": 173,
  "eventType": "user",
  "phetioID": "beersLawLab.beersLawScreen.view.solutionControls.comboBox",
  "componentType": "TComboBox",
  "event": "fired",
  "time": 1623310998316,
  "parameters": {
    "value": "beersLawLab.beersLawScreen.solutions.cobaltIINitrate"
  },
  "children": [
    {
      "messageIndex": 174,
      "eventType": "model",
      "phetioID": "beersLawLab.beersLawScreen.model.solutionProperty",
      "componentType": "TProperty",
      "event": "changed",
      "time": 1623310998316,
      "parameters": {
        "oldValue": "beersLawLab.beersLawScreen.solutions.copperSulfate",
        "newValue": "beersLawLab.beersLawScreen.solutions.cobaltIINitrate"
      },
      "children": [
        {
          "messageIndex": 175,
          "eventType": "model",
          "phetioID": "beersLawLab.beersLawScreen.model.light.wavelengthProperty",
          "componentType": "TProperty",
          "event": "changed",
          "time": 1623310998316,
          "parameters": {
            "oldValue": 780,
            "newValue": 549
          },
          "children": [
            {
              "messageIndex": 176,
              "eventType": "model",
              "phetioID": "beersLawLab.beersLawScreen.view.wavelengthControls.valueDisplay",
              "componentType": "TTandemText",
              "event": "textChanged",
              "time": 1623310998316,
              "parameters": {
                "oldText": "‪780 ‪nm‬‬",
                "newText": "‪549 ‪nm‬‬"
              }
            }
          ]
        }
      ]
    }
  ]
}
