{
  "messageIndex": 0,
  "eventType": "wrapper",
  "phetioID": "beersLawLab.simIFrameAPI",
  "componentType": "TSimIFrameAPI",
  "event": "invoked",
  "time": 1624627470753,
  "parameters": {
    "phetioID": "phetio",
    "method": "addExpressions",
    "args": [
      []
    ],
    "messageID": 2,
    "protocol": "phet-io-0.0.1"
  }
}
{
  "messageIndex": 1,
  "eventType": "wrapper",
  "phetioID": "beersLawLab.simIFrameAPI",
  "componentType": "TSimIFrameAPI",
  "event": "invoked",
  "time": 1624627470756,
  "parameters": {
    "phetioID": "phetio",
    "method": "launchSimulation",
    "args": [],
    "messageID": 3,
    "protocol": "phet-io-0.0.1"
  }
}
{
  "messageIndex": 2,
  "eventType": "model",
  "phetioID": "beersLawLab.sim",
  "componentType": "TSim",
  "event": "simStarted",
  "time": 1624627470766,
  "parameters": {
    "sessionID": null,
    "simName": "‪Beer's Law Lab‬",
    "simVersion": "1.6.15-phetio",
    "url": "https://phet-io.colorado.edu/sims/beers-law-lab/1.6.15-phetio/beers-law-lab_en-phetio.html?production&phetioEmitStates=false&phetioEmitInputEvents=false",
    "userAgent": "Mozilla/5.0 (Macintosh; Intel Mac OS X 10_15_4) AppleWebKit/605.1.15 (KHTML, like Gecko) Version/13.1.2 Safari/605.1.15",
    "randomSeed": 0.06354750658801978,
    "provider": "PhET Interactive Simulations, University of Colorado Boulder"
  },
  "children": [
    {
      "messageIndex": 3,
      "eventType": "model",
      "phetioID": "beersLawLab.concentrationScreen.view.concentrationMeterNode.bodyNode.readoutTextNode",
      "componentType": "TTandemText",
      "event": "textChanged",
      "time": 1624627470911,
      "parameters": {
        "oldText": "‪1.000 ‪mol/L‬‬",
        "newText": "-"
      }
    },
    {
      "messageIndex": 4,
      "eventType": "model",
      "phetioID": "beersLawLab.beersLawScreen.view.detectorNode.bodyNode.valueNode",
      "componentType": "TTandemText",
      "event": "textChanged",
      "time": 1624627470997,
      "parameters": {
        "oldText": "‪100.00%‬",
        "newText": "-"
      }
    }
  ]
}
{
  "messageIndex": 6,
  "eventType": "user",
  "phetioID": "beersLawLab.homeScreen.view.beersLawScreenSmallButton",
  "componentType": "TScreenButton",
  "event": "fired",
  "time": 1624627475000
}
{
  "messageIndex": 5,
  "eventType": "model",
  "phetioID": "beersLawLab.sim.screenIndexProperty",
  "componentType": "TProperty",
  "event": "changed",
  "time": 1624627474995,
  "parameters": {
    "oldValue": 0,
    "newValue": 1
  }
}
{
  "messageIndex": 7,
  "eventType": "user",
  "phetioID": "beersLawLab.homeScreen.view.beersLawScreenLargeButton",
  "componentType": "TScreenButton",
  "event": "fired",
  "time": 1624627475495,
  "children": [
    {
      "messageIndex": 8,
      "eventType": "model",
      "phetioID": "beersLawLab.sim.showHomeScreenProperty",
      "componentType": "TProperty",
      "event": "changed",
      "time": 1624627475495,
      "parameters": {
        "oldValue": true,
        "newValue": false
      }
    }
  ]
}
{
  "messageIndex": 9,
  "eventType": "user",
  "phetioID": "beersLawLab.beersLawScreen.view.cuvetteNode.cuvetteDragHandler",
  "componentType": "TTandemDragHandler",
  "event": "dragStarted",
  "time": 1624627479258,
  "parameters": {
    "x": 437,
    "y": 354
  }
}
{
  "messageIndex": 10,
  "eventType": "user",
  "phetioID": "beersLawLab.beersLawScreen.view.cuvetteNode.cuvetteDragHandler",
  "componentType": "TTandemDragHandler",
  "event": "dragged",
  "time": 1624627479300,
  "parameters": {
    "x": 449,
    "y": 361
  },
  "children": [
    {
      "messageIndex": 11,
      "eventType": "model",
      "phetioID": "beersLawLab.beersLawScreen.model.cuvette.widthProperty",
      "componentType": "TProperty",
      "event": "changed",
      "time": 1624627479301,
      "parameters": {
        "oldValue": 1,
        "newValue": 1.096
      }
    }
  ]
}
{
  "messageIndex": 16,
  "eventType": "user",
  "phetioID": "beersLawLab.beersLawScreen.view.cuvetteNode.cuvetteDragHandler",
  "componentType": "TTandemDragHandler",
  "event": "dragged",
  "time": 1624627479339,
  "parameters": {
    "x": 474,
    "y": 373
  },
  "children": [
    {
      "messageIndex": 17,
      "eventType": "model",
      "phetioID": "beersLawLab.beersLawScreen.model.cuvette.widthProperty",
      "componentType": "TProperty",
      "event": "changed",
      "time": 1624627479339,
      "parameters": {
        "oldValue": 1.208,
        "newValue": 1.296
      }
    }
  ]
}
{
  "messageIndex": 18,
  "eventType": "user",
  "phetioID": "beersLawLab.beersLawScreen.view.cuvetteNode.cuvetteDragHandler",
  "componentType": "TTandemDragHandler",
  "event": "dragged",
  "time": 1624627479356,
  "parameters": {
    "x": 486,
    "y": 376
  },
  "children": [
    {
      "messageIndex": 19,
      "eventType": "model",
      "phetioID": "beersLawLab.beersLawScreen.model.cuvette.widthProperty",
      "componentType": "TProperty",
      "event": "changed",
      "time": 1624627479357,
      "parameters": {
        "oldValue": 1.296,
        "newValue": 1.392
      }
    }
  ]
}
{
  "messageIndex": 20,
  "eventType": "user",
  "phetioID": "beersLawLab.beersLawScreen.view.cuvetteNode.cuvetteDragHandler",
  "componentType": "TTandemDragHandler",
  "event": "dragged",
  "time": 1624627479375,
  "parameters": {
    "x": 497,
    "y": 379
  },
  "children": [
    {
      "messageIndex": 21,
      "eventType": "model",
      "phetioID": "beersLawLab.beersLawScreen.model.cuvette.widthProperty",
      "componentType": "TProperty",
      "event": "changed",
      "time": 1624627479375,
      "parameters": {
        "oldValue": 1.392,
        "newValue": 1.48
      }
    }
  ]
}
{
  "messageIndex": 22,
  "eventType": "user",
  "phetioID": "beersLawLab.beersLawScreen.view.cuvetteNode.cuvetteDragHandler",
  "componentType": "TTandemDragHandler",
  "event": "dragged",
  "time": 1624627479390,
  "parameters": {
    "x": 509,
    "y": 381
  },
  "children": [
    {
      "messageIndex": 23,
      "eventType": "model",
      "phetioID": "beersLawLab.beersLawScreen.model.cuvette.widthProperty",
      "componentType": "TProperty",
      "event": "changed",
      "time": 1624627479390,
      "parameters": {
        "oldValue": 1.48,
        "newValue": 1.576
      }
    }
  ]
}
{
  "messageIndex": 12,
  "eventType": "user",
  "phetioID": "beersLawLab.beersLawScreen.view.cuvetteNode.cuvetteDragHandler",
  "componentType": "TTandemDragHandler",
  "event": "dragged",
  "time": 1624627479313,
  "parameters": {
    "x": 453,
    "y": 364
  },
  "children": [
    {
      "messageIndex": 13,
      "eventType": "model",
      "phetioID": "beersLawLab.beersLawScreen.model.cuvette.widthProperty",
      "componentType": "TProperty",
      "event": "changed",
      "time": 1624627479313,
      "parameters": {
        "oldValue": 1.096,
        "newValue": 1.1280000000000001
      }
    }
  ]
}
{
  "messageIndex": 24,
  "eventType": "user",
  "phetioID": "beersLawLab.beersLawScreen.view.cuvetteNode.cuvetteDragHandler",
  "componentType": "TTandemDragHandler",
  "event": "dragged",
  "time": 1624627479408,
  "parameters": {
    "x": 522,
    "y": 384
  },
  "children": [
    {
      "messageIndex": 25,
      "eventType": "model",
      "phetioID": "beersLawLab.beersLawScreen.model.cuvette.widthProperty",
      "componentType": "TProperty",
      "event": "changed",
      "time": 1624627479408,
      "parameters": {
        "oldValue": 1.576,
        "newValue": 1.6800000000000002
      }
    }
  ]
}
{
  "messageIndex": 14,
  "eventType": "user",
  "phetioID": "beersLawLab.beersLawScreen.view.cuvetteNode.cuvetteDragHandler",
  "componentType": "TTandemDragHandler",
  "event": "dragged",
  "time": 1624627479323,
  "parameters": {
    "x": 463,
    "y": 368
  },
  "children": [
    {
      "messageIndex": 15,
      "eventType": "model",
      "phetioID": "beersLawLab.beersLawScreen.model.cuvette.widthProperty",
      "componentType": "TProperty",
      "event": "changed",
      "time": 1624627479323,
      "parameters": {
        "oldValue": 1.1280000000000001,
        "newValue": 1.208
      }
    }
  ]
}
{
  "messageIndex": 26,
  "eventType": "user",
  "phetioID": "beersLawLab.beersLawScreen.view.cuvetteNode.cuvetteDragHandler",
  "componentType": "TTandemDragHandler",
  "event": "dragged",
  "time": 1624627479424,
  "parameters": {
    "x": 536,
    "y": 386
  },
  "children": [
    {
      "messageIndex": 27,
      "eventType": "model",
      "phetioID": "beersLawLab.beersLawScreen.model.cuvette.widthProperty",
      "componentType": "TProperty",
      "event": "changed",
      "time": 1624627479424,
      "parameters": {
        "oldValue": 1.6800000000000002,
        "newValue": 1.792
      }
    }
  ]
}
{
  "messageIndex": 30,
  "eventType": "user",
  "phetioID": "beersLawLab.beersLawScreen.view.cuvetteNode.cuvetteDragHandler",
  "componentType": "TTandemDragHandler",
  "event": "dragged",
  "time": 1624627479459,
  "parameters": {
    "x": 575,
    "y": 390
  },
  "children": [
    {
      "messageIndex": 31,
      "eventType": "model",
      "phetioID": "beersLawLab.beersLawScreen.model.cuvette.widthProperty",
      "componentType": "TProperty",
      "event": "changed",
      "time": 1624627479459,
      "parameters": {
        "oldValue": 1.936,
        "newValue": 2
      }
    }
  ]
}
{
  "messageIndex": 28,
  "eventType": "user",
  "phetioID": "beersLawLab.beersLawScreen.view.cuvetteNode.cuvetteDragHandler",
  "componentType": "TTandemDragHandler",
  "event": "dragged",
  "time": 1624627479442,
  "parameters": {
    "x": 554,
    "y": 388
  },
  "children": [
    {
      "messageIndex": 29,
      "eventType": "model",
      "phetioID": "beersLawLab.beersLawScreen.model.cuvette.widthProperty",
      "componentType": "TProperty",
      "event": "changed",
      "time": 1624627479442,
      "parameters": {
        "oldValue": 1.792,
        "newValue": 1.936
      }
    }
  ]
}
{
  "messageIndex": 33,
  "eventType": "user",
  "phetioID": "beersLawLab.beersLawScreen.view.cuvetteNode.cuvetteDragHandler",
  "componentType": "TTandemDragHandler",
  "event": "dragged",
  "time": 1624627479489,
  "parameters": {
    "x": 634,
    "y": 393
  }
}
{
  "messageIndex": 32,
  "eventType": "user",
  "phetioID": "beersLawLab.beersLawScreen.view.cuvetteNode.cuvetteDragHandler",
  "componentType": "TTandemDragHandler",
  "event": "dragged",
  "time": 1624627479474,
  "parameters": {
    "x": 605,
    "y": 391
  }
}
{
  "messageIndex": 34,
  "eventType": "user",
  "phetioID": "beersLawLab.beersLawScreen.view.cuvetteNode.cuvetteDragHandler",
  "componentType": "TTandemDragHandler",
  "event": "dragged",
  "time": 1624627479505,
  "parameters": {
    "x": 653,
    "y": 397
  }
}
{
  "messageIndex": 35,
  "eventType": "user",
  "phetioID": "beersLawLab.beersLawScreen.view.cuvetteNode.cuvetteDragHandler",
  "componentType": "TTandemDragHandler",
  "event": "dragged",
  "time": 1624627479522,
  "parameters": {
    "x": 669,
    "y": 401
  }
}
{
  "messageIndex": 36,
  "eventType": "user",
  "phetioID": "beersLawLab.beersLawScreen.view.cuvetteNode.cuvetteDragHandler",
  "componentType": "TTandemDragHandler",
  "event": "dragged",
  "time": 1624627479538,
  "parameters": {
    "x": 683,
    "y": 405
  }
}
{
  "messageIndex": 37,
  "eventType": "user",
  "phetioID": "beersLawLab.beersLawScreen.view.cuvetteNode.cuvetteDragHandler",
  "componentType": "TTandemDragHandler",
  "event": "dragged",
  "time": 1624627479555,
  "parameters": {
    "x": 694,
    "y": 409
  }
}
{
  "messageIndex": 38,
  "eventType": "user",
  "phetioID": "beersLawLab.beersLawScreen.view.cuvetteNode.cuvetteDragHandler",
  "componentType": "TTandemDragHandler",
  "event": "dragged",
  "time": 1624627479571,
  "parameters": {
    "x": 700,
    "y": 412
  }
}
{
  "messageIndex": 39,
  "eventType": "user",
  "phetioID": "beersLawLab.beersLawScreen.view.cuvetteNode.cuvetteDragHandler",
  "componentType": "TTandemDragHandler",
  "event": "dragged",
  "time": 1624627479587,
  "parameters": {
    "x": 702,
    "y": 414
  }
}
{
  "messageIndex": 40,
  "eventType": "user",
  "phetioID": "beersLawLab.beersLawScreen.view.cuvetteNode.cuvetteDragHandler",
  "componentType": "TTandemDragHandler",
  "event": "dragged",
  "time": 1624627479612,
  "parameters": {
    "x": 702,
    "y": 415
  }
}
{
  "messageIndex": 41,
  "eventType": "user",
  "phetioID": "beersLawLab.beersLawScreen.view.cuvetteNode.cuvetteDragHandler",
  "componentType": "TTandemDragHandler",
  "event": "dragged",
  "time": 1624627479621,
  "parameters": {
    "x": 698,
    "y": 415
  }
}
{
  "messageIndex": 42,
  "eventType": "user",
  "phetioID": "beersLawLab.beersLawScreen.view.cuvetteNode.cuvetteDragHandler",
  "componentType": "TTandemDragHandler",
  "event": "dragged",
  "time": 1624627479637,
  "parameters": {
    "x": 686,
    "y": 415
  }
}
{
  "messageIndex": 43,
  "eventType": "user",
  "phetioID": "beersLawLab.beersLawScreen.view.cuvetteNode.cuvetteDragHandler",
  "componentType": "TTandemDragHandler",
  "event": "dragged",
  "time": 1624627479654,
  "parameters": {
    "x": 673,
    "y": 415
  }
}
{
  "messageIndex": 44,
  "eventType": "user",
  "phetioID": "beersLawLab.beersLawScreen.view.cuvetteNode.cuvetteDragHandler",
  "componentType": "TTandemDragHandler",
  "event": "dragged",
  "time": 1624627479672,
  "parameters": {
    "x": 658,
    "y": 414
  }
}
{
  "messageIndex": 45,
  "eventType": "user",
  "phetioID": "beersLawLab.beersLawScreen.view.cuvetteNode.cuvetteDragHandler",
  "componentType": "TTandemDragHandler",
  "event": "dragged",
  "time": 1624627479688,
  "parameters": {
    "x": 644,
    "y": 413
  }
}
{
  "messageIndex": 46,
  "eventType": "user",
  "phetioID": "beersLawLab.beersLawScreen.view.cuvetteNode.cuvetteDragHandler",
  "componentType": "TTandemDragHandler",
  "event": "dragged",
  "time": 1624627479706,
  "parameters": {
    "x": 629,
    "y": 412
  }
}
{
  "messageIndex": 47,
  "eventType": "user",
  "phetioID": "beersLawLab.beersLawScreen.view.cuvetteNode.cuvetteDragHandler",
  "componentType": "TTandemDragHandler",
  "event": "dragged",
  "time": 1624627479721,
  "parameters": {
    "x": 615,
    "y": 411
  }
}
{
  "messageIndex": 49,
  "eventType": "user",
  "phetioID": "beersLawLab.beersLawScreen.view.cuvetteNode.cuvetteDragHandler",
  "componentType": "TTandemDragHandler",
  "event": "dragged",
  "time": 1624627479756,
  "parameters": {
    "x": 576,
    "y": 410
  }
}
{
  "messageIndex": 48,
  "eventType": "user",
  "phetioID": "beersLawLab.beersLawScreen.view.cuvetteNode.cuvetteDragHandler",
  "componentType": "TTandemDragHandler",
  "event": "dragged",
  "time": 1624627479738,
  "parameters": {
    "x": 597,
    "y": 410
  }
}
{
  "messageIndex": 50,
  "eventType": "user",
  "phetioID": "beersLawLab.beersLawScreen.view.cuvetteNode.cuvetteDragHandler",
  "componentType": "TTandemDragHandler",
  "event": "dragged",
  "time": 1624627479771,
  "parameters": {
    "x": 554,
    "y": 410
  },
  "children": [
    {
      "messageIndex": 51,
      "eventType": "model",
      "phetioID": "beersLawLab.beersLawScreen.model.cuvette.widthProperty",
      "componentType": "TProperty",
      "event": "changed",
      "time": 1624627479771,
      "parameters": {
        "oldValue": 2,
        "newValue": 1.936
      }
    }
  ]
}
{
  "messageIndex": 52,
  "eventType": "user",
  "phetioID": "beersLawLab.beersLawScreen.view.cuvetteNode.cuvetteDragHandler",
  "componentType": "TTandemDragHandler",
  "event": "dragged",
  "time": 1624627479793,
  "parameters": {
    "x": 529,
    "y": 412
  },
  "children": [
    {
      "messageIndex": 53,
      "eventType": "model",
      "phetioID": "beersLawLab.beersLawScreen.model.cuvette.widthProperty",
      "componentType": "TProperty",
      "event": "changed",
      "time": 1624627479793,
      "parameters": {
        "oldValue": 1.936,
        "newValue": 1.736
      }
    }
  ]
}
{
  "messageIndex": 54,
  "eventType": "user",
  "phetioID": "beersLawLab.beersLawScreen.view.cuvetteNode.cuvetteDragHandler",
  "componentType": "TTandemDragHandler",
  "event": "dragged",
  "time": 1624627479806,
  "parameters": {
    "x": 505,
    "y": 417
  },
  "children": [
    {
      "messageIndex": 55,
      "eventType": "model",
      "phetioID": "beersLawLab.beersLawScreen.model.cuvette.widthProperty",
      "componentType": "TProperty",
      "event": "changed",
      "time": 1624627479806,
      "parameters": {
        "oldValue": 1.736,
        "newValue": 1.544
      }
    }
  ]
}
{
  "messageIndex": 56,
  "eventType": "user",
  "phetioID": "beersLawLab.beersLawScreen.view.cuvetteNode.cuvetteDragHandler",
  "componentType": "TTandemDragHandler",
  "event": "dragged",
  "time": 1624627479822,
  "parameters": {
    "x": 486,
    "y": 423
  },
  "children": [
    {
      "messageIndex": 57,
      "eventType": "model",
      "phetioID": "beersLawLab.beersLawScreen.model.cuvette.widthProperty",
      "componentType": "TProperty",
      "event": "changed",
      "time": 1624627479823,
      "parameters": {
        "oldValue": 1.544,
        "newValue": 1.392
      }
    }
  ]
}
{
  "messageIndex": 58,
  "eventType": "user",
  "phetioID": "beersLawLab.beersLawScreen.view.cuvetteNode.cuvetteDragHandler",
  "componentType": "TTandemDragHandler",
  "event": "dragged",
  "time": 1624627479839,
  "parameters": {
    "x": 471,
    "y": 428
  },
  "children": [
    {
      "messageIndex": 59,
      "eventType": "model",
      "phetioID": "beersLawLab.beersLawScreen.model.cuvette.widthProperty",
      "componentType": "TProperty",
      "event": "changed",
      "time": 1624627479839,
      "parameters": {
        "oldValue": 1.392,
        "newValue": 1.272
      }
    }
  ]
}
{
  "messageIndex": 62,
  "eventType": "user",
  "phetioID": "beersLawLab.beersLawScreen.view.cuvetteNode.cuvetteDragHandler",
  "componentType": "TTandemDragHandler",
  "event": "dragged",
  "time": 1624627479872,
  "parameters": {
    "x": 449,
    "y": 436
  },
  "children": [
    {
      "messageIndex": 63,
      "eventType": "model",
      "phetioID": "beersLawLab.beersLawScreen.model.cuvette.widthProperty",
      "componentType": "TProperty",
      "event": "changed",
      "time": 1624627479873,
      "parameters": {
        "oldValue": 1.176,
        "newValue": 1.096
      }
    }
  ]
}
{
  "messageIndex": 60,
  "eventType": "user",
  "phetioID": "beersLawLab.beersLawScreen.view.cuvetteNode.cuvetteDragHandler",
  "componentType": "TTandemDragHandler",
  "event": "dragged",
  "time": 1624627479854,
  "parameters": {
    "x": 459,
    "y": 432
  },
  "children": [
    {
      "messageIndex": 61,
      "eventType": "model",
      "phetioID": "beersLawLab.beersLawScreen.model.cuvette.widthProperty",
      "componentType": "TProperty",
      "event": "changed",
      "time": 1624627479854,
      "parameters": {
        "oldValue": 1.272,
        "newValue": 1.176
      }
    }
  ]
}
{
  "messageIndex": 64,
  "eventType": "user",
  "phetioID": "beersLawLab.beersLawScreen.view.cuvetteNode.cuvetteDragHandler",
  "componentType": "TTandemDragHandler",
  "event": "dragged",
  "time": 1624627479888,
  "parameters": {
    "x": 440,
    "y": 440
  },
  "children": [
    {
      "messageIndex": 65,
      "eventType": "model",
      "phetioID": "beersLawLab.beersLawScreen.model.cuvette.widthProperty",
      "componentType": "TProperty",
      "event": "changed",
      "time": 1624627479888,
      "parameters": {
        "oldValue": 1.096,
        "newValue": 1.024
      }
    }
  ]
}
{
  "messageIndex": 68,
  "eventType": "user",
  "phetioID": "beersLawLab.beersLawScreen.view.cuvetteNode.cuvetteDragHandler",
  "componentType": "TTandemDragHandler",
  "event": "dragged",
  "time": 1624627479922,
  "parameters": {
    "x": 430,
    "y": 445
  },
  "children": [
    {
      "messageIndex": 69,
      "eventType": "model",
      "phetioID": "beersLawLab.beersLawScreen.model.cuvette.widthProperty",
      "componentType": "TProperty",
      "event": "changed",
      "time": 1624627479922,
      "parameters": {
        "oldValue": 0.984,
        "newValue": 0.944
      }
    }
  ]
}
{
  "messageIndex": 66,
  "eventType": "user",
  "phetioID": "beersLawLab.beersLawScreen.view.cuvetteNode.cuvetteDragHandler",
  "componentType": "TTandemDragHandler",
  "event": "dragged",
  "time": 1624627479906,
  "parameters": {
    "x": 435,
    "y": 443
  },
  "children": [
    {
      "messageIndex": 67,
      "eventType": "model",
      "phetioID": "beersLawLab.beersLawScreen.model.cuvette.widthProperty",
      "componentType": "TProperty",
      "event": "changed",
      "time": 1624627479906,
      "parameters": {
        "oldValue": 1.024,
        "newValue": 0.984
      }
    }
  ]
}
{
  "messageIndex": 70,
  "eventType": "user",
  "phetioID": "beersLawLab.beersLawScreen.view.cuvetteNode.cuvetteDragHandler",
  "componentType": "TTandemDragHandler",
  "event": "dragged",
  "time": 1624627479940,
  "parameters": {
    "x": 427,
    "y": 448
  },
  "children": [
    {
      "messageIndex": 71,
      "eventType": "model",
      "phetioID": "beersLawLab.beersLawScreen.model.cuvette.widthProperty",
      "componentType": "TProperty",
      "event": "changed",
      "time": 1624627479940,
      "parameters": {
        "oldValue": 0.944,
        "newValue": 0.92
      }
    }
  ]
}
{
  "messageIndex": 72,
  "eventType": "user",
  "phetioID": "beersLawLab.beersLawScreen.view.cuvetteNode.cuvetteDragHandler",
  "componentType": "TTandemDragHandler",
  "event": "dragged",
  "time": 1624627479958,
  "parameters": {
    "x": 423,
    "y": 450
  },
  "children": [
    {
      "messageIndex": 73,
      "eventType": "model",
      "phetioID": "beersLawLab.beersLawScreen.model.cuvette.widthProperty",
      "componentType": "TProperty",
      "event": "changed",
      "time": 1624627479958,
      "parameters": {
        "oldValue": 0.92,
        "newValue": 0.888
      }
    }
  ]
}
{
  "messageIndex": 74,
  "eventType": "user",
  "phetioID": "beersLawLab.beersLawScreen.view.cuvetteNode.cuvetteDragHandler",
  "componentType": "TTandemDragHandler",
  "event": "dragged",
  "time": 1624627479974,
  "parameters": {
    "x": 419,
    "y": 453
  },
  "children": [
    {
      "messageIndex": 75,
      "eventType": "model",
      "phetioID": "beersLawLab.beersLawScreen.model.cuvette.widthProperty",
      "componentType": "TProperty",
      "event": "changed",
      "time": 1624627479974,
      "parameters": {
        "oldValue": 0.888,
        "newValue": 0.856
      }
    }
  ]
}
{
  "messageIndex": 76,
  "eventType": "user",
  "phetioID": "beersLawLab.beersLawScreen.view.cuvetteNode.cuvetteDragHandler",
  "componentType": "TTandemDragHandler",
  "event": "dragged",
  "time": 1624627479989,
  "parameters": {
    "x": 416,
    "y": 455
  },
  "children": [
    {
      "messageIndex": 77,
      "eventType": "model",
      "phetioID": "beersLawLab.beersLawScreen.model.cuvette.widthProperty",
      "componentType": "TProperty",
      "event": "changed",
      "time": 1624627479989,
      "parameters": {
        "oldValue": 0.856,
        "newValue": 0.832
      }
    }
  ]
}
{
  "messageIndex": 78,
  "eventType": "user",
  "phetioID": "beersLawLab.beersLawScreen.view.cuvetteNode.cuvetteDragHandler",
  "componentType": "TTandemDragHandler",
  "event": "dragged",
  "time": 1624627480005,
  "parameters": {
    "x": 413,
    "y": 457
  },
  "children": [
    {
      "messageIndex": 79,
      "eventType": "model",
      "phetioID": "beersLawLab.beersLawScreen.model.cuvette.widthProperty",
      "componentType": "TProperty",
      "event": "changed",
      "time": 1624627480005,
      "parameters": {
        "oldValue": 0.832,
        "newValue": 0.808
      }
    }
  ]
}
{
  "messageIndex": 80,
  "eventType": "user",
  "phetioID": "beersLawLab.beersLawScreen.view.cuvetteNode.cuvetteDragHandler",
  "componentType": "TTandemDragHandler",
  "event": "dragged",
  "time": 1624627480023,
  "parameters": {
    "x": 411,
    "y": 458
  },
  "children": [
    {
      "messageIndex": 81,
      "eventType": "model",
      "phetioID": "beersLawLab.beersLawScreen.model.cuvette.widthProperty",
      "componentType": "TProperty",
      "event": "changed",
      "time": 1624627480023,
      "parameters": {
        "oldValue": 0.808,
        "newValue": 0.792
      }
    }
  ]
}
{
  "messageIndex": 82,
  "eventType": "user",
  "phetioID": "beersLawLab.beersLawScreen.view.cuvetteNode.cuvetteDragHandler",
  "componentType": "TTandemDragHandler",
  "event": "dragged",
  "time": 1624627480040,
  "parameters": {
    "x": 409,
    "y": 459
  },
  "children": [
    {
      "messageIndex": 83,
      "eventType": "model",
      "phetioID": "beersLawLab.beersLawScreen.model.cuvette.widthProperty",
      "componentType": "TProperty",
      "event": "changed",
      "time": 1624627480040,
      "parameters": {
        "oldValue": 0.792,
        "newValue": 0.776
      }
    }
  ]
}
{
  "messageIndex": 84,
  "eventType": "user",
  "phetioID": "beersLawLab.beersLawScreen.view.cuvetteNode.cuvetteDragHandler",
  "componentType": "TTandemDragHandler",
  "event": "dragged",
  "time": 1624627480057,
  "parameters": {
    "x": 407,
    "y": 460
  },
  "children": [
    {
      "messageIndex": 85,
      "eventType": "model",
      "phetioID": "beersLawLab.beersLawScreen.model.cuvette.widthProperty",
      "componentType": "TProperty",
      "event": "changed",
      "time": 1624627480057,
      "parameters": {
        "oldValue": 0.776,
        "newValue": 0.76
      }
    }
  ]
}
{
  "messageIndex": 86,
  "eventType": "user",
  "phetioID": "beersLawLab.beersLawScreen.view.cuvetteNode.cuvetteDragHandler",
  "componentType": "TTandemDragHandler",
  "event": "dragged",
  "time": 1624627480071,
  "parameters": {
    "x": 406,
    "y": 460
  },
  "children": [
    {
      "messageIndex": 87,
      "eventType": "model",
      "phetioID": "beersLawLab.beersLawScreen.model.cuvette.widthProperty",
      "componentType": "TProperty",
      "event": "changed",
      "time": 1624627480071,
      "parameters": {
        "oldValue": 0.76,
        "newValue": 0.752
      }
    }
  ]
}
{
  "messageIndex": 88,
  "eventType": "user",
  "phetioID": "beersLawLab.beersLawScreen.view.cuvetteNode.cuvetteDragHandler",
  "componentType": "TTandemDragHandler",
  "event": "dragged",
  "time": 1624627480121,
  "parameters": {
    "x": 407,
    "y": 460
  },
  "children": [
    {
      "messageIndex": 89,
      "eventType": "model",
      "phetioID": "beersLawLab.beersLawScreen.model.cuvette.widthProperty",
      "componentType": "TProperty",
      "event": "changed",
      "time": 1624627480121,
      "parameters": {
        "oldValue": 0.752,
        "newValue": 0.76
      }
    }
  ]
}
{
  "messageIndex": 90,
  "eventType": "user",
  "phetioID": "beersLawLab.beersLawScreen.view.cuvetteNode.cuvetteDragHandler",
  "componentType": "TTandemDragHandler",
  "event": "dragged",
  "time": 1624627480139,
  "parameters": {
    "x": 410,
    "y": 460
  },
  "children": [
    {
      "messageIndex": 91,
      "eventType": "model",
      "phetioID": "beersLawLab.beersLawScreen.model.cuvette.widthProperty",
      "componentType": "TProperty",
      "event": "changed",
      "time": 1624627480139,
      "parameters": {
        "oldValue": 0.76,
        "newValue": 0.784
      }
    }
  ]
}
{
  "messageIndex": 92,
  "eventType": "user",
  "phetioID": "beersLawLab.beersLawScreen.view.cuvetteNode.cuvetteDragHandler",
  "componentType": "TTandemDragHandler",
  "event": "dragged",
  "time": 1624627480157,
  "parameters": {
    "x": 413,
    "y": 460
  },
  "children": [
    {
      "messageIndex": 93,
      "eventType": "model",
      "phetioID": "beersLawLab.beersLawScreen.model.cuvette.widthProperty",
      "componentType": "TProperty",
      "event": "changed",
      "time": 1624627480157,
      "parameters": {
        "oldValue": 0.784,
        "newValue": 0.808
      }
    }
  ]
}
{
  "messageIndex": 94,
  "eventType": "user",
  "phetioID": "beersLawLab.beersLawScreen.view.cuvetteNode.cuvetteDragHandler",
  "componentType": "TTandemDragHandler",
  "event": "dragged",
  "time": 1624627480173,
  "parameters": {
    "x": 416,
    "y": 460
  },
  "children": [
    {
      "messageIndex": 95,
      "eventType": "model",
      "phetioID": "beersLawLab.beersLawScreen.model.cuvette.widthProperty",
      "componentType": "TProperty",
      "event": "changed",
      "time": 1624627480173,
      "parameters": {
        "oldValue": 0.808,
        "newValue": 0.832
      }
    }
  ]
}
{
  "messageIndex": 98,
  "eventType": "user",
  "phetioID": "beersLawLab.beersLawScreen.view.cuvetteNode.cuvetteDragHandler",
  "componentType": "TTandemDragHandler",
  "event": "dragged",
  "time": 1624627480206,
  "parameters": {
    "x": 424,
    "y": 460
  },
  "children": [
    {
      "messageIndex": 99,
      "eventType": "model",
      "phetioID": "beersLawLab.beersLawScreen.model.cuvette.widthProperty",
      "componentType": "TProperty",
      "event": "changed",
      "time": 1624627480206,
      "parameters": {
        "oldValue": 0.856,
        "newValue": 0.896
      }
    }
  ]
}
{
  "messageIndex": 100,
  "eventType": "user",
  "phetioID": "beersLawLab.beersLawScreen.view.cuvetteNode.cuvetteDragHandler",
  "componentType": "TTandemDragHandler",
  "event": "dragged",
  "time": 1624627480222,
  "parameters": {
    "x": 430,
    "y": 460
  },
  "children": [
    {
      "messageIndex": 101,
      "eventType": "model",
      "phetioID": "beersLawLab.beersLawScreen.model.cuvette.widthProperty",
      "componentType": "TProperty",
      "event": "changed",
      "time": 1624627480222,
      "parameters": {
        "oldValue": 0.896,
        "newValue": 0.944
      }
    }
  ]
}
{
  "messageIndex": 96,
  "eventType": "user",
  "phetioID": "beersLawLab.beersLawScreen.view.cuvetteNode.cuvetteDragHandler",
  "componentType": "TTandemDragHandler",
  "event": "dragged",
  "time": 1624627480188,
  "parameters": {
    "x": 419,
    "y": 460
  },
  "children": [
    {
      "messageIndex": 97,
      "eventType": "model",
      "phetioID": "beersLawLab.beersLawScreen.model.cuvette.widthProperty",
      "componentType": "TProperty",
      "event": "changed",
      "time": 1624627480188,
      "parameters": {
        "oldValue": 0.832,
        "newValue": 0.856
      }
    }
  ]
}
{
  "messageIndex": 102,
  "eventType": "user",
  "phetioID": "beersLawLab.beersLawScreen.view.cuvetteNode.cuvetteDragHandler",
  "componentType": "TTandemDragHandler",
  "event": "dragged",
  "time": 1624627480239,
  "parameters": {
    "x": 435,
    "y": 460
  },
  "children": [
    {
      "messageIndex": 103,
      "eventType": "model",
      "phetioID": "beersLawLab.beersLawScreen.model.cuvette.widthProperty",
      "componentType": "TProperty",
      "event": "changed",
      "time": 1624627480239,
      "parameters": {
        "oldValue": 0.944,
        "newValue": 0.984
      }
    }
  ]
}
{
  "messageIndex": 104,
  "eventType": "user",
  "phetioID": "beersLawLab.beersLawScreen.view.cuvetteNode.cuvetteDragHandler",
  "componentType": "TTandemDragHandler",
  "event": "dragged",
  "time": 1624627480254,
  "parameters": {
    "x": 441,
    "y": 461
  },
  "children": [
    {
      "messageIndex": 105,
      "eventType": "model",
      "phetioID": "beersLawLab.beersLawScreen.model.cuvette.widthProperty",
      "componentType": "TProperty",
      "event": "changed",
      "time": 1624627480254,
      "parameters": {
        "oldValue": 0.984,
        "newValue": 1.032
      }
    }
  ]
}
{
  "messageIndex": 106,
  "eventType": "user",
  "phetioID": "beersLawLab.beersLawScreen.view.cuvetteNode.cuvetteDragHandler",
  "componentType": "TTandemDragHandler",
  "event": "dragged",
  "time": 1624627480270,
  "parameters": {
    "x": 447,
    "y": 462
  },
  "children": [
    {
      "messageIndex": 107,
      "eventType": "model",
      "phetioID": "beersLawLab.beersLawScreen.model.cuvette.widthProperty",
      "componentType": "TProperty",
      "event": "changed",
      "time": 1624627480270,
      "parameters": {
        "oldValue": 1.032,
        "newValue": 1.08
      }
    }
  ]
}
{
  "messageIndex": 110,
  "eventType": "user",
  "phetioID": "beersLawLab.beersLawScreen.view.cuvetteNode.cuvetteDragHandler",
  "componentType": "TTandemDragHandler",
  "event": "dragged",
  "time": 1624627480305,
  "parameters": {
    "x": 461,
    "y": 463
  },
  "children": [
    {
      "messageIndex": 111,
      "eventType": "model",
      "phetioID": "beersLawLab.beersLawScreen.model.cuvette.widthProperty",
      "componentType": "TProperty",
      "event": "changed",
      "time": 1624627480305,
      "parameters": {
        "oldValue": 1.1360000000000001,
        "newValue": 1.192
      }
    }
  ]
}
{
  "messageIndex": 112,
  "eventType": "user",
  "phetioID": "beersLawLab.beersLawScreen.view.cuvetteNode.cuvetteDragHandler",
  "componentType": "TTandemDragHandler",
  "event": "dragged",
  "time": 1624627480323,
  "parameters": {
    "x": 469,
    "y": 463
  },
  "children": [
    {
      "messageIndex": 113,
      "eventType": "model",
      "phetioID": "beersLawLab.beersLawScreen.model.cuvette.widthProperty",
      "componentType": "TProperty",
      "event": "changed",
      "time": 1624627480323,
      "parameters": {
        "oldValue": 1.192,
        "newValue": 1.256
      }
    }
  ]
}
{
  "messageIndex": 108,
  "eventType": "user",
  "phetioID": "beersLawLab.beersLawScreen.view.cuvetteNode.cuvetteDragHandler",
  "componentType": "TTandemDragHandler",
  "event": "dragged",
  "time": 1624627480288,
  "parameters": {
    "x": 454,
    "y": 462
  },
  "children": [
    {
      "messageIndex": 109,
      "eventType": "model",
      "phetioID": "beersLawLab.beersLawScreen.model.cuvette.widthProperty",
      "componentType": "TProperty",
      "event": "changed",
      "time": 1624627480288,
      "parameters": {
        "oldValue": 1.08,
        "newValue": 1.1360000000000001
      }
    }
  ]
}
{
  "messageIndex": 114,
  "eventType": "user",
  "phetioID": "beersLawLab.beersLawScreen.view.cuvetteNode.cuvetteDragHandler",
  "componentType": "TTandemDragHandler",
  "event": "dragged",
  "time": 1624627480337,
  "parameters": {
    "x": 477,
    "y": 464
  },
  "children": [
    {
      "messageIndex": 115,
      "eventType": "model",
      "phetioID": "beersLawLab.beersLawScreen.model.cuvette.widthProperty",
      "componentType": "TProperty",
      "event": "changed",
      "time": 1624627480337,
      "parameters": {
        "oldValue": 1.256,
        "newValue": 1.32
      }
    }
  ]
}
{
  "messageIndex": 116,
  "eventType": "user",
  "phetioID": "beersLawLab.beersLawScreen.view.cuvetteNode.cuvetteDragHandler",
  "componentType": "TTandemDragHandler",
  "event": "dragged",
  "time": 1624627480356,
  "parameters": {
    "x": 484,
    "y": 465
  },
  "children": [
    {
      "messageIndex": 117,
      "eventType": "model",
      "phetioID": "beersLawLab.beersLawScreen.model.cuvette.widthProperty",
      "componentType": "TProperty",
      "event": "changed",
      "time": 1624627480356,
      "parameters": {
        "oldValue": 1.32,
        "newValue": 1.376
      }
    }
  ]
}
{
  "messageIndex": 118,
  "eventType": "user",
  "phetioID": "beersLawLab.beersLawScreen.view.cuvetteNode.cuvetteDragHandler",
  "componentType": "TTandemDragHandler",
  "event": "dragged",
  "time": 1624627480370,
  "parameters": {
    "x": 491,
    "y": 467
  },
  "children": [
    {
      "messageIndex": 119,
      "eventType": "model",
      "phetioID": "beersLawLab.beersLawScreen.model.cuvette.widthProperty",
      "componentType": "TProperty",
      "event": "changed",
      "time": 1624627480370,
      "parameters": {
        "oldValue": 1.376,
        "newValue": 1.432
      }
    }
  ]
}
{
  "messageIndex": 120,
  "eventType": "user",
  "phetioID": "beersLawLab.beersLawScreen.view.cuvetteNode.cuvetteDragHandler",
  "componentType": "TTandemDragHandler",
  "event": "dragged",
  "time": 1624627480388,
  "parameters": {
    "x": 499,
    "y": 468
  },
  "children": [
    {
      "messageIndex": 121,
      "eventType": "model",
      "phetioID": "beersLawLab.beersLawScreen.model.cuvette.widthProperty",
      "componentType": "TProperty",
      "event": "changed",
      "time": 1624627480388,
      "parameters": {
        "oldValue": 1.432,
        "newValue": 1.496
      }
    }
  ]
}
{
  "messageIndex": 124,
  "eventType": "user",
  "phetioID": "beersLawLab.beersLawScreen.view.cuvetteNode.cuvetteDragHandler",
  "componentType": "TTandemDragHandler",
  "event": "dragged",
  "time": 1624627480420,
  "parameters": {
    "x": 514,
    "y": 472
  },
  "children": [
    {
      "messageIndex": 125,
      "eventType": "model",
      "phetioID": "beersLawLab.beersLawScreen.model.cuvette.widthProperty",
      "componentType": "TProperty",
      "event": "changed",
      "time": 1624627480420,
      "parameters": {
        "oldValue": 1.552,
        "newValue": 1.616
      }
    }
  ]
}
{
  "messageIndex": 122,
  "eventType": "user",
  "phetioID": "beersLawLab.beersLawScreen.view.cuvetteNode.cuvetteDragHandler",
  "componentType": "TTandemDragHandler",
  "event": "dragged",
  "time": 1624627480404,
  "parameters": {
    "x": 506,
    "y": 469
  },
  "children": [
    {
      "messageIndex": 123,
      "eventType": "model",
      "phetioID": "beersLawLab.beersLawScreen.model.cuvette.widthProperty",
      "componentType": "TProperty",
      "event": "changed",
      "time": 1624627480404,
      "parameters": {
        "oldValue": 1.496,
        "newValue": 1.552
      }
    }
  ]
}
{
  "messageIndex": 128,
  "eventType": "user",
  "phetioID": "beersLawLab.beersLawScreen.view.cuvetteNode.cuvetteDragHandler",
  "componentType": "TTandemDragHandler",
  "event": "dragEnded",
  "time": 1624627480446,
  "children": [
    {
      "messageIndex": 129,
      "eventType": "model",
      "phetioID": "beersLawLab.beersLawScreen.model.cuvette.widthProperty",
      "componentType": "TProperty",
      "event": "changed",
      "time": 1624627480446,
      "parameters": {
        "oldValue": 1.744,
        "newValue": 1.7000000000000002
      }
    }
  ]
}
{
  "messageIndex": 126,
  "eventType": "user",
  "phetioID": "beersLawLab.beersLawScreen.view.cuvetteNode.cuvetteDragHandler",
  "componentType": "TTandemDragHandler",
  "event": "dragged",
  "time": 1624627480439,
  "parameters": {
    "x": 530,
    "y": 472
  },
  "children": [
    {
      "messageIndex": 127,
      "eventType": "model",
      "phetioID": "beersLawLab.beersLawScreen.model.cuvette.widthProperty",
      "componentType": "TProperty",
      "event": "changed",
      "time": 1624627480439,
      "parameters": {
        "oldValue": 1.616,
        "newValue": 1.744
      }
    }
  ]
}
{
  "messageIndex": 130,
  "eventType": "user",
  "phetioID": "beersLawLab.beersLawScreen.view.solutionControls.comboBox",
  "componentType": "TComboBox",
  "event": "popupShown",
  "time": 1624627480696
}
{
  "messageIndex": 131,
  "eventType": "user",
  "phetioID": "beersLawLab.beersLawScreen.view.solutionControls.comboBox",
  "componentType": "TComboBox",
  "event": "fired",
  "time": 1624627481365,
  "parameters": {
    "value": "beersLawLab.beersLawScreen.solutions.potassiumDichromate"
  },
  "children": [
    {
      "messageIndex": 132,
      "eventType": "model",
      "phetioID": "beersLawLab.beersLawScreen.model.solutionProperty",
      "componentType": "TProperty",
      "event": "changed",
      "time": 1624627481366,
      "parameters": {
        "oldValue": "beersLawLab.beersLawScreen.solutions.drinkMix",
        "newValue": "beersLawLab.beersLawScreen.solutions.potassiumDichromate"
      },
      "children": [
        {
          "messageIndex": 133,
          "eventType": "model",
          "phetioID": "beersLawLab.beersLawScreen.model.light.wavelengthProperty",
          "componentType": "TProperty",
          "event": "changed",
          "time": 1624627481367,
          "parameters": {
            "oldValue": 508,
            "newValue": 392
          },
          "children": [
            {
              "messageIndex": 134,
              "eventType": "model",
              "phetioID": "beersLawLab.beersLawScreen.view.wavelengthControls.valueDisplay",
              "componentType": "TTandemText",
              "event": "textChanged",
              "time": 1624627481367,
              "parameters": {
                "oldText": "‪508 ‪nm‬‬",
                "newText": "‪392 ‪nm‬‬"
              }
            }
          ]
        }
      ]
    }
  ]
}
{
  "messageIndex": 135,
  "eventType": "user",
  "phetioID": "beersLawLab.beersLawScreen.view.lightNode.button",
  "componentType": "TToggleButton",
  "event": "toggled",
  "time": 1624627482030,
  "parameters": {
    "oldValue": false,
    "newValue": true
  },
  "children": [
    {
      "messageIndex": 136,
      "eventType": "model",
      "phetioID": "beersLawLab.beersLawScreen.model.light.onProperty",
      "componentType": "TProperty",
      "event": "changed",
      "time": 1624627482030,
      "parameters": {
        "oldValue": false,
        "newValue": true
      },
      "children": [
        {
          "messageIndex": 137,
          "eventType": "model",
          "phetioID": "beersLawLab.beersLawScreen.model.detector.valueProperty",
          "componentType": "TDerivedProperty",
          "event": "changed",
          "time": 1624627482030,
          "parameters": {
            "oldValue": null,
            "newValue": 23.528264837117074
          },
          "children": [
            {
              "messageIndex": 138,
              "eventType": "model",
              "phetioID": "beersLawLab.beersLawScreen.view.detectorNode.bodyNode.valueNode",
              "componentType": "TTandemText",
              "event": "textChanged",
              "time": 1624627482031,
              "parameters": {
                "oldText": "-",
                "newText": "‪23.53%‬"
              }
            }
          ]
        }
      ]
    }
  ]
}
{
  "messageIndex": 139,
  "eventType": "user",
  "phetioID": "beersLawLab.beersLawScreen.view.lightNode.button",
  "componentType": "TToggleButton",
  "event": "toggled",
  "time": 1624627482331,
  "parameters": {
    "oldValue": true,
    "newValue": false
  },
  "children": [
    {
      "messageIndex": 140,
      "eventType": "model",
      "phetioID": "beersLawLab.beersLawScreen.model.light.onProperty",
      "componentType": "TProperty",
      "event": "changed",
      "time": 1624627482331,
      "parameters": {
        "oldValue": true,
        "newValue": false
      },
      "children": [
        {
          "messageIndex": 141,
          "eventType": "model",
          "phetioID": "beersLawLab.beersLawScreen.model.detector.valueProperty",
          "componentType": "TDerivedProperty",
          "event": "changed",
          "time": 1624627482331,
          "parameters": {
            "oldValue": 23.528264837117074,
            "newValue": null
          },
          "children": [
            {
              "messageIndex": 142,
              "eventType": "model",
              "phetioID": "beersLawLab.beersLawScreen.view.detectorNode.bodyNode.valueNode",
              "componentType": "TTandemText",
              "event": "textChanged",
              "time": 1624627482331,
              "parameters": {
                "oldText": "‪23.53%‬",
                "newText": "-"
              }
            }
          ]
        }
      ]
    }
  ]
}
{
  "messageIndex": 143,
  "eventType": "user",
  "phetioID": "beersLawLab.beersLawScreen.view.lightNode.button",
  "componentType": "TToggleButton",
  "event": "toggled",
  "time": 1624627482597,
  "parameters": {
    "oldValue": false,
    "newValue": true
  },
  "children": [
    {
      "messageIndex": 144,
      "eventType": "model",
      "phetioID": "beersLawLab.beersLawScreen.model.light.onProperty",
      "componentType": "TProperty",
      "event": "changed",
      "time": 1624627482597,
      "parameters": {
        "oldValue": false,
        "newValue": true
      },
      "children": [
        {
          "messageIndex": 145,
          "eventType": "model",
          "phetioID": "beersLawLab.beersLawScreen.model.detector.valueProperty",
          "componentType": "TDerivedProperty",
          "event": "changed",
          "time": 1624627482598,
          "parameters": {
            "oldValue": null,
            "newValue": 23.528264837117074
          },
          "children": [
            {
              "messageIndex": 146,
              "eventType": "model",
              "phetioID": "beersLawLab.beersLawScreen.view.detectorNode.bodyNode.valueNode",
              "componentType": "TTandemText",
              "event": "textChanged",
              "time": 1624627482598,
              "parameters": {
                "oldText": "-",
                "newText": "‪23.53%‬"
              }
            }
          ]
        }
      ]
    }
  ]
}
{
  "messageIndex": 147,
  "eventType": "user",
  "phetioID": "beersLawLab.beersLawScreen.view.solutionControls.comboBox",
  "componentType": "TComboBox",
  "event": "popupShown",
  "time": 1624627483270
}
{
  "messageIndex": 148,
  "eventType": "user",
  "phetioID": "beersLawLab.beersLawScreen.view.solutionControls.comboBox",
  "componentType": "TComboBox",
  "event": "fired",
  "time": 1624627483796,
  "parameters": {
    "value": "beersLawLab.beersLawScreen.solutions.nickelIIChloride"
  },
  "children": [
    {
      "messageIndex": 149,
      "eventType": "model",
      "phetioID": "beersLawLab.beersLawScreen.model.solutionProperty",
      "componentType": "TProperty",
      "event": "changed",
      "time": 1624627483796,
      "parameters": {
        "oldValue": "beersLawLab.beersLawScreen.solutions.potassiumDichromate",
        "newValue": "beersLawLab.beersLawScreen.solutions.nickelIIChloride"
      },
      "children": [
        {
          "messageIndex": 150,
          "eventType": "model",
          "phetioID": "beersLawLab.beersLawScreen.model.light.wavelengthProperty",
          "componentType": "TProperty",
          "event": "changed",
          "time": 1624627483796,
          "parameters": {
            "oldValue": 392,
            "newValue": 433
          },
          "children": [
            {
              "messageIndex": 151,
              "eventType": "model",
              "phetioID": "beersLawLab.beersLawScreen.model.detector.valueProperty",
              "componentType": "TDerivedProperty",
              "event": "changed",
              "time": 1624627483797,
              "parameters": {
                "oldValue": 23.528264837117074,
                "newValue": 51.14284694128678
              },
              "children": [
                {
                  "messageIndex": 152,
                  "eventType": "model",
                  "phetioID": "beersLawLab.beersLawScreen.view.detectorNode.bodyNode.valueNode",
                  "componentType": "TTandemText",
                  "event": "textChanged",
                  "time": 1624627483797,
                  "parameters": {
                    "oldText": "‪23.53%‬",
                    "newText": "‪51.14%‬"
                  }
                }
              ]
            },
            {
              "messageIndex": 153,
              "eventType": "model",
              "phetioID": "beersLawLab.beersLawScreen.view.wavelengthControls.valueDisplay",
              "componentType": "TTandemText",
              "event": "textChanged",
              "time": 1624627483797,
              "parameters": {
                "oldText": "‪392 ‪nm‬‬",
                "newText": "‪433 ‪nm‬‬"
              }
            }
          ]
        },
        {
          "messageIndex": 154,
          "eventType": "model",
          "phetioID": "beersLawLab.beersLawScreen.model.detector.valueProperty",
          "componentType": "TDerivedProperty",
          "event": "changed",
          "time": 1624627483798,
          "parameters": {
            "oldValue": 51.14284694128678,
            "newValue": 99.7923615112334
          },
          "children": [
            {
              "messageIndex": 155,
              "eventType": "model",
              "phetioID": "beersLawLab.beersLawScreen.view.detectorNode.bodyNode.valueNode",
              "componentType": "TTandemText",
              "event": "textChanged",
              "time": 1624627483798,
              "parameters": {
                "oldText": "‪51.14%‬",
                "newText": "‪99.79%‬"
              }
            }
          ]
        },
        {
          "messageIndex": 156,
          "eventType": "model",
          "phetioID": "beersLawLab.beersLawScreen.model.detector.valueProperty",
          "componentType": "TDerivedProperty",
          "event": "changed",
          "time": 1624627483799,
          "parameters": {
            "oldValue": 99.7923615112334,
            "newValue": 12.511229769215939
          },
          "children": [
            {
              "messageIndex": 157,
              "eventType": "model",
              "phetioID": "beersLawLab.beersLawScreen.view.detectorNode.bodyNode.valueNode",
              "componentType": "TTandemText",
              "event": "textChanged",
              "time": 1624627483799,
              "parameters": {
                "oldText": "‪99.79%‬",
                "newText": "‪12.51%‬"
              }
            }
          ]
        }
      ]
    }
  ]
}
