{
  "messageIndex": 0,
  "eventType": "wrapper",
  "phetioID": "beersLawLab.simIFrameAPI",
  "componentType": "TSimIFrameAPI",
  "event": "invoked",
  "time": 1631268134820,
  "parameters": {
    "phetioID": "phetio",
    "method": "addExpressions",
    "args": [
      []
    ],
    "messageID": 2,
    "protocol": "phet-io-0.0.1"
  }
}
{
  "messageIndex": 1,
  "eventType": "wrapper",
  "phetioID": "beersLawLab.simIFrameAPI",
  "componentType": "TSimIFrameAPI",
  "event": "invoked",
  "time": 1631268134823,
  "parameters": {
    "phetioID": "phetio",
    "method": "launchSimulation",
    "args": [],
    "messageID": 3,
    "protocol": "phet-io-0.0.1"
  }
}
{
  "messageIndex": 2,
  "eventType": "model",
  "phetioID": "beersLawLab.sim",
  "componentType": "TSim",
  "event": "simStarted",
  "time": 1631268134827,
  "parameters": {
    "sessionID": null,
    "simName": "‪Beer's Law Lab‬",
    "simVersion": "1.6.15-phetio",
    "url": "https://phet-io.colorado.edu/sims/beers-law-lab/1.6.15-phetio/beers-law-lab_en-phetio.html?production&phetioEmitStates=false&phetioEmitInputEvents=false",
    "userAgent": "Mozilla/5.0 (Windows NT 10.0; Win64; x64) AppleWebKit/537.36 (KHTML, like Gecko) Chrome/93.0.4577.63 Safari/537.36 Edg/93.0.961.38",
    "randomSeed": 0.4041640125102788,
    "provider": "PhET Interactive Simulations, University of Colorado Boulder"
  },
  "children": [
    {
      "messageIndex": 3,
      "eventType": "model",
      "phetioID": "beersLawLab.concentrationScreen.view.concentrationMeterNode.bodyNode.readoutTextNode",
      "componentType": "TTandemText",
      "event": "textChanged",
      "time": 1631268134906,
      "parameters": {
        "oldText": "‪1.000 ‪mol/L‬‬",
        "newText": "-"
      }
    },
    {
      "messageIndex": 4,
      "eventType": "model",
      "phetioID": "beersLawLab.beersLawScreen.view.detectorNode.bodyNode.valueNode",
      "componentType": "TTandemText",
      "event": "textChanged",
      "time": 1631268134946,
      "parameters": {
        "oldText": "‪100.00%‬",
        "newText": "-"
      }
    }
  ]
}
{
  "messageIndex": 5,
  "eventType": "user",
  "phetioID": "beersLawLab.homeScreen.view.beersLawScreenSmallButton",
  "componentType": "TScreenButton",
  "event": "fired",
  "time": 1631268136005,
  "children": [
    {
      "messageIndex": 6,
      "eventType": "model",
      "phetioID": "beersLawLab.sim.screenIndexProperty",
      "componentType": "TProperty",
      "event": "changed",
      "time": 1631268136005,
      "parameters": {
        "oldValue": 0,
        "newValue": 1
      }
    }
  ]
}
{
  "messageIndex": 7,
  "eventType": "user",
  "phetioID": "beersLawLab.homeScreen.view.beersLawScreenLargeButton",
  "componentType": "TScreenButton",
  "event": "fired",
  "time": 1631268136547,
  "children": [
    {
      "messageIndex": 8,
      "eventType": "model",
      "phetioID": "beersLawLab.sim.showHomeScreenProperty",
      "componentType": "TProperty",
      "event": "changed",
      "time": 1631268136547,
      "parameters": {
        "oldValue": true,
        "newValue": false
      }
    }
  ]
}
{
  "messageIndex": null,
  "eventType": "user",
  "phetioID": "beersLawLab.wrapper",
  "componentType": "WrapperButton",
  "event": "showPDF",
  "time": 1631268138939,
  "parameters": null
}
{
  "messageIndex": null,
  "eventType": "user",
  "phetioID": "beersLawLab.wrapper",
  "componentType": "WrapperButton",
  "event": "hidePDF",
  "time": 1631268146690,
  "parameters": null
}
{
  "messageIndex": 9,
  "eventType": "user",
  "phetioID": "beersLawLab.beersLawScreen.view.solutionControls.concentrationControl.slider.thumb.dragHandler",
  "componentType": "TTandemDragHandler",
  "event": "dragStarted",
  "time": 1631268149396,
  "parameters": {
    "x": 964,
    "y": 598
  }
}
{
  "messageIndex": 10,
  "eventType": "user",
  "phetioID": "beersLawLab.beersLawScreen.view.solutionControls.concentrationControl.slider.thumb.dragHandler",
  "componentType": "TTandemDragHandler",
  "event": "dragged",
  "time": 1631268149533,
  "parameters": {
    "x": 965,
    "y": 599
  }
}
{
  "messageIndex": 11,
  "eventType": "user",
  "phetioID": "beersLawLab.beersLawScreen.view.solutionControls.concentrationControl.slider.thumb.dragHandler",
  "componentType": "TTandemDragHandler",
  "event": "dragged",
  "time": 1631268149548,
  "parameters": {
    "x": 968,
    "y": 600
  },
  "children": [
    {
      "messageIndex": 12,
      "eventType": "model",
      "phetioID": "beersLawLab.beersLawScreen.solutions.drinkMix.concentrationProperty",
      "componentType": "TProperty",
      "event": "changed",
      "time": 1631268149548,
      "parameters": {
        "oldValue": 0.1,
        "newValue": 0.11
      }
    }
  ]
}
{
  "messageIndex": 13,
  "eventType": "user",
  "phetioID": "beersLawLab.beersLawScreen.view.solutionControls.concentrationControl.slider.thumb.dragHandler",
  "componentType": "TTandemDragHandler",
  "event": "dragged",
  "time": 1631268149565,
  "parameters": {
    "x": 971,
    "y": 603
  },
  "children": [
    {
      "messageIndex": 14,
      "eventType": "model",
      "phetioID": "beersLawLab.beersLawScreen.solutions.drinkMix.concentrationProperty",
      "componentType": "TProperty",
      "event": "changed",
      "time": 1631268149565,
      "parameters": {
        "oldValue": 0.11,
        "newValue": 0.115
      }
    }
  ]
}
{
  "messageIndex": 15,
  "eventType": "user",
  "phetioID": "beersLawLab.beersLawScreen.view.solutionControls.concentrationControl.slider.thumb.dragHandler",
  "componentType": "TTandemDragHandler",
  "event": "dragged",
  "time": 1631268149581,
  "parameters": {
    "x": 976,
    "y": 604
  },
  "children": [
    {
      "messageIndex": 16,
      "eventType": "model",
      "phetioID": "beersLawLab.beersLawScreen.solutions.drinkMix.concentrationProperty",
      "componentType": "TProperty",
      "event": "changed",
      "time": 1631268149581,
      "parameters": {
        "oldValue": 0.115,
        "newValue": 0.125
      }
    }
  ]
}
{
  "messageIndex": 17,
  "eventType": "user",
  "phetioID": "beersLawLab.beersLawScreen.view.solutionControls.concentrationControl.slider.thumb.dragHandler",
  "componentType": "TTandemDragHandler",
  "event": "dragged",
  "time": 1631268149598,
  "parameters": {
    "x": 980,
    "y": 605
  },
  "children": [
    {
      "messageIndex": 18,
      "eventType": "model",
      "phetioID": "beersLawLab.beersLawScreen.solutions.drinkMix.concentrationProperty",
      "componentType": "TProperty",
      "event": "changed",
      "time": 1631268149598,
      "parameters": {
        "oldValue": 0.125,
        "newValue": 0.135
      }
    }
  ]
}
{
  "messageIndex": 19,
  "eventType": "user",
  "phetioID": "beersLawLab.beersLawScreen.view.solutionControls.concentrationControl.slider.thumb.dragHandler",
  "componentType": "TTandemDragHandler",
  "event": "dragged",
  "time": 1631268149615,
  "parameters": {
    "x": 984,
    "y": 606
  },
  "children": [
    {
      "messageIndex": 20,
      "eventType": "model",
      "phetioID": "beersLawLab.beersLawScreen.solutions.drinkMix.concentrationProperty",
      "componentType": "TProperty",
      "event": "changed",
      "time": 1631268149616,
      "parameters": {
        "oldValue": 0.135,
        "newValue": 0.145
      }
    }
  ]
}
{
  "messageIndex": 21,
  "eventType": "user",
  "phetioID": "beersLawLab.beersLawScreen.view.solutionControls.concentrationControl.slider.thumb.dragHandler",
  "componentType": "TTandemDragHandler",
  "event": "dragged",
  "time": 1631268149632,
  "parameters": {
    "x": 986,
    "y": 606
  }
}
{
  "messageIndex": 22,
  "eventType": "user",
  "phetioID": "beersLawLab.beersLawScreen.view.solutionControls.concentrationControl.slider.thumb.dragHandler",
  "componentType": "TTandemDragHandler",
  "event": "dragged",
  "time": 1631268149649,
  "parameters": {
    "x": 989,
    "y": 606
  },
  "children": [
    {
      "messageIndex": 23,
      "eventType": "model",
      "phetioID": "beersLawLab.beersLawScreen.solutions.drinkMix.concentrationProperty",
      "componentType": "TProperty",
      "event": "changed",
      "time": 1631268149649,
      "parameters": {
        "oldValue": 0.145,
        "newValue": 0.155
      }
    }
  ]
}
{
  "messageIndex": 24,
  "eventType": "user",
  "phetioID": "beersLawLab.beersLawScreen.view.solutionControls.concentrationControl.slider.thumb.dragHandler",
  "componentType": "TTandemDragHandler",
  "event": "dragged",
  "time": 1631268149665,
  "parameters": {
    "x": 991,
    "y": 606
  },
  "children": [
    {
      "messageIndex": 25,
      "eventType": "model",
      "phetioID": "beersLawLab.beersLawScreen.solutions.drinkMix.concentrationProperty",
      "componentType": "TProperty",
      "event": "changed",
      "time": 1631268149665,
      "parameters": {
        "oldValue": 0.155,
        "newValue": 0.16
      }
    }
  ]
}
{
  "messageIndex": 26,
  "eventType": "user",
  "phetioID": "beersLawLab.beersLawScreen.view.solutionControls.concentrationControl.slider.thumb.dragHandler",
  "componentType": "TTandemDragHandler",
  "event": "dragged",
  "time": 1631268149682,
  "parameters": {
    "x": 993,
    "y": 607
  }
}
{
  "messageIndex": 27,
  "eventType": "user",
  "phetioID": "beersLawLab.beersLawScreen.view.solutionControls.concentrationControl.slider.thumb.dragHandler",
  "componentType": "TTandemDragHandler",
  "event": "dragged",
  "time": 1631268149699,
  "parameters": {
    "x": 996,
    "y": 607
  },
  "children": [
    {
      "messageIndex": 28,
      "eventType": "model",
      "phetioID": "beersLawLab.beersLawScreen.solutions.drinkMix.concentrationProperty",
      "componentType": "TProperty",
      "event": "changed",
      "time": 1631268149699,
      "parameters": {
        "oldValue": 0.16,
        "newValue": 0.17
      }
    }
  ]
}
{
  "messageIndex": 29,
  "eventType": "user",
  "phetioID": "beersLawLab.beersLawScreen.view.solutionControls.concentrationControl.slider.thumb.dragHandler",
  "componentType": "TTandemDragHandler",
  "event": "dragged",
  "time": 1631268149715,
  "parameters": {
    "x": 998,
    "y": 608
  },
  "children": [
    {
      "messageIndex": 30,
      "eventType": "model",
      "phetioID": "beersLawLab.beersLawScreen.solutions.drinkMix.concentrationProperty",
      "componentType": "TProperty",
      "event": "changed",
      "time": 1631268149715,
      "parameters": {
        "oldValue": 0.17,
        "newValue": 0.175
      }
    }
  ]
}
{
  "messageIndex": 32,
  "eventType": "user",
  "phetioID": "beersLawLab.beersLawScreen.view.solutionControls.concentrationControl.slider.thumb.dragHandler",
  "componentType": "TTandemDragHandler",
  "event": "dragged",
  "time": 1631268149748,
  "parameters": {
    "x": 1002,
    "y": 609
  },
  "children": [
    {
      "messageIndex": 33,
      "eventType": "model",
      "phetioID": "beersLawLab.beersLawScreen.solutions.drinkMix.concentrationProperty",
      "componentType": "TProperty",
      "event": "changed",
      "time": 1631268149748,
      "parameters": {
        "oldValue": 0.175,
        "newValue": 0.18
      }
    }
  ]
}
{
  "messageIndex": 31,
  "eventType": "user",
  "phetioID": "beersLawLab.beersLawScreen.view.solutionControls.concentrationControl.slider.thumb.dragHandler",
  "componentType": "TTandemDragHandler",
  "event": "dragged",
  "time": 1631268149731,
  "parameters": {
    "x": 1000,
    "y": 608
  }
}
{
  "messageIndex": 34,
  "eventType": "user",
  "phetioID": "beersLawLab.beersLawScreen.view.solutionControls.concentrationControl.slider.thumb.dragHandler",
  "componentType": "TTandemDragHandler",
  "event": "dragged",
  "time": 1631268149764,
  "parameters": {
    "x": 1003,
    "y": 609
  },
  "children": [
    {
      "messageIndex": 35,
      "eventType": "model",
      "phetioID": "beersLawLab.beersLawScreen.solutions.drinkMix.concentrationProperty",
      "componentType": "TProperty",
      "event": "changed",
      "time": 1631268149764,
      "parameters": {
        "oldValue": 0.18,
        "newValue": 0.185
      }
    }
  ]
}
{
  "messageIndex": 36,
  "eventType": "user",
  "phetioID": "beersLawLab.beersLawScreen.view.solutionControls.concentrationControl.slider.thumb.dragHandler",
  "componentType": "TTandemDragHandler",
  "event": "dragged",
  "time": 1631268149781,
  "parameters": {
    "x": 1004,
    "y": 609
  }
}
{
  "messageIndex": 41,
  "eventType": "user",
  "phetioID": "beersLawLab.beersLawScreen.view.solutionControls.concentrationControl.slider.thumb.dragHandler",
  "componentType": "TTandemDragHandler",
  "event": "dragged",
  "time": 1631268149830,
  "parameters": {
    "x": 1011,
    "y": 610
  },
  "children": [
    {
      "messageIndex": 42,
      "eventType": "model",
      "phetioID": "beersLawLab.beersLawScreen.solutions.drinkMix.concentrationProperty",
      "componentType": "TProperty",
      "event": "changed",
      "time": 1631268149830,
      "parameters": {
        "oldValue": 0.195,
        "newValue": 0.2
      }
    }
  ]
}
{
  "messageIndex": 37,
  "eventType": "user",
  "phetioID": "beersLawLab.beersLawScreen.view.solutionControls.concentrationControl.slider.thumb.dragHandler",
  "componentType": "TTandemDragHandler",
  "event": "dragged",
  "time": 1631268149797,
  "parameters": {
    "x": 1006,
    "y": 609
  },
  "children": [
    {
      "messageIndex": 38,
      "eventType": "model",
      "phetioID": "beersLawLab.beersLawScreen.solutions.drinkMix.concentrationProperty",
      "componentType": "TProperty",
      "event": "changed",
      "time": 1631268149797,
      "parameters": {
        "oldValue": 0.185,
        "newValue": 0.19
      }
    }
  ]
}
{
  "messageIndex": 45,
  "eventType": "user",
  "phetioID": "beersLawLab.beersLawScreen.view.solutionControls.concentrationControl.slider.thumb.dragHandler",
  "componentType": "TTandemDragHandler",
  "event": "dragged",
  "time": 1631268149864,
  "parameters": {
    "x": 1014,
    "y": 611
  }
}
{
  "messageIndex": 43,
  "eventType": "user",
  "phetioID": "beersLawLab.beersLawScreen.view.solutionControls.concentrationControl.slider.thumb.dragHandler",
  "componentType": "TTandemDragHandler",
  "event": "dragged",
  "time": 1631268149848,
  "parameters": {
    "x": 1013,
    "y": 611
  },
  "children": [
    {
      "messageIndex": 44,
      "eventType": "model",
      "phetioID": "beersLawLab.beersLawScreen.solutions.drinkMix.concentrationProperty",
      "componentType": "TProperty",
      "event": "changed",
      "time": 1631268149848,
      "parameters": {
        "oldValue": 0.2,
        "newValue": 0.205
      }
    }
  ]
}
{
  "messageIndex": 39,
  "eventType": "user",
  "phetioID": "beersLawLab.beersLawScreen.view.solutionControls.concentrationControl.slider.thumb.dragHandler",
  "componentType": "TTandemDragHandler",
  "event": "dragged",
  "time": 1631268149814,
  "parameters": {
    "x": 1008,
    "y": 610
  },
  "children": [
    {
      "messageIndex": 40,
      "eventType": "model",
      "phetioID": "beersLawLab.beersLawScreen.solutions.drinkMix.concentrationProperty",
      "componentType": "TProperty",
      "event": "changed",
      "time": 1631268149814,
      "parameters": {
        "oldValue": 0.19,
        "newValue": 0.195
      }
    }
  ]
}
{
  "messageIndex": 46,
  "eventType": "user",
  "phetioID": "beersLawLab.beersLawScreen.view.solutionControls.concentrationControl.slider.thumb.dragHandler",
  "componentType": "TTandemDragHandler",
  "event": "dragged",
  "time": 1631268150114,
  "parameters": {
    "x": 1015,
    "y": 611
  },
  "children": [
    {
      "messageIndex": 47,
      "eventType": "model",
      "phetioID": "beersLawLab.beersLawScreen.solutions.drinkMix.concentrationProperty",
      "componentType": "TProperty",
      "event": "changed",
      "time": 1631268150114,
      "parameters": {
        "oldValue": 0.205,
        "newValue": 0.21
      }
    }
  ]
}
{
  "messageIndex": 48,
  "eventType": "user",
  "phetioID": "beersLawLab.beersLawScreen.view.solutionControls.concentrationControl.slider.thumb.dragHandler",
  "componentType": "TTandemDragHandler",
  "event": "dragged",
  "time": 1631268150130,
  "parameters": {
    "x": 1018,
    "y": 611
  },
  "children": [
    {
      "messageIndex": 49,
      "eventType": "model",
      "phetioID": "beersLawLab.beersLawScreen.solutions.drinkMix.concentrationProperty",
      "componentType": "TProperty",
      "event": "changed",
      "time": 1631268150130,
      "parameters": {
        "oldValue": 0.21,
        "newValue": 0.215
      }
    }
  ]
}
{
  "messageIndex": 50,
  "eventType": "user",
  "phetioID": "beersLawLab.beersLawScreen.view.solutionControls.concentrationControl.slider.thumb.dragHandler",
  "componentType": "TTandemDragHandler",
  "event": "dragged",
  "time": 1631268150146,
  "parameters": {
    "x": 1019,
    "y": 611
  },
  "children": [
    {
      "messageIndex": 51,
      "eventType": "model",
      "phetioID": "beersLawLab.beersLawScreen.solutions.drinkMix.concentrationProperty",
      "componentType": "TProperty",
      "event": "changed",
      "time": 1631268150146,
      "parameters": {
        "oldValue": 0.215,
        "newValue": 0.22
      }
    }
  ]
}
{
  "messageIndex": 52,
  "eventType": "user",
  "phetioID": "beersLawLab.beersLawScreen.view.solutionControls.concentrationControl.slider.thumb.dragHandler",
  "componentType": "TTandemDragHandler",
  "event": "dragged",
  "time": 1631268150180,
  "parameters": {
    "x": 1020,
    "y": 611
  }
}
{
  "messageIndex": 53,
  "eventType": "user",
  "phetioID": "beersLawLab.beersLawScreen.view.solutionControls.concentrationControl.slider.thumb.dragHandler",
  "componentType": "TTandemDragHandler",
  "event": "dragged",
  "time": 1631268150280,
  "parameters": {
    "x": 1021,
    "y": 611
  }
}
{
  "messageIndex": 54,
  "eventType": "user",
  "phetioID": "beersLawLab.beersLawScreen.view.solutionControls.concentrationControl.slider.thumb.dragHandler",
  "componentType": "TTandemDragHandler",
  "event": "dragged",
  "time": 1631268150297,
  "parameters": {
    "x": 1022,
    "y": 611
  },
  "children": [
    {
      "messageIndex": 55,
      "eventType": "model",
      "phetioID": "beersLawLab.beersLawScreen.solutions.drinkMix.concentrationProperty",
      "componentType": "TProperty",
      "event": "changed",
      "time": 1631268150297,
      "parameters": {
        "oldValue": 0.22,
        "newValue": 0.225
      }
    }
  ]
}
{
  "messageIndex": 56,
  "eventType": "user",
  "phetioID": "beersLawLab.beersLawScreen.view.solutionControls.concentrationControl.slider.thumb.dragHandler",
  "componentType": "TTandemDragHandler",
  "event": "dragEnded",
  "time": 1631268150409
}
{
  "messageIndex": null,
  "eventType": "user",
  "phetioID": "beersLawLab.wrapper",
  "componentType": "WrapperButton",
  "event": "showPDF",
  "time": 1631268152362,
  "parameters": null
}
{
  "messageIndex": null,
  "eventType": "user",
  "phetioID": "beersLawLab.wrapper",
  "componentType": "WrapperButton",
  "event": "hidePDF",
  "time": 1631268157778,
  "parameters": null
}
