{
  "messageIndex": 0,
  "eventType": "wrapper",
  "phetioID": "beersLawLab.simIFrameAPI",
  "componentType": "TSimIFrameAPI",
  "event": "invoked",
  "time": 1619419115179,
  "parameters": {
    "phetioID": "phetio",
    "method": "addExpressions",
    "args": [
      []
    ],
    "messageID": 2,
    "protocol": "phet-io-0.0.1"
  }
}
{
  "messageIndex": 1,
  "eventType": "wrapper",
  "phetioID": "beersLawLab.simIFrameAPI",
  "componentType": "TSimIFrameAPI",
  "event": "invoked",
  "time": 1619419115183,
  "parameters": {
    "phetioID": "phetio",
    "method": "launchSimulation",
    "args": [],
    "messageID": 3,
    "protocol": "phet-io-0.0.1"
  }
}
{
  "messageIndex": 2,
  "eventType": "model",
  "phetioID": "beersLawLab.sim",
  "componentType": "TSim",
  "event": "simStarted",
  "time": 1619419115191,
  "parameters": {
    "sessionID": null,
    "simName": "‪Beer's Law Lab‬",
    "simVersion": "1.6.15-phetio",
    "url": "https://phet-io.colorado.edu/sims/beers-law-lab/1.6.15-phetio/beers-law-lab_en-phetio.html?production&phetioEmitStates=false&phetioEmitInputEvents=false",
    "userAgent": "Mozilla/5.0 (Windows NT 10.0; Win64; x64; rv:88.0) Gecko/20100101 Firefox/88.0",
    "randomSeed": 0.23083181429261013,
    "provider": "PhET Interactive Simulations, University of Colorado Boulder"
  },
  "children": [
    {
      "messageIndex": 3,
      "eventType": "model",
      "phetioID": "beersLawLab.concentrationScreen.view.concentrationMeterNode.bodyNode.readoutTextNode",
      "componentType": "TTandemText",
      "event": "textChanged",
      "time": 1619419115306,
      "parameters": {
        "oldText": "‪1.000 ‪mol/L‬‬",
        "newText": "-"
      }
    },
    {
      "messageIndex": 4,
      "eventType": "model",
      "phetioID": "beersLawLab.beersLawScreen.view.detectorNode.bodyNode.valueNode",
      "componentType": "TTandemText",
      "event": "textChanged",
      "time": 1619419115365,
      "parameters": {
        "oldText": "‪100.00%‬",
        "newText": "-"
      }
    }
  ]
}
{
  "messageIndex": 5,
  "eventType": "user",
  "phetioID": "beersLawLab.homeScreen.view.beersLawScreenSmallButton",
  "componentType": "TScreenButton",
  "event": "fired",
  "time": 1619419116298,
  "children": [
    {
      "messageIndex": 6,
      "eventType": "model",
      "phetioID": "beersLawLab.sim.screenIndexProperty",
      "componentType": "TProperty",
      "event": "changed",
      "time": 1619419116298,
      "parameters": {
        "oldValue": 0,
        "newValue": 1
      }
    }
  ]
}
{
  "messageIndex": 7,
  "eventType": "user",
  "phetioID": "beersLawLab.homeScreen.view.beersLawScreenLargeButton",
  "componentType": "TScreenButton",
  "event": "fired",
  "time": 1619419117879,
  "children": [
    {
      "messageIndex": 8,
      "eventType": "model",
      "phetioID": "beersLawLab.sim.showHomeScreenProperty",
      "componentType": "TProperty",
      "event": "changed",
      "time": 1619419117879,
      "parameters": {
        "oldValue": true,
        "newValue": false
      }
    }
  ]
}
{
  "messageIndex": 9,
  "eventType": "user",
  "phetioID": "beersLawLab.beersLawScreen.view.detectorNode.probeNode.movableDragHandler",
  "componentType": "TTandemDragHandler",
  "event": "dragStarted",
  "time": 1619419118743,
  "parameters": {
    "x": 977,
    "y": 284
  }
}
{
  "messageIndex": 10,
  "eventType": "user",
  "phetioID": "beersLawLab.beersLawScreen.view.detectorNode.probeNode.movableDragHandler",
  "componentType": "TTandemDragHandler",
  "event": "dragged",
  "time": 1619419118966,
  "parameters": {
    "x": 953,
    "y": 291
  },
  "children": [
    {
      "messageIndex": 11,
      "eventType": "model",
      "phetioID": "beersLawLab.beersLawScreen.model.detector.probe.locationProperty",
      "componentType": "TProperty",
      "event": "changed",
      "time": 1619419118966,
      "parameters": {
        "oldValue": {
          "x": 6.3,
          "y": 2
        },
        "newValue": {
          "x": 6.080471869328494,
          "y": 2.064029038112523
        }
      }
    }
  ]
}
{
  "messageIndex": 12,
  "eventType": "user",
  "phetioID": "beersLawLab.beersLawScreen.view.detectorNode.probeNode.movableDragHandler",
  "componentType": "TTandemDragHandler",
  "event": "dragged",
  "time": 1619419118981,
  "parameters": {
    "x": 926,
    "y": 301
  },
  "children": [
    {
      "messageIndex": 13,
      "eventType": "model",
      "phetioID": "beersLawLab.beersLawScreen.model.detector.probe.locationProperty",
      "componentType": "TProperty",
      "event": "changed",
      "time": 1619419118981,
      "parameters": {
        "oldValue": {
          "x": 6.080471869328494,
          "y": 2.064029038112523
        },
        "newValue": {
          "x": 5.833502722323049,
          "y": 2.155499092558984
        }
      }
    }
  ]
}
{
  "messageIndex": 14,
  "eventType": "user",
  "phetioID": "beersLawLab.beersLawScreen.view.detectorNode.probeNode.movableDragHandler",
  "componentType": "TTandemDragHandler",
  "event": "dragged",
  "time": 1619419118999,
  "parameters": {
    "x": 878,
    "y": 317
  },
  "children": [
    {
      "messageIndex": 15,
      "eventType": "model",
      "phetioID": "beersLawLab.beersLawScreen.model.detector.probe.locationProperty",
      "componentType": "TProperty",
      "event": "changed",
      "time": 1619419118999,
      "parameters": {
        "oldValue": {
          "x": 5.833502722323049,
          "y": 2.155499092558984
        },
        "newValue": {
          "x": 5.394446460980037,
          "y": 2.3018511796733216
        }
      }
    }
  ]
}
{
  "messageIndex": 16,
  "eventType": "user",
  "phetioID": "beersLawLab.beersLawScreen.view.detectorNode.probeNode.movableDragHandler",
  "componentType": "TTandemDragHandler",
  "event": "dragged",
  "time": 1619419119015,
  "parameters": {
    "x": 850,
    "y": 325
  },
  "children": [
    {
      "messageIndex": 17,
      "eventType": "model",
      "phetioID": "beersLawLab.beersLawScreen.model.detector.probe.locationProperty",
      "componentType": "TProperty",
      "event": "changed",
      "time": 1619419119015,
      "parameters": {
        "oldValue": {
          "x": 5.394446460980037,
          "y": 2.3018511796733216
        },
        "newValue": {
          "x": 5.138330308529945,
          "y": 2.3750272232304903
        }
      }
    }
  ]
}
{
  "messageIndex": 18,
  "eventType": "user",
  "phetioID": "beersLawLab.beersLawScreen.view.detectorNode.probeNode.movableDragHandler",
  "componentType": "TTandemDragHandler",
  "event": "dragged",
  "time": 1619419119032,
  "parameters": {
    "x": 826,
    "y": 335
  },
  "children": [
    {
      "messageIndex": 19,
      "eventType": "model",
      "phetioID": "beersLawLab.beersLawScreen.model.detector.probe.locationProperty",
      "componentType": "TProperty",
      "event": "changed",
      "time": 1619419119032,
      "parameters": {
        "oldValue": {
          "x": 5.138330308529945,
          "y": 2.3750272232304903
        },
        "newValue": {
          "x": 4.9188021778584385,
          "y": 2.466497277676951
        }
      }
    }
  ]
}
{
  "messageIndex": 20,
  "eventType": "user",
  "phetioID": "beersLawLab.beersLawScreen.view.detectorNode.probeNode.movableDragHandler",
  "componentType": "TTandemDragHandler",
  "event": "dragged",
  "time": 1619419119049,
  "parameters": {
    "x": 801,
    "y": 342
  },
  "children": [
    {
      "messageIndex": 21,
      "eventType": "model",
      "phetioID": "beersLawLab.beersLawScreen.model.detector.probe.locationProperty",
      "componentType": "TProperty",
      "event": "changed",
      "time": 1619419119049,
      "parameters": {
        "oldValue": {
          "x": 4.9188021778584385,
          "y": 2.466497277676951
        },
        "newValue": {
          "x": 4.6901270417422865,
          "y": 2.5305263157894737
        }
      }
    }
  ]
}
{
  "messageIndex": 22,
  "eventType": "user",
  "phetioID": "beersLawLab.beersLawScreen.view.detectorNode.probeNode.movableDragHandler",
  "componentType": "TTandemDragHandler",
  "event": "dragged",
  "time": 1619419119065,
  "parameters": {
    "x": 791,
    "y": 344
  },
  "children": [
    {
      "messageIndex": 23,
      "eventType": "model",
      "phetioID": "beersLawLab.beersLawScreen.model.detector.probe.locationProperty",
      "componentType": "TProperty",
      "event": "changed",
      "time": 1619419119065,
      "parameters": {
        "oldValue": {
          "x": 4.6901270417422865,
          "y": 2.5305263157894737
        },
        "newValue": {
          "x": 4.598656987295826,
          "y": 2.548820326678766
        }
      }
    }
  ]
}
{
  "messageIndex": 24,
  "eventType": "user",
  "phetioID": "beersLawLab.beersLawScreen.view.detectorNode.probeNode.movableDragHandler",
  "componentType": "TTandemDragHandler",
  "event": "dragged",
  "time": 1619419119082,
  "parameters": {
    "x": 787,
    "y": 347
  },
  "children": [
    {
      "messageIndex": 25,
      "eventType": "model",
      "phetioID": "beersLawLab.beersLawScreen.model.detector.probe.locationProperty",
      "componentType": "TProperty",
      "event": "changed",
      "time": 1619419119082,
      "parameters": {
        "oldValue": {
          "x": 4.598656987295826,
          "y": 2.548820326678766
        },
        "newValue": {
          "x": 4.562068965517241,
          "y": 2.5762613430127046
        }
      }
    }
  ]
}
{
  "messageIndex": 26,
  "eventType": "user",
  "phetioID": "beersLawLab.beersLawScreen.view.detectorNode.probeNode.movableDragHandler",
  "componentType": "TTandemDragHandler",
  "event": "dragged",
  "time": 1619419119098,
  "parameters": {
    "x": 785,
    "y": 348
  },
  "children": [
    {
      "messageIndex": 27,
      "eventType": "model",
      "phetioID": "beersLawLab.beersLawScreen.model.detector.probe.locationProperty",
      "componentType": "TProperty",
      "event": "changed",
      "time": 1619419119099,
      "parameters": {
        "oldValue": {
          "x": 4.562068965517241,
          "y": 2.5762613430127046
        },
        "newValue": {
          "x": 4.543774954627949,
          "y": 2.5854083484573502
        }
      }
    }
  ]
}
{
  "messageIndex": 28,
  "eventType": "user",
  "phetioID": "beersLawLab.beersLawScreen.view.detectorNode.probeNode.movableDragHandler",
  "componentType": "TTandemDragHandler",
  "event": "dragged",
  "time": 1619419119115,
  "parameters": {
    "x": 782,
    "y": 350
  },
  "children": [
    {
      "messageIndex": 29,
      "eventType": "model",
      "phetioID": "beersLawLab.beersLawScreen.model.detector.probe.locationProperty",
      "componentType": "TProperty",
      "event": "changed",
      "time": 1619419119115,
      "parameters": {
        "oldValue": {
          "x": 4.543774954627949,
          "y": 2.5854083484573502
        },
        "newValue": {
          "x": 4.51633393829401,
          "y": 2.6037023593466424
        }
      }
    }
  ]
}
{
  "messageIndex": 30,
  "eventType": "user",
  "phetioID": "beersLawLab.beersLawScreen.view.detectorNode.probeNode.movableDragHandler",
  "componentType": "TTandemDragHandler",
  "event": "dragged",
  "time": 1619419119165,
  "parameters": {
    "x": 784,
    "y": 350
  },
  "children": [
    {
      "messageIndex": 31,
      "eventType": "model",
      "phetioID": "beersLawLab.beersLawScreen.model.detector.probe.locationProperty",
      "componentType": "TProperty",
      "event": "changed",
      "time": 1619419119165,
      "parameters": {
        "oldValue": {
          "x": 4.51633393829401,
          "y": 2.6037023593466424
        },
        "newValue": {
          "x": 4.534627949183303,
          "y": 2.6037023593466424
        }
      }
    }
  ]
}
{
  "messageIndex": 32,
  "eventType": "user",
  "phetioID": "beersLawLab.beersLawScreen.view.detectorNode.probeNode.movableDragHandler",
  "componentType": "TTandemDragHandler",
  "event": "dragged",
  "time": 1619419119182,
  "parameters": {
    "x": 786,
    "y": 348
  },
  "children": [
    {
      "messageIndex": 33,
      "eventType": "model",
      "phetioID": "beersLawLab.beersLawScreen.model.detector.probe.locationProperty",
      "componentType": "TProperty",
      "event": "changed",
      "time": 1619419119182,
      "parameters": {
        "oldValue": {
          "x": 4.534627949183303,
          "y": 2.6037023593466424
        },
        "newValue": {
          "x": 4.552921960072594,
          "y": 2.5854083484573502
        }
      }
    }
  ]
}
{
  "messageIndex": 34,
  "eventType": "user",
  "phetioID": "beersLawLab.beersLawScreen.view.detectorNode.probeNode.movableDragHandler",
  "componentType": "TTandemDragHandler",
  "event": "dragEnded",
  "time": 1619419119188
}
{
  "messageIndex": 35,
  "eventType": "user",
  "phetioID": "beersLawLab.beersLawScreen.view.cuvetteNode.cuvetteDragHandler",
  "componentType": "TTandemDragHandler",
  "event": "dragStarted",
  "time": 1619419119759,
  "parameters": {
    "x": 760,
    "y": 356
  }
}
{
  "messageIndex": 36,
  "eventType": "user",
  "phetioID": "beersLawLab.beersLawScreen.view.cuvetteNode.cuvetteDragHandler",
  "componentType": "TTandemDragHandler",
  "event": "dragged",
  "time": 1619419119916,
  "parameters": {
    "x": 766,
    "y": 356
  },
  "children": [
    {
      "messageIndex": 37,
      "eventType": "model",
      "phetioID": "beersLawLab.beersLawScreen.model.cuvette.widthProperty",
      "componentType": "TProperty",
      "event": "changed",
      "time": 1619419119916,
      "parameters": {
        "oldValue": 1,
        "newValue": 1.048
      }
    }
  ]
}
{
  "messageIndex": 38,
  "eventType": "user",
  "phetioID": "beersLawLab.beersLawScreen.view.cuvetteNode.cuvetteDragHandler",
  "componentType": "TTandemDragHandler",
  "event": "dragged",
  "time": 1619419119933,
  "parameters": {
    "x": 792,
    "y": 356
  },
  "children": [
    {
      "messageIndex": 39,
      "eventType": "model",
      "phetioID": "beersLawLab.beersLawScreen.model.cuvette.widthProperty",
      "componentType": "TProperty",
      "event": "changed",
      "time": 1619419119933,
      "parameters": {
        "oldValue": 1.048,
        "newValue": 1.256
      }
    }
  ]
}
{
  "messageIndex": 40,
  "eventType": "user",
  "phetioID": "beersLawLab.beersLawScreen.view.cuvetteNode.cuvetteDragHandler",
  "componentType": "TTandemDragHandler",
  "event": "dragged",
  "time": 1619419119949,
  "parameters": {
    "x": 832,
    "y": 357
  },
  "children": [
    {
      "messageIndex": 41,
      "eventType": "model",
      "phetioID": "beersLawLab.beersLawScreen.model.cuvette.widthProperty",
      "componentType": "TProperty",
      "event": "changed",
      "time": 1619419119949,
      "parameters": {
        "oldValue": 1.256,
        "newValue": 1.576
      }
    }
  ]
}
{
  "messageIndex": 42,
  "eventType": "user",
  "phetioID": "beersLawLab.beersLawScreen.view.cuvetteNode.cuvetteDragHandler",
  "componentType": "TTandemDragHandler",
  "event": "dragged",
  "time": 1619419119966,
  "parameters": {
    "x": 864,
    "y": 360
  },
  "children": [
    {
      "messageIndex": 43,
      "eventType": "model",
      "phetioID": "beersLawLab.beersLawScreen.model.cuvette.widthProperty",
      "componentType": "TProperty",
      "event": "changed",
      "time": 1619419119966,
      "parameters": {
        "oldValue": 1.576,
        "newValue": 1.832
      }
    }
  ]
}
{
  "messageIndex": 44,
  "eventType": "user",
  "phetioID": "beersLawLab.beersLawScreen.view.cuvetteNode.cuvetteDragHandler",
  "componentType": "TTandemDragHandler",
  "event": "dragged",
  "time": 1619419119982,
  "parameters": {
    "x": 895,
    "y": 363
  },
  "children": [
    {
      "messageIndex": 45,
      "eventType": "model",
      "phetioID": "beersLawLab.beersLawScreen.model.cuvette.widthProperty",
      "componentType": "TProperty",
      "event": "changed",
      "time": 1619419119982,
      "parameters": {
        "oldValue": 1.832,
        "newValue": 2
      }
    }
  ]
}
{
  "messageIndex": 46,
  "eventType": "user",
  "phetioID": "beersLawLab.beersLawScreen.view.cuvetteNode.cuvetteDragHandler",
  "componentType": "TTandemDragHandler",
  "event": "dragged",
  "time": 1619419119999,
  "parameters": {
    "x": 927,
    "y": 368
  }
}
{
  "messageIndex": 47,
  "eventType": "user",
  "phetioID": "beersLawLab.beersLawScreen.view.cuvetteNode.cuvetteDragHandler",
  "componentType": "TTandemDragHandler",
  "event": "dragged",
  "time": 1619419120016,
  "parameters": {
    "x": 946,
    "y": 368
  }
}
{
  "messageIndex": 48,
  "eventType": "user",
  "phetioID": "beersLawLab.beersLawScreen.view.cuvetteNode.cuvetteDragHandler",
  "componentType": "TTandemDragHandler",
  "event": "dragged",
  "time": 1619419120032,
  "parameters": {
    "x": 957,
    "y": 368
  }
}
{
  "messageIndex": 49,
  "eventType": "user",
  "phetioID": "beersLawLab.beersLawScreen.view.cuvetteNode.cuvetteDragHandler",
  "componentType": "TTandemDragHandler",
  "event": "dragEnded",
  "time": 1619419120046
}
{
  "messageIndex": 50,
  "eventType": "user",
  "phetioID": "beersLawLab.beersLawScreen.view.lightNode.button",
  "componentType": "TToggleButton",
  "event": "toggled",
  "time": 1619419124154,
  "parameters": {
    "oldValue": false,
    "newValue": true
  },
  "children": [
    {
      "messageIndex": 51,
      "eventType": "model",
      "phetioID": "beersLawLab.beersLawScreen.model.light.onProperty",
      "componentType": "TProperty",
      "event": "changed",
      "time": 1619419124154,
      "parameters": {
        "oldValue": false,
        "newValue": true
      }
    }
  ]
}
{
  "messageIndex": 52,
  "eventType": "user",
  "phetioID": "beersLawLab.beersLawScreen.view.detectorNode.probeNode.movableDragHandler",
  "componentType": "TTandemDragHandler",
  "event": "dragStarted",
  "time": 1619419125690,
  "parameters": {
    "x": 785,
    "y": 350
  }
}
{
  "messageIndex": 53,
  "eventType": "user",
  "phetioID": "beersLawLab.beersLawScreen.view.detectorNode.probeNode.movableDragHandler",
  "componentType": "TTandemDragHandler",
  "event": "dragged",
  "time": 1619419125906,
  "parameters": {
    "x": 792,
    "y": 347
  },
  "children": [
    {
      "messageIndex": 54,
      "eventType": "model",
      "phetioID": "beersLawLab.beersLawScreen.model.detector.probe.locationProperty",
      "componentType": "TProperty",
      "event": "changed",
      "time": 1619419125906,
      "parameters": {
        "oldValue": {
          "x": 4.552921960072594,
          "y": 2.5854083484573502
        },
        "newValue": {
          "x": 4.616950998185117,
          "y": 2.5579673321234124
        }
      }
    }
  ]
}
{
  "messageIndex": 55,
  "eventType": "user",
  "phetioID": "beersLawLab.beersLawScreen.view.detectorNode.probeNode.movableDragHandler",
  "componentType": "TTandemDragHandler",
  "event": "dragged",
  "time": 1619419125922,
  "parameters": {
    "x": 828,
    "y": 338
  },
  "children": [
    {
      "messageIndex": 56,
      "eventType": "model",
      "phetioID": "beersLawLab.beersLawScreen.model.detector.probe.locationProperty",
      "componentType": "TProperty",
      "event": "changed",
      "time": 1619419125923,
      "parameters": {
        "oldValue": {
          "x": 4.616950998185117,
          "y": 2.5579673321234124
        },
        "newValue": {
          "x": 4.946243194192377,
          "y": 2.4756442831215972
        }
      }
    }
  ]
}
{
  "messageIndex": 59,
  "eventType": "user",
  "phetioID": "beersLawLab.beersLawScreen.view.detectorNode.probeNode.movableDragHandler",
  "componentType": "TTandemDragHandler",
  "event": "dragged",
  "time": 1619419125957,
  "parameters": {
    "x": 868,
    "y": 326
  },
  "children": [
    {
      "messageIndex": 60,
      "eventType": "model",
      "phetioID": "beersLawLab.beersLawScreen.model.detector.probe.locationProperty",
      "componentType": "TProperty",
      "event": "changed",
      "time": 1619419125957,
      "parameters": {
        "oldValue": {
          "x": 5.138330308529945,
          "y": 2.4207622504537207
        },
        "newValue": {
          "x": 5.31212341197822,
          "y": 2.365880217785844
        }
      }
    }
  ]
}
{
  "messageIndex": 57,
  "eventType": "user",
  "phetioID": "beersLawLab.beersLawScreen.view.detectorNode.probeNode.movableDragHandler",
  "componentType": "TTandemDragHandler",
  "event": "dragged",
  "time": 1619419125939,
  "parameters": {
    "x": 849,
    "y": 332
  },
  "children": [
    {
      "messageIndex": 58,
      "eventType": "model",
      "phetioID": "beersLawLab.beersLawScreen.model.detector.probe.locationProperty",
      "componentType": "TProperty",
      "event": "changed",
      "time": 1619419125940,
      "parameters": {
        "oldValue": {
          "x": 4.946243194192377,
          "y": 2.4756442831215972
        },
        "newValue": {
          "x": 5.138330308529945,
          "y": 2.4207622504537207
        }
      }
    }
  ]
}
{
  "messageIndex": 61,
  "eventType": "user",
  "phetioID": "beersLawLab.beersLawScreen.view.detectorNode.probeNode.movableDragHandler",
  "componentType": "TTandemDragHandler",
  "event": "dragged",
  "time": 1619419125972,
  "parameters": {
    "x": 892,
    "y": 316
  },
  "children": [
    {
      "messageIndex": 62,
      "eventType": "model",
      "phetioID": "beersLawLab.beersLawScreen.model.detector.probe.locationProperty",
      "componentType": "TProperty",
      "event": "changed",
      "time": 1619419125972,
      "parameters": {
        "oldValue": {
          "x": 5.31212341197822,
          "y": 2.365880217785844
        },
        "newValue": {
          "x": 5.531651542649727,
          "y": 2.274410163339383
        }
      }
    }
  ]
}
{
  "messageIndex": 63,
  "eventType": "user",
  "phetioID": "beersLawLab.beersLawScreen.view.detectorNode.probeNode.movableDragHandler",
  "componentType": "TTandemDragHandler",
  "event": "dragged",
  "time": 1619419125989,
  "parameters": {
    "x": 906,
    "y": 311
  },
  "children": [
    {
      "messageIndex": 64,
      "eventType": "model",
      "phetioID": "beersLawLab.beersLawScreen.model.detector.probe.locationProperty",
      "componentType": "TProperty",
      "event": "changed",
      "time": 1619419125989,
      "parameters": {
        "oldValue": {
          "x": 5.531651542649727,
          "y": 2.274410163339383
        },
        "newValue": {
          "x": 5.659709618874773,
          "y": 2.2286751361161525
        }
      }
    }
  ]
}
{
  "messageIndex": 65,
  "eventType": "user",
  "phetioID": "beersLawLab.beersLawScreen.view.detectorNode.probeNode.movableDragHandler",
  "componentType": "TTandemDragHandler",
  "event": "dragged",
  "time": 1619419126006,
  "parameters": {
    "x": 918,
    "y": 304
  },
  "children": [
    {
      "messageIndex": 66,
      "eventType": "model",
      "phetioID": "beersLawLab.beersLawScreen.model.detector.probe.locationProperty",
      "componentType": "TProperty",
      "event": "changed",
      "time": 1619419126006,
      "parameters": {
        "oldValue": {
          "x": 5.659709618874773,
          "y": 2.2286751361161525
        },
        "newValue": {
          "x": 5.769473684210525,
          "y": 2.16464609800363
        }
      }
    }
  ]
}
{
  "messageIndex": 67,
  "eventType": "user",
  "phetioID": "beersLawLab.beersLawScreen.view.detectorNode.probeNode.movableDragHandler",
  "componentType": "TTandemDragHandler",
  "event": "dragged",
  "time": 1619419126023,
  "parameters": {
    "x": 931,
    "y": 300
  },
  "children": [
    {
      "messageIndex": 68,
      "eventType": "model",
      "phetioID": "beersLawLab.beersLawScreen.model.detector.probe.locationProperty",
      "componentType": "TProperty",
      "event": "changed",
      "time": 1619419126023,
      "parameters": {
        "oldValue": {
          "x": 5.769473684210525,
          "y": 2.16464609800363
        },
        "newValue": {
          "x": 5.888384754990924,
          "y": 2.1280580762250456
        }
      }
    }
  ]
}
{
  "messageIndex": 69,
  "eventType": "user",
  "phetioID": "beersLawLab.beersLawScreen.view.detectorNode.probeNode.movableDragHandler",
  "componentType": "TTandemDragHandler",
  "event": "dragged",
  "time": 1619419126039,
  "parameters": {
    "x": 936,
    "y": 297
  },
  "children": [
    {
      "messageIndex": 70,
      "eventType": "model",
      "phetioID": "beersLawLab.beersLawScreen.model.detector.probe.locationProperty",
      "componentType": "TProperty",
      "event": "changed",
      "time": 1619419126039,
      "parameters": {
        "oldValue": {
          "x": 5.888384754990924,
          "y": 2.1280580762250456
        },
        "newValue": {
          "x": 5.934119782214155,
          "y": 2.1006170598911074
        }
      }
    }
  ]
}
{
  "messageIndex": 71,
  "eventType": "user",
  "phetioID": "beersLawLab.beersLawScreen.view.detectorNode.probeNode.movableDragHandler",
  "componentType": "TTandemDragHandler",
  "event": "dragged",
  "time": 1619419126056,
  "parameters": {
    "x": 944,
    "y": 293
  },
  "children": [
    {
      "messageIndex": 72,
      "eventType": "model",
      "phetioID": "beersLawLab.beersLawScreen.model.detector.probe.locationProperty",
      "componentType": "TProperty",
      "event": "changed",
      "time": 1619419126057,
      "parameters": {
        "oldValue": {
          "x": 5.934119782214155,
          "y": 2.1006170598911074
        },
        "newValue": {
          "x": 6.007295825771323,
          "y": 2.064029038112523
        }
      }
    }
  ]
}
{
  "messageIndex": 73,
  "eventType": "user",
  "phetioID": "beersLawLab.beersLawScreen.view.detectorNode.probeNode.movableDragHandler",
  "componentType": "TTandemDragHandler",
  "event": "dragged",
  "time": 1619419126073,
  "parameters": {
    "x": 946,
    "y": 291
  },
  "children": [
    {
      "messageIndex": 74,
      "eventType": "model",
      "phetioID": "beersLawLab.beersLawScreen.model.detector.probe.locationProperty",
      "componentType": "TProperty",
      "event": "changed",
      "time": 1619419126073,
      "parameters": {
        "oldValue": {
          "x": 6.007295825771323,
          "y": 2.064029038112523
        },
        "newValue": {
          "x": 6.025589836660616,
          "y": 2.045735027223231
        }
      },
      "children": [
        {
          "messageIndex": 75,
          "eventType": "model",
          "phetioID": "beersLawLab.beersLawScreen.model.detector.valueProperty",
          "componentType": "TDerivedProperty",
          "event": "changed",
          "time": 1619419126074,
          "parameters": {
            "oldValue": null,
            "newValue": 9.72747223776965
          },
          "children": [
            {
              "messageIndex": 76,
              "eventType": "model",
              "phetioID": "beersLawLab.beersLawScreen.view.detectorNode.bodyNode.valueNode",
              "componentType": "TTandemText",
              "event": "textChanged",
              "time": 1619419126075,
              "parameters": {
                "oldText": "-",
                "newText": "‪9.73%‬"
              }
            }
          ]
        }
      ]
    }
  ]
}
{
  "messageIndex": 77,
  "eventType": "user",
  "phetioID": "beersLawLab.beersLawScreen.view.detectorNode.probeNode.movableDragHandler",
  "componentType": "TTandemDragHandler",
  "event": "dragged",
  "time": 1619419126090,
  "parameters": {
    "x": 952,
    "y": 289
  },
  "children": [
    {
      "messageIndex": 78,
      "eventType": "model",
      "phetioID": "beersLawLab.beersLawScreen.model.detector.probe.locationProperty",
      "componentType": "TProperty",
      "event": "changed",
      "time": 1619419126090,
      "parameters": {
        "oldValue": {
          "x": 6.025589836660616,
          "y": 2.045735027223231
        },
        "newValue": {
          "x": 6.080471869328492,
          "y": 2.0274410163339387
        }
      }
    }
  ]
}
{
  "messageIndex": 79,
  "eventType": "user",
  "phetioID": "beersLawLab.beersLawScreen.view.detectorNode.probeNode.movableDragHandler",
  "componentType": "TTandemDragHandler",
  "event": "dragged",
  "time": 1619419126106,
  "parameters": {
    "x": 957,
    "y": 286
  },
  "children": [
    {
      "messageIndex": 80,
      "eventType": "model",
      "phetioID": "beersLawLab.beersLawScreen.model.detector.probe.locationProperty",
      "componentType": "TProperty",
      "event": "changed",
      "time": 1619419126106,
      "parameters": {
        "oldValue": {
          "x": 6.080471869328492,
          "y": 2.0274410163339387
        },
        "newValue": {
          "x": 6.126206896551723,
          "y": 2
        }
      }
    }
  ]
}
{
  "messageIndex": 81,
  "eventType": "user",
  "phetioID": "beersLawLab.beersLawScreen.view.detectorNode.probeNode.movableDragHandler",
  "componentType": "TTandemDragHandler",
  "event": "dragged",
  "time": 1619419126123,
  "parameters": {
    "x": 960,
    "y": 282
  },
  "children": [
    {
      "messageIndex": 82,
      "eventType": "model",
      "phetioID": "beersLawLab.beersLawScreen.model.detector.probe.locationProperty",
      "componentType": "TProperty",
      "event": "changed",
      "time": 1619419126123,
      "parameters": {
        "oldValue": {
          "x": 6.126206896551723,
          "y": 2
        },
        "newValue": {
          "x": 6.153647912885661,
          "y": 1.9634119782214157
        }
      }
    }
  ]
}
{
  "messageIndex": 83,
  "eventType": "user",
  "phetioID": "beersLawLab.beersLawScreen.view.detectorNode.probeNode.movableDragHandler",
  "componentType": "TTandemDragHandler",
  "event": "dragged",
  "time": 1619419126140,
  "parameters": {
    "x": 965,
    "y": 278
  },
  "children": [
    {
      "messageIndex": 84,
      "eventType": "model",
      "phetioID": "beersLawLab.beersLawScreen.model.detector.probe.locationProperty",
      "componentType": "TProperty",
      "event": "changed",
      "time": 1619419126140,
      "parameters": {
        "oldValue": {
          "x": 6.153647912885661,
          "y": 1.9634119782214157
        },
        "newValue": {
          "x": 6.199382940108892,
          "y": 1.9268239564428313
        }
      },
      "children": [
        {
          "messageIndex": 85,
          "eventType": "model",
          "phetioID": "beersLawLab.beersLawScreen.model.detector.valueProperty",
          "componentType": "TDerivedProperty",
          "event": "changed",
          "time": 1619419126140,
          "parameters": {
            "oldValue": 9.72747223776965,
            "newValue": null
          },
          "children": [
            {
              "messageIndex": 86,
              "eventType": "model",
              "phetioID": "beersLawLab.beersLawScreen.view.detectorNode.bodyNode.valueNode",
              "componentType": "TTandemText",
              "event": "textChanged",
              "time": 1619419126140,
              "parameters": {
                "oldText": "‪9.73%‬",
                "newText": "-"
              }
            }
          ]
        }
      ]
    }
  ]
}
{
  "messageIndex": 87,
  "eventType": "user",
  "phetioID": "beersLawLab.beersLawScreen.view.detectorNode.probeNode.movableDragHandler",
  "componentType": "TTandemDragHandler",
  "event": "dragged",
  "time": 1619419126157,
  "parameters": {
    "x": 970,
    "y": 274
  },
  "children": [
    {
      "messageIndex": 88,
      "eventType": "model",
      "phetioID": "beersLawLab.beersLawScreen.model.detector.probe.locationProperty",
      "componentType": "TProperty",
      "event": "changed",
      "time": 1619419126157,
      "parameters": {
        "oldValue": {
          "x": 6.199382940108892,
          "y": 1.9268239564428313
        },
        "newValue": {
          "x": 6.245117967332122,
          "y": 1.890235934664247
        }
      }
    }
  ]
}
{
  "messageIndex": 89,
  "eventType": "user",
  "phetioID": "beersLawLab.beersLawScreen.view.detectorNode.probeNode.movableDragHandler",
  "componentType": "TTandemDragHandler",
  "event": "dragged",
  "time": 1619419126173,
  "parameters": {
    "x": 972,
    "y": 273
  },
  "children": [
    {
      "messageIndex": 90,
      "eventType": "model",
      "phetioID": "beersLawLab.beersLawScreen.model.detector.probe.locationProperty",
      "componentType": "TProperty",
      "event": "changed",
      "time": 1619419126173,
      "parameters": {
        "oldValue": {
          "x": 6.245117967332122,
          "y": 1.890235934664247
        },
        "newValue": {
          "x": 6.263411978221415,
          "y": 1.8810889292196007
        }
      }
    }
  ]
}
{
  "messageIndex": 91,
  "eventType": "user",
  "phetioID": "beersLawLab.beersLawScreen.view.detectorNode.probeNode.movableDragHandler",
  "componentType": "TTandemDragHandler",
  "event": "dragged",
  "time": 1619419126190,
  "parameters": {
    "x": 975,
    "y": 270
  },
  "children": [
    {
      "messageIndex": 92,
      "eventType": "model",
      "phetioID": "beersLawLab.beersLawScreen.model.detector.probe.locationProperty",
      "componentType": "TProperty",
      "event": "changed",
      "time": 1619419126190,
      "parameters": {
        "oldValue": {
          "x": 6.263411978221415,
          "y": 1.8810889292196007
        },
        "newValue": {
          "x": 6.290852994555353,
          "y": 1.8536479128856622
        }
      }
    }
  ]
}
{
  "messageIndex": 93,
  "eventType": "user",
  "phetioID": "beersLawLab.beersLawScreen.view.detectorNode.probeNode.movableDragHandler",
  "componentType": "TTandemDragHandler",
  "event": "dragged",
  "time": 1619419126207,
  "parameters": {
    "x": 976,
    "y": 269
  },
  "children": [
    {
      "messageIndex": 94,
      "eventType": "model",
      "phetioID": "beersLawLab.beersLawScreen.model.detector.probe.locationProperty",
      "componentType": "TProperty",
      "event": "changed",
      "time": 1619419126207,
      "parameters": {
        "oldValue": {
          "x": 6.290852994555353,
          "y": 1.8536479128856622
        },
        "newValue": {
          "x": 6.3,
          "y": 1.8445009074410164
        }
      }
    }
  ]
}
{
  "messageIndex": 95,
  "eventType": "user",
  "phetioID": "beersLawLab.beersLawScreen.view.detectorNode.probeNode.movableDragHandler",
  "componentType": "TTandemDragHandler",
  "event": "dragged",
  "time": 1619419126223,
  "parameters": {
    "x": 978,
    "y": 269
  },
  "children": [
    {
      "messageIndex": 96,
      "eventType": "model",
      "phetioID": "beersLawLab.beersLawScreen.model.detector.probe.locationProperty",
      "componentType": "TProperty",
      "event": "changed",
      "time": 1619419126223,
      "parameters": {
        "oldValue": {
          "x": 6.3,
          "y": 1.8445009074410164
        },
        "newValue": {
          "x": 6.318294010889291,
          "y": 1.8445009074410164
        }
      }
    }
  ]
}
{
  "messageIndex": 97,
  "eventType": "user",
  "phetioID": "beersLawLab.beersLawScreen.view.detectorNode.probeNode.movableDragHandler",
  "componentType": "TTandemDragHandler",
  "event": "dragged",
  "time": 1619419126540,
  "parameters": {
    "x": 978,
    "y": 272
  },
  "children": [
    {
      "messageIndex": 98,
      "eventType": "model",
      "phetioID": "beersLawLab.beersLawScreen.model.detector.probe.locationProperty",
      "componentType": "TProperty",
      "event": "changed",
      "time": 1619419126540,
      "parameters": {
        "oldValue": {
          "x": 6.318294010889291,
          "y": 1.8445009074410164
        },
        "newValue": {
          "x": 6.318294010889291,
          "y": 1.8719419237749548
        }
      }
    }
  ]
}
{
  "messageIndex": 99,
  "eventType": "user",
  "phetioID": "beersLawLab.beersLawScreen.view.detectorNode.probeNode.movableDragHandler",
  "componentType": "TTandemDragHandler",
  "event": "dragged",
  "time": 1619419126557,
  "parameters": {
    "x": 978,
    "y": 273
  },
  "children": [
    {
      "messageIndex": 100,
      "eventType": "model",
      "phetioID": "beersLawLab.beersLawScreen.model.detector.probe.locationProperty",
      "componentType": "TProperty",
      "event": "changed",
      "time": 1619419126557,
      "parameters": {
        "oldValue": {
          "x": 6.318294010889291,
          "y": 1.8719419237749548
        },
        "newValue": {
          "x": 6.318294010889291,
          "y": 1.8810889292196007
        }
      }
    }
  ]
}
{
  "messageIndex": 101,
  "eventType": "user",
  "phetioID": "beersLawLab.beersLawScreen.view.detectorNode.probeNode.movableDragHandler",
  "componentType": "TTandemDragHandler",
  "event": "dragged",
  "time": 1619419126573,
  "parameters": {
    "x": 978,
    "y": 276
  },
  "children": [
    {
      "messageIndex": 102,
      "eventType": "model",
      "phetioID": "beersLawLab.beersLawScreen.model.detector.probe.locationProperty",
      "componentType": "TProperty",
      "event": "changed",
      "time": 1619419126574,
      "parameters": {
        "oldValue": {
          "x": 6.318294010889291,
          "y": 1.8810889292196007
        },
        "newValue": {
          "x": 6.318294010889291,
          "y": 1.9085299455535392
        }
      }
    }
  ]
}
{
  "messageIndex": 103,
  "eventType": "user",
  "phetioID": "beersLawLab.beersLawScreen.view.detectorNode.probeNode.movableDragHandler",
  "componentType": "TTandemDragHandler",
  "event": "dragged",
  "time": 1619419126590,
  "parameters": {
    "x": 978,
    "y": 279
  },
  "children": [
    {
      "messageIndex": 104,
      "eventType": "model",
      "phetioID": "beersLawLab.beersLawScreen.model.detector.probe.locationProperty",
      "componentType": "TProperty",
      "event": "changed",
      "time": 1619419126590,
      "parameters": {
        "oldValue": {
          "x": 6.318294010889291,
          "y": 1.9085299455535392
        },
        "newValue": {
          "x": 6.318294010889291,
          "y": 1.9359709618874772
        }
      }
    }
  ]
}
{
  "messageIndex": 105,
  "eventType": "user",
  "phetioID": "beersLawLab.beersLawScreen.view.detectorNode.probeNode.movableDragHandler",
  "componentType": "TTandemDragHandler",
  "event": "dragged",
  "time": 1619419126607,
  "parameters": {
    "x": 979,
    "y": 280
  },
  "children": [
    {
      "messageIndex": 106,
      "eventType": "model",
      "phetioID": "beersLawLab.beersLawScreen.model.detector.probe.locationProperty",
      "componentType": "TProperty",
      "event": "changed",
      "time": 1619419126607,
      "parameters": {
        "oldValue": {
          "x": 6.318294010889291,
          "y": 1.9359709618874772
        },
        "newValue": {
          "x": 6.327441016333938,
          "y": 1.9451179673321235
        }
      },
      "children": [
        {
          "messageIndex": 107,
          "eventType": "model",
          "phetioID": "beersLawLab.beersLawScreen.model.detector.valueProperty",
          "componentType": "TDerivedProperty",
          "event": "changed",
          "time": 1619419126607,
          "parameters": {
            "oldValue": null,
            "newValue": 9.72747223776965
          },
          "children": [
            {
              "messageIndex": 108,
              "eventType": "model",
              "phetioID": "beersLawLab.beersLawScreen.view.detectorNode.bodyNode.valueNode",
              "componentType": "TTandemText",
              "event": "textChanged",
              "time": 1619419126607,
              "parameters": {
                "oldText": "-",
                "newText": "‪9.73%‬"
              }
            }
          ]
        }
      ]
    }
  ]
}
{
  "messageIndex": 109,
  "eventType": "user",
  "phetioID": "beersLawLab.beersLawScreen.view.detectorNode.probeNode.movableDragHandler",
  "componentType": "TTandemDragHandler",
  "event": "dragged",
  "time": 1619419126625,
  "parameters": {
    "x": 979,
    "y": 282
  },
  "children": [
    {
      "messageIndex": 110,
      "eventType": "model",
      "phetioID": "beersLawLab.beersLawScreen.model.detector.probe.locationProperty",
      "componentType": "TProperty",
      "event": "changed",
      "time": 1619419126625,
      "parameters": {
        "oldValue": {
          "x": 6.327441016333938,
          "y": 1.9451179673321235
        },
        "newValue": {
          "x": 6.327441016333938,
          "y": 1.9634119782214157
        }
      }
    }
  ]
}
{
  "messageIndex": 111,
  "eventType": "user",
  "phetioID": "beersLawLab.beersLawScreen.view.detectorNode.probeNode.movableDragHandler",
  "componentType": "TTandemDragHandler",
  "event": "dragged",
  "time": 1619419126673,
  "parameters": {
    "x": 979,
    "y": 283
  },
  "children": [
    {
      "messageIndex": 112,
      "eventType": "model",
      "phetioID": "beersLawLab.beersLawScreen.model.detector.probe.locationProperty",
      "componentType": "TProperty",
      "event": "changed",
      "time": 1619419126673,
      "parameters": {
        "oldValue": {
          "x": 6.327441016333938,
          "y": 1.9634119782214157
        },
        "newValue": {
          "x": 6.327441016333938,
          "y": 1.9725589836660615
        }
      }
    }
  ]
}
{
  "messageIndex": 113,
  "eventType": "user",
  "phetioID": "beersLawLab.beersLawScreen.view.detectorNode.probeNode.movableDragHandler",
  "componentType": "TTandemDragHandler",
  "event": "dragged",
  "time": 1619419126757,
  "parameters": {
    "x": 979,
    "y": 285
  },
  "children": [
    {
      "messageIndex": 114,
      "eventType": "model",
      "phetioID": "beersLawLab.beersLawScreen.model.detector.probe.locationProperty",
      "componentType": "TProperty",
      "event": "changed",
      "time": 1619419126757,
      "parameters": {
        "oldValue": {
          "x": 6.327441016333938,
          "y": 1.9725589836660615
        },
        "newValue": {
          "x": 6.327441016333938,
          "y": 1.9908529945553541
        }
      }
    }
  ]
}
{
  "messageIndex": 115,
  "eventType": "user",
  "phetioID": "beersLawLab.beersLawScreen.view.detectorNode.probeNode.movableDragHandler",
  "componentType": "TTandemDragHandler",
  "event": "dragEnded",
  "time": 1619419126878,
  "children": [
    {
      "messageIndex": 116,
      "eventType": "model",
      "phetioID": "beersLawLab.beersLawScreen.model.detector.probe.locationProperty",
      "componentType": "TProperty",
      "event": "changed",
      "time": 1619419126878,
      "parameters": {
        "oldValue": {
          "x": 6.327441016333938,
          "y": 1.9908529945553541
        },
        "newValue": {
          "x": 6.327441016333938,
          "y": 2
        }
      }
    }
  ]
}
{
  "messageIndex": null,
  "eventType": "user",
  "phetioID": "beersLawLab.wrapper",
  "componentType": "WrapperButton",
  "event": "showPDF",
  "time": 1619419130237,
  "parameters": null
}
{
  "messageIndex": null,
  "eventType": "user",
  "phetioID": "beersLawLab.wrapper",
  "componentType": "WrapperButton",
  "event": "hidePDF",
  "time": 1619419132421,
  "parameters": null
}
{
  "messageIndex": 117,
  "eventType": "user",
  "phetioID": "beersLawLab.beersLawScreen.view.wavelengthControls.variableWavelengthRadioButton",
  "componentType": "TRadioButton",
  "event": "fired",
  "time": 1619419133892,
  "parameters": {
    "value": true
  },
  "children": [
    {
      "messageIndex": 118,
      "eventType": "model",
      "phetioID": "beersLawLab.beersLawScreen.view.wavelengthControls.variableWavelengthProperty",
      "componentType": "TProperty",
      "event": "changed",
      "time": 1619419133892,
      "parameters": {
        "oldValue": false,
        "newValue": true
      }
    }
  ]
}
{
  "messageIndex": 119,
  "eventType": "user",
  "phetioID": "beersLawLab.beersLawScreen.view.detectorNode.probeNode.movableDragHandler",
  "componentType": "TTandemDragHandler",
  "event": "dragStarted",
  "time": 1619419135429,
  "parameters": {
    "x": 976,
    "y": 254
  }
}
{
  "messageIndex": 120,
  "eventType": "user",
  "phetioID": "beersLawLab.beersLawScreen.view.detectorNode.probeNode.movableDragHandler",
  "componentType": "TTandemDragHandler",
  "event": "dragged",
  "time": 1619419135667,
  "parameters": {
    "x": 974,
    "y": 254
  },
  "children": [
    {
      "messageIndex": 121,
      "eventType": "model",
      "phetioID": "beersLawLab.beersLawScreen.model.detector.probe.locationProperty",
      "componentType": "TProperty",
      "event": "changed",
      "time": 1619419135667,
      "parameters": {
        "oldValue": {
          "x": 6.327441016333938,
          "y": 2
        },
        "newValue": {
          "x": 6.309147005444646,
          "y": 2
        }
      }
    }
  ]
}
{
  "messageIndex": 122,
  "eventType": "user",
  "phetioID": "beersLawLab.beersLawScreen.view.detectorNode.probeNode.movableDragHandler",
  "componentType": "TTandemDragHandler",
  "event": "dragged",
  "time": 1619419135684,
  "parameters": {
    "x": 972,
    "y": 254
  },
  "children": [
    {
      "messageIndex": 123,
      "eventType": "model",
      "phetioID": "beersLawLab.beersLawScreen.model.detector.probe.locationProperty",
      "componentType": "TProperty",
      "event": "changed",
      "time": 1619419135684,
      "parameters": {
        "oldValue": {
          "x": 6.309147005444646,
          "y": 2
        },
        "newValue": {
          "x": 6.290852994555353,
          "y": 2
        }
      }
    }
  ]
}
{
  "messageIndex": 124,
  "eventType": "user",
  "phetioID": "beersLawLab.beersLawScreen.view.detectorNode.probeNode.movableDragHandler",
  "componentType": "TTandemDragHandler",
  "event": "dragged",
  "time": 1619419135700,
  "parameters": {
    "x": 970,
    "y": 254
  },
  "children": [
    {
      "messageIndex": 125,
      "eventType": "model",
      "phetioID": "beersLawLab.beersLawScreen.model.detector.probe.locationProperty",
      "componentType": "TProperty",
      "event": "changed",
      "time": 1619419135700,
      "parameters": {
        "oldValue": {
          "x": 6.290852994555353,
          "y": 2
        },
        "newValue": {
          "x": 6.272558983666061,
          "y": 2
        }
      }
    }
  ]
}
{
  "messageIndex": 126,
  "eventType": "user",
  "phetioID": "beersLawLab.beersLawScreen.view.detectorNode.probeNode.movableDragHandler",
  "componentType": "TTandemDragHandler",
  "event": "dragged",
  "time": 1619419135717,
  "parameters": {
    "x": 967,
    "y": 254
  },
  "children": [
    {
      "messageIndex": 127,
      "eventType": "model",
      "phetioID": "beersLawLab.beersLawScreen.model.detector.probe.locationProperty",
      "componentType": "TProperty",
      "event": "changed",
      "time": 1619419135717,
      "parameters": {
        "oldValue": {
          "x": 6.272558983666061,
          "y": 2
        },
        "newValue": {
          "x": 6.245117967332122,
          "y": 2
        }
      }
    }
  ]
}
{
  "messageIndex": 128,
  "eventType": "user",
  "phetioID": "beersLawLab.beersLawScreen.view.detectorNode.probeNode.movableDragHandler",
  "componentType": "TTandemDragHandler",
  "event": "dragged",
  "time": 1619419135733,
  "parameters": {
    "x": 965,
    "y": 254
  },
  "children": [
    {
      "messageIndex": 129,
      "eventType": "model",
      "phetioID": "beersLawLab.beersLawScreen.model.detector.probe.locationProperty",
      "componentType": "TProperty",
      "event": "changed",
      "time": 1619419135733,
      "parameters": {
        "oldValue": {
          "x": 6.245117967332122,
          "y": 2
        },
        "newValue": {
          "x": 6.226823956442829,
          "y": 2
        }
      }
    }
  ]
}
{
  "messageIndex": 130,
  "eventType": "user",
  "phetioID": "beersLawLab.beersLawScreen.view.detectorNode.probeNode.movableDragHandler",
  "componentType": "TTandemDragHandler",
  "event": "dragged",
  "time": 1619419135750,
  "parameters": {
    "x": 963,
    "y": 254
  },
  "children": [
    {
      "messageIndex": 131,
      "eventType": "model",
      "phetioID": "beersLawLab.beersLawScreen.model.detector.probe.locationProperty",
      "componentType": "TProperty",
      "event": "changed",
      "time": 1619419135750,
      "parameters": {
        "oldValue": {
          "x": 6.226823956442829,
          "y": 2
        },
        "newValue": {
          "x": 6.208529945553539,
          "y": 2
        }
      }
    }
  ]
}
{
  "messageIndex": 132,
  "eventType": "user",
  "phetioID": "beersLawLab.beersLawScreen.view.detectorNode.probeNode.movableDragHandler",
  "componentType": "TTandemDragHandler",
  "event": "dragged",
  "time": 1619419135767,
  "parameters": {
    "x": 962,
    "y": 254
  },
  "children": [
    {
      "messageIndex": 133,
      "eventType": "model",
      "phetioID": "beersLawLab.beersLawScreen.model.detector.probe.locationProperty",
      "componentType": "TProperty",
      "event": "changed",
      "time": 1619419135767,
      "parameters": {
        "oldValue": {
          "x": 6.208529945553539,
          "y": 2
        },
        "newValue": {
          "x": 6.199382940108892,
          "y": 2
        }
      }
    }
  ]
}
{
  "messageIndex": 134,
  "eventType": "user",
  "phetioID": "beersLawLab.beersLawScreen.view.detectorNode.probeNode.movableDragHandler",
  "componentType": "TTandemDragHandler",
  "event": "dragEnded",
  "time": 1619419135872,
  "children": [
    {
      "messageIndex": 135,
      "eventType": "model",
      "phetioID": "beersLawLab.beersLawScreen.model.detector.probe.locationProperty",
      "componentType": "TProperty",
      "event": "changed",
      "time": 1619419135872,
      "parameters": {
        "oldValue": {
          "x": 6.199382940108892,
          "y": 2
        },
        "newValue": {
          "x": 6.199382940108892,
          "y": 2
        }
      }
    }
  ]
}
{
  "messageIndex": 136,
  "eventType": "user",
  "phetioID": "beersLawLab.beersLawScreen.view.solutionControls.concentrationControl.slider.thumb.dragHandler",
  "componentType": "TTandemDragHandler",
  "event": "dragStarted",
  "time": 1619419136953,
  "parameters": {
    "x": 941,
    "y": 550
  }
}
{
  "messageIndex": 137,
  "eventType": "user",
  "phetioID": "beersLawLab.beersLawScreen.view.solutionControls.concentrationControl.slider.thumb.dragHandler",
  "componentType": "TTandemDragHandler",
  "event": "dragged",
  "time": 1619419137152,
  "parameters": {
    "x": 981,
    "y": 553
  },
  "children": [
    {
      "messageIndex": 138,
      "eventType": "model",
      "phetioID": "beersLawLab.beersLawScreen.solutions.drinkMix.concentrationProperty",
      "componentType": "TProperty",
      "event": "changed",
      "time": 1619419137153,
      "parameters": {
        "oldValue": 0.1,
        "newValue": 0.19
      },
      "children": [
        {
          "messageIndex": 139,
          "eventType": "model",
          "phetioID": "beersLawLab.beersLawScreen.model.detector.valueProperty",
          "componentType": "TDerivedProperty",
          "event": "changed",
          "time": 1619419137153,
          "parameters": {
            "oldValue": 9.72747223776965,
            "newValue": 1.1945380829338867
          },
          "children": [
            {
              "messageIndex": 140,
              "eventType": "model",
              "phetioID": "beersLawLab.beersLawScreen.view.detectorNode.bodyNode.valueNode",
              "componentType": "TTandemText",
              "event": "textChanged",
              "time": 1619419137153,
              "parameters": {
                "oldText": "‪9.73%‬",
                "newText": "‪1.19%‬"
              }
            }
          ]
        }
      ]
    }
  ]
}
{
  "messageIndex": 141,
  "eventType": "user",
  "phetioID": "beersLawLab.beersLawScreen.view.solutionControls.concentrationControl.slider.thumb.dragHandler",
  "componentType": "TTandemDragHandler",
  "event": "dragged",
  "time": 1619419137168,
  "parameters": {
    "x": 1009,
    "y": 557
  },
  "children": [
    {
      "messageIndex": 142,
      "eventType": "model",
      "phetioID": "beersLawLab.beersLawScreen.solutions.drinkMix.concentrationProperty",
      "componentType": "TProperty",
      "event": "changed",
      "time": 1619419137168,
      "parameters": {
        "oldValue": 0.19,
        "newValue": 0.255
      },
      "children": [
        {
          "messageIndex": 143,
          "eventType": "model",
          "phetioID": "beersLawLab.beersLawScreen.model.detector.valueProperty",
          "componentType": "TDerivedProperty",
          "event": "changed",
          "time": 1619419137168,
          "parameters": {
            "oldValue": 1.1945380829338867,
            "newValue": 0.2626636651392894
          },
          "children": [
            {
              "messageIndex": 144,
              "eventType": "model",
              "phetioID": "beersLawLab.beersLawScreen.view.detectorNode.bodyNode.valueNode",
              "componentType": "TTandemText",
              "event": "textChanged",
              "time": 1619419137168,
              "parameters": {
                "oldText": "‪1.19%‬",
                "newText": "‪0.26%‬"
              }
            }
          ]
        }
      ]
    }
  ]
}
{
  "messageIndex": 145,
  "eventType": "user",
  "phetioID": "beersLawLab.beersLawScreen.view.solutionControls.concentrationControl.slider.thumb.dragHandler",
  "componentType": "TTandemDragHandler",
  "event": "dragged",
  "time": 1619419137184,
  "parameters": {
    "x": 1033,
    "y": 559
  },
  "children": [
    {
      "messageIndex": 146,
      "eventType": "model",
      "phetioID": "beersLawLab.beersLawScreen.solutions.drinkMix.concentrationProperty",
      "componentType": "TProperty",
      "event": "changed",
      "time": 1619419137185,
      "parameters": {
        "oldValue": 0.255,
        "newValue": 0.31
      },
      "children": [
        {
          "messageIndex": 147,
          "eventType": "model",
          "phetioID": "beersLawLab.beersLawScreen.model.detector.valueProperty",
          "componentType": "TDerivedProperty",
          "event": "changed",
          "time": 1619419137186,
          "parameters": {
            "oldValue": 0.2626636651392894,
            "newValue": 0.07291216599950681
          },
          "children": [
            {
              "messageIndex": 148,
              "eventType": "model",
              "phetioID": "beersLawLab.beersLawScreen.view.detectorNode.bodyNode.valueNode",
              "componentType": "TTandemText",
              "event": "textChanged",
              "time": 1619419137186,
              "parameters": {
                "oldText": "‪0.26%‬",
                "newText": "‪0.07%‬"
              }
            }
          ]
        }
      ]
    }
  ]
}
{
  "messageIndex": 149,
  "eventType": "user",
  "phetioID": "beersLawLab.beersLawScreen.view.solutionControls.concentrationControl.slider.thumb.dragHandler",
  "componentType": "TTandemDragHandler",
  "event": "dragged",
  "time": 1619419137201,
  "parameters": {
    "x": 1065,
    "y": 565
  },
  "children": [
    {
      "messageIndex": 150,
      "eventType": "model",
      "phetioID": "beersLawLab.beersLawScreen.solutions.drinkMix.concentrationProperty",
      "componentType": "TProperty",
      "event": "changed",
      "time": 1619419137201,
      "parameters": {
        "oldValue": 0.31,
        "newValue": 0.385
      },
      "children": [
        {
          "messageIndex": 151,
          "eventType": "model",
          "phetioID": "beersLawLab.beersLawScreen.model.detector.valueProperty",
          "componentType": "TDerivedProperty",
          "event": "changed",
          "time": 1619419137201,
          "parameters": {
            "oldValue": 0.07291216599950681,
            "newValue": 0.012699891189181122
          },
          "children": [
            {
              "messageIndex": 152,
              "eventType": "model",
              "phetioID": "beersLawLab.beersLawScreen.view.detectorNode.bodyNode.valueNode",
              "componentType": "TTandemText",
              "event": "textChanged",
              "time": 1619419137202,
              "parameters": {
                "oldText": "‪0.07%‬",
                "newText": "‪0.01%‬"
              }
            }
          ]
        }
      ]
    }
  ]
}
{
  "messageIndex": 153,
  "eventType": "user",
  "phetioID": "beersLawLab.beersLawScreen.view.solutionControls.concentrationControl.slider.thumb.dragHandler",
  "componentType": "TTandemDragHandler",
  "event": "dragged",
  "time": 1619419137218,
  "parameters": {
    "x": 1075,
    "y": 567
  },
  "children": [
    {
      "messageIndex": 154,
      "eventType": "model",
      "phetioID": "beersLawLab.beersLawScreen.solutions.drinkMix.concentrationProperty",
      "componentType": "TProperty",
      "event": "changed",
      "time": 1619419137218,
      "parameters": {
        "oldValue": 0.385,
        "newValue": 0.4
      },
      "children": [
        {
          "messageIndex": 155,
          "eventType": "model",
          "phetioID": "beersLawLab.beersLawScreen.model.detector.valueProperty",
          "componentType": "TDerivedProperty",
          "event": "changed",
          "time": 1619419137218,
          "parameters": {
            "oldValue": 0.012699891189181122,
            "newValue": 0.008953647655495937
          }
        }
      ]
    }
  ]
}
{
  "messageIndex": 156,
  "eventType": "user",
  "phetioID": "beersLawLab.beersLawScreen.view.solutionControls.concentrationControl.slider.thumb.dragHandler",
  "componentType": "TTandemDragHandler",
  "event": "dragged",
  "time": 1619419137235,
  "parameters": {
    "x": 1083,
    "y": 567
  }
}
{
  "messageIndex": 157,
  "eventType": "user",
  "phetioID": "beersLawLab.beersLawScreen.view.solutionControls.concentrationControl.slider.thumb.dragHandler",
  "componentType": "TTandemDragHandler",
  "event": "dragged",
  "time": 1619419137252,
  "parameters": {
    "x": 1093,
    "y": 566
  }
}
{
  "messageIndex": 158,
  "eventType": "user",
  "phetioID": "beersLawLab.beersLawScreen.view.solutionControls.concentrationControl.slider.thumb.dragHandler",
  "componentType": "TTandemDragHandler",
  "event": "dragged",
  "time": 1619419137263,
  "parameters": {
    "x": 1094,
    "y": 566
  }
}
{
  "messageIndex": 159,
  "eventType": "user",
  "phetioID": "beersLawLab.beersLawScreen.view.solutionControls.concentrationControl.slider.thumb.dragHandler",
  "componentType": "TTandemDragHandler",
  "event": "dragEnded",
  "time": 1619419137263
}
