{
  "messageIndex": 0,
  "eventType": "wrapper",
  "phetioID": "beersLawLab.simIFrameAPI",
  "componentType": "TSimIFrameAPI",
  "event": "invoked",
  "time": 1631257721535,
  "parameters": {
    "phetioID": "phetio",
    "method": "addExpressions",
    "args": [
      []
    ],
    "messageID": 2,
    "protocol": "phet-io-0.0.1"
  }
}
{
  "messageIndex": 1,
  "eventType": "wrapper",
  "phetioID": "beersLawLab.simIFrameAPI",
  "componentType": "TSimIFrameAPI",
  "event": "invoked",
  "time": 1631257721537,
  "parameters": {
    "phetioID": "phetio",
    "method": "launchSimulation",
    "args": [],
    "messageID": 3,
    "protocol": "phet-io-0.0.1"
  }
}
{
  "messageIndex": 2,
  "eventType": "model",
  "phetioID": "beersLawLab.sim",
  "componentType": "TSim",
  "event": "simStarted",
  "time": 1631257721541,
  "parameters": {
    "sessionID": null,
    "simName": "‪Beer's Law Lab‬",
    "simVersion": "1.6.15-phetio",
    "url": "https://phet-io.colorado.edu/sims/beers-law-lab/1.6.15-phetio/beers-law-lab_en-phetio.html?production&phetioEmitStates=false&phetioEmitInputEvents=false",
    "userAgent": "Mozilla/5.0 (Windows NT 10.0; Win64; x64) AppleWebKit/537.36 (KHTML, like Gecko) Chrome/93.0.4577.63 Safari/537.36 Edg/93.0.961.38",
    "randomSeed": 0.37916480515938944,
    "provider": "PhET Interactive Simulations, University of Colorado Boulder"
  },
  "children": [
    {
      "messageIndex": 3,
      "eventType": "model",
      "phetioID": "beersLawLab.concentrationScreen.view.concentrationMeterNode.bodyNode.readoutTextNode",
      "componentType": "TTandemText",
      "event": "textChanged",
      "time": 1631257721622,
      "parameters": {
        "oldText": "‪1.000 ‪mol/L‬‬",
        "newText": "-"
      }
    },
    {
      "messageIndex": 4,
      "eventType": "model",
      "phetioID": "beersLawLab.beersLawScreen.view.detectorNode.bodyNode.valueNode",
      "componentType": "TTandemText",
      "event": "textChanged",
      "time": 1631257721663,
      "parameters": {
        "oldText": "‪100.00%‬",
        "newText": "-"
      }
    }
  ]
}
{
  "messageIndex": null,
  "eventType": "user",
  "phetioID": "beersLawLab.wrapper",
  "componentType": "WrapperButton",
  "event": "showPDF",
  "time": 1631257725472,
  "parameters": null
}
{
  "messageIndex": null,
  "eventType": "user",
  "phetioID": "beersLawLab.wrapper",
  "componentType": "WrapperButton",
  "event": "hidePDF",
  "time": 1631257758802,
  "parameters": null
}
{
  "messageIndex": null,
  "eventType": "user",
  "phetioID": "beersLawLab.wrapper",
  "componentType": "WrapperButton",
  "event": "showPDF",
  "time": 1631257761898,
  "parameters": null
}
{
  "messageIndex": null,
  "eventType": "user",
  "phetioID": "beersLawLab.wrapper",
  "componentType": "WrapperButton",
  "event": "hidePDF",
  "time": 1631257770858,
  "parameters": null
}
{
  "messageIndex": 5,
  "eventType": "user",
  "phetioID": "beersLawLab.homeScreen.view.concentrationScreenLargeButton",
  "componentType": "TScreenButton",
  "event": "fired",
  "time": 1631257772059,
  "children": [
    {
      "messageIndex": 6,
      "eventType": "model",
      "phetioID": "beersLawLab.sim.showHomeScreenProperty",
      "componentType": "TProperty",
      "event": "changed",
      "time": 1631257772059,
      "parameters": {
        "oldValue": true,
        "newValue": false
      }
    }
  ]
}
{
  "messageIndex": 7,
  "eventType": "user",
  "phetioID": "beersLawLab.navigationBar.beersLawScreenButton",
  "componentType": "TPushButton",
  "event": "fired",
  "time": 1631257780273,
  "children": [
    {
      "messageIndex": 8,
      "eventType": "model",
      "phetioID": "beersLawLab.sim.screenIndexProperty",
      "componentType": "TProperty",
      "event": "changed",
      "time": 1631257780273,
      "parameters": {
        "oldValue": 0,
        "newValue": 1
      }
    }
  ]
}
{
  "messageIndex": 9,
  "eventType": "user",
  "phetioID": "beersLawLab.navigationBar.concentrationScreenButton",
  "componentType": "TPushButton",
  "event": "fired",
  "time": 1631257793387,
  "children": [
    {
      "messageIndex": 10,
      "eventType": "model",
      "phetioID": "beersLawLab.sim.screenIndexProperty",
      "componentType": "TProperty",
      "event": "changed",
      "time": 1631257793387,
      "parameters": {
        "oldValue": 1,
        "newValue": 0
      }
    }
  ]
}
{
  "messageIndex": 11,
  "eventType": "user",
  "phetioID": "beersLawLab.concentrationScreen.view.drainFaucetNode.inputListener",
  "componentType": "TTandemDragHandler",
  "event": "dragStarted",
  "time": 1631257803389,
  "parameters": {
    "x": 980,
    "y": 440
  }
}
{
  "messageIndex": 12,
  "eventType": "user",
  "phetioID": "beersLawLab.concentrationScreen.view.drainFaucetNode.inputListener",
  "componentType": "TTandemDragHandler",
  "event": "dragEnded",
  "time": 1631257803531,
  "children": [
    {
      "messageIndex": 13,
      "eventType": "model",
      "phetioID": "beersLawLab.concentrationScreen.view.drainFaucetNode",
      "componentType": "TFaucet",
      "event": "startTapToDispense",
      "time": 1631257803531,
      "parameters": {
        "flowRate": 0.125
      },
      "children": [
        {
          "messageIndex": 14,
          "eventType": "model",
          "phetioID": "beersLawLab.concentrationScreen.model.drainFaucet.flowRateProperty",
          "componentType": "TProperty",
          "event": "changed",
          "time": 1631257803531,
          "parameters": {
            "oldValue": 0,
            "newValue": 0.125
          }
        }
      ]
    }
  ]
}
{
  "messageIndex": 15,
  "eventType": "model",
  "phetioID": "beersLawLab.concentrationScreen.model.solution.volumeProperty",
  "componentType": "TProperty",
  "event": "changed",
  "time": 1631257803542,
  "parameters": {
    "oldValue": 0.5,
    "newValue": 0.498
  }
}
{
  "messageIndex": 17,
  "eventType": "model",
  "phetioID": "beersLawLab.concentrationScreen.model.solution.volumeProperty",
  "componentType": "TProperty",
  "event": "changed",
  "time": 1631257803576,
  "parameters": {
    "oldValue": 0.495875,
    "newValue": 0.49375
  }
}
{
  "messageIndex": 16,
  "eventType": "model",
  "phetioID": "beersLawLab.concentrationScreen.model.solution.volumeProperty",
  "componentType": "TProperty",
  "event": "changed",
  "time": 1631257803559,
  "parameters": {
    "oldValue": 0.498,
    "newValue": 0.495875
  }
}
{
  "messageIndex": 18,
  "eventType": "model",
  "phetioID": "beersLawLab.concentrationScreen.model.solution.volumeProperty",
  "componentType": "TProperty",
  "event": "changed",
  "time": 1631257803592,
  "parameters": {
    "oldValue": 0.49375,
    "newValue": 0.49175
  }
}
{
  "messageIndex": 19,
  "eventType": "model",
  "phetioID": "beersLawLab.concentrationScreen.model.solution.volumeProperty",
  "componentType": "TProperty",
  "event": "changed",
  "time": 1631257803609,
  "parameters": {
    "oldValue": 0.49175,
    "newValue": 0.48962500000000003
  }
}
{
  "messageIndex": 20,
  "eventType": "model",
  "phetioID": "beersLawLab.concentrationScreen.model.solution.volumeProperty",
  "componentType": "TProperty",
  "event": "changed",
  "time": 1631257803626,
  "parameters": {
    "oldValue": 0.48962500000000003,
    "newValue": 0.48750000000000004
  }
}
{
  "messageIndex": 21,
  "eventType": "model",
  "phetioID": "beersLawLab.concentrationScreen.model.solution.volumeProperty",
  "componentType": "TProperty",
  "event": "changed",
  "time": 1631257803643,
  "parameters": {
    "oldValue": 0.48750000000000004,
    "newValue": 0.48537500000000006
  }
}
{
  "messageIndex": 22,
  "eventType": "model",
  "phetioID": "beersLawLab.concentrationScreen.model.solution.volumeProperty",
  "componentType": "TProperty",
  "event": "changed",
  "time": 1631257803659,
  "parameters": {
    "oldValue": 0.48537500000000006,
    "newValue": 0.48337500000000005
  }
}
{
  "messageIndex": 23,
  "eventType": "model",
  "phetioID": "beersLawLab.concentrationScreen.model.solution.volumeProperty",
  "componentType": "TProperty",
  "event": "changed",
  "time": 1631257803676,
  "parameters": {
    "oldValue": 0.48337500000000005,
    "newValue": 0.48125000000000007
  }
}
{
  "messageIndex": 24,
  "eventType": "model",
  "phetioID": "beersLawLab.concentrationScreen.model.solution.volumeProperty",
  "componentType": "TProperty",
  "event": "changed",
  "time": 1631257803692,
  "parameters": {
    "oldValue": 0.48125000000000007,
    "newValue": 0.47925000000000006
  }
}
{
  "messageIndex": 25,
  "eventType": "model",
  "phetioID": "beersLawLab.concentrationScreen.model.solution.volumeProperty",
  "componentType": "TProperty",
  "event": "changed",
  "time": 1631257803709,
  "parameters": {
    "oldValue": 0.47925000000000006,
    "newValue": 0.4771250000000001
  }
}
{
  "messageIndex": 26,
  "eventType": "model",
  "phetioID": "beersLawLab.concentrationScreen.model.solution.volumeProperty",
  "componentType": "TProperty",
  "event": "changed",
  "time": 1631257803726,
  "parameters": {
    "oldValue": 0.4771250000000001,
    "newValue": 0.4750000000000001
  }
}
{
  "messageIndex": 27,
  "eventType": "model",
  "phetioID": "beersLawLab.concentrationScreen.model.solution.volumeProperty",
  "componentType": "TProperty",
  "event": "changed",
  "time": 1631257803742,
  "parameters": {
    "oldValue": 0.4750000000000001,
    "newValue": 0.4730000000000001
  }
}
{
  "messageIndex": 28,
  "eventType": "model",
  "phetioID": "beersLawLab.concentrationScreen.model.solution.volumeProperty",
  "componentType": "TProperty",
  "event": "changed",
  "time": 1631257803759,
  "parameters": {
    "oldValue": 0.4730000000000001,
    "newValue": 0.4708750000000001
  }
}
{
  "messageIndex": 29,
  "eventType": "model",
  "phetioID": "beersLawLab.concentrationScreen.model.solution.volumeProperty",
  "componentType": "TProperty",
  "event": "changed",
  "time": 1631257803776,
  "parameters": {
    "oldValue": 0.4708750000000001,
    "newValue": 0.4687500000000001
  }
}
{
  "messageIndex": 30,
  "eventType": "model",
  "phetioID": "beersLawLab.concentrationScreen.model.solution.volumeProperty",
  "componentType": "TProperty",
  "event": "changed",
  "time": 1631257803792,
  "parameters": {
    "oldValue": 0.4687500000000001,
    "newValue": 0.4667500000000001
  }
}
{
  "messageIndex": 31,
  "eventType": "model",
  "phetioID": "beersLawLab.concentrationScreen.model.solution.volumeProperty",
  "componentType": "TProperty",
  "event": "changed",
  "time": 1631257803809,
  "parameters": {
    "oldValue": 0.4667500000000001,
    "newValue": 0.4646250000000001
  }
}
{
  "messageIndex": 32,
  "eventType": "model",
  "phetioID": "beersLawLab.concentrationScreen.model.solution.volumeProperty",
  "componentType": "TProperty",
  "event": "changed",
  "time": 1631257803826,
  "parameters": {
    "oldValue": 0.4646250000000001,
    "newValue": 0.46250000000000013
  }
}
{
  "messageIndex": 33,
  "eventType": "model",
  "phetioID": "beersLawLab.concentrationScreen.model.solution.volumeProperty",
  "componentType": "TProperty",
  "event": "changed",
  "time": 1631257803842,
  "parameters": {
    "oldValue": 0.46250000000000013,
    "newValue": 0.46050000000000013
  }
}
{
  "messageIndex": 34,
  "eventType": "model",
  "phetioID": "beersLawLab.concentrationScreen.model.solution.volumeProperty",
  "componentType": "TProperty",
  "event": "changed",
  "time": 1631257803859,
  "parameters": {
    "oldValue": 0.46050000000000013,
    "newValue": 0.45837500000000014
  }
}
{
  "messageIndex": 35,
  "eventType": "model",
  "phetioID": "beersLawLab.concentrationScreen.model.solution.volumeProperty",
  "componentType": "TProperty",
  "event": "changed",
  "time": 1631257803875,
  "parameters": {
    "oldValue": 0.45837500000000014,
    "newValue": 0.45637500000000014
  }
}
{
  "messageIndex": 36,
  "eventType": "model",
  "phetioID": "beersLawLab.concentrationScreen.model.solution.volumeProperty",
  "componentType": "TProperty",
  "event": "changed",
  "time": 1631257803892,
  "parameters": {
    "oldValue": 0.45637500000000014,
    "newValue": 0.45425000000000015
  }
}
{
  "messageIndex": 37,
  "eventType": "model",
  "phetioID": "beersLawLab.concentrationScreen.model.solution.volumeProperty",
  "componentType": "TProperty",
  "event": "changed",
  "time": 1631257803909,
  "parameters": {
    "oldValue": 0.45425000000000015,
    "newValue": 0.45212500000000017
  }
}
{
  "messageIndex": 38,
  "eventType": "model",
  "phetioID": "beersLawLab.concentrationScreen.model.solution.volumeProperty",
  "componentType": "TProperty",
  "event": "changed",
  "time": 1631257803926,
  "parameters": {
    "oldValue": 0.45212500000000017,
    "newValue": 0.45012500000000016
  }
}
{
  "messageIndex": 39,
  "eventType": "model",
  "phetioID": "beersLawLab.concentrationScreen.model.solution.volumeProperty",
  "componentType": "TProperty",
  "event": "changed",
  "time": 1631257803942,
  "parameters": {
    "oldValue": 0.45012500000000016,
    "newValue": 0.4480000000000002
  }
}
{
  "messageIndex": 40,
  "eventType": "model",
  "phetioID": "beersLawLab.concentrationScreen.model.solution.volumeProperty",
  "componentType": "TProperty",
  "event": "changed",
  "time": 1631257803958,
  "parameters": {
    "oldValue": 0.4480000000000002,
    "newValue": 0.4460000000000002
  }
}
{
  "messageIndex": 41,
  "eventType": "model",
  "phetioID": "beersLawLab.concentrationScreen.model.solution.volumeProperty",
  "componentType": "TProperty",
  "event": "changed",
  "time": 1631257803975,
  "parameters": {
    "oldValue": 0.4460000000000002,
    "newValue": 0.4438750000000002
  }
}
{
  "messageIndex": 42,
  "eventType": "model",
  "phetioID": "beersLawLab.concentrationScreen.model.solution.volumeProperty",
  "componentType": "TProperty",
  "event": "changed",
  "time": 1631257803992,
  "parameters": {
    "oldValue": 0.4438750000000002,
    "newValue": 0.4417500000000002
  }
}
{
  "messageIndex": 43,
  "eventType": "model",
  "phetioID": "beersLawLab.concentrationScreen.model.solution.volumeProperty",
  "componentType": "TProperty",
  "event": "changed",
  "time": 1631257804008,
  "parameters": {
    "oldValue": 0.4417500000000002,
    "newValue": 0.4397500000000002
  }
}
{
  "messageIndex": 44,
  "eventType": "model",
  "phetioID": "beersLawLab.concentrationScreen.model.solution.volumeProperty",
  "componentType": "TProperty",
  "event": "changed",
  "time": 1631257804025,
  "parameters": {
    "oldValue": 0.4397500000000002,
    "newValue": 0.4376250000000002
  }
}
{
  "messageIndex": 45,
  "eventType": "model",
  "phetioID": "beersLawLab.concentrationScreen.model.solution.volumeProperty",
  "componentType": "TProperty",
  "event": "changed",
  "time": 1631257804042,
  "parameters": {
    "oldValue": 0.4376250000000002,
    "newValue": 0.4355000000000002
  }
}
{
  "messageIndex": 46,
  "eventType": "model",
  "phetioID": "beersLawLab.concentrationScreen.view.drainFaucetNode",
  "componentType": "TFaucet",
  "event": "endTapToDispense",
  "time": 1631257804042,
  "parameters": {
    "flowRate": 0
  },
  "children": [
    {
      "messageIndex": 47,
      "eventType": "model",
      "phetioID": "beersLawLab.concentrationScreen.model.drainFaucet.flowRateProperty",
      "componentType": "TProperty",
      "event": "changed",
      "time": 1631257804042,
      "parameters": {
        "oldValue": 0.125,
        "newValue": 0
      }
    }
  ]
}
{
  "messageIndex": 48,
  "eventType": "user",
  "phetioID": "beersLawLab.concentrationScreen.view.drainFaucetNode.inputListener",
  "componentType": "TTandemDragHandler",
  "event": "dragStarted",
  "time": 1631257804333,
  "parameters": {
    "x": 980,
    "y": 440
  }
}
{
  "messageIndex": 49,
  "eventType": "user",
  "phetioID": "beersLawLab.concentrationScreen.view.drainFaucetNode.inputListener",
  "componentType": "TTandemDragHandler",
  "event": "dragEnded",
  "time": 1631257804515,
  "children": [
    {
      "messageIndex": 50,
      "eventType": "model",
      "phetioID": "beersLawLab.concentrationScreen.view.drainFaucetNode",
      "componentType": "TFaucet",
      "event": "startTapToDispense",
      "time": 1631257804515,
      "parameters": {
        "flowRate": 0.125
      },
      "children": [
        {
          "messageIndex": 51,
          "eventType": "model",
          "phetioID": "beersLawLab.concentrationScreen.model.drainFaucet.flowRateProperty",
          "componentType": "TProperty",
          "event": "changed",
          "time": 1631257804515,
          "parameters": {
            "oldValue": 0,
            "newValue": 0.125
          }
        }
      ]
    }
  ]
}
{
  "messageIndex": 52,
  "eventType": "model",
  "phetioID": "beersLawLab.concentrationScreen.model.solution.volumeProperty",
  "componentType": "TProperty",
  "event": "changed",
  "time": 1631257804523,
  "parameters": {
    "oldValue": 0.4355000000000002,
    "newValue": 0.4335000000000002
  }
}
{
  "messageIndex": 53,
  "eventType": "model",
  "phetioID": "beersLawLab.concentrationScreen.model.solution.volumeProperty",
  "componentType": "TProperty",
  "event": "changed",
  "time": 1631257804540,
  "parameters": {
    "oldValue": 0.4335000000000002,
    "newValue": 0.43137500000000023
  }
}
{
  "messageIndex": 54,
  "eventType": "model",
  "phetioID": "beersLawLab.concentrationScreen.model.solution.volumeProperty",
  "componentType": "TProperty",
  "event": "changed",
  "time": 1631257804556,
  "parameters": {
    "oldValue": 0.43137500000000023,
    "newValue": 0.42937500000000023
  }
}
{
  "messageIndex": 55,
  "eventType": "model",
  "phetioID": "beersLawLab.concentrationScreen.model.solution.volumeProperty",
  "componentType": "TProperty",
  "event": "changed",
  "time": 1631257804573,
  "parameters": {
    "oldValue": 0.42937500000000023,
    "newValue": 0.42725000000000024
  }
}
{
  "messageIndex": 56,
  "eventType": "model",
  "phetioID": "beersLawLab.concentrationScreen.model.solution.volumeProperty",
  "componentType": "TProperty",
  "event": "changed",
  "time": 1631257804589,
  "parameters": {
    "oldValue": 0.42725000000000024,
    "newValue": 0.42525000000000024
  }
}
{
  "messageIndex": 57,
  "eventType": "model",
  "phetioID": "beersLawLab.concentrationScreen.model.solution.volumeProperty",
  "componentType": "TProperty",
  "event": "changed",
  "time": 1631257804606,
  "parameters": {
    "oldValue": 0.42525000000000024,
    "newValue": 0.42312500000000025
  }
}
{
  "messageIndex": 58,
  "eventType": "model",
  "phetioID": "beersLawLab.concentrationScreen.model.solution.volumeProperty",
  "componentType": "TProperty",
  "event": "changed",
  "time": 1631257804623,
  "parameters": {
    "oldValue": 0.42312500000000025,
    "newValue": 0.42100000000000026
  }
}
{
  "messageIndex": 59,
  "eventType": "model",
  "phetioID": "beersLawLab.concentrationScreen.model.solution.volumeProperty",
  "componentType": "TProperty",
  "event": "changed",
  "time": 1631257804640,
  "parameters": {
    "oldValue": 0.42100000000000026,
    "newValue": 0.4188750000000003
  }
}
{
  "messageIndex": 60,
  "eventType": "model",
  "phetioID": "beersLawLab.concentrationScreen.model.solution.volumeProperty",
  "componentType": "TProperty",
  "event": "changed",
  "time": 1631257804657,
  "parameters": {
    "oldValue": 0.4188750000000003,
    "newValue": 0.4167500000000003
  }
}
{
  "messageIndex": 61,
  "eventType": "model",
  "phetioID": "beersLawLab.concentrationScreen.model.solution.volumeProperty",
  "componentType": "TProperty",
  "event": "changed",
  "time": 1631257804673,
  "parameters": {
    "oldValue": 0.4167500000000003,
    "newValue": 0.4147500000000003
  }
}
{
  "messageIndex": 62,
  "eventType": "model",
  "phetioID": "beersLawLab.concentrationScreen.model.solution.volumeProperty",
  "componentType": "TProperty",
  "event": "changed",
  "time": 1631257804690,
  "parameters": {
    "oldValue": 0.4147500000000003,
    "newValue": 0.4126250000000003
  }
}
{
  "messageIndex": 63,
  "eventType": "model",
  "phetioID": "beersLawLab.concentrationScreen.model.solution.volumeProperty",
  "componentType": "TProperty",
  "event": "changed",
  "time": 1631257804706,
  "parameters": {
    "oldValue": 0.4126250000000003,
    "newValue": 0.4106250000000003
  }
}
{
  "messageIndex": 64,
  "eventType": "model",
  "phetioID": "beersLawLab.concentrationScreen.model.solution.volumeProperty",
  "componentType": "TProperty",
  "event": "changed",
  "time": 1631257804723,
  "parameters": {
    "oldValue": 0.4106250000000003,
    "newValue": 0.4085000000000003
  }
}
{
  "messageIndex": 65,
  "eventType": "model",
  "phetioID": "beersLawLab.concentrationScreen.model.solution.volumeProperty",
  "componentType": "TProperty",
  "event": "changed",
  "time": 1631257804740,
  "parameters": {
    "oldValue": 0.4085000000000003,
    "newValue": 0.4063750000000003
  }
}
{
  "messageIndex": 66,
  "eventType": "model",
  "phetioID": "beersLawLab.concentrationScreen.model.solution.volumeProperty",
  "componentType": "TProperty",
  "event": "changed",
  "time": 1631257804756,
  "parameters": {
    "oldValue": 0.4063750000000003,
    "newValue": 0.4043750000000003
  }
}
{
  "messageIndex": 67,
  "eventType": "model",
  "phetioID": "beersLawLab.concentrationScreen.model.solution.volumeProperty",
  "componentType": "TProperty",
  "event": "changed",
  "time": 1631257804773,
  "parameters": {
    "oldValue": 0.4043750000000003,
    "newValue": 0.40225000000000033
  }
}
{
  "messageIndex": 68,
  "eventType": "model",
  "phetioID": "beersLawLab.concentrationScreen.model.solution.volumeProperty",
  "componentType": "TProperty",
  "event": "changed",
  "time": 1631257804790,
  "parameters": {
    "oldValue": 0.40225000000000033,
    "newValue": 0.40012500000000034
  }
}
{
  "messageIndex": 69,
  "eventType": "model",
  "phetioID": "beersLawLab.concentrationScreen.model.solution.volumeProperty",
  "componentType": "TProperty",
  "event": "changed",
  "time": 1631257804806,
  "parameters": {
    "oldValue": 0.40012500000000034,
    "newValue": 0.39812500000000034
  }
}
{
  "messageIndex": 70,
  "eventType": "model",
  "phetioID": "beersLawLab.concentrationScreen.model.solution.volumeProperty",
  "componentType": "TProperty",
  "event": "changed",
  "time": 1631257804823,
  "parameters": {
    "oldValue": 0.39812500000000034,
    "newValue": 0.39600000000000035
  }
}
{
  "messageIndex": 71,
  "eventType": "model",
  "phetioID": "beersLawLab.concentrationScreen.model.solution.volumeProperty",
  "componentType": "TProperty",
  "event": "changed",
  "time": 1631257804839,
  "parameters": {
    "oldValue": 0.39600000000000035,
    "newValue": 0.39400000000000035
  }
}
{
  "messageIndex": 72,
  "eventType": "model",
  "phetioID": "beersLawLab.concentrationScreen.model.solution.volumeProperty",
  "componentType": "TProperty",
  "event": "changed",
  "time": 1631257804856,
  "parameters": {
    "oldValue": 0.39400000000000035,
    "newValue": 0.39187500000000036
  }
}
{
  "messageIndex": 73,
  "eventType": "model",
  "phetioID": "beersLawLab.concentrationScreen.model.solution.volumeProperty",
  "componentType": "TProperty",
  "event": "changed",
  "time": 1631257804873,
  "parameters": {
    "oldValue": 0.39187500000000036,
    "newValue": 0.3897500000000004
  }
}
{
  "messageIndex": 74,
  "eventType": "model",
  "phetioID": "beersLawLab.concentrationScreen.model.solution.volumeProperty",
  "componentType": "TProperty",
  "event": "changed",
  "time": 1631257804889,
  "parameters": {
    "oldValue": 0.3897500000000004,
    "newValue": 0.38775000000000037
  }
}
{
  "messageIndex": 75,
  "eventType": "model",
  "phetioID": "beersLawLab.concentrationScreen.model.solution.volumeProperty",
  "componentType": "TProperty",
  "event": "changed",
  "time": 1631257804906,
  "parameters": {
    "oldValue": 0.38775000000000037,
    "newValue": 0.3856250000000004
  }
}
{
  "messageIndex": 76,
  "eventType": "model",
  "phetioID": "beersLawLab.concentrationScreen.model.solution.volumeProperty",
  "componentType": "TProperty",
  "event": "changed",
  "time": 1631257804922,
  "parameters": {
    "oldValue": 0.3856250000000004,
    "newValue": 0.3836250000000004
  }
}
{
  "messageIndex": 77,
  "eventType": "model",
  "phetioID": "beersLawLab.concentrationScreen.model.solution.volumeProperty",
  "componentType": "TProperty",
  "event": "changed",
  "time": 1631257804939,
  "parameters": {
    "oldValue": 0.3836250000000004,
    "newValue": 0.3815000000000004
  }
}
{
  "messageIndex": 78,
  "eventType": "model",
  "phetioID": "beersLawLab.concentrationScreen.model.solution.volumeProperty",
  "componentType": "TProperty",
  "event": "changed",
  "time": 1631257804956,
  "parameters": {
    "oldValue": 0.3815000000000004,
    "newValue": 0.3793750000000004
  }
}
{
  "messageIndex": 79,
  "eventType": "model",
  "phetioID": "beersLawLab.concentrationScreen.model.solution.volumeProperty",
  "componentType": "TProperty",
  "event": "changed",
  "time": 1631257804972,
  "parameters": {
    "oldValue": 0.3793750000000004,
    "newValue": 0.3773750000000004
  }
}
{
  "messageIndex": 80,
  "eventType": "model",
  "phetioID": "beersLawLab.concentrationScreen.model.solution.volumeProperty",
  "componentType": "TProperty",
  "event": "changed",
  "time": 1631257804989,
  "parameters": {
    "oldValue": 0.3773750000000004,
    "newValue": 0.3752500000000004
  }
}
{
  "messageIndex": 81,
  "eventType": "user",
  "phetioID": "beersLawLab.concentrationScreen.view.drainFaucetNode.inputListener",
  "componentType": "TTandemDragHandler",
  "event": "dragStarted",
  "time": 1631257804997,
  "parameters": {
    "x": 980,
    "y": 440
  }
}
{
  "messageIndex": 82,
  "eventType": "model",
  "phetioID": "beersLawLab.concentrationScreen.model.solution.volumeProperty",
  "componentType": "TProperty",
  "event": "changed",
  "time": 1631257805006,
  "parameters": {
    "oldValue": 0.3752500000000004,
    "newValue": 0.37312500000000043
  }
}
{
  "messageIndex": 83,
  "eventType": "model",
  "phetioID": "beersLawLab.concentrationScreen.model.solution.volumeProperty",
  "componentType": "TProperty",
  "event": "changed",
  "time": 1631257805022,
  "parameters": {
    "oldValue": 0.37312500000000043,
    "newValue": 0.3711250000000004
  }
}
{
  "messageIndex": 84,
  "eventType": "model",
  "phetioID": "beersLawLab.concentrationScreen.model.solution.volumeProperty",
  "componentType": "TProperty",
  "event": "changed",
  "time": 1631257805039,
  "parameters": {
    "oldValue": 0.3711250000000004,
    "newValue": 0.36900000000000044
  }
}
{
  "messageIndex": 85,
  "eventType": "model",
  "phetioID": "beersLawLab.concentrationScreen.view.drainFaucetNode",
  "componentType": "TFaucet",
  "event": "endTapToDispense",
  "time": 1631257805040,
  "parameters": {
    "flowRate": 0
  },
  "children": [
    {
      "messageIndex": 86,
      "eventType": "model",
      "phetioID": "beersLawLab.concentrationScreen.model.drainFaucet.flowRateProperty",
      "componentType": "TProperty",
      "event": "changed",
      "time": 1631257805040,
      "parameters": {
        "oldValue": 0.125,
        "newValue": 0
      }
    }
  ]
}
{
  "messageIndex": 87,
  "eventType": "user",
  "phetioID": "beersLawLab.concentrationScreen.view.drainFaucetNode.inputListener",
  "componentType": "TTandemDragHandler",
  "event": "dragEnded",
  "time": 1631257805179,
  "children": [
    {
      "messageIndex": 88,
      "eventType": "model",
      "phetioID": "beersLawLab.concentrationScreen.view.drainFaucetNode",
      "componentType": "TFaucet",
      "event": "startTapToDispense",
      "time": 1631257805179,
      "parameters": {
        "flowRate": 0.125
      },
      "children": [
        {
          "messageIndex": 89,
          "eventType": "model",
          "phetioID": "beersLawLab.concentrationScreen.model.drainFaucet.flowRateProperty",
          "componentType": "TProperty",
          "event": "changed",
          "time": 1631257805179,
          "parameters": {
            "oldValue": 0,
            "newValue": 0.125
          }
        }
      ]
    }
  ]
}
{
  "messageIndex": 90,
  "eventType": "model",
  "phetioID": "beersLawLab.concentrationScreen.model.solution.volumeProperty",
  "componentType": "TProperty",
  "event": "changed",
  "time": 1631257805188,
  "parameters": {
    "oldValue": 0.36900000000000044,
    "newValue": 0.36700000000000044
  }
}
{
  "messageIndex": 91,
  "eventType": "model",
  "phetioID": "beersLawLab.concentrationScreen.model.solution.volumeProperty",
  "componentType": "TProperty",
  "event": "changed",
  "time": 1631257805205,
  "parameters": {
    "oldValue": 0.36700000000000044,
    "newValue": 0.36487500000000045
  }
}
{
  "messageIndex": 92,
  "eventType": "model",
  "phetioID": "beersLawLab.concentrationScreen.model.solution.volumeProperty",
  "componentType": "TProperty",
  "event": "changed",
  "time": 1631257805221,
  "parameters": {
    "oldValue": 0.36487500000000045,
    "newValue": 0.36287500000000045
  }
}
{
  "messageIndex": 93,
  "eventType": "model",
  "phetioID": "beersLawLab.concentrationScreen.model.solution.volumeProperty",
  "componentType": "TProperty",
  "event": "changed",
  "time": 1631257805238,
  "parameters": {
    "oldValue": 0.36287500000000045,
    "newValue": 0.36075000000000046
  }
}
{
  "messageIndex": 94,
  "eventType": "model",
  "phetioID": "beersLawLab.concentrationScreen.model.solution.volumeProperty",
  "componentType": "TProperty",
  "event": "changed",
  "time": 1631257805255,
  "parameters": {
    "oldValue": 0.36075000000000046,
    "newValue": 0.35862500000000047
  }
}
{
  "messageIndex": 95,
  "eventType": "model",
  "phetioID": "beersLawLab.concentrationScreen.model.solution.volumeProperty",
  "componentType": "TProperty",
  "event": "changed",
  "time": 1631257805272,
  "parameters": {
    "oldValue": 0.35862500000000047,
    "newValue": 0.3565000000000005
  }
}
{
  "messageIndex": 96,
  "eventType": "model",
  "phetioID": "beersLawLab.concentrationScreen.model.solution.volumeProperty",
  "componentType": "TProperty",
  "event": "changed",
  "time": 1631257805288,
  "parameters": {
    "oldValue": 0.3565000000000005,
    "newValue": 0.3545000000000005
  }
}
{
  "messageIndex": 97,
  "eventType": "model",
  "phetioID": "beersLawLab.concentrationScreen.model.solution.volumeProperty",
  "componentType": "TProperty",
  "event": "changed",
  "time": 1631257805305,
  "parameters": {
    "oldValue": 0.3545000000000005,
    "newValue": 0.3523750000000005
  }
}
{
  "messageIndex": 98,
  "eventType": "model",
  "phetioID": "beersLawLab.concentrationScreen.model.solution.volumeProperty",
  "componentType": "TProperty",
  "event": "changed",
  "time": 1631257805321,
  "parameters": {
    "oldValue": 0.3523750000000005,
    "newValue": 0.3503750000000005
  }
}
{
  "messageIndex": 99,
  "eventType": "model",
  "phetioID": "beersLawLab.concentrationScreen.model.solution.volumeProperty",
  "componentType": "TProperty",
  "event": "changed",
  "time": 1631257805339,
  "parameters": {
    "oldValue": 0.3503750000000005,
    "newValue": 0.3481250000000005
  }
}
{
  "messageIndex": 100,
  "eventType": "model",
  "phetioID": "beersLawLab.concentrationScreen.model.solution.volumeProperty",
  "componentType": "TProperty",
  "event": "changed",
  "time": 1631257805355,
  "parameters": {
    "oldValue": 0.3481250000000005,
    "newValue": 0.3461250000000005
  }
}
{
  "messageIndex": 101,
  "eventType": "model",
  "phetioID": "beersLawLab.concentrationScreen.model.solution.volumeProperty",
  "componentType": "TProperty",
  "event": "changed",
  "time": 1631257805371,
  "parameters": {
    "oldValue": 0.3461250000000005,
    "newValue": 0.3441250000000005
  }
}
{
  "messageIndex": 102,
  "eventType": "model",
  "phetioID": "beersLawLab.concentrationScreen.model.solution.volumeProperty",
  "componentType": "TProperty",
  "event": "changed",
  "time": 1631257805388,
  "parameters": {
    "oldValue": 0.3441250000000005,
    "newValue": 0.3420000000000005
  }
}
{
  "messageIndex": 103,
  "eventType": "model",
  "phetioID": "beersLawLab.concentrationScreen.model.solution.volumeProperty",
  "componentType": "TProperty",
  "event": "changed",
  "time": 1631257805405,
  "parameters": {
    "oldValue": 0.3420000000000005,
    "newValue": 0.33987500000000054
  }
}
{
  "messageIndex": 104,
  "eventType": "model",
  "phetioID": "beersLawLab.concentrationScreen.model.solution.volumeProperty",
  "componentType": "TProperty",
  "event": "changed",
  "time": 1631257805421,
  "parameters": {
    "oldValue": 0.33987500000000054,
    "newValue": 0.33787500000000054
  }
}
{
  "messageIndex": 105,
  "eventType": "model",
  "phetioID": "beersLawLab.concentrationScreen.model.solution.volumeProperty",
  "componentType": "TProperty",
  "event": "changed",
  "time": 1631257805438,
  "parameters": {
    "oldValue": 0.33787500000000054,
    "newValue": 0.33575000000000055
  }
}
{
  "messageIndex": 106,
  "eventType": "model",
  "phetioID": "beersLawLab.concentrationScreen.model.solution.volumeProperty",
  "componentType": "TProperty",
  "event": "changed",
  "time": 1631257805454,
  "parameters": {
    "oldValue": 0.33575000000000055,
    "newValue": 0.33375000000000055
  }
}
{
  "messageIndex": 107,
  "eventType": "model",
  "phetioID": "beersLawLab.concentrationScreen.model.solution.volumeProperty",
  "componentType": "TProperty",
  "event": "changed",
  "time": 1631257805471,
  "parameters": {
    "oldValue": 0.33375000000000055,
    "newValue": 0.33162500000000056
  }
}
{
  "messageIndex": 108,
  "eventType": "model",
  "phetioID": "beersLawLab.concentrationScreen.model.solution.volumeProperty",
  "componentType": "TProperty",
  "event": "changed",
  "time": 1631257805488,
  "parameters": {
    "oldValue": 0.33162500000000056,
    "newValue": 0.32950000000000057
  }
}
{
  "messageIndex": 109,
  "eventType": "model",
  "phetioID": "beersLawLab.concentrationScreen.model.solution.volumeProperty",
  "componentType": "TProperty",
  "event": "changed",
  "time": 1631257805504,
  "parameters": {
    "oldValue": 0.32950000000000057,
    "newValue": 0.32750000000000057
  }
}
{
  "messageIndex": 110,
  "eventType": "model",
  "phetioID": "beersLawLab.concentrationScreen.model.solution.volumeProperty",
  "componentType": "TProperty",
  "event": "changed",
  "time": 1631257805520,
  "parameters": {
    "oldValue": 0.32750000000000057,
    "newValue": 0.32550000000000057
  }
}
{
  "messageIndex": 111,
  "eventType": "model",
  "phetioID": "beersLawLab.concentrationScreen.model.solution.volumeProperty",
  "componentType": "TProperty",
  "event": "changed",
  "time": 1631257805537,
  "parameters": {
    "oldValue": 0.32550000000000057,
    "newValue": 0.3233750000000006
  }
}
{
  "messageIndex": 112,
  "eventType": "model",
  "phetioID": "beersLawLab.concentrationScreen.model.solution.volumeProperty",
  "componentType": "TProperty",
  "event": "changed",
  "time": 1631257805553,
  "parameters": {
    "oldValue": 0.3233750000000006,
    "newValue": 0.3213750000000006
  }
}
{
  "messageIndex": 113,
  "eventType": "model",
  "phetioID": "beersLawLab.concentrationScreen.model.solution.volumeProperty",
  "componentType": "TProperty",
  "event": "changed",
  "time": 1631257805571,
  "parameters": {
    "oldValue": 0.3213750000000006,
    "newValue": 0.3191250000000006
  }
}
{
  "messageIndex": 114,
  "eventType": "model",
  "phetioID": "beersLawLab.concentrationScreen.model.solution.volumeProperty",
  "componentType": "TProperty",
  "event": "changed",
  "time": 1631257805588,
  "parameters": {
    "oldValue": 0.3191250000000006,
    "newValue": 0.3170000000000006
  }
}
{
  "messageIndex": 115,
  "eventType": "model",
  "phetioID": "beersLawLab.concentrationScreen.model.solution.volumeProperty",
  "componentType": "TProperty",
  "event": "changed",
  "time": 1631257805604,
  "parameters": {
    "oldValue": 0.3170000000000006,
    "newValue": 0.3150000000000006
  }
}
{
  "messageIndex": 116,
  "eventType": "model",
  "phetioID": "beersLawLab.concentrationScreen.model.solution.volumeProperty",
  "componentType": "TProperty",
  "event": "changed",
  "time": 1631257805621,
  "parameters": {
    "oldValue": 0.3150000000000006,
    "newValue": 0.3128750000000006
  }
}
{
  "messageIndex": 117,
  "eventType": "model",
  "phetioID": "beersLawLab.concentrationScreen.model.solution.volumeProperty",
  "componentType": "TProperty",
  "event": "changed",
  "time": 1631257805638,
  "parameters": {
    "oldValue": 0.3128750000000006,
    "newValue": 0.31075000000000064
  }
}
{
  "messageIndex": 118,
  "eventType": "model",
  "phetioID": "beersLawLab.concentrationScreen.model.solution.volumeProperty",
  "componentType": "TProperty",
  "event": "changed",
  "time": 1631257805654,
  "parameters": {
    "oldValue": 0.31075000000000064,
    "newValue": 0.30875000000000064
  }
}
{
  "messageIndex": 119,
  "eventType": "model",
  "phetioID": "beersLawLab.concentrationScreen.model.solution.volumeProperty",
  "componentType": "TProperty",
  "event": "changed",
  "time": 1631257805671,
  "parameters": {
    "oldValue": 0.30875000000000064,
    "newValue": 0.30662500000000065
  }
}
{
  "messageIndex": 120,
  "eventType": "model",
  "phetioID": "beersLawLab.concentrationScreen.model.solution.volumeProperty",
  "componentType": "TProperty",
  "event": "changed",
  "time": 1631257805688,
  "parameters": {
    "oldValue": 0.30662500000000065,
    "newValue": 0.30450000000000066
  }
}
{
  "messageIndex": 121,
  "eventType": "model",
  "phetioID": "beersLawLab.concentrationScreen.view.drainFaucetNode",
  "componentType": "TFaucet",
  "event": "endTapToDispense",
  "time": 1631257805688,
  "parameters": {
    "flowRate": 0
  },
  "children": [
    {
      "messageIndex": 122,
      "eventType": "model",
      "phetioID": "beersLawLab.concentrationScreen.model.drainFaucet.flowRateProperty",
      "componentType": "TProperty",
      "event": "changed",
      "time": 1631257805688,
      "parameters": {
        "oldValue": 0.125,
        "newValue": 0
      }
    }
  ]
}
{
  "messageIndex": null,
  "eventType": "user",
  "phetioID": "beersLawLab.wrapper",
  "componentType": "WrapperButton",
  "event": "showPDF",
  "time": 1631257807492,
  "parameters": null
}
