{
  "messageIndex": 0,
  "eventType": "wrapper",
  "phetioID": "beersLawLab.simIFrameAPI",
  "componentType": "TSimIFrameAPI",
  "event": "invoked",
  "time": 1622187299391,
  "parameters": {
    "phetioID": "phetio",
    "method": "addExpressions",
    "args": [
      []
    ],
    "messageID": 2,
    "protocol": "phet-io-0.0.1"
  }
}
{
  "messageIndex": 1,
  "eventType": "wrapper",
  "phetioID": "beersLawLab.simIFrameAPI",
  "componentType": "TSimIFrameAPI",
  "event": "invoked",
  "time": 1622187299393,
  "parameters": {
    "phetioID": "phetio",
    "method": "launchSimulation",
    "args": [],
    "messageID": 3,
    "protocol": "phet-io-0.0.1"
  }
}
{
  "messageIndex": 2,
  "eventType": "model",
  "phetioID": "beersLawLab.sim",
  "componentType": "TSim",
  "event": "simStarted",
  "time": 1622187299396,
  "parameters": {
    "sessionID": null,
    "simName": "‪Beer's Law Lab‬",
    "simVersion": "1.6.15-phetio",
    "url": "https://phet-io.colorado.edu/sims/beers-law-lab/1.6.15-phetio/beers-law-lab_en-phetio.html?production&phetioEmitStates=false&phetioEmitInputEvents=false",
    "userAgent": "Mozilla/5.0 (Windows NT 10.0; Win64; x64) AppleWebKit/537.36 (KHTML, like Gecko) Chrome/90.0.4430.212 Safari/537.36 Edg/90.0.818.62",
    "randomSeed": 0.010014415494838058,
    "provider": "PhET Interactive Simulations, University of Colorado Boulder"
  },
  "children": [
    {
      "messageIndex": 3,
      "eventType": "model",
      "phetioID": "beersLawLab.concentrationScreen.view.concentrationMeterNode.bodyNode.readoutTextNode",
      "componentType": "TTandemText",
      "event": "textChanged",
      "time": 1622187299523,
      "parameters": {
        "oldText": "‪1.000 ‪mol/L‬‬",
        "newText": "-"
      }
    },
    {
      "messageIndex": 4,
      "eventType": "model",
      "phetioID": "beersLawLab.beersLawScreen.view.detectorNode.bodyNode.valueNode",
      "componentType": "TTandemText",
      "event": "textChanged",
      "time": 1622187299564,
      "parameters": {
        "oldText": "‪100.00%‬",
        "newText": "-"
      }
    }
  ]
}
{
  "messageIndex": 5,
  "eventType": "user",
  "phetioID": "beersLawLab.homeScreen.view.beersLawScreenSmallButton",
  "componentType": "TScreenButton",
  "event": "fired",
  "time": 1622187301150,
  "children": [
    {
      "messageIndex": 6,
      "eventType": "model",
      "phetioID": "beersLawLab.sim.screenIndexProperty",
      "componentType": "TProperty",
      "event": "changed",
      "time": 1622187301150,
      "parameters": {
        "oldValue": 0,
        "newValue": 1
      }
    }
  ]
}
{
  "messageIndex": 7,
  "eventType": "user",
  "phetioID": "beersLawLab.homeScreen.view.beersLawScreenLargeButton",
  "componentType": "TScreenButton",
  "event": "fired",
  "time": 1622187302037,
  "children": [
    {
      "messageIndex": 8,
      "eventType": "model",
      "phetioID": "beersLawLab.sim.showHomeScreenProperty",
      "componentType": "TProperty",
      "event": "changed",
      "time": 1622187302037,
      "parameters": {
        "oldValue": true,
        "newValue": false
      }
    }
  ]
}
{
  "messageIndex": 9,
  "eventType": "user",
  "phetioID": "beersLawLab.beersLawScreen.view.cuvetteNode.cuvetteDragHandler",
  "componentType": "TTandemDragHandler",
  "event": "dragStarted",
  "time": 1622187305224,
  "parameters": {
    "x": 495,
    "y": 234
  }
}
{
  "messageIndex": 10,
  "eventType": "user",
  "phetioID": "beersLawLab.beersLawScreen.view.cuvetteNode.cuvetteDragHandler",
  "componentType": "TTandemDragHandler",
  "event": "dragged",
  "time": 1622187305423,
  "parameters": {
    "x": 506,
    "y": 234
  },
  "children": [
    {
      "messageIndex": 11,
      "eventType": "model",
      "phetioID": "beersLawLab.beersLawScreen.model.cuvette.widthProperty",
      "componentType": "TProperty",
      "event": "changed",
      "time": 1622187305423,
      "parameters": {
        "oldValue": 1,
        "newValue": 1.088
      }
    }
  ]
}
{
  "messageIndex": 12,
  "eventType": "user",
  "phetioID": "beersLawLab.beersLawScreen.view.cuvetteNode.cuvetteDragHandler",
  "componentType": "TTandemDragHandler",
  "event": "dragged",
  "time": 1622187305440,
  "parameters": {
    "x": 512,
    "y": 233
  },
  "children": [
    {
      "messageIndex": 13,
      "eventType": "model",
      "phetioID": "beersLawLab.beersLawScreen.model.cuvette.widthProperty",
      "componentType": "TProperty",
      "event": "changed",
      "time": 1622187305440,
      "parameters": {
        "oldValue": 1.088,
        "newValue": 1.1360000000000001
      }
    }
  ]
}
{
  "messageIndex": 16,
  "eventType": "user",
  "phetioID": "beersLawLab.beersLawScreen.view.cuvetteNode.cuvetteDragHandler",
  "componentType": "TTandemDragHandler",
  "event": "dragged",
  "time": 1622187305473,
  "parameters": {
    "x": 524,
    "y": 233
  },
  "children": [
    {
      "messageIndex": 17,
      "eventType": "model",
      "phetioID": "beersLawLab.beersLawScreen.model.cuvette.widthProperty",
      "componentType": "TProperty",
      "event": "changed",
      "time": 1622187305473,
      "parameters": {
        "oldValue": 1.176,
        "newValue": 1.232
      }
    }
  ]
}
{
  "messageIndex": 14,
  "eventType": "user",
  "phetioID": "beersLawLab.beersLawScreen.view.cuvetteNode.cuvetteDragHandler",
  "componentType": "TTandemDragHandler",
  "event": "dragged",
  "time": 1622187305456,
  "parameters": {
    "x": 517,
    "y": 233
  },
  "children": [
    {
      "messageIndex": 15,
      "eventType": "model",
      "phetioID": "beersLawLab.beersLawScreen.model.cuvette.widthProperty",
      "componentType": "TProperty",
      "event": "changed",
      "time": 1622187305456,
      "parameters": {
        "oldValue": 1.1360000000000001,
        "newValue": 1.176
      }
    }
  ]
}
{
  "messageIndex": 18,
  "eventType": "user",
  "phetioID": "beersLawLab.beersLawScreen.view.cuvetteNode.cuvetteDragHandler",
  "componentType": "TTandemDragHandler",
  "event": "dragged",
  "time": 1622187305490,
  "parameters": {
    "x": 528,
    "y": 233
  },
  "children": [
    {
      "messageIndex": 19,
      "eventType": "model",
      "phetioID": "beersLawLab.beersLawScreen.model.cuvette.widthProperty",
      "componentType": "TProperty",
      "event": "changed",
      "time": 1622187305490,
      "parameters": {
        "oldValue": 1.232,
        "newValue": 1.264
      }
    }
  ]
}
{
  "messageIndex": 20,
  "eventType": "user",
  "phetioID": "beersLawLab.beersLawScreen.view.cuvetteNode.cuvetteDragHandler",
  "componentType": "TTandemDragHandler",
  "event": "dragged",
  "time": 1622187305506,
  "parameters": {
    "x": 532,
    "y": 233
  },
  "children": [
    {
      "messageIndex": 21,
      "eventType": "model",
      "phetioID": "beersLawLab.beersLawScreen.model.cuvette.widthProperty",
      "componentType": "TProperty",
      "event": "changed",
      "time": 1622187305506,
      "parameters": {
        "oldValue": 1.264,
        "newValue": 1.296
      }
    }
  ]
}
{
  "messageIndex": 22,
  "eventType": "user",
  "phetioID": "beersLawLab.beersLawScreen.view.cuvetteNode.cuvetteDragHandler",
  "componentType": "TTandemDragHandler",
  "event": "dragged",
  "time": 1622187305523,
  "parameters": {
    "x": 535,
    "y": 233
  },
  "children": [
    {
      "messageIndex": 23,
      "eventType": "model",
      "phetioID": "beersLawLab.beersLawScreen.model.cuvette.widthProperty",
      "componentType": "TProperty",
      "event": "changed",
      "time": 1622187305523,
      "parameters": {
        "oldValue": 1.296,
        "newValue": 1.32
      }
    }
  ]
}
{
  "messageIndex": 24,
  "eventType": "user",
  "phetioID": "beersLawLab.beersLawScreen.view.cuvetteNode.cuvetteDragHandler",
  "componentType": "TTandemDragHandler",
  "event": "dragged",
  "time": 1622187305539,
  "parameters": {
    "x": 538,
    "y": 233
  },
  "children": [
    {
      "messageIndex": 25,
      "eventType": "model",
      "phetioID": "beersLawLab.beersLawScreen.model.cuvette.widthProperty",
      "componentType": "TProperty",
      "event": "changed",
      "time": 1622187305539,
      "parameters": {
        "oldValue": 1.32,
        "newValue": 1.344
      }
    }
  ]
}
{
  "messageIndex": 26,
  "eventType": "user",
  "phetioID": "beersLawLab.beersLawScreen.view.cuvetteNode.cuvetteDragHandler",
  "componentType": "TTandemDragHandler",
  "event": "dragged",
  "time": 1622187305556,
  "parameters": {
    "x": 540,
    "y": 233
  },
  "children": [
    {
      "messageIndex": 27,
      "eventType": "model",
      "phetioID": "beersLawLab.beersLawScreen.model.cuvette.widthProperty",
      "componentType": "TProperty",
      "event": "changed",
      "time": 1622187305556,
      "parameters": {
        "oldValue": 1.344,
        "newValue": 1.3599999999999999
      }
    }
  ]
}
{
  "messageIndex": 28,
  "eventType": "user",
  "phetioID": "beersLawLab.beersLawScreen.view.cuvetteNode.cuvetteDragHandler",
  "componentType": "TTandemDragHandler",
  "event": "dragged",
  "time": 1622187305573,
  "parameters": {
    "x": 542,
    "y": 233
  },
  "children": [
    {
      "messageIndex": 29,
      "eventType": "model",
      "phetioID": "beersLawLab.beersLawScreen.model.cuvette.widthProperty",
      "componentType": "TProperty",
      "event": "changed",
      "time": 1622187305573,
      "parameters": {
        "oldValue": 1.3599999999999999,
        "newValue": 1.376
      }
    }
  ]
}
{
  "messageIndex": 30,
  "eventType": "user",
  "phetioID": "beersLawLab.beersLawScreen.view.cuvetteNode.cuvetteDragHandler",
  "componentType": "TTandemDragHandler",
  "event": "dragged",
  "time": 1622187305589,
  "parameters": {
    "x": 544,
    "y": 233
  },
  "children": [
    {
      "messageIndex": 31,
      "eventType": "model",
      "phetioID": "beersLawLab.beersLawScreen.model.cuvette.widthProperty",
      "componentType": "TProperty",
      "event": "changed",
      "time": 1622187305589,
      "parameters": {
        "oldValue": 1.376,
        "newValue": 1.392
      }
    }
  ]
}
{
  "messageIndex": 32,
  "eventType": "user",
  "phetioID": "beersLawLab.beersLawScreen.view.cuvetteNode.cuvetteDragHandler",
  "componentType": "TTandemDragHandler",
  "event": "dragged",
  "time": 1622187305606,
  "parameters": {
    "x": 545,
    "y": 233
  },
  "children": [
    {
      "messageIndex": 33,
      "eventType": "model",
      "phetioID": "beersLawLab.beersLawScreen.model.cuvette.widthProperty",
      "componentType": "TProperty",
      "event": "changed",
      "time": 1622187305606,
      "parameters": {
        "oldValue": 1.392,
        "newValue": 1.4
      }
    }
  ]
}
{
  "messageIndex": 36,
  "eventType": "user",
  "phetioID": "beersLawLab.beersLawScreen.view.cuvetteNode.cuvetteDragHandler",
  "componentType": "TTandemDragHandler",
  "event": "dragged",
  "time": 1622187305656,
  "parameters": {
    "x": 546,
    "y": 232
  }
}
{
  "messageIndex": 34,
  "eventType": "user",
  "phetioID": "beersLawLab.beersLawScreen.view.cuvetteNode.cuvetteDragHandler",
  "componentType": "TTandemDragHandler",
  "event": "dragged",
  "time": 1622187305623,
  "parameters": {
    "x": 546,
    "y": 233
  },
  "children": [
    {
      "messageIndex": 35,
      "eventType": "model",
      "phetioID": "beersLawLab.beersLawScreen.model.cuvette.widthProperty",
      "componentType": "TProperty",
      "event": "changed",
      "time": 1622187305623,
      "parameters": {
        "oldValue": 1.4,
        "newValue": 1.408
      }
    }
  ]
}
{
  "messageIndex": 37,
  "eventType": "user",
  "phetioID": "beersLawLab.beersLawScreen.view.cuvetteNode.cuvetteDragHandler",
  "componentType": "TTandemDragHandler",
  "event": "dragged",
  "time": 1622187305689,
  "parameters": {
    "x": 545,
    "y": 232
  },
  "children": [
    {
      "messageIndex": 38,
      "eventType": "model",
      "phetioID": "beersLawLab.beersLawScreen.model.cuvette.widthProperty",
      "componentType": "TProperty",
      "event": "changed",
      "time": 1622187305689,
      "parameters": {
        "oldValue": 1.408,
        "newValue": 1.4
      }
    }
  ]
}
{
  "messageIndex": 39,
  "eventType": "user",
  "phetioID": "beersLawLab.beersLawScreen.view.cuvetteNode.cuvetteDragHandler",
  "componentType": "TTandemDragHandler",
  "event": "dragged",
  "time": 1622187305706,
  "parameters": {
    "x": 544,
    "y": 232
  },
  "children": [
    {
      "messageIndex": 40,
      "eventType": "model",
      "phetioID": "beersLawLab.beersLawScreen.model.cuvette.widthProperty",
      "componentType": "TProperty",
      "event": "changed",
      "time": 1622187305706,
      "parameters": {
        "oldValue": 1.4,
        "newValue": 1.392
      }
    }
  ]
}
{
  "messageIndex": 41,
  "eventType": "user",
  "phetioID": "beersLawLab.beersLawScreen.view.cuvetteNode.cuvetteDragHandler",
  "componentType": "TTandemDragHandler",
  "event": "dragged",
  "time": 1622187305724,
  "parameters": {
    "x": 541,
    "y": 232
  },
  "children": [
    {
      "messageIndex": 42,
      "eventType": "model",
      "phetioID": "beersLawLab.beersLawScreen.model.cuvette.widthProperty",
      "componentType": "TProperty",
      "event": "changed",
      "time": 1622187305724,
      "parameters": {
        "oldValue": 1.392,
        "newValue": 1.3679999999999999
      }
    }
  ]
}
{
  "messageIndex": 43,
  "eventType": "user",
  "phetioID": "beersLawLab.beersLawScreen.view.cuvetteNode.cuvetteDragHandler",
  "componentType": "TTandemDragHandler",
  "event": "dragged",
  "time": 1622187305739,
  "parameters": {
    "x": 537,
    "y": 232
  },
  "children": [
    {
      "messageIndex": 44,
      "eventType": "model",
      "phetioID": "beersLawLab.beersLawScreen.model.cuvette.widthProperty",
      "componentType": "TProperty",
      "event": "changed",
      "time": 1622187305739,
      "parameters": {
        "oldValue": 1.3679999999999999,
        "newValue": 1.336
      }
    }
  ]
}
{
  "messageIndex": 45,
  "eventType": "user",
  "phetioID": "beersLawLab.beersLawScreen.view.cuvetteNode.cuvetteDragHandler",
  "componentType": "TTandemDragHandler",
  "event": "dragged",
  "time": 1622187305756,
  "parameters": {
    "x": 518,
    "y": 232
  },
  "children": [
    {
      "messageIndex": 46,
      "eventType": "model",
      "phetioID": "beersLawLab.beersLawScreen.model.cuvette.widthProperty",
      "componentType": "TProperty",
      "event": "changed",
      "time": 1622187305756,
      "parameters": {
        "oldValue": 1.336,
        "newValue": 1.184
      }
    }
  ]
}
{
  "messageIndex": 49,
  "eventType": "user",
  "phetioID": "beersLawLab.beersLawScreen.view.cuvetteNode.cuvetteDragHandler",
  "componentType": "TTandemDragHandler",
  "event": "dragged",
  "time": 1622187305790,
  "parameters": {
    "x": 471,
    "y": 233
  },
  "children": [
    {
      "messageIndex": 50,
      "eventType": "model",
      "phetioID": "beersLawLab.beersLawScreen.model.cuvette.widthProperty",
      "componentType": "TProperty",
      "event": "changed",
      "time": 1622187305790,
      "parameters": {
        "oldValue": 1.008,
        "newValue": 0.808
      }
    }
  ]
}
{
  "messageIndex": 51,
  "eventType": "user",
  "phetioID": "beersLawLab.beersLawScreen.view.cuvetteNode.cuvetteDragHandler",
  "componentType": "TTandemDragHandler",
  "event": "dragged",
  "time": 1622187305806,
  "parameters": {
    "x": 465,
    "y": 233
  },
  "children": [
    {
      "messageIndex": 52,
      "eventType": "model",
      "phetioID": "beersLawLab.beersLawScreen.model.cuvette.widthProperty",
      "componentType": "TProperty",
      "event": "changed",
      "time": 1622187305806,
      "parameters": {
        "oldValue": 0.808,
        "newValue": 0.76
      }
    }
  ]
}
{
  "messageIndex": 53,
  "eventType": "user",
  "phetioID": "beersLawLab.beersLawScreen.view.cuvetteNode.cuvetteDragHandler",
  "componentType": "TTandemDragHandler",
  "event": "dragged",
  "time": 1622187305823,
  "parameters": {
    "x": 461,
    "y": 233
  },
  "children": [
    {
      "messageIndex": 54,
      "eventType": "model",
      "phetioID": "beersLawLab.beersLawScreen.model.cuvette.widthProperty",
      "componentType": "TProperty",
      "event": "changed",
      "time": 1622187305823,
      "parameters": {
        "oldValue": 0.76,
        "newValue": 0.728
      }
    }
  ]
}
{
  "messageIndex": 47,
  "eventType": "user",
  "phetioID": "beersLawLab.beersLawScreen.view.cuvetteNode.cuvetteDragHandler",
  "componentType": "TTandemDragHandler",
  "event": "dragged",
  "time": 1622187305776,
  "parameters": {
    "x": 496,
    "y": 232
  },
  "children": [
    {
      "messageIndex": 48,
      "eventType": "model",
      "phetioID": "beersLawLab.beersLawScreen.model.cuvette.widthProperty",
      "componentType": "TProperty",
      "event": "changed",
      "time": 1622187305776,
      "parameters": {
        "oldValue": 1.184,
        "newValue": 1.008
      }
    }
  ]
}
{
  "messageIndex": 57,
  "eventType": "user",
  "phetioID": "beersLawLab.beersLawScreen.view.cuvetteNode.cuvetteDragHandler",
  "componentType": "TTandemDragHandler",
  "event": "dragged",
  "time": 1622187305856,
  "parameters": {
    "x": 457,
    "y": 233
  },
  "children": [
    {
      "messageIndex": 58,
      "eventType": "model",
      "phetioID": "beersLawLab.beersLawScreen.model.cuvette.widthProperty",
      "componentType": "TProperty",
      "event": "changed",
      "time": 1622187305856,
      "parameters": {
        "oldValue": 0.704,
        "newValue": 0.696
      }
    }
  ]
}
{
  "messageIndex": 59,
  "eventType": "user",
  "phetioID": "beersLawLab.beersLawScreen.view.cuvetteNode.cuvetteDragHandler",
  "componentType": "TTandemDragHandler",
  "event": "dragged",
  "time": 1622187305873,
  "parameters": {
    "x": 455,
    "y": 233
  },
  "children": [
    {
      "messageIndex": 60,
      "eventType": "model",
      "phetioID": "beersLawLab.beersLawScreen.model.cuvette.widthProperty",
      "componentType": "TProperty",
      "event": "changed",
      "time": 1622187305873,
      "parameters": {
        "oldValue": 0.696,
        "newValue": 0.6799999999999999
      }
    }
  ]
}
{
  "messageIndex": 55,
  "eventType": "user",
  "phetioID": "beersLawLab.beersLawScreen.view.cuvetteNode.cuvetteDragHandler",
  "componentType": "TTandemDragHandler",
  "event": "dragged",
  "time": 1622187305840,
  "parameters": {
    "x": 458,
    "y": 233
  },
  "children": [
    {
      "messageIndex": 56,
      "eventType": "model",
      "phetioID": "beersLawLab.beersLawScreen.model.cuvette.widthProperty",
      "componentType": "TProperty",
      "event": "changed",
      "time": 1622187305840,
      "parameters": {
        "oldValue": 0.728,
        "newValue": 0.704
      }
    }
  ]
}
{
  "messageIndex": 61,
  "eventType": "user",
  "phetioID": "beersLawLab.beersLawScreen.view.cuvetteNode.cuvetteDragHandler",
  "componentType": "TTandemDragHandler",
  "event": "dragged",
  "time": 1622187305889,
  "parameters": {
    "x": 454,
    "y": 233
  },
  "children": [
    {
      "messageIndex": 62,
      "eventType": "model",
      "phetioID": "beersLawLab.beersLawScreen.model.cuvette.widthProperty",
      "componentType": "TProperty",
      "event": "changed",
      "time": 1622187305889,
      "parameters": {
        "oldValue": 0.6799999999999999,
        "newValue": 0.6719999999999999
      }
    }
  ]
}
{
  "messageIndex": 65,
  "eventType": "user",
  "phetioID": "beersLawLab.beersLawScreen.view.cuvetteNode.cuvetteDragHandler",
  "componentType": "TTandemDragHandler",
  "event": "dragged",
  "time": 1622187305941,
  "parameters": {
    "x": 452,
    "y": 232
  },
  "children": [
    {
      "messageIndex": 66,
      "eventType": "model",
      "phetioID": "beersLawLab.beersLawScreen.model.cuvette.widthProperty",
      "componentType": "TProperty",
      "event": "changed",
      "time": 1622187305941,
      "parameters": {
        "oldValue": 0.6639999999999999,
        "newValue": 0.6559999999999999
      }
    }
  ]
}
{
  "messageIndex": 63,
  "eventType": "user",
  "phetioID": "beersLawLab.beersLawScreen.view.cuvetteNode.cuvetteDragHandler",
  "componentType": "TTandemDragHandler",
  "event": "dragged",
  "time": 1622187305906,
  "parameters": {
    "x": 453,
    "y": 232
  },
  "children": [
    {
      "messageIndex": 64,
      "eventType": "model",
      "phetioID": "beersLawLab.beersLawScreen.model.cuvette.widthProperty",
      "componentType": "TProperty",
      "event": "changed",
      "time": 1622187305906,
      "parameters": {
        "oldValue": 0.6719999999999999,
        "newValue": 0.6639999999999999
      }
    }
  ]
}
{
  "messageIndex": 67,
  "eventType": "user",
  "phetioID": "beersLawLab.beersLawScreen.view.cuvetteNode.cuvetteDragHandler",
  "componentType": "TTandemDragHandler",
  "event": "dragEnded",
  "time": 1622187306052,
  "children": [
    {
      "messageIndex": 68,
      "eventType": "model",
      "phetioID": "beersLawLab.beersLawScreen.model.cuvette.widthProperty",
      "componentType": "TProperty",
      "event": "changed",
      "time": 1622187306052,
      "parameters": {
        "oldValue": 0.6559999999999999,
        "newValue": 0.7000000000000001
      }
    }
  ]
}
{
  "messageIndex": 69,
  "eventType": "user",
  "phetioID": "beersLawLab.beersLawScreen.view.lightNode.button",
  "componentType": "TToggleButton",
  "event": "toggled",
  "time": 1622187307040,
  "parameters": {
    "oldValue": false,
    "newValue": true
  },
  "children": [
    {
      "messageIndex": 70,
      "eventType": "model",
      "phetioID": "beersLawLab.beersLawScreen.model.light.onProperty",
      "componentType": "TProperty",
      "event": "changed",
      "time": 1622187307040,
      "parameters": {
        "oldValue": false,
        "newValue": true
      },
      "children": [
        {
          "messageIndex": 71,
          "eventType": "model",
          "phetioID": "beersLawLab.beersLawScreen.model.detector.valueProperty",
          "componentType": "TDerivedProperty",
          "event": "changed",
          "time": 1622187307041,
          "parameters": {
            "oldValue": null,
            "newValue": 44.23845998088853
          },
          "children": [
            {
              "messageIndex": 72,
              "eventType": "model",
              "phetioID": "beersLawLab.beersLawScreen.view.detectorNode.bodyNode.valueNode",
              "componentType": "TTandemText",
              "event": "textChanged",
              "time": 1622187307041,
              "parameters": {
                "oldText": "-",
                "newText": "‪44.24%‬"
              }
            }
          ]
        }
      ]
    }
  ]
}
{
  "messageIndex": 73,
  "eventType": "user",
  "phetioID": "beersLawLab.beersLawScreen.view.wavelengthControls.variableWavelengthRadioButton",
  "componentType": "TRadioButton",
  "event": "fired",
  "time": 1622187310666,
  "parameters": {
    "value": true
  },
  "children": [
    {
      "messageIndex": 74,
      "eventType": "model",
      "phetioID": "beersLawLab.beersLawScreen.view.wavelengthControls.variableWavelengthProperty",
      "componentType": "TProperty",
      "event": "changed",
      "time": 1622187310666,
      "parameters": {
        "oldValue": false,
        "newValue": true
      }
    }
  ]
}
{
  "messageIndex": 75,
  "eventType": "user",
  "phetioID": "beersLawLab.beersLawScreen.view.wavelengthControls.wavelengthSlider.thumbInputListener",
  "componentType": "TTandemDragHandler",
  "event": "dragStarted",
  "time": 1622187311518,
  "parameters": {
    "x": 310,
    "y": 278
  }
}
{
  "messageIndex": 76,
  "eventType": "user",
  "phetioID": "beersLawLab.beersLawScreen.view.wavelengthControls.wavelengthSlider.thumbInputListener",
  "componentType": "TTandemDragHandler",
  "event": "dragged",
  "time": 1622187311723,
  "parameters": {
    "x": 311,
    "y": 278
  },
  "children": [
    {
      "messageIndex": 77,
      "eventType": "model",
      "phetioID": "beersLawLab.beersLawScreen.model.light.wavelengthProperty",
      "componentType": "TProperty",
      "event": "changed",
      "time": 1622187311723,
      "parameters": {
        "oldValue": 508,
        "newValue": 512
      },
      "children": [
        {
          "messageIndex": 78,
          "eventType": "model",
          "phetioID": "beersLawLab.beersLawScreen.model.detector.valueProperty",
          "componentType": "TDerivedProperty",
          "event": "changed",
          "time": 1622187311723,
          "parameters": {
            "oldValue": 44.23845998088853,
            "newValue": 44.30982144892988
          },
          "children": [
            {
              "messageIndex": 79,
              "eventType": "model",
              "phetioID": "beersLawLab.beersLawScreen.view.detectorNode.bodyNode.valueNode",
              "componentType": "TTandemText",
              "event": "textChanged",
              "time": 1622187311723,
              "parameters": {
                "oldText": "‪44.24%‬",
                "newText": "‪44.31%‬"
              }
            }
          ]
        },
        {
          "messageIndex": 80,
          "eventType": "model",
          "phetioID": "beersLawLab.beersLawScreen.view.wavelengthControls.valueDisplay",
          "componentType": "TTandemText",
          "event": "textChanged",
          "time": 1622187311724,
          "parameters": {
            "oldText": "‪508 ‪nm‬‬",
            "newText": "‪512 ‪nm‬‬"
          }
        }
      ]
    }
  ]
}
{
  "messageIndex": 81,
  "eventType": "user",
  "phetioID": "beersLawLab.beersLawScreen.view.wavelengthControls.wavelengthSlider.thumbInputListener",
  "componentType": "TTandemDragHandler",
  "event": "dragged",
  "time": 1622187311739,
  "parameters": {
    "x": 314,
    "y": 278
  },
  "children": [
    {
      "messageIndex": 82,
      "eventType": "model",
      "phetioID": "beersLawLab.beersLawScreen.model.light.wavelengthProperty",
      "componentType": "TProperty",
      "event": "changed",
      "time": 1622187311739,
      "parameters": {
        "oldValue": 512,
        "newValue": 526
      },
      "children": [
        {
          "messageIndex": 83,
          "eventType": "model",
          "phetioID": "beersLawLab.beersLawScreen.model.detector.valueProperty",
          "componentType": "TDerivedProperty",
          "event": "changed",
          "time": 1622187311739,
          "parameters": {
            "oldValue": 44.30982144892988,
            "newValue": 46.280708623811314
          },
          "children": [
            {
              "messageIndex": 84,
              "eventType": "model",
              "phetioID": "beersLawLab.beersLawScreen.view.detectorNode.bodyNode.valueNode",
              "componentType": "TTandemText",
              "event": "textChanged",
              "time": 1622187311740,
              "parameters": {
                "oldText": "‪44.31%‬",
                "newText": "‪46.28%‬"
              }
            }
          ]
        },
        {
          "messageIndex": 85,
          "eventType": "model",
          "phetioID": "beersLawLab.beersLawScreen.view.wavelengthControls.valueDisplay",
          "componentType": "TTandemText",
          "event": "textChanged",
          "time": 1622187311741,
          "parameters": {
            "oldText": "‪512 ‪nm‬‬",
            "newText": "‪526 ‪nm‬‬"
          }
        }
      ]
    }
  ]
}
{
  "messageIndex": 86,
  "eventType": "user",
  "phetioID": "beersLawLab.beersLawScreen.view.wavelengthControls.wavelengthSlider.thumbInputListener",
  "componentType": "TTandemDragHandler",
  "event": "dragged",
  "time": 1622187311756,
  "parameters": {
    "x": 318,
    "y": 278
  },
  "children": [
    {
      "messageIndex": 87,
      "eventType": "model",
      "phetioID": "beersLawLab.beersLawScreen.model.light.wavelengthProperty",
      "componentType": "TProperty",
      "event": "changed",
      "time": 1622187311756,
      "parameters": {
        "oldValue": 526,
        "newValue": 544
      },
      "children": [
        {
          "messageIndex": 88,
          "eventType": "model",
          "phetioID": "beersLawLab.beersLawScreen.model.detector.valueProperty",
          "componentType": "TDerivedProperty",
          "event": "changed",
          "time": 1622187311756,
          "parameters": {
            "oldValue": 46.280708623811314,
            "newValue": 56.61089226332157
          },
          "children": [
            {
              "messageIndex": 89,
              "eventType": "model",
              "phetioID": "beersLawLab.beersLawScreen.view.detectorNode.bodyNode.valueNode",
              "componentType": "TTandemText",
              "event": "textChanged",
              "time": 1622187311756,
              "parameters": {
                "oldText": "‪46.28%‬",
                "newText": "‪56.61%‬"
              }
            }
          ]
        },
        {
          "messageIndex": 90,
          "eventType": "model",
          "phetioID": "beersLawLab.beersLawScreen.view.wavelengthControls.valueDisplay",
          "componentType": "TTandemText",
          "event": "textChanged",
          "time": 1622187311757,
          "parameters": {
            "oldText": "‪526 ‪nm‬‬",
            "newText": "‪544 ‪nm‬‬"
          }
        }
      ]
    }
  ]
}
{
  "messageIndex": 91,
  "eventType": "user",
  "phetioID": "beersLawLab.beersLawScreen.view.wavelengthControls.wavelengthSlider.thumbInputListener",
  "componentType": "TTandemDragHandler",
  "event": "dragged",
  "time": 1622187311773,
  "parameters": {
    "x": 322,
    "y": 278
  },
  "children": [
    {
      "messageIndex": 92,
      "eventType": "model",
      "phetioID": "beersLawLab.beersLawScreen.model.light.wavelengthProperty",
      "componentType": "TProperty",
      "event": "changed",
      "time": 1622187311773,
      "parameters": {
        "oldValue": 544,
        "newValue": 563
      },
      "children": [
        {
          "messageIndex": 93,
          "eventType": "model",
          "phetioID": "beersLawLab.beersLawScreen.model.detector.valueProperty",
          "componentType": "TDerivedProperty",
          "event": "changed",
          "time": 1622187311773,
          "parameters": {
            "oldValue": 56.61089226332157,
            "newValue": 80.5749417091451
          },
          "children": [
            {
              "messageIndex": 94,
              "eventType": "model",
              "phetioID": "beersLawLab.beersLawScreen.view.detectorNode.bodyNode.valueNode",
              "componentType": "TTandemText",
              "event": "textChanged",
              "time": 1622187311773,
              "parameters": {
                "oldText": "‪56.61%‬",
                "newText": "‪80.57%‬"
              }
            }
          ]
        },
        {
          "messageIndex": 95,
          "eventType": "model",
          "phetioID": "beersLawLab.beersLawScreen.view.wavelengthControls.valueDisplay",
          "componentType": "TTandemText",
          "event": "textChanged",
          "time": 1622187311773,
          "parameters": {
            "oldText": "‪544 ‪nm‬‬",
            "newText": "‪563 ‪nm‬‬"
          }
        }
      ]
    }
  ]
}
{
  "messageIndex": 96,
  "eventType": "user",
  "phetioID": "beersLawLab.beersLawScreen.view.wavelengthControls.wavelengthSlider.thumbInputListener",
  "componentType": "TTandemDragHandler",
  "event": "dragged",
  "time": 1622187311789,
  "parameters": {
    "x": 325,
    "y": 278
  },
  "children": [
    {
      "messageIndex": 97,
      "eventType": "model",
      "phetioID": "beersLawLab.beersLawScreen.model.light.wavelengthProperty",
      "componentType": "TProperty",
      "event": "changed",
      "time": 1622187311789,
      "parameters": {
        "oldValue": 563,
        "newValue": 576
      },
      "children": [
        {
          "messageIndex": 98,
          "eventType": "model",
          "phetioID": "beersLawLab.beersLawScreen.model.detector.valueProperty",
          "componentType": "TDerivedProperty",
          "event": "changed",
          "time": 1622187311789,
          "parameters": {
            "oldValue": 80.5749417091451,
            "newValue": 91.51662592812754
          },
          "children": [
            {
              "messageIndex": 99,
              "eventType": "model",
              "phetioID": "beersLawLab.beersLawScreen.view.detectorNode.bodyNode.valueNode",
              "componentType": "TTandemText",
              "event": "textChanged",
              "time": 1622187311789,
              "parameters": {
                "oldText": "‪80.57%‬",
                "newText": "‪91.52%‬"
              }
            }
          ]
        },
        {
          "messageIndex": 100,
          "eventType": "model",
          "phetioID": "beersLawLab.beersLawScreen.view.wavelengthControls.valueDisplay",
          "componentType": "TTandemText",
          "event": "textChanged",
          "time": 1622187311790,
          "parameters": {
            "oldText": "‪563 ‪nm‬‬",
            "newText": "‪576 ‪nm‬‬"
          }
        }
      ]
    }
  ]
}
{
  "messageIndex": 101,
  "eventType": "user",
  "phetioID": "beersLawLab.beersLawScreen.view.wavelengthControls.wavelengthSlider.thumbInputListener",
  "componentType": "TTandemDragHandler",
  "event": "dragged",
  "time": 1622187311806,
  "parameters": {
    "x": 332,
    "y": 278
  },
  "children": [
    {
      "messageIndex": 102,
      "eventType": "model",
      "phetioID": "beersLawLab.beersLawScreen.model.light.wavelengthProperty",
      "componentType": "TProperty",
      "event": "changed",
      "time": 1622187311806,
      "parameters": {
        "oldValue": 576,
        "newValue": 609
      },
      "children": [
        {
          "messageIndex": 103,
          "eventType": "model",
          "phetioID": "beersLawLab.beersLawScreen.model.detector.valueProperty",
          "componentType": "TDerivedProperty",
          "event": "changed",
          "time": 1622187311806,
          "parameters": {
            "oldValue": 91.51662592812754,
            "newValue": 95.89589129147387
          },
          "children": [
            {
              "messageIndex": 104,
              "eventType": "model",
              "phetioID": "beersLawLab.beersLawScreen.view.detectorNode.bodyNode.valueNode",
              "componentType": "TTandemText",
              "event": "textChanged",
              "time": 1622187311806,
              "parameters": {
                "oldText": "‪91.52%‬",
                "newText": "‪95.90%‬"
              }
            }
          ]
        },
        {
          "messageIndex": 105,
          "eventType": "model",
          "phetioID": "beersLawLab.beersLawScreen.view.wavelengthControls.valueDisplay",
          "componentType": "TTandemText",
          "event": "textChanged",
          "time": 1622187311806,
          "parameters": {
            "oldText": "‪576 ‪nm‬‬",
            "newText": "‪609 ‪nm‬‬"
          }
        }
      ]
    }
  ]
}
{
  "messageIndex": 106,
  "eventType": "user",
  "phetioID": "beersLawLab.beersLawScreen.view.wavelengthControls.wavelengthSlider.thumbInputListener",
  "componentType": "TTandemDragHandler",
  "event": "dragged",
  "time": 1622187311823,
  "parameters": {
    "x": 338,
    "y": 278
  },
  "children": [
    {
      "messageIndex": 107,
      "eventType": "model",
      "phetioID": "beersLawLab.beersLawScreen.model.light.wavelengthProperty",
      "componentType": "TProperty",
      "event": "changed",
      "time": 1622187311823,
      "parameters": {
        "oldValue": 609,
        "newValue": 636
      },
      "children": [
        {
          "messageIndex": 108,
          "eventType": "model",
          "phetioID": "beersLawLab.beersLawScreen.view.wavelengthControls.valueDisplay",
          "componentType": "TTandemText",
          "event": "textChanged",
          "time": 1622187311823,
          "parameters": {
            "oldText": "‪609 ‪nm‬‬",
            "newText": "‪636 ‪nm‬‬"
          }
        }
      ]
    }
  ]
}
{
  "messageIndex": 109,
  "eventType": "user",
  "phetioID": "beersLawLab.beersLawScreen.view.wavelengthControls.wavelengthSlider.thumbInputListener",
  "componentType": "TTandemDragHandler",
  "event": "dragged",
  "time": 1622187311839,
  "parameters": {
    "x": 345,
    "y": 276
  },
  "children": [
    {
      "messageIndex": 110,
      "eventType": "model",
      "phetioID": "beersLawLab.beersLawScreen.model.light.wavelengthProperty",
      "componentType": "TProperty",
      "event": "changed",
      "time": 1622187311839,
      "parameters": {
        "oldValue": 636,
        "newValue": 668
      },
      "children": [
        {
          "messageIndex": 111,
          "eventType": "model",
          "phetioID": "beersLawLab.beersLawScreen.model.detector.valueProperty",
          "componentType": "TDerivedProperty",
          "event": "changed",
          "time": 1622187311839,
          "parameters": {
            "oldValue": 95.89589129147387,
            "newValue": 96.36071193384268
          },
          "children": [
            {
              "messageIndex": 112,
              "eventType": "model",
              "phetioID": "beersLawLab.beersLawScreen.view.detectorNode.bodyNode.valueNode",
              "componentType": "TTandemText",
              "event": "textChanged",
              "time": 1622187311839,
              "parameters": {
                "oldText": "‪95.90%‬",
                "newText": "‪96.36%‬"
              }
            }
          ]
        },
        {
          "messageIndex": 113,
          "eventType": "model",
          "phetioID": "beersLawLab.beersLawScreen.view.wavelengthControls.valueDisplay",
          "componentType": "TTandemText",
          "event": "textChanged",
          "time": 1622187311840,
          "parameters": {
            "oldText": "‪636 ‪nm‬‬",
            "newText": "‪668 ‪nm‬‬"
          }
        }
      ]
    }
  ]
}
{
  "messageIndex": 114,
  "eventType": "user",
  "phetioID": "beersLawLab.beersLawScreen.view.wavelengthControls.wavelengthSlider.thumbInputListener",
  "componentType": "TTandemDragHandler",
  "event": "dragged",
  "time": 1622187311856,
  "parameters": {
    "x": 349,
    "y": 276
  },
  "children": [
    {
      "messageIndex": 115,
      "eventType": "model",
      "phetioID": "beersLawLab.beersLawScreen.model.light.wavelengthProperty",
      "componentType": "TProperty",
      "event": "changed",
      "time": 1622187311856,
      "parameters": {
        "oldValue": 668,
        "newValue": 687
      },
      "children": [
        {
          "messageIndex": 116,
          "eventType": "model",
          "phetioID": "beersLawLab.beersLawScreen.model.detector.valueProperty",
          "componentType": "TDerivedProperty",
          "event": "changed",
          "time": 1622187311856,
          "parameters": {
            "oldValue": 96.36071193384268,
            "newValue": 96.20552191862147
          },
          "children": [
            {
              "messageIndex": 117,
              "eventType": "model",
              "phetioID": "beersLawLab.beersLawScreen.view.detectorNode.bodyNode.valueNode",
              "componentType": "TTandemText",
              "event": "textChanged",
              "time": 1622187311856,
              "parameters": {
                "oldText": "‪96.36%‬",
                "newText": "‪96.21%‬"
              }
            }
          ]
        },
        {
          "messageIndex": 118,
          "eventType": "model",
          "phetioID": "beersLawLab.beersLawScreen.view.wavelengthControls.valueDisplay",
          "componentType": "TTandemText",
          "event": "textChanged",
          "time": 1622187311857,
          "parameters": {
            "oldText": "‪668 ‪nm‬‬",
            "newText": "‪687 ‪nm‬‬"
          }
        }
      ]
    }
  ]
}
{
  "messageIndex": 119,
  "eventType": "user",
  "phetioID": "beersLawLab.beersLawScreen.view.wavelengthControls.wavelengthSlider.thumbInputListener",
  "componentType": "TTandemDragHandler",
  "event": "dragged",
  "time": 1622187311873,
  "parameters": {
    "x": 354,
    "y": 276
  },
  "children": [
    {
      "messageIndex": 120,
      "eventType": "model",
      "phetioID": "beersLawLab.beersLawScreen.model.light.wavelengthProperty",
      "componentType": "TProperty",
      "event": "changed",
      "time": 1622187311873,
      "parameters": {
        "oldValue": 687,
        "newValue": 710
      },
      "children": [
        {
          "messageIndex": 121,
          "eventType": "model",
          "phetioID": "beersLawLab.beersLawScreen.model.detector.valueProperty",
          "componentType": "TDerivedProperty",
          "event": "changed",
          "time": 1622187311873,
          "parameters": {
            "oldValue": 96.20552191862147,
            "newValue": 96.36071193384268
          },
          "children": [
            {
              "messageIndex": 122,
              "eventType": "model",
              "phetioID": "beersLawLab.beersLawScreen.view.detectorNode.bodyNode.valueNode",
              "componentType": "TTandemText",
              "event": "textChanged",
              "time": 1622187311873,
              "parameters": {
                "oldText": "‪96.21%‬",
                "newText": "‪96.36%‬"
              }
            }
          ]
        },
        {
          "messageIndex": 123,
          "eventType": "model",
          "phetioID": "beersLawLab.beersLawScreen.view.wavelengthControls.valueDisplay",
          "componentType": "TTandemText",
          "event": "textChanged",
          "time": 1622187311873,
          "parameters": {
            "oldText": "‪687 ‪nm‬‬",
            "newText": "‪710 ‪nm‬‬"
          }
        }
      ]
    }
  ]
}
{
  "messageIndex": 124,
  "eventType": "user",
  "phetioID": "beersLawLab.beersLawScreen.view.wavelengthControls.wavelengthSlider.thumbInputListener",
  "componentType": "TTandemDragHandler",
  "event": "dragged",
  "time": 1622187311889,
  "parameters": {
    "x": 356,
    "y": 276
  },
  "children": [
    {
      "messageIndex": 125,
      "eventType": "model",
      "phetioID": "beersLawLab.beersLawScreen.model.light.wavelengthProperty",
      "componentType": "TProperty",
      "event": "changed",
      "time": 1622187311889,
      "parameters": {
        "oldValue": 710,
        "newValue": 719
      },
      "children": [
        {
          "messageIndex": 126,
          "eventType": "model",
          "phetioID": "beersLawLab.beersLawScreen.model.detector.valueProperty",
          "componentType": "TDerivedProperty",
          "event": "changed",
          "time": 1622187311889,
          "parameters": {
            "oldValue": 96.36071193384268,
            "newValue": 96.67184338344543
          },
          "children": [
            {
              "messageIndex": 127,
              "eventType": "model",
              "phetioID": "beersLawLab.beersLawScreen.view.detectorNode.bodyNode.valueNode",
              "componentType": "TTandemText",
              "event": "textChanged",
              "time": 1622187311889,
              "parameters": {
                "oldText": "‪96.36%‬",
                "newText": "‪96.67%‬"
              }
            }
          ]
        },
        {
          "messageIndex": 128,
          "eventType": "model",
          "phetioID": "beersLawLab.beersLawScreen.view.wavelengthControls.valueDisplay",
          "componentType": "TTandemText",
          "event": "textChanged",
          "time": 1622187311890,
          "parameters": {
            "oldText": "‪710 ‪nm‬‬",
            "newText": "‪719 ‪nm‬‬"
          }
        }
      ]
    }
  ]
}
{
  "messageIndex": 129,
  "eventType": "user",
  "phetioID": "beersLawLab.beersLawScreen.view.wavelengthControls.wavelengthSlider.thumbInputListener",
  "componentType": "TTandemDragHandler",
  "event": "dragged",
  "time": 1622187311906,
  "parameters": {
    "x": 357,
    "y": 276
  },
  "children": [
    {
      "messageIndex": 130,
      "eventType": "model",
      "phetioID": "beersLawLab.beersLawScreen.model.light.wavelengthProperty",
      "componentType": "TProperty",
      "event": "changed",
      "time": 1622187311906,
      "parameters": {
        "oldValue": 719,
        "newValue": 724
      },
      "children": [
        {
          "messageIndex": 131,
          "eventType": "model",
          "phetioID": "beersLawLab.beersLawScreen.view.wavelengthControls.valueDisplay",
          "componentType": "TTandemText",
          "event": "textChanged",
          "time": 1622187311906,
          "parameters": {
            "oldText": "‪719 ‪nm‬‬",
            "newText": "‪724 ‪nm‬‬"
          }
        }
      ]
    }
  ]
}
{
  "messageIndex": 132,
  "eventType": "user",
  "phetioID": "beersLawLab.beersLawScreen.view.wavelengthControls.wavelengthSlider.thumbInputListener",
  "componentType": "TTandemDragHandler",
  "event": "dragged",
  "time": 1622187311923,
  "parameters": {
    "x": 358,
    "y": 276
  },
  "children": [
    {
      "messageIndex": 133,
      "eventType": "model",
      "phetioID": "beersLawLab.beersLawScreen.model.light.wavelengthProperty",
      "componentType": "TProperty",
      "event": "changed",
      "time": 1622187311923,
      "parameters": {
        "oldValue": 724,
        "newValue": 728
      },
      "children": [
        {
          "messageIndex": 134,
          "eventType": "model",
          "phetioID": "beersLawLab.beersLawScreen.model.detector.valueProperty",
          "componentType": "TDerivedProperty",
          "event": "changed",
          "time": 1622187311923,
          "parameters": {
            "oldValue": 96.67184338344543,
            "newValue": 96.05058183867307
          },
          "children": [
            {
              "messageIndex": 135,
              "eventType": "model",
              "phetioID": "beersLawLab.beersLawScreen.view.detectorNode.bodyNode.valueNode",
              "componentType": "TTandemText",
              "event": "textChanged",
              "time": 1622187311923,
              "parameters": {
                "oldText": "‪96.67%‬",
                "newText": "‪96.05%‬"
              }
            }
          ]
        },
        {
          "messageIndex": 136,
          "eventType": "model",
          "phetioID": "beersLawLab.beersLawScreen.view.wavelengthControls.valueDisplay",
          "componentType": "TTandemText",
          "event": "textChanged",
          "time": 1622187311923,
          "parameters": {
            "oldText": "‪724 ‪nm‬‬",
            "newText": "‪728 ‪nm‬‬"
          }
        }
      ]
    }
  ]
}
{
  "messageIndex": 137,
  "eventType": "user",
  "phetioID": "beersLawLab.beersLawScreen.view.wavelengthControls.wavelengthSlider.thumbInputListener",
  "componentType": "TTandemDragHandler",
  "event": "dragged",
  "time": 1622187311939,
  "parameters": {
    "x": 359,
    "y": 276
  },
  "children": [
    {
      "messageIndex": 138,
      "eventType": "model",
      "phetioID": "beersLawLab.beersLawScreen.model.light.wavelengthProperty",
      "componentType": "TProperty",
      "event": "changed",
      "time": 1622187311939,
      "parameters": {
        "oldValue": 728,
        "newValue": 733
      },
      "children": [
        {
          "messageIndex": 139,
          "eventType": "model",
          "phetioID": "beersLawLab.beersLawScreen.model.detector.valueProperty",
          "componentType": "TDerivedProperty",
          "event": "changed",
          "time": 1622187311939,
          "parameters": {
            "oldValue": 96.05058183867307,
            "newValue": 96.82778562612492
          },
          "children": [
            {
              "messageIndex": 140,
              "eventType": "model",
              "phetioID": "beersLawLab.beersLawScreen.view.detectorNode.bodyNode.valueNode",
              "componentType": "TTandemText",
              "event": "textChanged",
              "time": 1622187311939,
              "parameters": {
                "oldText": "‪96.05%‬",
                "newText": "‪96.83%‬"
              }
            }
          ]
        },
        {
          "messageIndex": 141,
          "eventType": "model",
          "phetioID": "beersLawLab.beersLawScreen.view.wavelengthControls.valueDisplay",
          "componentType": "TTandemText",
          "event": "textChanged",
          "time": 1622187311940,
          "parameters": {
            "oldText": "‪728 ‪nm‬‬",
            "newText": "‪733 ‪nm‬‬"
          }
        }
      ]
    }
  ]
}
{
  "messageIndex": 142,
  "eventType": "user",
  "phetioID": "beersLawLab.beersLawScreen.view.wavelengthControls.wavelengthSlider.thumbInputListener",
  "componentType": "TTandemDragHandler",
  "event": "dragged",
  "time": 1622187311956,
  "parameters": {
    "x": 360,
    "y": 276
  },
  "children": [
    {
      "messageIndex": 143,
      "eventType": "model",
      "phetioID": "beersLawLab.beersLawScreen.model.light.wavelengthProperty",
      "componentType": "TProperty",
      "event": "changed",
      "time": 1622187311956,
      "parameters": {
        "oldValue": 733,
        "newValue": 737
      },
      "children": [
        {
          "messageIndex": 144,
          "eventType": "model",
          "phetioID": "beersLawLab.beersLawScreen.model.detector.valueProperty",
          "componentType": "TDerivedProperty",
          "event": "changed",
          "time": 1622187311956,
          "parameters": {
            "oldValue": 96.82778562612492,
            "newValue": 96.51615228750958
          },
          "children": [
            {
              "messageIndex": 145,
              "eventType": "model",
              "phetioID": "beersLawLab.beersLawScreen.view.detectorNode.bodyNode.valueNode",
              "componentType": "TTandemText",
              "event": "textChanged",
              "time": 1622187311956,
              "parameters": {
                "oldText": "‪96.83%‬",
                "newText": "‪96.52%‬"
              }
            }
          ]
        },
        {
          "messageIndex": 146,
          "eventType": "model",
          "phetioID": "beersLawLab.beersLawScreen.view.wavelengthControls.valueDisplay",
          "componentType": "TTandemText",
          "event": "textChanged",
          "time": 1622187311956,
          "parameters": {
            "oldText": "‪733 ‪nm‬‬",
            "newText": "‪737 ‪nm‬‬"
          }
        }
      ]
    }
  ]
}
{
  "messageIndex": 147,
  "eventType": "user",
  "phetioID": "beersLawLab.beersLawScreen.view.wavelengthControls.wavelengthSlider.thumbInputListener",
  "componentType": "TTandemDragHandler",
  "event": "dragged",
  "time": 1622187311973,
  "parameters": {
    "x": 361,
    "y": 276
  },
  "children": [
    {
      "messageIndex": 148,
      "eventType": "model",
      "phetioID": "beersLawLab.beersLawScreen.model.light.wavelengthProperty",
      "componentType": "TProperty",
      "event": "changed",
      "time": 1622187311973,
      "parameters": {
        "oldValue": 737,
        "newValue": 742
      },
      "children": [
        {
          "messageIndex": 149,
          "eventType": "model",
          "phetioID": "beersLawLab.beersLawScreen.model.detector.valueProperty",
          "componentType": "TDerivedProperty",
          "event": "changed",
          "time": 1622187311973,
          "parameters": {
            "oldValue": 96.51615228750958,
            "newValue": 96.05058183867307
          },
          "children": [
            {
              "messageIndex": 150,
              "eventType": "model",
              "phetioID": "beersLawLab.beersLawScreen.view.detectorNode.bodyNode.valueNode",
              "componentType": "TTandemText",
              "event": "textChanged",
              "time": 1622187311973,
              "parameters": {
                "oldText": "‪96.52%‬",
                "newText": "‪96.05%‬"
              }
            }
          ]
        },
        {
          "messageIndex": 151,
          "eventType": "model",
          "phetioID": "beersLawLab.beersLawScreen.view.wavelengthControls.valueDisplay",
          "componentType": "TTandemText",
          "event": "textChanged",
          "time": 1622187311973,
          "parameters": {
            "oldText": "‪737 ‪nm‬‬",
            "newText": "‪742 ‪nm‬‬"
          }
        }
      ]
    }
  ]
}
{
  "messageIndex": 152,
  "eventType": "user",
  "phetioID": "beersLawLab.beersLawScreen.view.wavelengthControls.wavelengthSlider.thumbInputListener",
  "componentType": "TTandemDragHandler",
  "event": "dragged",
  "time": 1622187311989,
  "parameters": {
    "x": 362,
    "y": 276
  },
  "children": [
    {
      "messageIndex": 153,
      "eventType": "model",
      "phetioID": "beersLawLab.beersLawScreen.model.light.wavelengthProperty",
      "componentType": "TProperty",
      "event": "changed",
      "time": 1622187311989,
      "parameters": {
        "oldValue": 742,
        "newValue": 747
      },
      "children": [
        {
          "messageIndex": 154,
          "eventType": "model",
          "phetioID": "beersLawLab.beersLawScreen.model.detector.valueProperty",
          "componentType": "TDerivedProperty",
          "event": "changed",
          "time": 1622187311989,
          "parameters": {
            "oldValue": 96.05058183867307,
            "newValue": 96.36071193384268
          },
          "children": [
            {
              "messageIndex": 155,
              "eventType": "model",
              "phetioID": "beersLawLab.beersLawScreen.view.detectorNode.bodyNode.valueNode",
              "componentType": "TTandemText",
              "event": "textChanged",
              "time": 1622187311989,
              "parameters": {
                "oldText": "‪96.05%‬",
                "newText": "‪96.36%‬"
              }
            }
          ]
        },
        {
          "messageIndex": 156,
          "eventType": "model",
          "phetioID": "beersLawLab.beersLawScreen.view.wavelengthControls.valueDisplay",
          "componentType": "TTandemText",
          "event": "textChanged",
          "time": 1622187311990,
          "parameters": {
            "oldText": "‪742 ‪nm‬‬",
            "newText": "‪747 ‪nm‬‬"
          }
        }
      ]
    }
  ]
}
{
  "messageIndex": 157,
  "eventType": "user",
  "phetioID": "beersLawLab.beersLawScreen.view.wavelengthControls.wavelengthSlider.thumbInputListener",
  "componentType": "TTandemDragHandler",
  "event": "dragged",
  "time": 1622187312123,
  "parameters": {
    "x": 360,
    "y": 276
  },
  "children": [
    {
      "messageIndex": 158,
      "eventType": "model",
      "phetioID": "beersLawLab.beersLawScreen.model.light.wavelengthProperty",
      "componentType": "TProperty",
      "event": "changed",
      "time": 1622187312123,
      "parameters": {
        "oldValue": 747,
        "newValue": 737
      },
      "children": [
        {
          "messageIndex": 159,
          "eventType": "model",
          "phetioID": "beersLawLab.beersLawScreen.model.detector.valueProperty",
          "componentType": "TDerivedProperty",
          "event": "changed",
          "time": 1622187312123,
          "parameters": {
            "oldValue": 96.36071193384268,
            "newValue": 96.51615228750958
          },
          "children": [
            {
              "messageIndex": 160,
              "eventType": "model",
              "phetioID": "beersLawLab.beersLawScreen.view.detectorNode.bodyNode.valueNode",
              "componentType": "TTandemText",
              "event": "textChanged",
              "time": 1622187312123,
              "parameters": {
                "oldText": "‪96.36%‬",
                "newText": "‪96.52%‬"
              }
            }
          ]
        },
        {
          "messageIndex": 161,
          "eventType": "model",
          "phetioID": "beersLawLab.beersLawScreen.view.wavelengthControls.valueDisplay",
          "componentType": "TTandemText",
          "event": "textChanged",
          "time": 1622187312124,
          "parameters": {
            "oldText": "‪747 ‪nm‬‬",
            "newText": "‪737 ‪nm‬‬"
          }
        }
      ]
    }
  ]
}
{
  "messageIndex": 162,
  "eventType": "user",
  "phetioID": "beersLawLab.beersLawScreen.view.wavelengthControls.wavelengthSlider.thumbInputListener",
  "componentType": "TTandemDragHandler",
  "event": "dragged",
  "time": 1622187312139,
  "parameters": {
    "x": 353,
    "y": 275
  },
  "children": [
    {
      "messageIndex": 163,
      "eventType": "model",
      "phetioID": "beersLawLab.beersLawScreen.model.light.wavelengthProperty",
      "componentType": "TProperty",
      "event": "changed",
      "time": 1622187312139,
      "parameters": {
        "oldValue": 737,
        "newValue": 705
      },
      "children": [
        {
          "messageIndex": 164,
          "eventType": "model",
          "phetioID": "beersLawLab.beersLawScreen.model.detector.valueProperty",
          "componentType": "TDerivedProperty",
          "event": "changed",
          "time": 1622187312139,
          "parameters": {
            "oldValue": 96.51615228750958,
            "newValue": 96.67184338344543
          },
          "children": [
            {
              "messageIndex": 165,
              "eventType": "model",
              "phetioID": "beersLawLab.beersLawScreen.view.detectorNode.bodyNode.valueNode",
              "componentType": "TTandemText",
              "event": "textChanged",
              "time": 1622187312140,
              "parameters": {
                "oldText": "‪96.52%‬",
                "newText": "‪96.67%‬"
              }
            }
          ]
        },
        {
          "messageIndex": 166,
          "eventType": "model",
          "phetioID": "beersLawLab.beersLawScreen.view.wavelengthControls.valueDisplay",
          "componentType": "TTandemText",
          "event": "textChanged",
          "time": 1622187312140,
          "parameters": {
            "oldText": "‪737 ‪nm‬‬",
            "newText": "‪705 ‪nm‬‬"
          }
        }
      ]
    }
  ]
}
{
  "messageIndex": 167,
  "eventType": "user",
  "phetioID": "beersLawLab.beersLawScreen.view.wavelengthControls.wavelengthSlider.thumbInputListener",
  "componentType": "TTandemDragHandler",
  "event": "dragged",
  "time": 1622187312156,
  "parameters": {
    "x": 348,
    "y": 274
  },
  "children": [
    {
      "messageIndex": 168,
      "eventType": "model",
      "phetioID": "beersLawLab.beersLawScreen.model.light.wavelengthProperty",
      "componentType": "TProperty",
      "event": "changed",
      "time": 1622187312156,
      "parameters": {
        "oldValue": 705,
        "newValue": 682
      },
      "children": [
        {
          "messageIndex": 169,
          "eventType": "model",
          "phetioID": "beersLawLab.beersLawScreen.model.detector.valueProperty",
          "componentType": "TDerivedProperty",
          "event": "changed",
          "time": 1622187312156,
          "parameters": {
            "oldValue": 96.67184338344543,
            "newValue": 96.20552191862147
          },
          "children": [
            {
              "messageIndex": 170,
              "eventType": "model",
              "phetioID": "beersLawLab.beersLawScreen.view.detectorNode.bodyNode.valueNode",
              "componentType": "TTandemText",
              "event": "textChanged",
              "time": 1622187312156,
              "parameters": {
                "oldText": "‪96.67%‬",
                "newText": "‪96.21%‬"
              }
            }
          ]
        },
        {
          "messageIndex": 171,
          "eventType": "model",
          "phetioID": "beersLawLab.beersLawScreen.view.wavelengthControls.valueDisplay",
          "componentType": "TTandemText",
          "event": "textChanged",
          "time": 1622187312156,
          "parameters": {
            "oldText": "‪705 ‪nm‬‬",
            "newText": "‪682 ‪nm‬‬"
          }
        }
      ]
    }
  ]
}
{
  "messageIndex": 172,
  "eventType": "user",
  "phetioID": "beersLawLab.beersLawScreen.view.wavelengthControls.wavelengthSlider.thumbInputListener",
  "componentType": "TTandemDragHandler",
  "event": "dragged",
  "time": 1622187312173,
  "parameters": {
    "x": 342,
    "y": 273
  },
  "children": [
    {
      "messageIndex": 173,
      "eventType": "model",
      "phetioID": "beersLawLab.beersLawScreen.model.light.wavelengthProperty",
      "componentType": "TProperty",
      "event": "changed",
      "time": 1622187312173,
      "parameters": {
        "oldValue": 682,
        "newValue": 655
      },
      "children": [
        {
          "messageIndex": 174,
          "eventType": "model",
          "phetioID": "beersLawLab.beersLawScreen.model.detector.valueProperty",
          "componentType": "TDerivedProperty",
          "event": "changed",
          "time": 1622187312173,
          "parameters": {
            "oldValue": 96.20552191862147,
            "newValue": 96.05058183867307
          },
          "children": [
            {
              "messageIndex": 175,
              "eventType": "model",
              "phetioID": "beersLawLab.beersLawScreen.view.detectorNode.bodyNode.valueNode",
              "componentType": "TTandemText",
              "event": "textChanged",
              "time": 1622187312173,
              "parameters": {
                "oldText": "‪96.21%‬",
                "newText": "‪96.05%‬"
              }
            }
          ]
        },
        {
          "messageIndex": 176,
          "eventType": "model",
          "phetioID": "beersLawLab.beersLawScreen.view.wavelengthControls.valueDisplay",
          "componentType": "TTandemText",
          "event": "textChanged",
          "time": 1622187312173,
          "parameters": {
            "oldText": "‪682 ‪nm‬‬",
            "newText": "‪655 ‪nm‬‬"
          }
        }
      ]
    }
  ]
}
{
  "messageIndex": 177,
  "eventType": "user",
  "phetioID": "beersLawLab.beersLawScreen.view.wavelengthControls.wavelengthSlider.thumbInputListener",
  "componentType": "TTandemDragHandler",
  "event": "dragged",
  "time": 1622187312189,
  "parameters": {
    "x": 326,
    "y": 270
  },
  "children": [
    {
      "messageIndex": 178,
      "eventType": "model",
      "phetioID": "beersLawLab.beersLawScreen.model.light.wavelengthProperty",
      "componentType": "TProperty",
      "event": "changed",
      "time": 1622187312189,
      "parameters": {
        "oldValue": 655,
        "newValue": 581
      },
      "children": [
        {
          "messageIndex": 179,
          "eventType": "model",
          "phetioID": "beersLawLab.beersLawScreen.model.detector.valueProperty",
          "componentType": "TDerivedProperty",
          "event": "changed",
          "time": 1622187312189,
          "parameters": {
            "oldValue": 96.05058183867307,
            "newValue": 93.75620069258802
          },
          "children": [
            {
              "messageIndex": 180,
              "eventType": "model",
              "phetioID": "beersLawLab.beersLawScreen.view.detectorNode.bodyNode.valueNode",
              "componentType": "TTandemText",
              "event": "textChanged",
              "time": 1622187312190,
              "parameters": {
                "oldText": "‪96.05%‬",
                "newText": "‪93.76%‬"
              }
            }
          ]
        },
        {
          "messageIndex": 181,
          "eventType": "model",
          "phetioID": "beersLawLab.beersLawScreen.view.wavelengthControls.valueDisplay",
          "componentType": "TTandemText",
          "event": "textChanged",
          "time": 1622187312190,
          "parameters": {
            "oldText": "‪655 ‪nm‬‬",
            "newText": "‪581 ‪nm‬‬"
          }
        }
      ]
    }
  ]
}
{
  "messageIndex": 182,
  "eventType": "user",
  "phetioID": "beersLawLab.beersLawScreen.view.wavelengthControls.wavelengthSlider.thumbInputListener",
  "componentType": "TTandemDragHandler",
  "event": "dragged",
  "time": 1622187312211,
  "parameters": {
    "x": 310,
    "y": 266
  },
  "children": [
    {
      "messageIndex": 183,
      "eventType": "model",
      "phetioID": "beersLawLab.beersLawScreen.model.light.wavelengthProperty",
      "componentType": "TProperty",
      "event": "changed",
      "time": 1622187312211,
      "parameters": {
        "oldValue": 581,
        "newValue": 508
      },
      "children": [
        {
          "messageIndex": 184,
          "eventType": "model",
          "phetioID": "beersLawLab.beersLawScreen.model.detector.valueProperty",
          "componentType": "TDerivedProperty",
          "event": "changed",
          "time": 1622187312211,
          "parameters": {
            "oldValue": 93.75620069258802,
            "newValue": 44.23845998088853
          },
          "children": [
            {
              "messageIndex": 185,
              "eventType": "model",
              "phetioID": "beersLawLab.beersLawScreen.view.detectorNode.bodyNode.valueNode",
              "componentType": "TTandemText",
              "event": "textChanged",
              "time": 1622187312212,
              "parameters": {
                "oldText": "‪93.76%‬",
                "newText": "‪44.24%‬"
              }
            }
          ]
        },
        {
          "messageIndex": 186,
          "eventType": "model",
          "phetioID": "beersLawLab.beersLawScreen.view.wavelengthControls.valueDisplay",
          "componentType": "TTandemText",
          "event": "textChanged",
          "time": 1622187312212,
          "parameters": {
            "oldText": "‪581 ‪nm‬‬",
            "newText": "‪508 ‪nm‬‬"
          }
        }
      ]
    }
  ]
}
{
  "messageIndex": 187,
  "eventType": "user",
  "phetioID": "beersLawLab.beersLawScreen.view.wavelengthControls.wavelengthSlider.thumbInputListener",
  "componentType": "TTandemDragHandler",
  "event": "dragged",
  "time": 1622187312222,
  "parameters": {
    "x": 302,
    "y": 264
  },
  "children": [
    {
      "messageIndex": 188,
      "eventType": "model",
      "phetioID": "beersLawLab.beersLawScreen.model.light.wavelengthProperty",
      "componentType": "TProperty",
      "event": "changed",
      "time": 1622187312222,
      "parameters": {
        "oldValue": 508,
        "newValue": 471
      },
      "children": [
        {
          "messageIndex": 189,
          "eventType": "model",
          "phetioID": "beersLawLab.beersLawScreen.model.detector.valueProperty",
          "componentType": "TDerivedProperty",
          "event": "changed",
          "time": 1622187312223,
          "parameters": {
            "oldValue": 44.23845998088853,
            "newValue": 58.27737747963684
          },
          "children": [
            {
              "messageIndex": 190,
              "eventType": "model",
              "phetioID": "beersLawLab.beersLawScreen.view.detectorNode.bodyNode.valueNode",
              "componentType": "TTandemText",
              "event": "textChanged",
              "time": 1622187312223,
              "parameters": {
                "oldText": "‪44.24%‬",
                "newText": "‪58.28%‬"
              }
            }
          ]
        },
        {
          "messageIndex": 191,
          "eventType": "model",
          "phetioID": "beersLawLab.beersLawScreen.view.wavelengthControls.valueDisplay",
          "componentType": "TTandemText",
          "event": "textChanged",
          "time": 1622187312223,
          "parameters": {
            "oldText": "‪508 ‪nm‬‬",
            "newText": "‪471 ‪nm‬‬"
          }
        }
      ]
    }
  ]
}
{
  "messageIndex": 192,
  "eventType": "user",
  "phetioID": "beersLawLab.beersLawScreen.view.wavelengthControls.wavelengthSlider.thumbInputListener",
  "componentType": "TTandemDragHandler",
  "event": "dragged",
  "time": 1622187312239,
  "parameters": {
    "x": 298,
    "y": 264
  },
  "children": [
    {
      "messageIndex": 193,
      "eventType": "model",
      "phetioID": "beersLawLab.beersLawScreen.model.light.wavelengthProperty",
      "componentType": "TProperty",
      "event": "changed",
      "time": 1622187312239,
      "parameters": {
        "oldValue": 471,
        "newValue": 452
      },
      "children": [
        {
          "messageIndex": 194,
          "eventType": "model",
          "phetioID": "beersLawLab.beersLawScreen.model.detector.valueProperty",
          "componentType": "TDerivedProperty",
          "event": "changed",
          "time": 1622187312239,
          "parameters": {
            "oldValue": 58.27737747963684,
            "newValue": 71.28530301265195
          },
          "children": [
            {
              "messageIndex": 195,
              "eventType": "model",
              "phetioID": "beersLawLab.beersLawScreen.view.detectorNode.bodyNode.valueNode",
              "componentType": "TTandemText",
              "event": "textChanged",
              "time": 1622187312239,
              "parameters": {
                "oldText": "‪58.28%‬",
                "newText": "‪71.29%‬"
              }
            }
          ]
        },
        {
          "messageIndex": 196,
          "eventType": "model",
          "phetioID": "beersLawLab.beersLawScreen.view.wavelengthControls.valueDisplay",
          "componentType": "TTandemText",
          "event": "textChanged",
          "time": 1622187312240,
          "parameters": {
            "oldText": "‪471 ‪nm‬‬",
            "newText": "‪452 ‪nm‬‬"
          }
        }
      ]
    }
  ]
}
{
  "messageIndex": 197,
  "eventType": "user",
  "phetioID": "beersLawLab.beersLawScreen.view.wavelengthControls.wavelengthSlider.thumbInputListener",
  "componentType": "TTandemDragHandler",
  "event": "dragged",
  "time": 1622187312256,
  "parameters": {
    "x": 294,
    "y": 262
  },
  "children": [
    {
      "messageIndex": 198,
      "eventType": "model",
      "phetioID": "beersLawLab.beersLawScreen.model.light.wavelengthProperty",
      "componentType": "TProperty",
      "event": "changed",
      "time": 1622187312256,
      "parameters": {
        "oldValue": 452,
        "newValue": 434
      },
      "children": [
        {
          "messageIndex": 199,
          "eventType": "model",
          "phetioID": "beersLawLab.beersLawScreen.model.detector.valueProperty",
          "componentType": "TDerivedProperty",
          "event": "changed",
          "time": 1622187312256,
          "parameters": {
            "oldValue": 71.28530301265195,
            "newValue": 77.39270032780553
          },
          "children": [
            {
              "messageIndex": 200,
              "eventType": "model",
              "phetioID": "beersLawLab.beersLawScreen.view.detectorNode.bodyNode.valueNode",
              "componentType": "TTandemText",
              "event": "textChanged",
              "time": 1622187312256,
              "parameters": {
                "oldText": "‪71.29%‬",
                "newText": "‪77.39%‬"
              }
            }
          ]
        },
        {
          "messageIndex": 201,
          "eventType": "model",
          "phetioID": "beersLawLab.beersLawScreen.view.wavelengthControls.valueDisplay",
          "componentType": "TTandemText",
          "event": "textChanged",
          "time": 1622187312256,
          "parameters": {
            "oldText": "‪452 ‪nm‬‬",
            "newText": "‪434 ‪nm‬‬"
          }
        }
      ]
    }
  ]
}
{
  "messageIndex": 202,
  "eventType": "user",
  "phetioID": "beersLawLab.beersLawScreen.view.wavelengthControls.wavelengthSlider.thumbInputListener",
  "componentType": "TTandemDragHandler",
  "event": "dragged",
  "time": 1622187312272,
  "parameters": {
    "x": 290,
    "y": 262
  },
  "children": [
    {
      "messageIndex": 203,
      "eventType": "model",
      "phetioID": "beersLawLab.beersLawScreen.model.light.wavelengthProperty",
      "componentType": "TProperty",
      "event": "changed",
      "time": 1622187312272,
      "parameters": {
        "oldValue": 434,
        "newValue": 416
      },
      "children": [
        {
          "messageIndex": 204,
          "eventType": "model",
          "phetioID": "beersLawLab.beersLawScreen.model.detector.valueProperty",
          "componentType": "TDerivedProperty",
          "event": "changed",
          "time": 1622187312272,
          "parameters": {
            "oldValue": 77.39270032780553,
            "newValue": 78.9041780287168
          },
          "children": [
            {
              "messageIndex": 205,
              "eventType": "model",
              "phetioID": "beersLawLab.beersLawScreen.view.detectorNode.bodyNode.valueNode",
              "componentType": "TTandemText",
              "event": "textChanged",
              "time": 1622187312272,
              "parameters": {
                "oldText": "‪77.39%‬",
                "newText": "‪78.90%‬"
              }
            }
          ]
        },
        {
          "messageIndex": 206,
          "eventType": "model",
          "phetioID": "beersLawLab.beersLawScreen.view.wavelengthControls.valueDisplay",
          "componentType": "TTandemText",
          "event": "textChanged",
          "time": 1622187312273,
          "parameters": {
            "oldText": "‪434 ‪nm‬‬",
            "newText": "‪416 ‪nm‬‬"
          }
        }
      ]
    }
  ]
}
{
  "messageIndex": 207,
  "eventType": "user",
  "phetioID": "beersLawLab.beersLawScreen.view.wavelengthControls.wavelengthSlider.thumbInputListener",
  "componentType": "TTandemDragHandler",
  "event": "dragged",
  "time": 1622187312289,
  "parameters": {
    "x": 287,
    "y": 262
  },
  "children": [
    {
      "messageIndex": 208,
      "eventType": "model",
      "phetioID": "beersLawLab.beersLawScreen.model.light.wavelengthProperty",
      "componentType": "TProperty",
      "event": "changed",
      "time": 1622187312289,
      "parameters": {
        "oldValue": 416,
        "newValue": 402
      },
      "children": [
        {
          "messageIndex": 209,
          "eventType": "model",
          "phetioID": "beersLawLab.beersLawScreen.model.detector.valueProperty",
          "componentType": "TDerivedProperty",
          "event": "changed",
          "time": 1622187312289,
          "parameters": {
            "oldValue": 78.9041780287168,
            "newValue": 79.928193986215
          },
          "children": [
            {
              "messageIndex": 210,
              "eventType": "model",
              "phetioID": "beersLawLab.beersLawScreen.view.detectorNode.bodyNode.valueNode",
              "componentType": "TTandemText",
              "event": "textChanged",
              "time": 1622187312289,
              "parameters": {
                "oldText": "‪78.90%‬",
                "newText": "‪79.93%‬"
              }
            }
          ]
        },
        {
          "messageIndex": 211,
          "eventType": "model",
          "phetioID": "beersLawLab.beersLawScreen.view.wavelengthControls.valueDisplay",
          "componentType": "TTandemText",
          "event": "textChanged",
          "time": 1622187312289,
          "parameters": {
            "oldText": "‪416 ‪nm‬‬",
            "newText": "‪402 ‪nm‬‬"
          }
        }
      ]
    }
  ]
}
{
  "messageIndex": 212,
  "eventType": "user",
  "phetioID": "beersLawLab.beersLawScreen.view.wavelengthControls.wavelengthSlider.thumbInputListener",
  "componentType": "TTandemDragHandler",
  "event": "dragged",
  "time": 1622187312306,
  "parameters": {
    "x": 281,
    "y": 262
  },
  "children": [
    {
      "messageIndex": 213,
      "eventType": "model",
      "phetioID": "beersLawLab.beersLawScreen.model.light.wavelengthProperty",
      "componentType": "TProperty",
      "event": "changed",
      "time": 1622187312306,
      "parameters": {
        "oldValue": 402,
        "newValue": 380
      },
      "children": [
        {
          "messageIndex": 214,
          "eventType": "model",
          "phetioID": "beersLawLab.beersLawScreen.model.detector.valueProperty",
          "componentType": "TDerivedProperty",
          "event": "changed",
          "time": 1622187312306,
          "parameters": {
            "oldValue": 79.928193986215,
            "newValue": 83.88803083408604
          },
          "children": [
            {
              "messageIndex": 215,
              "eventType": "model",
              "phetioID": "beersLawLab.beersLawScreen.view.detectorNode.bodyNode.valueNode",
              "componentType": "TTandemText",
              "event": "textChanged",
              "time": 1622187312306,
              "parameters": {
                "oldText": "‪79.93%‬",
                "newText": "‪83.89%‬"
              }
            }
          ]
        },
        {
          "messageIndex": 216,
          "eventType": "model",
          "phetioID": "beersLawLab.beersLawScreen.view.wavelengthControls.valueDisplay",
          "componentType": "TTandemText",
          "event": "textChanged",
          "time": 1622187312306,
          "parameters": {
            "oldText": "‪402 ‪nm‬‬",
            "newText": "‪380 ‪nm‬‬"
          }
        }
      ]
    }
  ]
}
{
  "messageIndex": 217,
  "eventType": "user",
  "phetioID": "beersLawLab.beersLawScreen.view.wavelengthControls.wavelengthSlider.thumbInputListener",
  "componentType": "TTandemDragHandler",
  "event": "dragged",
  "time": 1622187312322,
  "parameters": {
    "x": 279,
    "y": 262
  }
}
{
  "messageIndex": 218,
  "eventType": "user",
  "phetioID": "beersLawLab.beersLawScreen.view.wavelengthControls.wavelengthSlider.thumbInputListener",
  "componentType": "TTandemDragHandler",
  "event": "dragged",
  "time": 1622187312339,
  "parameters": {
    "x": 277,
    "y": 262
  }
}
{
  "messageIndex": 219,
  "eventType": "user",
  "phetioID": "beersLawLab.beersLawScreen.view.wavelengthControls.wavelengthSlider.thumbInputListener",
  "componentType": "TTandemDragHandler",
  "event": "dragged",
  "time": 1622187312356,
  "parameters": {
    "x": 276,
    "y": 262
  }
}
{
  "messageIndex": 220,
  "eventType": "user",
  "phetioID": "beersLawLab.beersLawScreen.view.wavelengthControls.wavelengthSlider.thumbInputListener",
  "componentType": "TTandemDragHandler",
  "event": "dragged",
  "time": 1622187312380,
  "parameters": {
    "x": 273,
    "y": 262
  }
}
{
  "messageIndex": 221,
  "eventType": "user",
  "phetioID": "beersLawLab.beersLawScreen.view.wavelengthControls.wavelengthSlider.thumbInputListener",
  "componentType": "TTandemDragHandler",
  "event": "dragged",
  "time": 1622187312389,
  "parameters": {
    "x": 272,
    "y": 262
  }
}
{
  "messageIndex": 222,
  "eventType": "user",
  "phetioID": "beersLawLab.beersLawScreen.view.wavelengthControls.wavelengthSlider.thumbInputListener",
  "componentType": "TTandemDragHandler",
  "event": "dragged",
  "time": 1622187312406,
  "parameters": {
    "x": 270,
    "y": 262
  }
}
{
  "messageIndex": 223,
  "eventType": "user",
  "phetioID": "beersLawLab.beersLawScreen.view.wavelengthControls.wavelengthSlider.thumbInputListener",
  "componentType": "TTandemDragHandler",
  "event": "dragged",
  "time": 1622187312423,
  "parameters": {
    "x": 269,
    "y": 262
  }
}
{
  "messageIndex": 224,
  "eventType": "user",
  "phetioID": "beersLawLab.beersLawScreen.view.wavelengthControls.wavelengthSlider.thumbInputListener",
  "componentType": "TTandemDragHandler",
  "event": "dragged",
  "time": 1622187312439,
  "parameters": {
    "x": 268,
    "y": 262
  }
}
{
  "messageIndex": 225,
  "eventType": "user",
  "phetioID": "beersLawLab.beersLawScreen.view.wavelengthControls.wavelengthSlider.thumbInputListener",
  "componentType": "TTandemDragHandler",
  "event": "dragged",
  "time": 1622187312456,
  "parameters": {
    "x": 267,
    "y": 262
  }
}
{
  "messageIndex": 226,
  "eventType": "user",
  "phetioID": "beersLawLab.beersLawScreen.view.wavelengthControls.wavelengthSlider.thumbInputListener",
  "componentType": "TTandemDragHandler",
  "event": "dragged",
  "time": 1622187312473,
  "parameters": {
    "x": 266,
    "y": 262
  }
}
{
  "messageIndex": 227,
  "eventType": "user",
  "phetioID": "beersLawLab.beersLawScreen.view.wavelengthControls.wavelengthSlider.thumbInputListener",
  "componentType": "TTandemDragHandler",
  "event": "dragEnded",
  "time": 1622187312604
}
