{
  "messageIndex": 0,
  "eventType": "wrapper",
  "phetioID": "beersLawLab.simIFrameAPI",
  "componentType": "TSimIFrameAPI",
  "event": "invoked",
  "time": 1624347266733,
  "parameters": {
    "phetioID": "phetio",
    "method": "addExpressions",
    "args": [
      []
    ],
    "messageID": 2,
    "protocol": "phet-io-0.0.1"
  }
}
{
  "messageIndex": 1,
  "eventType": "wrapper",
  "phetioID": "beersLawLab.simIFrameAPI",
  "componentType": "TSimIFrameAPI",
  "event": "invoked",
  "time": 1624347266736,
  "parameters": {
    "phetioID": "phetio",
    "method": "launchSimulation",
    "args": [],
    "messageID": 3,
    "protocol": "phet-io-0.0.1"
  }
}
{
  "messageIndex": 2,
  "eventType": "model",
  "phetioID": "beersLawLab.sim",
  "componentType": "TSim",
  "event": "simStarted",
  "time": 1624347266739,
  "parameters": {
    "sessionID": null,
    "simName": "‪Beer's Law Lab‬",
    "simVersion": "1.6.15-phetio",
    "url": "https://phet-io.colorado.edu/sims/beers-law-lab/1.6.15-phetio/beers-law-lab_en-phetio.html?production&phetioEmitStates=false&phetioEmitInputEvents=false",
    "userAgent": "Mozilla/5.0 (Windows NT 10.0; Win64; x64) AppleWebKit/537.36 (KHTML, like Gecko) Chrome/90.0.4430.85 Safari/537.36 Edg/90.0.818.46",
    "randomSeed": 0.6553071143424505,
    "provider": "PhET Interactive Simulations, University of Colorado Boulder"
  },
  "children": [
    {
      "messageIndex": 3,
      "eventType": "model",
      "phetioID": "beersLawLab.concentrationScreen.view.concentrationMeterNode.bodyNode.readoutTextNode",
      "componentType": "TTandemText",
      "event": "textChanged",
      "time": 1624347266842,
      "parameters": {
        "oldText": "‪1.000 ‪mol/L‬‬",
        "newText": "-"
      }
    },
    {
      "messageIndex": 4,
      "eventType": "model",
      "phetioID": "beersLawLab.beersLawScreen.view.detectorNode.bodyNode.valueNode",
      "componentType": "TTandemText",
      "event": "textChanged",
      "time": 1624347266887,
      "parameters": {
        "oldText": "‪100.00%‬",
        "newText": "-"
      }
    }
  ]
}
{
  "messageIndex": 5,
  "eventType": "user",
  "phetioID": "beersLawLab.homeScreen.view.beersLawScreenSmallButton",
  "componentType": "TScreenButton",
  "event": "fired",
  "time": 1624347270223,
  "children": [
    {
      "messageIndex": 6,
      "eventType": "model",
      "phetioID": "beersLawLab.sim.screenIndexProperty",
      "componentType": "TProperty",
      "event": "changed",
      "time": 1624347270223,
      "parameters": {
        "oldValue": 0,
        "newValue": 1
      }
    }
  ]
}
{
  "messageIndex": null,
  "eventType": "user",
  "phetioID": "beersLawLab.wrapper",
  "componentType": "WrapperButton",
  "event": "showPDF",
  "time": 1624347272061,
  "parameters": null
}
{
  "messageIndex": null,
  "eventType": "user",
  "phetioID": "beersLawLab.wrapper",
  "componentType": "WrapperButton",
  "event": "hidePDF",
  "time": 1624347280151,
  "parameters": null
}
{
  "messageIndex": 7,
  "eventType": "user",
  "phetioID": "beersLawLab.homeScreen.view.beersLawScreenLargeButton",
  "componentType": "TScreenButton",
  "event": "fired",
  "time": 1624347281444,
  "children": [
    {
      "messageIndex": 8,
      "eventType": "model",
      "phetioID": "beersLawLab.sim.showHomeScreenProperty",
      "componentType": "TProperty",
      "event": "changed",
      "time": 1624347281444,
      "parameters": {
        "oldValue": true,
        "newValue": false
      }
    }
  ]
}
{
  "messageIndex": 9,
  "eventType": "user",
  "phetioID": "beersLawLab.beersLawScreen.view.cuvetteNode.cuvetteDragHandler",
  "componentType": "TTandemDragHandler",
  "event": "dragStarted",
  "time": 1624347283910,
  "parameters": {
    "x": 686,
    "y": 312
  }
}
{
  "messageIndex": 10,
  "eventType": "user",
  "phetioID": "beersLawLab.beersLawScreen.view.cuvetteNode.cuvetteDragHandler",
  "componentType": "TTandemDragHandler",
  "event": "dragged",
  "time": 1624347284091,
  "parameters": {
    "x": 713,
    "y": 312
  },
  "children": [
    {
      "messageIndex": 11,
      "eventType": "model",
      "phetioID": "beersLawLab.beersLawScreen.model.cuvette.widthProperty",
      "componentType": "TProperty",
      "event": "changed",
      "time": 1624347284091,
      "parameters": {
        "oldValue": 1,
        "newValue": 1.216
      }
    }
  ]
}
{
  "messageIndex": 12,
  "eventType": "user",
  "phetioID": "beersLawLab.beersLawScreen.view.cuvetteNode.cuvetteDragHandler",
  "componentType": "TTandemDragHandler",
  "event": "dragged",
  "time": 1624347284107,
  "parameters": {
    "x": 804,
    "y": 319
  },
  "children": [
    {
      "messageIndex": 13,
      "eventType": "model",
      "phetioID": "beersLawLab.beersLawScreen.model.cuvette.widthProperty",
      "componentType": "TProperty",
      "event": "changed",
      "time": 1624347284108,
      "parameters": {
        "oldValue": 1.216,
        "newValue": 1.944
      }
    }
  ]
}
{
  "messageIndex": 14,
  "eventType": "user",
  "phetioID": "beersLawLab.beersLawScreen.view.cuvetteNode.cuvetteDragHandler",
  "componentType": "TTandemDragHandler",
  "event": "dragged",
  "time": 1624347284124,
  "parameters": {
    "x": 868,
    "y": 319
  },
  "children": [
    {
      "messageIndex": 15,
      "eventType": "model",
      "phetioID": "beersLawLab.beersLawScreen.model.cuvette.widthProperty",
      "componentType": "TProperty",
      "event": "changed",
      "time": 1624347284124,
      "parameters": {
        "oldValue": 1.944,
        "newValue": 2
      }
    }
  ]
}
{
  "messageIndex": 17,
  "eventType": "user",
  "phetioID": "beersLawLab.beersLawScreen.view.cuvetteNode.cuvetteDragHandler",
  "componentType": "TTandemDragHandler",
  "event": "dragged",
  "time": 1624347284158,
  "parameters": {
    "x": 963,
    "y": 317
  }
}
{
  "messageIndex": 16,
  "eventType": "user",
  "phetioID": "beersLawLab.beersLawScreen.view.cuvetteNode.cuvetteDragHandler",
  "componentType": "TTandemDragHandler",
  "event": "dragged",
  "time": 1624347284141,
  "parameters": {
    "x": 934,
    "y": 317
  }
}
{
  "messageIndex": 19,
  "eventType": "user",
  "phetioID": "beersLawLab.beersLawScreen.view.cuvetteNode.cuvetteDragHandler",
  "componentType": "TTandemDragHandler",
  "event": "dragged",
  "time": 1624347284191,
  "parameters": {
    "x": 1005,
    "y": 324
  }
}
{
  "messageIndex": 18,
  "eventType": "user",
  "phetioID": "beersLawLab.beersLawScreen.view.cuvetteNode.cuvetteDragHandler",
  "componentType": "TTandemDragHandler",
  "event": "dragged",
  "time": 1624347284174,
  "parameters": {
    "x": 991,
    "y": 319
  }
}
{
  "messageIndex": 20,
  "eventType": "user",
  "phetioID": "beersLawLab.beersLawScreen.view.cuvetteNode.cuvetteDragHandler",
  "componentType": "TTandemDragHandler",
  "event": "dragged",
  "time": 1624347284207,
  "parameters": {
    "x": 1024,
    "y": 336
  }
}
{
  "messageIndex": 21,
  "eventType": "user",
  "phetioID": "beersLawLab.beersLawScreen.view.cuvetteNode.cuvetteDragHandler",
  "componentType": "TTandemDragHandler",
  "event": "dragged",
  "time": 1624347284224,
  "parameters": {
    "x": 1032,
    "y": 347
  }
}
{
  "messageIndex": 22,
  "eventType": "user",
  "phetioID": "beersLawLab.beersLawScreen.view.cuvetteNode.cuvetteDragHandler",
  "componentType": "TTandemDragHandler",
  "event": "dragged",
  "time": 1624347284241,
  "parameters": {
    "x": 1039,
    "y": 361
  }
}
{
  "messageIndex": 23,
  "eventType": "user",
  "phetioID": "beersLawLab.beersLawScreen.view.cuvetteNode.cuvetteDragHandler",
  "componentType": "TTandemDragHandler",
  "event": "dragged",
  "time": 1624347284256,
  "parameters": {
    "x": 1039,
    "y": 362
  }
}
{
  "messageIndex": 24,
  "eventType": "user",
  "phetioID": "beersLawLab.beersLawScreen.view.cuvetteNode.cuvetteDragHandler",
  "componentType": "TTandemDragHandler",
  "event": "dragEnded",
  "time": 1624347284256
}
{
  "messageIndex": null,
  "eventType": "user",
  "phetioID": "beersLawLab.wrapper",
  "componentType": "WrapperButton",
  "event": "showPDF",
  "time": 1624347288117,
  "parameters": null
}
