{
  "messageIndex": 0,
  "eventType": "wrapper",
  "phetioID": "beersLawLab.simIFrameAPI",
  "componentType": "TSimIFrameAPI",
  "event": "invoked",
  "time": 1631172131697,
  "parameters": {
    "phetioID": "phetio",
    "method": "addExpressions",
    "args": [
      []
    ],
    "messageID": 2,
    "protocol": "phet-io-0.0.1"
  }
}
{
  "messageIndex": 1,
  "eventType": "wrapper",
  "phetioID": "beersLawLab.simIFrameAPI",
  "componentType": "TSimIFrameAPI",
  "event": "invoked",
  "time": 1631172131700,
  "parameters": {
    "phetioID": "phetio",
    "method": "launchSimulation",
    "args": [],
    "messageID": 3,
    "protocol": "phet-io-0.0.1"
  }
}
{
  "messageIndex": 2,
  "eventType": "model",
  "phetioID": "beersLawLab.sim",
  "componentType": "TSim",
  "event": "simStarted",
  "time": 1631172131704,
  "parameters": {
    "sessionID": null,
    "simName": "‪Beer's Law Lab‬",
    "simVersion": "1.6.15-phetio",
    "url": "https://phet-io.colorado.edu/sims/beers-law-lab/1.6.15-phetio/beers-law-lab_en-phetio.html?production&phetioEmitStates=false&phetioEmitInputEvents=false",
    "userAgent": "Mozilla/5.0 (Windows NT 10.0; Win64; x64) AppleWebKit/537.36 (KHTML, like Gecko) Chrome/93.0.4577.63 Safari/537.36 Edg/93.0.961.38",
    "randomSeed": 0.4414926178043488,
    "provider": "PhET Interactive Simulations, University of Colorado Boulder"
  },
  "children": [
    {
      "messageIndex": 3,
      "eventType": "model",
      "phetioID": "beersLawLab.concentrationScreen.view.concentrationMeterNode.bodyNode.readoutTextNode",
      "componentType": "TTandemText",
      "event": "textChanged",
      "time": 1631172131785,
      "parameters": {
        "oldText": "‪1.000 ‪mol/L‬‬",
        "newText": "-"
      }
    },
    {
      "messageIndex": 4,
      "eventType": "model",
      "phetioID": "beersLawLab.beersLawScreen.view.detectorNode.bodyNode.valueNode",
      "componentType": "TTandemText",
      "event": "textChanged",
      "time": 1631172131825,
      "parameters": {
        "oldText": "‪100.00%‬",
        "newText": "-"
      }
    }
  ]
}
{
  "messageIndex": 5,
  "eventType": "user",
  "phetioID": "beersLawLab.homeScreen.view.beersLawScreenSmallButton",
  "componentType": "TScreenButton",
  "event": "fired",
  "time": 1631172132547,
  "children": [
    {
      "messageIndex": 6,
      "eventType": "model",
      "phetioID": "beersLawLab.sim.screenIndexProperty",
      "componentType": "TProperty",
      "event": "changed",
      "time": 1631172132548,
      "parameters": {
        "oldValue": 0,
        "newValue": 1
      }
    }
  ]
}
{
  "messageIndex": 7,
  "eventType": "user",
  "phetioID": "beersLawLab.homeScreen.view.beersLawScreenLargeButton",
  "componentType": "TScreenButton",
  "event": "fired",
  "time": 1631172132975,
  "children": [
    {
      "messageIndex": 8,
      "eventType": "model",
      "phetioID": "beersLawLab.sim.showHomeScreenProperty",
      "componentType": "TProperty",
      "event": "changed",
      "time": 1631172132975,
      "parameters": {
        "oldValue": true,
        "newValue": false
      }
    }
  ]
}
{
  "messageIndex": null,
  "eventType": "user",
  "phetioID": "beersLawLab.wrapper",
  "componentType": "WrapperButton",
  "event": "showPDF",
  "time": 1631172135745,
  "parameters": null
}
{
  "messageIndex": null,
  "eventType": "user",
  "phetioID": "beersLawLab.wrapper",
  "componentType": "WrapperButton",
  "event": "hidePDF",
  "time": 1631172194336,
  "parameters": null
}
{
  "messageIndex": 9,
  "eventType": "user",
  "phetioID": "beersLawLab.beersLawScreen.view.lightNode.button",
  "componentType": "TToggleButton",
  "event": "toggled",
  "time": 1631172196347,
  "parameters": {
    "oldValue": false,
    "newValue": true
  },
  "children": [
    {
      "messageIndex": 10,
      "eventType": "model",
      "phetioID": "beersLawLab.beersLawScreen.model.light.onProperty",
      "componentType": "TProperty",
      "event": "changed",
      "time": 1631172196347,
      "parameters": {
        "oldValue": false,
        "newValue": true
      },
      "children": [
        {
          "messageIndex": 11,
          "eventType": "model",
          "phetioID": "beersLawLab.beersLawScreen.model.detector.valueProperty",
          "componentType": "TDerivedProperty",
          "event": "changed",
          "time": 1631172196347,
          "parameters": {
            "oldValue": null,
            "newValue": 31.188895840939367
          },
          "children": [
            {
              "messageIndex": 12,
              "eventType": "model",
              "phetioID": "beersLawLab.beersLawScreen.view.detectorNode.bodyNode.valueNode",
              "componentType": "TTandemText",
              "event": "textChanged",
              "time": 1631172196347,
              "parameters": {
                "oldText": "-",
                "newText": "‪31.19%‬"
              }
            }
          ]
        }
      ]
    }
  ]
}
{
  "messageIndex": 13,
  "eventType": "user",
  "phetioID": "beersLawLab.beersLawScreen.view.detectorNode.probeNode.movableDragHandler",
  "componentType": "TTandemDragHandler",
  "event": "dragStarted",
  "time": 1631172197229,
  "parameters": {
    "x": 983,
    "y": 247
  }
}
{
  "messageIndex": 16,
  "eventType": "user",
  "phetioID": "beersLawLab.beersLawScreen.view.detectorNode.probeNode.movableDragHandler",
  "componentType": "TTandemDragHandler",
  "event": "dragged",
  "time": 1631172197328,
  "parameters": {
    "x": 974,
    "y": 248
  },
  "children": [
    {
      "messageIndex": 17,
      "eventType": "model",
      "phetioID": "beersLawLab.beersLawScreen.model.detector.probe.locationProperty",
      "componentType": "TProperty",
      "event": "changed",
      "time": 1631172197328,
      "parameters": {
        "oldValue": {
          "x": 6.265730937348228,
          "y": 2.0085672656629434
        },
        "newValue": {
          "x": 6.222894609033513,
          "y": 2.0085672656629434
        }
      }
    }
  ]
}
{
  "messageIndex": 14,
  "eventType": "user",
  "phetioID": "beersLawLab.beersLawScreen.view.detectorNode.probeNode.movableDragHandler",
  "componentType": "TTandemDragHandler",
  "event": "dragged",
  "time": 1631172197312,
  "parameters": {
    "x": 979,
    "y": 248
  },
  "children": [
    {
      "messageIndex": 15,
      "eventType": "model",
      "phetioID": "beersLawLab.beersLawScreen.model.detector.probe.locationProperty",
      "componentType": "TProperty",
      "event": "changed",
      "time": 1631172197313,
      "parameters": {
        "oldValue": {
          "x": 6.3,
          "y": 2
        },
        "newValue": {
          "x": 6.265730937348228,
          "y": 2.0085672656629434
        }
      }
    }
  ]
}
{
  "messageIndex": 18,
  "eventType": "user",
  "phetioID": "beersLawLab.beersLawScreen.view.detectorNode.probeNode.movableDragHandler",
  "componentType": "TTandemDragHandler",
  "event": "dragged",
  "time": 1631172197345,
  "parameters": {
    "x": 970,
    "y": 248
  },
  "children": [
    {
      "messageIndex": 19,
      "eventType": "model",
      "phetioID": "beersLawLab.beersLawScreen.model.detector.probe.locationProperty",
      "componentType": "TProperty",
      "event": "changed",
      "time": 1631172197345,
      "parameters": {
        "oldValue": {
          "x": 6.222894609033513,
          "y": 2.0085672656629434
        },
        "newValue": {
          "x": 6.18862554638174,
          "y": 2.0085672656629434
        }
      }
    }
  ]
}
{
  "messageIndex": 20,
  "eventType": "user",
  "phetioID": "beersLawLab.beersLawScreen.view.detectorNode.probeNode.movableDragHandler",
  "componentType": "TTandemDragHandler",
  "event": "dragged",
  "time": 1631172197361,
  "parameters": {
    "x": 965,
    "y": 248
  },
  "children": [
    {
      "messageIndex": 21,
      "eventType": "model",
      "phetioID": "beersLawLab.beersLawScreen.model.detector.probe.locationProperty",
      "componentType": "TProperty",
      "event": "changed",
      "time": 1631172197361,
      "parameters": {
        "oldValue": {
          "x": 6.18862554638174,
          "y": 2.0085672656629434
        },
        "newValue": {
          "x": 6.145789218067025,
          "y": 2.0085672656629434
        }
      }
    }
  ]
}
{
  "messageIndex": 22,
  "eventType": "user",
  "phetioID": "beersLawLab.beersLawScreen.view.detectorNode.probeNode.movableDragHandler",
  "componentType": "TTandemDragHandler",
  "event": "dragged",
  "time": 1631172197378,
  "parameters": {
    "x": 961,
    "y": 249
  },
  "children": [
    {
      "messageIndex": 23,
      "eventType": "model",
      "phetioID": "beersLawLab.beersLawScreen.model.detector.probe.locationProperty",
      "componentType": "TProperty",
      "event": "changed",
      "time": 1631172197378,
      "parameters": {
        "oldValue": {
          "x": 6.145789218067025,
          "y": 2.0085672656629434
        },
        "newValue": {
          "x": 6.11152015541525,
          "y": 2.017134531325887
        }
      }
    }
  ]
}
{
  "messageIndex": 24,
  "eventType": "user",
  "phetioID": "beersLawLab.beersLawScreen.view.detectorNode.probeNode.movableDragHandler",
  "componentType": "TTandemDragHandler",
  "event": "dragged",
  "time": 1631172197395,
  "parameters": {
    "x": 960,
    "y": 249
  },
  "children": [
    {
      "messageIndex": 25,
      "eventType": "model",
      "phetioID": "beersLawLab.beersLawScreen.model.detector.probe.locationProperty",
      "componentType": "TProperty",
      "event": "changed",
      "time": 1631172197395,
      "parameters": {
        "oldValue": {
          "x": 6.11152015541525,
          "y": 2.017134531325887
        },
        "newValue": {
          "x": 6.102952889752307,
          "y": 2.017134531325887
        }
      }
    }
  ]
}
{
  "messageIndex": 26,
  "eventType": "user",
  "phetioID": "beersLawLab.beersLawScreen.view.detectorNode.probeNode.movableDragHandler",
  "componentType": "TTandemDragHandler",
  "event": "dragged",
  "time": 1631172197411,
  "parameters": {
    "x": 959,
    "y": 249
  },
  "children": [
    {
      "messageIndex": 27,
      "eventType": "model",
      "phetioID": "beersLawLab.beersLawScreen.model.detector.probe.locationProperty",
      "componentType": "TProperty",
      "event": "changed",
      "time": 1631172197412,
      "parameters": {
        "oldValue": {
          "x": 6.102952889752307,
          "y": 2.017134531325887
        },
        "newValue": {
          "x": 6.094385624089364,
          "y": 2.017134531325887
        }
      }
    }
  ]
}
{
  "messageIndex": 28,
  "eventType": "user",
  "phetioID": "beersLawLab.beersLawScreen.view.detectorNode.probeNode.movableDragHandler",
  "componentType": "TTandemDragHandler",
  "event": "dragged",
  "time": 1631172197428,
  "parameters": {
    "x": 957,
    "y": 249
  },
  "children": [
    {
      "messageIndex": 29,
      "eventType": "model",
      "phetioID": "beersLawLab.beersLawScreen.model.detector.probe.locationProperty",
      "componentType": "TProperty",
      "event": "changed",
      "time": 1631172197428,
      "parameters": {
        "oldValue": {
          "x": 6.094385624089364,
          "y": 2.017134531325887
        },
        "newValue": {
          "x": 6.077251092763477,
          "y": 2.017134531325887
        }
      }
    }
  ]
}
{
  "messageIndex": 30,
  "eventType": "user",
  "phetioID": "beersLawLab.beersLawScreen.view.detectorNode.probeNode.movableDragHandler",
  "componentType": "TTandemDragHandler",
  "event": "dragged",
  "time": 1631172197445,
  "parameters": {
    "x": 954,
    "y": 249
  },
  "children": [
    {
      "messageIndex": 31,
      "eventType": "model",
      "phetioID": "beersLawLab.beersLawScreen.model.detector.probe.locationProperty",
      "componentType": "TProperty",
      "event": "changed",
      "time": 1631172197445,
      "parameters": {
        "oldValue": {
          "x": 6.077251092763477,
          "y": 2.017134531325887
        },
        "newValue": {
          "x": 6.051549295774649,
          "y": 2.017134531325887
        }
      }
    }
  ]
}
{
  "messageIndex": 32,
  "eventType": "user",
  "phetioID": "beersLawLab.beersLawScreen.view.detectorNode.probeNode.movableDragHandler",
  "componentType": "TTandemDragHandler",
  "event": "dragged",
  "time": 1631172197461,
  "parameters": {
    "x": 949,
    "y": 249
  },
  "children": [
    {
      "messageIndex": 33,
      "eventType": "model",
      "phetioID": "beersLawLab.beersLawScreen.model.detector.probe.locationProperty",
      "componentType": "TProperty",
      "event": "changed",
      "time": 1631172197462,
      "parameters": {
        "oldValue": {
          "x": 6.051549295774649,
          "y": 2.017134531325887
        },
        "newValue": {
          "x": 6.008712967459933,
          "y": 2.017134531325887
        }
      }
    }
  ]
}
{
  "messageIndex": 34,
  "eventType": "user",
  "phetioID": "beersLawLab.beersLawScreen.view.detectorNode.probeNode.movableDragHandler",
  "componentType": "TTandemDragHandler",
  "event": "dragged",
  "time": 1631172197478,
  "parameters": {
    "x": 942,
    "y": 249
  },
  "children": [
    {
      "messageIndex": 35,
      "eventType": "model",
      "phetioID": "beersLawLab.beersLawScreen.model.detector.probe.locationProperty",
      "componentType": "TProperty",
      "event": "changed",
      "time": 1631172197478,
      "parameters": {
        "oldValue": {
          "x": 6.008712967459933,
          "y": 2.017134531325887
        },
        "newValue": {
          "x": 5.9487421078193305,
          "y": 2.017134531325887
        }
      }
    }
  ]
}
{
  "messageIndex": 36,
  "eventType": "user",
  "phetioID": "beersLawLab.beersLawScreen.view.detectorNode.probeNode.movableDragHandler",
  "componentType": "TTandemDragHandler",
  "event": "dragged",
  "time": 1631172197494,
  "parameters": {
    "x": 938,
    "y": 249
  },
  "children": [
    {
      "messageIndex": 37,
      "eventType": "model",
      "phetioID": "beersLawLab.beersLawScreen.model.detector.probe.locationProperty",
      "componentType": "TProperty",
      "event": "changed",
      "time": 1631172197495,
      "parameters": {
        "oldValue": {
          "x": 5.9487421078193305,
          "y": 2.017134531325887
        },
        "newValue": {
          "x": 5.914473045167558,
          "y": 2.017134531325887
        }
      }
    }
  ]
}
{
  "messageIndex": 38,
  "eventType": "user",
  "phetioID": "beersLawLab.beersLawScreen.view.detectorNode.probeNode.movableDragHandler",
  "componentType": "TTandemDragHandler",
  "event": "dragged",
  "time": 1631172197511,
  "parameters": {
    "x": 932,
    "y": 249
  },
  "children": [
    {
      "messageIndex": 39,
      "eventType": "model",
      "phetioID": "beersLawLab.beersLawScreen.model.detector.probe.locationProperty",
      "componentType": "TProperty",
      "event": "changed",
      "time": 1631172197511,
      "parameters": {
        "oldValue": {
          "x": 5.914473045167558,
          "y": 2.017134531325887
        },
        "newValue": {
          "x": 5.863069451189898,
          "y": 2.017134531325887
        }
      }
    }
  ]
}
{
  "messageIndex": 40,
  "eventType": "user",
  "phetioID": "beersLawLab.beersLawScreen.view.detectorNode.probeNode.movableDragHandler",
  "componentType": "TTandemDragHandler",
  "event": "dragged",
  "time": 1631172197528,
  "parameters": {
    "x": 930,
    "y": 249
  },
  "children": [
    {
      "messageIndex": 41,
      "eventType": "model",
      "phetioID": "beersLawLab.beersLawScreen.model.detector.probe.locationProperty",
      "componentType": "TProperty",
      "event": "changed",
      "time": 1631172197528,
      "parameters": {
        "oldValue": {
          "x": 5.863069451189898,
          "y": 2.017134531325887
        },
        "newValue": {
          "x": 5.845934919864012,
          "y": 2.017134531325887
        }
      }
    }
  ]
}
{
  "messageIndex": 42,
  "eventType": "user",
  "phetioID": "beersLawLab.beersLawScreen.view.detectorNode.probeNode.movableDragHandler",
  "componentType": "TTandemDragHandler",
  "event": "dragged",
  "time": 1631172197545,
  "parameters": {
    "x": 930,
    "y": 248
  },
  "children": [
    {
      "messageIndex": 43,
      "eventType": "model",
      "phetioID": "beersLawLab.beersLawScreen.model.detector.probe.locationProperty",
      "componentType": "TProperty",
      "event": "changed",
      "time": 1631172197545,
      "parameters": {
        "oldValue": {
          "x": 5.845934919864012,
          "y": 2.017134531325887
        },
        "newValue": {
          "x": 5.845934919864012,
          "y": 2.0085672656629434
        }
      }
    }
  ]
}
{
  "messageIndex": 44,
  "eventType": "user",
  "phetioID": "beersLawLab.beersLawScreen.view.detectorNode.probeNode.movableDragHandler",
  "componentType": "TTandemDragHandler",
  "event": "dragged",
  "time": 1631172197561,
  "parameters": {
    "x": 928,
    "y": 248
  },
  "children": [
    {
      "messageIndex": 45,
      "eventType": "model",
      "phetioID": "beersLawLab.beersLawScreen.model.detector.probe.locationProperty",
      "componentType": "TProperty",
      "event": "changed",
      "time": 1631172197561,
      "parameters": {
        "oldValue": {
          "x": 5.845934919864012,
          "y": 2.0085672656629434
        },
        "newValue": {
          "x": 5.828800388538126,
          "y": 2.0085672656629434
        }
      }
    }
  ]
}
{
  "messageIndex": 46,
  "eventType": "user",
  "phetioID": "beersLawLab.beersLawScreen.view.detectorNode.probeNode.movableDragHandler",
  "componentType": "TTandemDragHandler",
  "event": "dragged",
  "time": 1631172197595,
  "parameters": {
    "x": 927,
    "y": 248
  },
  "children": [
    {
      "messageIndex": 47,
      "eventType": "model",
      "phetioID": "beersLawLab.beersLawScreen.model.detector.probe.locationProperty",
      "componentType": "TProperty",
      "event": "changed",
      "time": 1631172197595,
      "parameters": {
        "oldValue": {
          "x": 5.828800388538126,
          "y": 2.0085672656629434
        },
        "newValue": {
          "x": 5.820233122875183,
          "y": 2.0085672656629434
        }
      }
    }
  ]
}
{
  "messageIndex": 48,
  "eventType": "user",
  "phetioID": "beersLawLab.beersLawScreen.view.detectorNode.probeNode.movableDragHandler",
  "componentType": "TTandemDragHandler",
  "event": "dragged",
  "time": 1631172197662,
  "parameters": {
    "x": 925,
    "y": 248
  },
  "children": [
    {
      "messageIndex": 49,
      "eventType": "model",
      "phetioID": "beersLawLab.beersLawScreen.model.detector.probe.locationProperty",
      "componentType": "TProperty",
      "event": "changed",
      "time": 1631172197662,
      "parameters": {
        "oldValue": {
          "x": 5.820233122875183,
          "y": 2.0085672656629434
        },
        "newValue": {
          "x": 5.803098591549297,
          "y": 2.0085672656629434
        }
      }
    }
  ]
}
{
  "messageIndex": 50,
  "eventType": "user",
  "phetioID": "beersLawLab.beersLawScreen.view.detectorNode.probeNode.movableDragHandler",
  "componentType": "TTandemDragHandler",
  "event": "dragged",
  "time": 1631172197677,
  "parameters": {
    "x": 913,
    "y": 245
  },
  "children": [
    {
      "messageIndex": 51,
      "eventType": "model",
      "phetioID": "beersLawLab.beersLawScreen.model.detector.probe.locationProperty",
      "componentType": "TProperty",
      "event": "changed",
      "time": 1631172197677,
      "parameters": {
        "oldValue": {
          "x": 5.803098591549297,
          "y": 2.0085672656629434
        },
        "newValue": {
          "x": 5.700291403593979,
          "y": 1.9828654686741138
        }
      }
    }
  ]
}
{
  "messageIndex": 52,
  "eventType": "user",
  "phetioID": "beersLawLab.beersLawScreen.view.detectorNode.probeNode.movableDragHandler",
  "componentType": "TTandemDragHandler",
  "event": "dragged",
  "time": 1631172197694,
  "parameters": {
    "x": 898,
    "y": 243
  },
  "children": [
    {
      "messageIndex": 53,
      "eventType": "model",
      "phetioID": "beersLawLab.beersLawScreen.model.detector.probe.locationProperty",
      "componentType": "TProperty",
      "event": "changed",
      "time": 1631172197694,
      "parameters": {
        "oldValue": {
          "x": 5.700291403593979,
          "y": 1.9828654686741138
        },
        "newValue": {
          "x": 5.57178241864983,
          "y": 1.9657309373482277
        }
      }
    }
  ]
}
{
  "messageIndex": 54,
  "eventType": "user",
  "phetioID": "beersLawLab.beersLawScreen.view.detectorNode.probeNode.movableDragHandler",
  "componentType": "TTandemDragHandler",
  "event": "dragged",
  "time": 1631172197711,
  "parameters": {
    "x": 889,
    "y": 242
  },
  "children": [
    {
      "messageIndex": 55,
      "eventType": "model",
      "phetioID": "beersLawLab.beersLawScreen.model.detector.probe.locationProperty",
      "componentType": "TProperty",
      "event": "changed",
      "time": 1631172197711,
      "parameters": {
        "oldValue": {
          "x": 5.57178241864983,
          "y": 1.9657309373482277
        },
        "newValue": {
          "x": 5.494677027683342,
          "y": 1.9571636716852845
        }
      }
    }
  ]
}
{
  "messageIndex": 56,
  "eventType": "user",
  "phetioID": "beersLawLab.beersLawScreen.view.detectorNode.probeNode.movableDragHandler",
  "componentType": "TTandemDragHandler",
  "event": "dragged",
  "time": 1631172197727,
  "parameters": {
    "x": 886,
    "y": 242
  },
  "children": [
    {
      "messageIndex": 57,
      "eventType": "model",
      "phetioID": "beersLawLab.beersLawScreen.model.detector.probe.locationProperty",
      "componentType": "TProperty",
      "event": "changed",
      "time": 1631172197728,
      "parameters": {
        "oldValue": {
          "x": 5.494677027683342,
          "y": 1.9571636716852845
        },
        "newValue": {
          "x": 5.468975230694512,
          "y": 1.9571636716852845
        }
      }
    }
  ]
}
{
  "messageIndex": 58,
  "eventType": "user",
  "phetioID": "beersLawLab.beersLawScreen.view.detectorNode.probeNode.movableDragHandler",
  "componentType": "TTandemDragHandler",
  "event": "dragged",
  "time": 1631172197744,
  "parameters": {
    "x": 885,
    "y": 242
  },
  "children": [
    {
      "messageIndex": 59,
      "eventType": "model",
      "phetioID": "beersLawLab.beersLawScreen.model.detector.probe.locationProperty",
      "componentType": "TProperty",
      "event": "changed",
      "time": 1631172197744,
      "parameters": {
        "oldValue": {
          "x": 5.468975230694512,
          "y": 1.9571636716852845
        },
        "newValue": {
          "x": 5.460407965031569,
          "y": 1.9571636716852845
        }
      }
    }
  ]
}
{
  "messageIndex": 62,
  "eventType": "user",
  "phetioID": "beersLawLab.beersLawScreen.view.detectorNode.probeNode.movableDragHandler",
  "componentType": "TTandemDragHandler",
  "event": "dragged",
  "time": 1631172197827,
  "parameters": {
    "x": 875,
    "y": 242
  },
  "children": [
    {
      "messageIndex": 63,
      "eventType": "model",
      "phetioID": "beersLawLab.beersLawScreen.model.detector.probe.locationProperty",
      "componentType": "TProperty",
      "event": "changed",
      "time": 1631172197827,
      "parameters": {
        "oldValue": {
          "x": 5.426138902379797,
          "y": 1.9571636716852845
        },
        "newValue": {
          "x": 5.374735308402137,
          "y": 1.9571636716852845
        }
      }
    }
  ]
}
{
  "messageIndex": 60,
  "eventType": "user",
  "phetioID": "beersLawLab.beersLawScreen.view.detectorNode.probeNode.movableDragHandler",
  "componentType": "TTandemDragHandler",
  "event": "dragged",
  "time": 1631172197811,
  "parameters": {
    "x": 881,
    "y": 242
  },
  "children": [
    {
      "messageIndex": 61,
      "eventType": "model",
      "phetioID": "beersLawLab.beersLawScreen.model.detector.probe.locationProperty",
      "componentType": "TProperty",
      "event": "changed",
      "time": 1631172197812,
      "parameters": {
        "oldValue": {
          "x": 5.460407965031569,
          "y": 1.9571636716852845
        },
        "newValue": {
          "x": 5.426138902379797,
          "y": 1.9571636716852845
        }
      }
    }
  ]
}
{
  "messageIndex": 66,
  "eventType": "user",
  "phetioID": "beersLawLab.beersLawScreen.view.detectorNode.probeNode.movableDragHandler",
  "componentType": "TTandemDragHandler",
  "event": "dragged",
  "time": 1631172197860,
  "parameters": {
    "x": 870,
    "y": 242
  },
  "children": [
    {
      "messageIndex": 67,
      "eventType": "model",
      "phetioID": "beersLawLab.beersLawScreen.model.detector.probe.locationProperty",
      "componentType": "TProperty",
      "event": "changed",
      "time": 1631172197860,
      "parameters": {
        "oldValue": {
          "x": 5.349033511413308,
          "y": 1.9571636716852845
        },
        "newValue": {
          "x": 5.331898980087422,
          "y": 1.9571636716852845
        }
      }
    }
  ]
}
{
  "messageIndex": 64,
  "eventType": "user",
  "phetioID": "beersLawLab.beersLawScreen.view.detectorNode.probeNode.movableDragHandler",
  "componentType": "TTandemDragHandler",
  "event": "dragged",
  "time": 1631172197844,
  "parameters": {
    "x": 872,
    "y": 242
  },
  "children": [
    {
      "messageIndex": 65,
      "eventType": "model",
      "phetioID": "beersLawLab.beersLawScreen.model.detector.probe.locationProperty",
      "componentType": "TProperty",
      "event": "changed",
      "time": 1631172197844,
      "parameters": {
        "oldValue": {
          "x": 5.374735308402137,
          "y": 1.9571636716852845
        },
        "newValue": {
          "x": 5.349033511413308,
          "y": 1.9571636716852845
        }
      }
    }
  ]
}
{
  "messageIndex": 70,
  "eventType": "user",
  "phetioID": "beersLawLab.beersLawScreen.view.detectorNode.probeNode.movableDragHandler",
  "componentType": "TTandemDragHandler",
  "event": "dragged",
  "time": 1631172197894,
  "parameters": {
    "x": 868,
    "y": 242
  },
  "children": [
    {
      "messageIndex": 71,
      "eventType": "model",
      "phetioID": "beersLawLab.beersLawScreen.model.detector.probe.locationProperty",
      "componentType": "TProperty",
      "event": "changed",
      "time": 1631172197894,
      "parameters": {
        "oldValue": {
          "x": 5.323331714424478,
          "y": 1.9571636716852845
        },
        "newValue": {
          "x": 5.314764448761536,
          "y": 1.9571636716852845
        }
      }
    }
  ]
}
{
  "messageIndex": 68,
  "eventType": "user",
  "phetioID": "beersLawLab.beersLawScreen.view.detectorNode.probeNode.movableDragHandler",
  "componentType": "TTandemDragHandler",
  "event": "dragged",
  "time": 1631172197877,
  "parameters": {
    "x": 869,
    "y": 242
  },
  "children": [
    {
      "messageIndex": 69,
      "eventType": "model",
      "phetioID": "beersLawLab.beersLawScreen.model.detector.probe.locationProperty",
      "componentType": "TProperty",
      "event": "changed",
      "time": 1631172197877,
      "parameters": {
        "oldValue": {
          "x": 5.331898980087422,
          "y": 1.9571636716852845
        },
        "newValue": {
          "x": 5.323331714424478,
          "y": 1.9571636716852845
        }
      }
    }
  ]
}
{
  "messageIndex": 72,
  "eventType": "user",
  "phetioID": "beersLawLab.beersLawScreen.view.detectorNode.probeNode.movableDragHandler",
  "componentType": "TTandemDragHandler",
  "event": "dragged",
  "time": 1631172197927,
  "parameters": {
    "x": 867,
    "y": 242
  },
  "children": [
    {
      "messageIndex": 73,
      "eventType": "model",
      "phetioID": "beersLawLab.beersLawScreen.model.detector.probe.locationProperty",
      "componentType": "TProperty",
      "event": "changed",
      "time": 1631172197927,
      "parameters": {
        "oldValue": {
          "x": 5.314764448761536,
          "y": 1.9571636716852845
        },
        "newValue": {
          "x": 5.306197183098592,
          "y": 1.9571636716852845
        }
      }
    }
  ]
}
{
  "messageIndex": 74,
  "eventType": "user",
  "phetioID": "beersLawLab.beersLawScreen.view.detectorNode.probeNode.movableDragHandler",
  "componentType": "TTandemDragHandler",
  "event": "dragged",
  "time": 1631172198043,
  "parameters": {
    "x": 867,
    "y": 243
  },
  "children": [
    {
      "messageIndex": 75,
      "eventType": "model",
      "phetioID": "beersLawLab.beersLawScreen.model.detector.probe.locationProperty",
      "componentType": "TProperty",
      "event": "changed",
      "time": 1631172198043,
      "parameters": {
        "oldValue": {
          "x": 5.306197183098592,
          "y": 1.9571636716852845
        },
        "newValue": {
          "x": 5.306197183098592,
          "y": 1.9657309373482277
        }
      }
    }
  ]
}
{
  "messageIndex": 78,
  "eventType": "user",
  "phetioID": "beersLawLab.beersLawScreen.view.detectorNode.probeNode.movableDragHandler",
  "componentType": "TTandemDragHandler",
  "event": "dragged",
  "time": 1631172198093,
  "parameters": {
    "x": 863,
    "y": 244
  },
  "children": [
    {
      "messageIndex": 79,
      "eventType": "model",
      "phetioID": "beersLawLab.beersLawScreen.model.detector.probe.locationProperty",
      "componentType": "TProperty",
      "event": "changed",
      "time": 1631172198093,
      "parameters": {
        "oldValue": {
          "x": 5.297629917435649,
          "y": 1.9657309373482277
        },
        "newValue": {
          "x": 5.271928120446819,
          "y": 1.9742982030111706
        }
      }
    }
  ]
}
{
  "messageIndex": 82,
  "eventType": "user",
  "phetioID": "beersLawLab.beersLawScreen.view.detectorNode.probeNode.movableDragHandler",
  "componentType": "TTandemDragHandler",
  "event": "dragged",
  "time": 1631172198126,
  "parameters": {
    "x": 860,
    "y": 245
  },
  "children": [
    {
      "messageIndex": 83,
      "eventType": "model",
      "phetioID": "beersLawLab.beersLawScreen.model.detector.probe.locationProperty",
      "componentType": "TProperty",
      "event": "changed",
      "time": 1631172198126,
      "parameters": {
        "oldValue": {
          "x": 5.254793589120933,
          "y": 1.9828654686741138
        },
        "newValue": {
          "x": 5.246226323457989,
          "y": 1.9828654686741138
        }
      }
    }
  ]
}
{
  "messageIndex": 84,
  "eventType": "user",
  "phetioID": "beersLawLab.beersLawScreen.view.detectorNode.probeNode.movableDragHandler",
  "componentType": "TTandemDragHandler",
  "event": "dragged",
  "time": 1631172198143,
  "parameters": {
    "x": 859,
    "y": 245
  },
  "children": [
    {
      "messageIndex": 85,
      "eventType": "model",
      "phetioID": "beersLawLab.beersLawScreen.model.detector.probe.locationProperty",
      "componentType": "TProperty",
      "event": "changed",
      "time": 1631172198143,
      "parameters": {
        "oldValue": {
          "x": 5.246226323457989,
          "y": 1.9828654686741138
        },
        "newValue": {
          "x": 5.237659057795047,
          "y": 1.9828654686741138
        }
      }
    }
  ]
}
{
  "messageIndex": 80,
  "eventType": "user",
  "phetioID": "beersLawLab.beersLawScreen.view.detectorNode.probeNode.movableDragHandler",
  "componentType": "TTandemDragHandler",
  "event": "dragged",
  "time": 1631172198110,
  "parameters": {
    "x": 861,
    "y": 245
  },
  "children": [
    {
      "messageIndex": 81,
      "eventType": "model",
      "phetioID": "beersLawLab.beersLawScreen.model.detector.probe.locationProperty",
      "componentType": "TProperty",
      "event": "changed",
      "time": 1631172198110,
      "parameters": {
        "oldValue": {
          "x": 5.271928120446819,
          "y": 1.9742982030111706
        },
        "newValue": {
          "x": 5.254793589120933,
          "y": 1.9828654686741138
        }
      }
    }
  ]
}
{
  "messageIndex": 76,
  "eventType": "user",
  "phetioID": "beersLawLab.beersLawScreen.view.detectorNode.probeNode.movableDragHandler",
  "componentType": "TTandemDragHandler",
  "event": "dragged",
  "time": 1631172198077,
  "parameters": {
    "x": 866,
    "y": 243
  },
  "children": [
    {
      "messageIndex": 77,
      "eventType": "model",
      "phetioID": "beersLawLab.beersLawScreen.model.detector.probe.locationProperty",
      "componentType": "TProperty",
      "event": "changed",
      "time": 1631172198077,
      "parameters": {
        "oldValue": {
          "x": 5.306197183098592,
          "y": 1.9657309373482277
        },
        "newValue": {
          "x": 5.297629917435649,
          "y": 1.9657309373482277
        }
      }
    }
  ]
}
{
  "messageIndex": 86,
  "eventType": "user",
  "phetioID": "beersLawLab.beersLawScreen.view.detectorNode.probeNode.movableDragHandler",
  "componentType": "TTandemDragHandler",
  "event": "dragged",
  "time": 1631172198159,
  "parameters": {
    "x": 857,
    "y": 245
  },
  "children": [
    {
      "messageIndex": 87,
      "eventType": "model",
      "phetioID": "beersLawLab.beersLawScreen.model.detector.probe.locationProperty",
      "componentType": "TProperty",
      "event": "changed",
      "time": 1631172198159,
      "parameters": {
        "oldValue": {
          "x": 5.237659057795047,
          "y": 1.9828654686741138
        },
        "newValue": {
          "x": 5.22052452646916,
          "y": 1.9828654686741138
        }
      }
    }
  ]
}
{
  "messageIndex": 88,
  "eventType": "user",
  "phetioID": "beersLawLab.beersLawScreen.view.detectorNode.probeNode.movableDragHandler",
  "componentType": "TTandemDragHandler",
  "event": "dragged",
  "time": 1631172198177,
  "parameters": {
    "x": 854,
    "y": 245
  },
  "children": [
    {
      "messageIndex": 89,
      "eventType": "model",
      "phetioID": "beersLawLab.beersLawScreen.model.detector.probe.locationProperty",
      "componentType": "TProperty",
      "event": "changed",
      "time": 1631172198177,
      "parameters": {
        "oldValue": {
          "x": 5.22052452646916,
          "y": 1.9828654686741138
        },
        "newValue": {
          "x": 5.194822729480331,
          "y": 1.9828654686741138
        }
      }
    }
  ]
}
{
  "messageIndex": 90,
  "eventType": "user",
  "phetioID": "beersLawLab.beersLawScreen.view.detectorNode.probeNode.movableDragHandler",
  "componentType": "TTandemDragHandler",
  "event": "dragged",
  "time": 1631172198193,
  "parameters": {
    "x": 849,
    "y": 245
  },
  "children": [
    {
      "messageIndex": 91,
      "eventType": "model",
      "phetioID": "beersLawLab.beersLawScreen.model.detector.probe.locationProperty",
      "componentType": "TProperty",
      "event": "changed",
      "time": 1631172198193,
      "parameters": {
        "oldValue": {
          "x": 5.194822729480331,
          "y": 1.9828654686741138
        },
        "newValue": {
          "x": 5.1519864011656145,
          "y": 1.9828654686741138
        }
      }
    }
  ]
}
{
  "messageIndex": 92,
  "eventType": "user",
  "phetioID": "beersLawLab.beersLawScreen.view.detectorNode.probeNode.movableDragHandler",
  "componentType": "TTandemDragHandler",
  "event": "dragged",
  "time": 1631172198209,
  "parameters": {
    "x": 846,
    "y": 246
  },
  "children": [
    {
      "messageIndex": 93,
      "eventType": "model",
      "phetioID": "beersLawLab.beersLawScreen.model.detector.probe.locationProperty",
      "componentType": "TProperty",
      "event": "changed",
      "time": 1631172198209,
      "parameters": {
        "oldValue": {
          "x": 5.1519864011656145,
          "y": 1.9828654686741138
        },
        "newValue": {
          "x": 5.126284604176785,
          "y": 1.991432734337057
        }
      }
    }
  ]
}
{
  "messageIndex": 94,
  "eventType": "user",
  "phetioID": "beersLawLab.beersLawScreen.view.detectorNode.probeNode.movableDragHandler",
  "componentType": "TTandemDragHandler",
  "event": "dragged",
  "time": 1631172198227,
  "parameters": {
    "x": 845,
    "y": 247
  },
  "children": [
    {
      "messageIndex": 95,
      "eventType": "model",
      "phetioID": "beersLawLab.beersLawScreen.model.detector.probe.locationProperty",
      "componentType": "TProperty",
      "event": "changed",
      "time": 1631172198227,
      "parameters": {
        "oldValue": {
          "x": 5.126284604176785,
          "y": 1.991432734337057
        },
        "newValue": {
          "x": 5.117717338513843,
          "y": 2
        }
      }
    }
  ]
}
{
  "messageIndex": 96,
  "eventType": "user",
  "phetioID": "beersLawLab.beersLawScreen.view.detectorNode.probeNode.movableDragHandler",
  "componentType": "TTandemDragHandler",
  "event": "dragged",
  "time": 1631172198259,
  "parameters": {
    "x": 844,
    "y": 247
  },
  "children": [
    {
      "messageIndex": 97,
      "eventType": "model",
      "phetioID": "beersLawLab.beersLawScreen.model.detector.probe.locationProperty",
      "componentType": "TProperty",
      "event": "changed",
      "time": 1631172198259,
      "parameters": {
        "oldValue": {
          "x": 5.117717338513843,
          "y": 2
        },
        "newValue": {
          "x": 5.109150072850899,
          "y": 2
        }
      }
    }
  ]
}
{
  "messageIndex": 98,
  "eventType": "user",
  "phetioID": "beersLawLab.beersLawScreen.view.detectorNode.probeNode.movableDragHandler",
  "componentType": "TTandemDragHandler",
  "event": "dragged",
  "time": 1631172198276,
  "parameters": {
    "x": 842,
    "y": 247
  },
  "children": [
    {
      "messageIndex": 99,
      "eventType": "model",
      "phetioID": "beersLawLab.beersLawScreen.model.detector.probe.locationProperty",
      "componentType": "TProperty",
      "event": "changed",
      "time": 1631172198276,
      "parameters": {
        "oldValue": {
          "x": 5.109150072850899,
          "y": 2
        },
        "newValue": {
          "x": 5.092015541525013,
          "y": 2
        }
      }
    }
  ]
}
{
  "messageIndex": 100,
  "eventType": "user",
  "phetioID": "beersLawLab.beersLawScreen.view.detectorNode.probeNode.movableDragHandler",
  "componentType": "TTandemDragHandler",
  "event": "dragged",
  "time": 1631172198292,
  "parameters": {
    "x": 841,
    "y": 247
  },
  "children": [
    {
      "messageIndex": 101,
      "eventType": "model",
      "phetioID": "beersLawLab.beersLawScreen.model.detector.probe.locationProperty",
      "componentType": "TProperty",
      "event": "changed",
      "time": 1631172198292,
      "parameters": {
        "oldValue": {
          "x": 5.092015541525013,
          "y": 2
        },
        "newValue": {
          "x": 5.08344827586207,
          "y": 2
        }
      }
    }
  ]
}
{
  "messageIndex": 102,
  "eventType": "user",
  "phetioID": "beersLawLab.beersLawScreen.view.detectorNode.probeNode.movableDragHandler",
  "componentType": "TTandemDragHandler",
  "event": "dragged",
  "time": 1631172198326,
  "parameters": {
    "x": 840,
    "y": 247
  },
  "children": [
    {
      "messageIndex": 103,
      "eventType": "model",
      "phetioID": "beersLawLab.beersLawScreen.model.detector.probe.locationProperty",
      "componentType": "TProperty",
      "event": "changed",
      "time": 1631172198326,
      "parameters": {
        "oldValue": {
          "x": 5.08344827586207,
          "y": 2
        },
        "newValue": {
          "x": 5.074881010199126,
          "y": 2
        }
      }
    }
  ]
}
{
  "messageIndex": 104,
  "eventType": "user",
  "phetioID": "beersLawLab.beersLawScreen.view.detectorNode.probeNode.movableDragHandler",
  "componentType": "TTandemDragHandler",
  "event": "dragEnded",
  "time": 1631172198479,
  "children": [
    {
      "messageIndex": 105,
      "eventType": "model",
      "phetioID": "beersLawLab.beersLawScreen.model.detector.probe.locationProperty",
      "componentType": "TProperty",
      "event": "changed",
      "time": 1631172198479,
      "parameters": {
        "oldValue": {
          "x": 5.074881010199126,
          "y": 2
        },
        "newValue": {
          "x": 5.074881010199126,
          "y": 2
        }
      }
    }
  ]
}
{
  "messageIndex": 106,
  "eventType": "user",
  "phetioID": "beersLawLab.beersLawScreen.view.solutionControls.comboBox",
  "componentType": "TComboBox",
  "event": "popupShown",
  "time": 1631172201880
}
{
  "messageIndex": 107,
  "eventType": "user",
  "phetioID": "beersLawLab.beersLawScreen.view.solutionControls.comboBox",
  "componentType": "TComboBox",
  "event": "fired",
  "time": 1631172202591,
  "parameters": {
    "value": "beersLawLab.beersLawScreen.solutions.nickelIIChloride"
  },
  "children": [
    {
      "messageIndex": 108,
      "eventType": "model",
      "phetioID": "beersLawLab.beersLawScreen.model.solutionProperty",
      "componentType": "TProperty",
      "event": "changed",
      "time": 1631172202591,
      "parameters": {
        "oldValue": "beersLawLab.beersLawScreen.solutions.drinkMix",
        "newValue": "beersLawLab.beersLawScreen.solutions.nickelIIChloride"
      },
      "children": [
        {
          "messageIndex": 109,
          "eventType": "model",
          "phetioID": "beersLawLab.beersLawScreen.model.light.wavelengthProperty",
          "componentType": "TProperty",
          "event": "changed",
          "time": 1631172202591,
          "parameters": {
            "oldValue": 508,
            "newValue": 433
          },
          "children": [
            {
              "messageIndex": 110,
              "eventType": "model",
              "phetioID": "beersLawLab.beersLawScreen.model.detector.valueProperty",
              "componentType": "TDerivedProperty",
              "event": "changed",
              "time": 1631172202591,
              "parameters": {
                "oldValue": 31.188895840939367,
                "newValue": 69.18309709189364
              },
              "children": [
                {
                  "messageIndex": 111,
                  "eventType": "model",
                  "phetioID": "beersLawLab.beersLawScreen.view.detectorNode.bodyNode.valueNode",
                  "componentType": "TTandemText",
                  "event": "textChanged",
                  "time": 1631172202591,
                  "parameters": {
                    "oldText": "‪31.19%‬",
                    "newText": "‪69.18%‬"
                  }
                }
              ]
            },
            {
              "messageIndex": 112,
              "eventType": "model",
              "phetioID": "beersLawLab.beersLawScreen.view.wavelengthControls.valueDisplay",
              "componentType": "TTandemText",
              "event": "textChanged",
              "time": 1631172202592,
              "parameters": {
                "oldText": "‪508 ‪nm‬‬",
                "newText": "‪433 ‪nm‬‬"
              }
            }
          ]
        },
        {
          "messageIndex": 113,
          "eventType": "model",
          "phetioID": "beersLawLab.beersLawScreen.model.detector.valueProperty",
          "componentType": "TDerivedProperty",
          "event": "changed",
          "time": 1631172202592,
          "parameters": {
            "oldValue": 69.18309709189364,
            "newValue": 29.444216337987612
          },
          "children": [
            {
              "messageIndex": 114,
              "eventType": "model",
              "phetioID": "beersLawLab.beersLawScreen.view.detectorNode.bodyNode.valueNode",
              "componentType": "TTandemText",
              "event": "textChanged",
              "time": 1631172202592,
              "parameters": {
                "oldText": "‪69.18%‬",
                "newText": "‪29.44%‬"
              }
            }
          ]
        }
      ]
    }
  ]
}
