{
  "messageIndex": 0,
  "eventType": "wrapper",
  "phetioID": "beersLawLab.simIFrameAPI",
  "componentType": "TSimIFrameAPI",
  "event": "invoked",
  "time": 1620132290019,
  "parameters": {
    "phetioID": "phetio",
    "method": "addExpressions",
    "args": [
      []
    ],
    "messageID": 2,
    "protocol": "phet-io-0.0.1"
  }
}
{
  "messageIndex": 1,
  "eventType": "wrapper",
  "phetioID": "beersLawLab.simIFrameAPI",
  "componentType": "TSimIFrameAPI",
  "event": "invoked",
  "time": 1620132290034,
  "parameters": {
    "phetioID": "phetio",
    "method": "launchSimulation",
    "args": [],
    "messageID": 3,
    "protocol": "phet-io-0.0.1"
  }
}
{
  "messageIndex": 2,
  "eventType": "model",
  "phetioID": "beersLawLab.sim",
  "componentType": "TSim",
  "event": "simStarted",
  "time": 1620132290065,
  "parameters": {
    "sessionID": null,
    "simName": "‪Beer's Law Lab‬",
    "simVersion": "1.6.15-phetio",
    "url": "https://phet-io.colorado.edu/sims/beers-law-lab/1.6.15-phetio/beers-law-lab_en-phetio.html?production&phetioEmitStates=false&phetioEmitInputEvents=false",
    "userAgent": "Mozilla/5.0 (Windows NT 10.0; Win64; x64) AppleWebKit/537.36 (KHTML, like Gecko) Chrome/90.0.4430.93 Safari/537.36 Edg/90.0.818.51",
    "randomSeed": 0.7646272483345602,
    "provider": "PhET Interactive Simulations, University of Colorado Boulder"
  },
  "children": [
    {
      "messageIndex": 3,
      "eventType": "model",
      "phetioID": "beersLawLab.concentrationScreen.view.concentrationMeterNode.bodyNode.readoutTextNode",
      "componentType": "TTandemText",
      "event": "textChanged",
      "time": 1620132290715,
      "parameters": {
        "oldText": "‪1.000 ‪mol/L‬‬",
        "newText": "-"
      }
    },
    {
      "messageIndex": 4,
      "eventType": "model",
      "phetioID": "beersLawLab.beersLawScreen.view.detectorNode.bodyNode.valueNode",
      "componentType": "TTandemText",
      "event": "textChanged",
      "time": 1620132290965,
      "parameters": {
        "oldText": "‪100.00%‬",
        "newText": "-"
      }
    }
  ]
}
{
  "messageIndex": 5,
  "eventType": "user",
  "phetioID": "beersLawLab.homeScreen.view.beersLawScreenSmallButton",
  "componentType": "TScreenButton",
  "event": "fired",
  "time": 1620132297133,
  "children": [
    {
      "messageIndex": 6,
      "eventType": "model",
      "phetioID": "beersLawLab.sim.screenIndexProperty",
      "componentType": "TProperty",
      "event": "changed",
      "time": 1620132297133,
      "parameters": {
        "oldValue": 0,
        "newValue": 1
      }
    }
  ]
}
{
  "messageIndex": 7,
  "eventType": "user",
  "phetioID": "beersLawLab.homeScreen.view.beersLawScreenLargeButton",
  "componentType": "TScreenButton",
  "event": "fired",
  "time": 1620132301417,
  "children": [
    {
      "messageIndex": 8,
      "eventType": "model",
      "phetioID": "beersLawLab.sim.showHomeScreenProperty",
      "componentType": "TProperty",
      "event": "changed",
      "time": 1620132301418,
      "parameters": {
        "oldValue": true,
        "newValue": false
      }
    }
  ]
}
{
  "messageIndex": null,
  "eventType": "user",
  "phetioID": "beersLawLab.wrapper",
  "componentType": "WrapperButton",
  "event": "showPDF",
  "time": 1620132308113,
  "parameters": null
}
{
  "messageIndex": null,
  "eventType": "user",
  "phetioID": "beersLawLab.wrapper",
  "componentType": "WrapperButton",
  "event": "hidePDF",
  "time": 1620132316334,
  "parameters": null
}
{
  "messageIndex": 9,
  "eventType": "user",
  "phetioID": "beersLawLab.beersLawScreen.view.cuvetteNode.cuvetteDragHandler",
  "componentType": "TTandemDragHandler",
  "event": "dragStarted",
  "time": 1620132317840,
  "parameters": {
    "x": 1015,
    "y": 525
  }
}
{
  "messageIndex": 10,
  "eventType": "user",
  "phetioID": "beersLawLab.beersLawScreen.view.cuvetteNode.cuvetteDragHandler",
  "componentType": "TTandemDragHandler",
  "event": "dragged",
  "time": 1620132317903,
  "parameters": {
    "x": 1032,
    "y": 526
  },
  "children": [
    {
      "messageIndex": 11,
      "eventType": "model",
      "phetioID": "beersLawLab.beersLawScreen.model.cuvette.widthProperty",
      "componentType": "TProperty",
      "event": "changed",
      "time": 1620132317903,
      "parameters": {
        "oldValue": 1,
        "newValue": 1.1360000000000001
      }
    }
  ]
}
{
  "messageIndex": 12,
  "eventType": "user",
  "phetioID": "beersLawLab.beersLawScreen.view.cuvetteNode.cuvetteDragHandler",
  "componentType": "TTandemDragHandler",
  "event": "dragged",
  "time": 1620132317920,
  "parameters": {
    "x": 1094,
    "y": 523
  },
  "children": [
    {
      "messageIndex": 13,
      "eventType": "model",
      "phetioID": "beersLawLab.beersLawScreen.model.cuvette.widthProperty",
      "componentType": "TProperty",
      "event": "changed",
      "time": 1620132317920,
      "parameters": {
        "oldValue": 1.1360000000000001,
        "newValue": 1.6320000000000001
      }
    }
  ]
}
{
  "messageIndex": 18,
  "eventType": "user",
  "phetioID": "beersLawLab.beersLawScreen.view.cuvetteNode.cuvetteDragHandler",
  "componentType": "TTandemDragHandler",
  "event": "dragged",
  "time": 1620132317984,
  "parameters": {
    "x": 1251,
    "y": 537
  }
}
{
  "messageIndex": 16,
  "eventType": "user",
  "phetioID": "beersLawLab.beersLawScreen.view.cuvetteNode.cuvetteDragHandler",
  "componentType": "TTandemDragHandler",
  "event": "dragged",
  "time": 1620132317957,
  "parameters": {
    "x": 1230,
    "y": 533
  }
}
{
  "messageIndex": 17,
  "eventType": "user",
  "phetioID": "beersLawLab.beersLawScreen.view.cuvetteNode.cuvetteDragHandler",
  "componentType": "TTandemDragHandler",
  "event": "dragged",
  "time": 1620132317967,
  "parameters": {
    "x": 1242,
    "y": 535
  }
}
{
  "messageIndex": 19,
  "eventType": "user",
  "phetioID": "beersLawLab.beersLawScreen.view.cuvetteNode.cuvetteDragHandler",
  "componentType": "TTandemDragHandler",
  "event": "dragged",
  "time": 1620132318043,
  "parameters": {
    "x": 1248,
    "y": 538
  }
}
{
  "messageIndex": 20,
  "eventType": "user",
  "phetioID": "beersLawLab.beersLawScreen.view.cuvetteNode.cuvetteDragHandler",
  "componentType": "TTandemDragHandler",
  "event": "dragged",
  "time": 1620132318052,
  "parameters": {
    "x": 1241,
    "y": 539
  }
}
{
  "messageIndex": 21,
  "eventType": "user",
  "phetioID": "beersLawLab.beersLawScreen.view.cuvetteNode.cuvetteDragHandler",
  "componentType": "TTandemDragHandler",
  "event": "dragged",
  "time": 1620132318067,
  "parameters": {
    "x": 1208,
    "y": 537
  }
}
{
  "messageIndex": 22,
  "eventType": "user",
  "phetioID": "beersLawLab.beersLawScreen.view.cuvetteNode.cuvetteDragHandler",
  "componentType": "TTandemDragHandler",
  "event": "dragged",
  "time": 1620132318083,
  "parameters": {
    "x": 1175,
    "y": 531
  }
}
{
  "messageIndex": 14,
  "eventType": "user",
  "phetioID": "beersLawLab.beersLawScreen.view.cuvetteNode.cuvetteDragHandler",
  "componentType": "TTandemDragHandler",
  "event": "dragged",
  "time": 1620132317940,
  "parameters": {
    "x": 1184,
    "y": 527
  },
  "children": [
    {
      "messageIndex": 15,
      "eventType": "model",
      "phetioID": "beersLawLab.beersLawScreen.model.cuvette.widthProperty",
      "componentType": "TProperty",
      "event": "changed",
      "time": 1620132317940,
      "parameters": {
        "oldValue": 1.6320000000000001,
        "newValue": 2
      }
    }
  ]
}
{
  "messageIndex": 23,
  "eventType": "user",
  "phetioID": "beersLawLab.beersLawScreen.view.cuvetteNode.cuvetteDragHandler",
  "componentType": "TTandemDragHandler",
  "event": "dragged",
  "time": 1620132318100,
  "parameters": {
    "x": 1113,
    "y": 524
  },
  "children": [
    {
      "messageIndex": 24,
      "eventType": "model",
      "phetioID": "beersLawLab.beersLawScreen.model.cuvette.widthProperty",
      "componentType": "TProperty",
      "event": "changed",
      "time": 1620132318100,
      "parameters": {
        "oldValue": 2,
        "newValue": 1.784
      }
    }
  ]
}
{
  "messageIndex": 25,
  "eventType": "user",
  "phetioID": "beersLawLab.beersLawScreen.view.cuvetteNode.cuvetteDragHandler",
  "componentType": "TTandemDragHandler",
  "event": "dragged",
  "time": 1620132318116,
  "parameters": {
    "x": 1059,
    "y": 518
  },
  "children": [
    {
      "messageIndex": 26,
      "eventType": "model",
      "phetioID": "beersLawLab.beersLawScreen.model.cuvette.widthProperty",
      "componentType": "TProperty",
      "event": "changed",
      "time": 1620132318116,
      "parameters": {
        "oldValue": 1.784,
        "newValue": 1.3519999999999999
      }
    }
  ]
}
{
  "messageIndex": 27,
  "eventType": "user",
  "phetioID": "beersLawLab.beersLawScreen.view.cuvetteNode.cuvetteDragHandler",
  "componentType": "TTandemDragHandler",
  "event": "dragged",
  "time": 1620132318133,
  "parameters": {
    "x": 1021,
    "y": 513
  },
  "children": [
    {
      "messageIndex": 28,
      "eventType": "model",
      "phetioID": "beersLawLab.beersLawScreen.model.cuvette.widthProperty",
      "componentType": "TProperty",
      "event": "changed",
      "time": 1620132318133,
      "parameters": {
        "oldValue": 1.3519999999999999,
        "newValue": 1.048
      }
    }
  ]
}
{
  "messageIndex": 29,
  "eventType": "user",
  "phetioID": "beersLawLab.beersLawScreen.view.cuvetteNode.cuvetteDragHandler",
  "componentType": "TTandemDragHandler",
  "event": "dragged",
  "time": 1620132318150,
  "parameters": {
    "x": 1007,
    "y": 511
  },
  "children": [
    {
      "messageIndex": 30,
      "eventType": "model",
      "phetioID": "beersLawLab.beersLawScreen.model.cuvette.widthProperty",
      "componentType": "TProperty",
      "event": "changed",
      "time": 1620132318150,
      "parameters": {
        "oldValue": 1.048,
        "newValue": 0.9359999999999999
      }
    }
  ]
}
{
  "messageIndex": 31,
  "eventType": "user",
  "phetioID": "beersLawLab.beersLawScreen.view.cuvetteNode.cuvetteDragHandler",
  "componentType": "TTandemDragHandler",
  "event": "dragged",
  "time": 1620132318167,
  "parameters": {
    "x": 1006,
    "y": 511
  },
  "children": [
    {
      "messageIndex": 32,
      "eventType": "model",
      "phetioID": "beersLawLab.beersLawScreen.model.cuvette.widthProperty",
      "componentType": "TProperty",
      "event": "changed",
      "time": 1620132318167,
      "parameters": {
        "oldValue": 0.9359999999999999,
        "newValue": 0.9279999999999999
      }
    }
  ]
}
{
  "messageIndex": 33,
  "eventType": "user",
  "phetioID": "beersLawLab.beersLawScreen.view.cuvetteNode.cuvetteDragHandler",
  "componentType": "TTandemDragHandler",
  "event": "dragged",
  "time": 1620132318217,
  "parameters": {
    "x": 1039,
    "y": 514
  },
  "children": [
    {
      "messageIndex": 34,
      "eventType": "model",
      "phetioID": "beersLawLab.beersLawScreen.model.cuvette.widthProperty",
      "componentType": "TProperty",
      "event": "changed",
      "time": 1620132318218,
      "parameters": {
        "oldValue": 0.9279999999999999,
        "newValue": 1.192
      }
    }
  ]
}
{
  "messageIndex": 35,
  "eventType": "user",
  "phetioID": "beersLawLab.beersLawScreen.view.cuvetteNode.cuvetteDragHandler",
  "componentType": "TTandemDragHandler",
  "event": "dragged",
  "time": 1620132318234,
  "parameters": {
    "x": 1108,
    "y": 517
  },
  "children": [
    {
      "messageIndex": 36,
      "eventType": "model",
      "phetioID": "beersLawLab.beersLawScreen.model.cuvette.widthProperty",
      "componentType": "TProperty",
      "event": "changed",
      "time": 1620132318234,
      "parameters": {
        "oldValue": 1.192,
        "newValue": 1.744
      }
    }
  ]
}
{
  "messageIndex": 37,
  "eventType": "user",
  "phetioID": "beersLawLab.beersLawScreen.view.cuvetteNode.cuvetteDragHandler",
  "componentType": "TTandemDragHandler",
  "event": "dragged",
  "time": 1620132318252,
  "parameters": {
    "x": 1175,
    "y": 522
  },
  "children": [
    {
      "messageIndex": 38,
      "eventType": "model",
      "phetioID": "beersLawLab.beersLawScreen.model.cuvette.widthProperty",
      "componentType": "TProperty",
      "event": "changed",
      "time": 1620132318252,
      "parameters": {
        "oldValue": 1.744,
        "newValue": 2
      }
    }
  ]
}
{
  "messageIndex": 39,
  "eventType": "user",
  "phetioID": "beersLawLab.beersLawScreen.view.cuvetteNode.cuvetteDragHandler",
  "componentType": "TTandemDragHandler",
  "event": "dragged",
  "time": 1620132318269,
  "parameters": {
    "x": 1201,
    "y": 526
  }
}
{
  "messageIndex": 40,
  "eventType": "user",
  "phetioID": "beersLawLab.beersLawScreen.view.cuvetteNode.cuvetteDragHandler",
  "componentType": "TTandemDragHandler",
  "event": "dragged",
  "time": 1620132318285,
  "parameters": {
    "x": 1208,
    "y": 528
  }
}
{
  "messageIndex": 41,
  "eventType": "user",
  "phetioID": "beersLawLab.beersLawScreen.view.cuvetteNode.cuvetteDragHandler",
  "componentType": "TTandemDragHandler",
  "event": "dragged",
  "time": 1620132318318,
  "parameters": {
    "x": 1181,
    "y": 527
  }
}
{
  "messageIndex": 42,
  "eventType": "user",
  "phetioID": "beersLawLab.beersLawScreen.view.cuvetteNode.cuvetteDragHandler",
  "componentType": "TTandemDragHandler",
  "event": "dragged",
  "time": 1620132318328,
  "parameters": {
    "x": 1155,
    "y": 524
  }
}
{
  "messageIndex": 43,
  "eventType": "user",
  "phetioID": "beersLawLab.beersLawScreen.view.cuvetteNode.cuvetteDragHandler",
  "componentType": "TTandemDragHandler",
  "event": "dragEnded",
  "time": 1620132318329
}
